[50.958s] Invoking command in '/home/anas/ros2_ws/src/patient_engine': DEBUGINFOD_URLS=https://debuginfod.ubuntu.com PYTHONPATH=/home/anas/ros2_ws/build/patient_engine/prefix_override:/usr/lib/python3/dist-packages/colcon_core/task/python/colcon_distutils_commands:/home/anas/ros2_ws/install/patient_engine/lib/python3.12/site-packages:${PYTHONPATH} /usr/bin/python3 -W ignore:setup.py install is deprecated -W ignore:easy_install command is deprecated setup.py egg_info --egg-base ../../build/patient_engine build --build-base /home/anas/ros2_ws/build/patient_engine/build install --record /home/anas/ros2_ws/build/patient_engine/install.log --single-version-externally-managed install_data
[62.192s] running egg_info
[63.060s] writing ../../build/patient_engine/patient_engine.egg-info/PKG-INFO
[63.061s] writing dependency_links to ../../build/patient_engine/patient_engine.egg-info/dependency_links.txt
[63.061s] writing entry points to ../../build/patient_engine/patient_engine.egg-info/entry_points.txt
[63.076s] writing requirements to ../../build/patient_engine/patient_engine.egg-info/requires.txt
[63.087s] writing top-level names to ../../build/patient_engine/patient_engine.egg-info/top_level.txt
[64.930s] reading manifest file '../../build/patient_engine/patient_engine.egg-info/SOURCES.txt'
[64.934s] writing manifest file '../../build/patient_engine/patient_engine.egg-info/SOURCES.txt'
[64.938s] running build
[64.938s] running build_py
[64.958s] copying patient_engine/nodes/patient_anomaly_handler.py -> /home/anas/ros2_ws/build/patient_engine/build/lib/patient_engine/nodes
[64.978s] running install
[65.054s] running install_lib
[65.486s] copying /home/anas/ros2_ws/build/patient_engine/build/lib/patient_engine/nodes/patient_anomaly_handler.py -> /home/anas/ros2_ws/install/patient_engine/lib/python3.12/site-packages/patient_engine/nodes
[65.513s] byte-compiling /home/anas/ros2_ws/install/patient_engine/lib/python3.12/site-packages/patient_engine/nodes/patient_anomaly_handler.py to patient_anomaly_handler.cpython-312.pyc
[65.531s] running install_data
[65.532s] running install_egg_info
[66.037s] removing '/home/anas/ros2_ws/install/patient_engine/lib/python3.12/site-packages/patient_engine-0.0.1-py3.12.egg-info' (and everything under it)
[66.100s] Copying ../../build/patient_engine/patient_engine.egg-info to /home/anas/ros2_ws/install/patient_engine/lib/python3.12/site-packages/patient_engine-0.0.1-py3.12.egg-info
[66.100s] running install_scripts
[77.578s] Installing patient_anomaly_handler script to /home/anas/ros2_ws/install/patient_engine/lib/patient_engine
[77.583s] Installing patient_mqtt_bridge script to /home/anas/ros2_ws/install/patient_engine/lib/patient_engine
[77.588s] Installing patient_node script to /home/anas/ros2_ws/install/patient_engine/lib/patient_engine
[77.600s] writing list of installed files to '/home/anas/ros2_ws/build/patient_engine/install.log'
[77.900s] Invoked command in '/home/anas/ros2_ws/src/patient_engine' returned '0': DEBUGINFOD_URLS=https://debuginfod.ubuntu.com PYTHONPATH=/home/anas/ros2_ws/build/patient_engine/prefix_override:/usr/lib/python3/dist-packages/colcon_core/task/python/colcon_distutils_commands:/home/anas/ros2_ws/install/patient_engine/lib/python3.12/site-packages:${PYTHONPATH} /usr/bin/python3 -W ignore:setup.py install is deprecated -W ignore:easy_install command is deprecated setup.py egg_info --egg-base ../../build/patient_engine build --build-base /home/anas/ros2_ws/build/patient_engine/build install --record /home/anas/ros2_ws/build/patient_engine/install.log --single-version-externally-managed install_data
