[7.075s] Invoking command in '/home/anas/ros2_ws/src/doctor_engine': DEBUGINFOD_URLS=https://debuginfod.ubuntu.com PYTHONPATH=/home/anas/ros2_ws/build/doctor_engine/prefix_override:/usr/lib/python3/dist-packages/colcon_core/task/python/colcon_distutils_commands:/home/anas/ros2_ws/install/doctor_engine/lib/python3.12/site-packages:${PYTHONPATH} /usr/bin/python3 -W ignore:setup.py install is deprecated -W ignore:easy_install command is deprecated setup.py egg_info --egg-base ../../build/doctor_engine build --build-base /home/anas/ros2_ws/build/doctor_engine/build install --record /home/anas/ros2_ws/build/doctor_engine/install.log --single-version-externally-managed install_data
[8.286s] running egg_info
[8.358s] writing ../../build/doctor_engine/doctor_engine.egg-info/PKG-INFO
[8.361s] writing dependency_links to ../../build/doctor_engine/doctor_engine.egg-info/dependency_links.txt
[8.362s] writing entry points to ../../build/doctor_engine/doctor_engine.egg-info/entry_points.txt
[8.362s] writing requirements to ../../build/doctor_engine/doctor_engine.egg-info/requires.txt
[8.362s] writing top-level names to ../../build/doctor_engine/doctor_engine.egg-info/top_level.txt
[8.528s] reading manifest file '../../build/doctor_engine/doctor_engine.egg-info/SOURCES.txt'
[8.535s] writing manifest file '../../build/doctor_engine/doctor_engine.egg-info/SOURCES.txt'
[8.542s] running build
[8.543s] running build_py
[8.543s] running install
[8.574s] running install_lib
[8.682s] running install_data
[8.683s] running install_egg_info
[8.777s] removing '/home/anas/ros2_ws/install/doctor_engine/lib/python3.12/site-packages/doctor_engine-0.0.1-py3.12.egg-info' (and everything under it)
[8.777s] Copying ../../build/doctor_engine/doctor_engine.egg-info to /home/anas/ros2_ws/install/doctor_engine/lib/python3.12/site-packages/doctor_engine-0.0.1-py3.12.egg-info
[8.778s] running install_scripts
[9.526s] Installing doctor_mqtt_bridge script to /home/anas/ros2_ws/install/doctor_engine/lib/doctor_engine
[9.526s] Installing doctor_network_anomaly_handler script to /home/anas/ros2_ws/install/doctor_engine/lib/doctor_engine
[9.527s] Installing doctor_node script to /home/anas/ros2_ws/install/doctor_engine/lib/doctor_engine
[9.527s] writing list of installed files to '/home/anas/ros2_ws/build/doctor_engine/install.log'
[9.614s] Invoked command in '/home/anas/ros2_ws/src/doctor_engine' returned '0': DEBUGINFOD_URLS=https://debuginfod.ubuntu.com PYTHONPATH=/home/anas/ros2_ws/build/doctor_engine/prefix_override:/usr/lib/python3/dist-packages/colcon_core/task/python/colcon_distutils_commands:/home/anas/ros2_ws/install/doctor_engine/lib/python3.12/site-packages:${PYTHONPATH} /usr/bin/python3 -W ignore:setup.py install is deprecated -W ignore:easy_install command is deprecated setup.py egg_info --egg-base ../../build/doctor_engine build --build-base /home/anas/ros2_ws/build/doctor_engine/build install --record /home/anas/ros2_ws/build/doctor_engine/install.log --single-version-externally-managed install_data
