[29.635s] Invoking command in '/home/anas/ros2_ws/src/wrist_replay': DEBUGINFOD_URLS=https://debuginfod.ubuntu.com PYTHONPATH=/home/anas/ros2_ws/build/wrist_replay/prefix_override:/usr/lib/python3/dist-packages/colcon_core/task/python/colcon_distutils_commands:/home/anas/ros2_ws/install/wrist_replay/lib/python3.12/site-packages:${PYTHONPATH} /usr/bin/python3 -W ignore:setup.py install is deprecated -W ignore:easy_install command is deprecated setup.py egg_info --egg-base ../../build/wrist_replay build --build-base /home/anas/ros2_ws/build/wrist_replay/build install --record /home/anas/ros2_ws/build/wrist_replay/install.log --single-version-externally-managed install_data
[36.244s] running egg_info
[36.689s] writing ../../build/wrist_replay/wrist_replay.egg-info/PKG-INFO
[36.690s] writing dependency_links to ../../build/wrist_replay/wrist_replay.egg-info/dependency_links.txt
[36.691s] writing entry points to ../../build/wrist_replay/wrist_replay.egg-info/entry_points.txt
[36.694s] writing requirements to ../../build/wrist_replay/wrist_replay.egg-info/requires.txt
[36.694s] writing top-level names to ../../build/wrist_replay/wrist_replay.egg-info/top_level.txt
[37.096s] reading manifest file '../../build/wrist_replay/wrist_replay.egg-info/SOURCES.txt'
[37.098s] writing manifest file '../../build/wrist_replay/wrist_replay.egg-info/SOURCES.txt'
[37.099s] running build
[37.099s] running build_py
[37.101s] running install
[37.197s] running install_lib
[37.289s] running install_data
[37.290s] running install_egg_info
[37.399s] removing '/home/anas/ros2_ws/install/wrist_replay/lib/python3.12/site-packages/wrist_replay-0.0.1-py3.12.egg-info' (and everything under it)
[37.402s] Copying ../../build/wrist_replay/wrist_replay.egg-info to /home/anas/ros2_ws/install/wrist_replay/lib/python3.12/site-packages/wrist_replay-0.0.1-py3.12.egg-info
[37.413s] running install_scripts
[40.944s] Installing replay_node script to /home/anas/ros2_ws/install/wrist_replay/lib/wrist_replay
[40.945s] writing list of installed files to '/home/anas/ros2_ws/build/wrist_replay/install.log'
[41.172s] Invoked command in '/home/anas/ros2_ws/src/wrist_replay' returned '0': DEBUGINFOD_URLS=https://debuginfod.ubuntu.com PYTHONPATH=/home/anas/ros2_ws/build/wrist_replay/prefix_override:/usr/lib/python3/dist-packages/colcon_core/task/python/colcon_distutils_commands:/home/anas/ros2_ws/install/wrist_replay/lib/python3.12/site-packages:${PYTHONPATH} /usr/bin/python3 -W ignore:setup.py install is deprecated -W ignore:easy_install command is deprecated setup.py egg_info --egg-base ../../build/wrist_replay build --build-base /home/anas/ros2_ws/build/wrist_replay/build install --record /home/anas/ros2_ws/build/wrist_replay/install.log --single-version-externally-managed install_data
