[0.724s] Invoking command in '/home/anas/ros2_ws/build/patient_engine': DEBUGINFOD_URLS=https://debuginfod.ubuntu.com PYTHONPATH=/home/anas/ros2_ws/build/patient_engine/prefix_override:/usr/lib/python3/dist-packages/colcon_core/task/python/colcon_distutils_commands:/home/anas/ros2_ws/install/patient_engine/lib/python3.12/site-packages:${PYTHONPATH} /usr/bin/python3 -W ignore:setup.py install is deprecated -W ignore:easy_install command is deprecated setup.py develop --uninstall --editable --build-directory /home/anas/ros2_ws/build/patient_engine/build
[0.875s] running develop
[1.007s] Invoked command in '/home/anas/ros2_ws/build/patient_engine' returned '0': DEBUGINFOD_URLS=https://debuginfod.ubuntu.com PYTHONPATH=/home/anas/ros2_ws/build/patient_engine/prefix_override:/usr/lib/python3/dist-packages/colcon_core/task/python/colcon_distutils_commands:/home/anas/ros2_ws/install/patient_engine/lib/python3.12/site-packages:${PYTHONPATH} /usr/bin/python3 -W ignore:setup.py install is deprecated -W ignore:easy_install command is deprecated setup.py develop --uninstall --editable --build-directory /home/anas/ros2_ws/build/patient_engine/build
[1.008s] Invoking command in '/home/anas/ros2_ws/src/patient_engine': DEBUGINFOD_URLS=https://debuginfod.ubuntu.com PYTHONPATH=/home/anas/ros2_ws/build/patient_engine/prefix_override:/usr/lib/python3/dist-packages/colcon_core/task/python/colcon_distutils_commands:/home/anas/ros2_ws/install/patient_engine/lib/python3.12/site-packages:${PYTHONPATH} /usr/bin/python3 -W ignore:setup.py install is deprecated -W ignore:easy_install command is deprecated setup.py egg_info --egg-base ../../build/patient_engine build --build-base /home/anas/ros2_ws/build/patient_engine/build install --record /home/anas/ros2_ws/build/patient_engine/install.log --single-version-externally-managed install_data --force
[1.157s] running egg_info
[1.168s] writing ../../build/patient_engine/patient_engine.egg-info/PKG-INFO
[1.168s] writing dependency_links to ../../build/patient_engine/patient_engine.egg-info/dependency_links.txt
[1.168s] writing entry points to ../../build/patient_engine/patient_engine.egg-info/entry_points.txt
[1.168s] writing requirements to ../../build/patient_engine/patient_engine.egg-info/requires.txt
[1.168s] writing top-level names to ../../build/patient_engine/patient_engine.egg-info/top_level.txt
[1.186s] reading manifest file '../../build/patient_engine/patient_engine.egg-info/SOURCES.txt'
[1.188s] writing manifest file '../../build/patient_engine/patient_engine.egg-info/SOURCES.txt'
[1.188s] running build
[1.188s] running build_py
[1.188s] creating /home/anas/ros2_ws/build/patient_engine/build
[1.189s] creating /home/anas/ros2_ws/build/patient_engine/build/lib
[1.189s] creating /home/anas/ros2_ws/build/patient_engine/build/lib/patient_engine
[1.189s] copying patient_engine/__init__.py -> /home/anas/ros2_ws/build/patient_engine/build/lib/patient_engine
[1.189s] creating /home/anas/ros2_ws/build/patient_engine/build/lib/patient_engine/nodes
[1.189s] copying patient_engine/nodes/patient_node.py -> /home/anas/ros2_ws/build/patient_engine/build/lib/patient_engine/nodes
[1.189s] copying patient_engine/nodes/__init__.py -> /home/anas/ros2_ws/build/patient_engine/build/lib/patient_engine/nodes
[1.189s] copying patient_engine/nodes/stack_manager_node.py -> /home/anas/ros2_ws/build/patient_engine/build/lib/patient_engine/nodes
[1.189s] creating /home/anas/ros2_ws/build/patient_engine/build/lib/patient_engine/nodes/bridges
[1.189s] copying patient_engine/nodes/bridges/patient_mqtt_bridge.py -> /home/anas/ros2_ws/build/patient_engine/build/lib/patient_engine/nodes/bridges
[1.189s] copying patient_engine/nodes/bridges/__init__.py -> /home/anas/ros2_ws/build/patient_engine/build/lib/patient_engine/nodes/bridges
[1.191s] creating /home/anas/ros2_ws/build/patient_engine/build/lib/patient_engine/nodes/orchestrator
[1.191s] copying patient_engine/nodes/orchestrator/patient_orchestrator.py -> /home/anas/ros2_ws/build/patient_engine/build/lib/patient_engine/nodes/orchestrator
[1.191s] copying patient_engine/nodes/orchestrator/__init__.py -> /home/anas/ros2_ws/build/patient_engine/build/lib/patient_engine/nodes/orchestrator
[1.191s] creating /home/anas/ros2_ws/build/patient_engine/build/lib/patient_engine/nodes/detectors
[1.191s] copying patient_engine/nodes/detectors/network_detector.py -> /home/anas/ros2_ws/build/patient_engine/build/lib/patient_engine/nodes/detectors
[1.191s] copying patient_engine/nodes/detectors/motion_detector.py -> /home/anas/ros2_ws/build/patient_engine/build/lib/patient_engine/nodes/detectors
[1.191s] copying patient_engine/nodes/detectors/__init__.py -> /home/anas/ros2_ws/build/patient_engine/build/lib/patient_engine/nodes/detectors
[1.191s] running install
[1.193s] running install_lib
[1.203s] creating /home/anas/ros2_ws/install/patient_engine/lib/python3.12/site-packages/patient_engine
[1.204s] creating /home/anas/ros2_ws/install/patient_engine/lib/python3.12/site-packages/patient_engine/nodes
[1.204s] copying /home/anas/ros2_ws/build/patient_engine/build/lib/patient_engine/nodes/patient_node.py -> /home/anas/ros2_ws/install/patient_engine/lib/python3.12/site-packages/patient_engine/nodes
[1.204s] creating /home/anas/ros2_ws/install/patient_engine/lib/python3.12/site-packages/patient_engine/nodes/bridges
[1.204s] copying /home/anas/ros2_ws/build/patient_engine/build/lib/patient_engine/nodes/bridges/patient_mqtt_bridge.py -> /home/anas/ros2_ws/install/patient_engine/lib/python3.12/site-packages/patient_engine/nodes/bridges
[1.204s] copying /home/anas/ros2_ws/build/patient_engine/build/lib/patient_engine/nodes/bridges/__init__.py -> /home/anas/ros2_ws/install/patient_engine/lib/python3.12/site-packages/patient_engine/nodes/bridges
[1.204s] copying /home/anas/ros2_ws/build/patient_engine/build/lib/patient_engine/nodes/__init__.py -> /home/anas/ros2_ws/install/patient_engine/lib/python3.12/site-packages/patient_engine/nodes
[1.204s] copying /home/anas/ros2_ws/build/patient_engine/build/lib/patient_engine/nodes/stack_manager_node.py -> /home/anas/ros2_ws/install/patient_engine/lib/python3.12/site-packages/patient_engine/nodes
[1.204s] creating /home/anas/ros2_ws/install/patient_engine/lib/python3.12/site-packages/patient_engine/nodes/orchestrator
[1.204s] copying /home/anas/ros2_ws/build/patient_engine/build/lib/patient_engine/nodes/orchestrator/patient_orchestrator.py -> /home/anas/ros2_ws/install/patient_engine/lib/python3.12/site-packages/patient_engine/nodes/orchestrator
[1.205s] copying /home/anas/ros2_ws/build/patient_engine/build/lib/patient_engine/nodes/orchestrator/__init__.py -> /home/anas/ros2_ws/install/patient_engine/lib/python3.12/site-packages/patient_engine/nodes/orchestrator
[1.205s] creating /home/anas/ros2_ws/install/patient_engine/lib/python3.12/site-packages/patient_engine/nodes/detectors
[1.205s] copying /home/anas/ros2_ws/build/patient_engine/build/lib/patient_engine/nodes/detectors/network_detector.py -> /home/anas/ros2_ws/install/patient_engine/lib/python3.12/site-packages/patient_engine/nodes/detectors
[1.205s] copying /home/anas/ros2_ws/build/patient_engine/build/lib/patient_engine/nodes/detectors/motion_detector.py -> /home/anas/ros2_ws/install/patient_engine/lib/python3.12/site-packages/patient_engine/nodes/detectors
[1.205s] copying /home/anas/ros2_ws/build/patient_engine/build/lib/patient_engine/nodes/detectors/__init__.py -> /home/anas/ros2_ws/install/patient_engine/lib/python3.12/site-packages/patient_engine/nodes/detectors
[1.205s] copying /home/anas/ros2_ws/build/patient_engine/build/lib/patient_engine/__init__.py -> /home/anas/ros2_ws/install/patient_engine/lib/python3.12/site-packages/patient_engine
[1.206s] byte-compiling /home/anas/ros2_ws/install/patient_engine/lib/python3.12/site-packages/patient_engine/nodes/patient_node.py to patient_node.cpython-312.pyc
[1.207s] byte-compiling /home/anas/ros2_ws/install/patient_engine/lib/python3.12/site-packages/patient_engine/nodes/bridges/patient_mqtt_bridge.py to patient_mqtt_bridge.cpython-312.pyc
[1.208s] byte-compiling /home/anas/ros2_ws/install/patient_engine/lib/python3.12/site-packages/patient_engine/nodes/bridges/__init__.py to __init__.cpython-312.pyc
[1.208s] byte-compiling /home/anas/ros2_ws/install/patient_engine/lib/python3.12/site-packages/patient_engine/nodes/__init__.py to __init__.cpython-312.pyc
[1.208s] byte-compiling /home/anas/ros2_ws/install/patient_engine/lib/python3.12/site-packages/patient_engine/nodes/stack_manager_node.py to stack_manager_node.cpython-312.pyc
[1.209s] byte-compiling /home/anas/ros2_ws/install/patient_engine/lib/python3.12/site-packages/patient_engine/nodes/orchestrator/patient_orchestrator.py to patient_orchestrator.cpython-312.pyc
[1.210s] byte-compiling /home/anas/ros2_ws/install/patient_engine/lib/python3.12/site-packages/patient_engine/nodes/orchestrator/__init__.py to __init__.cpython-312.pyc
[1.211s] byte-compiling /home/anas/ros2_ws/install/patient_engine/lib/python3.12/site-packages/patient_engine/nodes/detectors/network_detector.py to network_detector.cpython-312.pyc
[1.212s] byte-compiling /home/anas/ros2_ws/install/patient_engine/lib/python3.12/site-packages/patient_engine/nodes/detectors/motion_detector.py to motion_detector.cpython-312.pyc
[1.213s] byte-compiling /home/anas/ros2_ws/install/patient_engine/lib/python3.12/site-packages/patient_engine/nodes/detectors/__init__.py to __init__.cpython-312.pyc
[1.213s] byte-compiling /home/anas/ros2_ws/install/patient_engine/lib/python3.12/site-packages/patient_engine/__init__.py to __init__.cpython-312.pyc
[1.213s] running install_data
[1.214s] creating /home/anas/ros2_ws/install/patient_engine/share/ament_index
[1.214s] creating /home/anas/ros2_ws/install/patient_engine/share/ament_index/resource_index
[1.214s] creating /home/anas/ros2_ws/install/patient_engine/share/ament_index/resource_index/packages
[1.214s] copying resource/patient_engine -> /home/anas/ros2_ws/install/patient_engine/share/ament_index/resource_index/packages
[1.214s] copying package.xml -> /home/anas/ros2_ws/install/patient_engine/share/patient_engine
[1.214s] creating /home/anas/ros2_ws/install/patient_engine/share/patient_engine/config
[1.214s] copying config/motion_thresholds_beginner.yaml -> /home/anas/ros2_ws/install/patient_engine/share/patient_engine/config
[1.215s] copying config/motion_thresholds_advanced.yaml -> /home/anas/ros2_ws/install/patient_engine/share/patient_engine/config
[1.215s] running install_egg_info
[1.226s] Copying ../../build/patient_engine/patient_engine.egg-info to /home/anas/ros2_ws/install/patient_engine/lib/python3.12/site-packages/patient_engine-0.1.1-py3.12.egg-info
[1.228s] running install_scripts
[1.295s] Installing motion_detector script to /home/anas/ros2_ws/install/patient_engine/lib/patient_engine
[1.295s] Installing network_detector script to /home/anas/ros2_ws/install/patient_engine/lib/patient_engine
[1.295s] Installing patient_mqtt_bridge script to /home/anas/ros2_ws/install/patient_engine/lib/patient_engine
[1.295s] Installing patient_node script to /home/anas/ros2_ws/install/patient_engine/lib/patient_engine
[1.295s] Installing patient_orchestrator script to /home/anas/ros2_ws/install/patient_engine/lib/patient_engine
[1.295s] Installing stack_manager script to /home/anas/ros2_ws/install/patient_engine/lib/patient_engine
[1.295s] writing list of installed files to '/home/anas/ros2_ws/build/patient_engine/install.log'
[1.326s] Invoked command in '/home/anas/ros2_ws/src/patient_engine' returned '0': DEBUGINFOD_URLS=https://debuginfod.ubuntu.com PYTHONPATH=/home/anas/ros2_ws/build/patient_engine/prefix_override:/usr/lib/python3/dist-packages/colcon_core/task/python/colcon_distutils_commands:/home/anas/ros2_ws/install/patient_engine/lib/python3.12/site-packages:${PYTHONPATH} /usr/bin/python3 -W ignore:setup.py install is deprecated -W ignore:easy_install command is deprecated setup.py egg_info --egg-base ../../build/patient_engine build --build-base /home/anas/ros2_ws/build/patient_engine/build install --record /home/anas/ros2_ws/build/patient_engine/install.log --single-version-externally-managed install_data --force
