[6.762s] Invoking command in '/home/anas/ros2_ws/src/patient_engine': DEBUGINFOD_URLS=https://debuginfod.ubuntu.com PYTHONPATH=/home/anas/ros2_ws/build/patient_engine/prefix_override:/usr/lib/python3/dist-packages/colcon_core/task/python/colcon_distutils_commands:/home/anas/ros2_ws/install/patient_engine/lib/python3.12/site-packages:${PYTHONPATH} /usr/bin/python3 -W ignore:setup.py install is deprecated -W ignore:easy_install command is deprecated setup.py egg_info --egg-base ../../build/patient_engine build --build-base /home/anas/ros2_ws/build/patient_engine/build install --record /home/anas/ros2_ws/build/patient_engine/install.log --single-version-externally-managed install_data
[8.089s] running egg_info
[8.157s] writing ../../build/patient_engine/patient_engine.egg-info/PKG-INFO
[8.160s] writing dependency_links to ../../build/patient_engine/patient_engine.egg-info/dependency_links.txt
[8.160s] writing entry points to ../../build/patient_engine/patient_engine.egg-info/entry_points.txt
[8.163s] writing requirements to ../../build/patient_engine/patient_engine.egg-info/requires.txt
[8.163s] writing top-level names to ../../build/patient_engine/patient_engine.egg-info/top_level.txt
[8.337s] reading manifest file '../../build/patient_engine/patient_engine.egg-info/SOURCES.txt'
[8.341s] writing manifest file '../../build/patient_engine/patient_engine.egg-info/SOURCES.txt'
[8.344s] running build
[8.348s] running build_py
[8.348s] copying patient_engine/nodes/patient_network_anomaly_handler.py -> /home/anas/ros2_ws/build/patient_engine/build/lib/patient_engine/nodes
[8.349s] running install
[8.391s] running install_lib
[8.488s] copying /home/anas/ros2_ws/build/patient_engine/build/lib/patient_engine/nodes/patient_network_anomaly_handler.py -> /home/anas/ros2_ws/install/patient_engine/lib/python3.12/site-packages/patient_engine/nodes
[8.492s] byte-compiling /home/anas/ros2_ws/install/patient_engine/lib/python3.12/site-packages/patient_engine/nodes/patient_network_anomaly_handler.py to patient_network_anomaly_handler.cpython-312.pyc
[8.501s] running install_data
[8.501s] running install_egg_info
[8.613s] removing '/home/anas/ros2_ws/install/patient_engine/lib/python3.12/site-packages/patient_engine-0.0.1-py3.12.egg-info' (and everything under it)
[8.623s] Copying ../../build/patient_engine/patient_engine.egg-info to /home/anas/ros2_ws/install/patient_engine/lib/python3.12/site-packages/patient_engine-0.0.1-py3.12.egg-info
[8.634s] running install_scripts
[9.407s] Installing patient_motion_anomaly_handler script to /home/anas/ros2_ws/install/patient_engine/lib/patient_engine
[9.409s] Installing patient_mqtt_bridge script to /home/anas/ros2_ws/install/patient_engine/lib/patient_engine
[9.410s] Installing patient_network_anomaly_handler script to /home/anas/ros2_ws/install/patient_engine/lib/patient_engine
[9.412s] Installing patient_node script to /home/anas/ros2_ws/install/patient_engine/lib/patient_engine
[9.423s] writing list of installed files to '/home/anas/ros2_ws/build/patient_engine/install.log'
[9.478s] Invoked command in '/home/anas/ros2_ws/src/patient_engine' returned '0': DEBUGINFOD_URLS=https://debuginfod.ubuntu.com PYTHONPATH=/home/anas/ros2_ws/build/patient_engine/prefix_override:/usr/lib/python3/dist-packages/colcon_core/task/python/colcon_distutils_commands:/home/anas/ros2_ws/install/patient_engine/lib/python3.12/site-packages:${PYTHONPATH} /usr/bin/python3 -W ignore:setup.py install is deprecated -W ignore:easy_install command is deprecated setup.py egg_info --egg-base ../../build/patient_engine build --build-base /home/anas/ros2_ws/build/patient_engine/build install --record /home/anas/ros2_ws/build/patient_engine/install.log --single-version-externally-managed install_data
