[3.640s] Invoking command in '/home/anas/ros2_ws/src/patient_engine': DEBUGINFOD_URLS=https://debuginfod.ubuntu.com PYTHONPATH=/home/anas/ros2_ws/build/patient_engine/prefix_override:/usr/lib/python3/dist-packages/colcon_core/task/python/colcon_distutils_commands:/home/anas/ros2_ws/install/patient_engine/lib/python3.12/site-packages:${PYTHONPATH} /usr/bin/python3 -W ignore:setup.py install is deprecated -W ignore:easy_install command is deprecated setup.py egg_info --egg-base ../../build/patient_engine build --build-base /home/anas/ros2_ws/build/patient_engine/build install --record /home/anas/ros2_ws/build/patient_engine/install.log --single-version-externally-managed install_data
[4.547s] running egg_info
[4.602s] writing ../../build/patient_engine/patient_engine.egg-info/PKG-INFO
[4.603s] writing dependency_links to ../../build/patient_engine/patient_engine.egg-info/dependency_links.txt
[4.603s] writing entry points to ../../build/patient_engine/patient_engine.egg-info/entry_points.txt
[4.603s] writing requirements to ../../build/patient_engine/patient_engine.egg-info/requires.txt
[4.604s] writing top-level names to ../../build/patient_engine/patient_engine.egg-info/top_level.txt
[4.713s] reading manifest file '../../build/patient_engine/patient_engine.egg-info/SOURCES.txt'
[4.716s] writing manifest file '../../build/patient_engine/patient_engine.egg-info/SOURCES.txt'
[4.716s] running build
[4.716s] running build_py
[4.717s] running install
[4.736s] running install_lib
[4.789s] running install_data
[4.790s] running install_egg_info
[4.846s] removing '/home/anas/ros2_ws/install/patient_engine/lib/python3.12/site-packages/patient_engine-0.0.1-py3.12.egg-info' (and everything under it)
[4.847s] Copying ../../build/patient_engine/patient_engine.egg-info to /home/anas/ros2_ws/install/patient_engine/lib/python3.12/site-packages/patient_engine-0.0.1-py3.12.egg-info
[4.850s] running install_scripts
[5.302s] Installing patient_mqtt_bridge script to /home/anas/ros2_ws/install/patient_engine/lib/patient_engine
[5.303s] Installing patient_node script to /home/anas/ros2_ws/install/patient_engine/lib/patient_engine
[5.304s] writing list of installed files to '/home/anas/ros2_ws/build/patient_engine/install.log'
[5.349s] Invoked command in '/home/anas/ros2_ws/src/patient_engine' returned '0': DEBUGINFOD_URLS=https://debuginfod.ubuntu.com PYTHONPATH=/home/anas/ros2_ws/build/patient_engine/prefix_override:/usr/lib/python3/dist-packages/colcon_core/task/python/colcon_distutils_commands:/home/anas/ros2_ws/install/patient_engine/lib/python3.12/site-packages:${PYTHONPATH} /usr/bin/python3 -W ignore:setup.py install is deprecated -W ignore:easy_install command is deprecated setup.py egg_info --egg-base ../../build/patient_engine build --build-base /home/anas/ros2_ws/build/patient_engine/build install --record /home/anas/ros2_ws/build/patient_engine/install.log --single-version-externally-managed install_data
