[0.711s] Invoking command in '/home/anas/ros2_ws/src/doctor_engine': DEBUGINFOD_URLS=https://debuginfod.ubuntu.com PYTHONPATH=/home/anas/ros2_ws/build/doctor_engine/prefix_override:/usr/lib/python3/dist-packages/colcon_core/task/python/colcon_distutils_commands:/home/anas/ros2_ws/install/doctor_engine/lib/python3.12/site-packages:${PYTHONPATH} /usr/bin/python3 -W ignore:setup.py install is deprecated -W ignore:easy_install command is deprecated setup.py egg_info --egg-base ../../build/doctor_engine build --build-base /home/anas/ros2_ws/build/doctor_engine/build install --record /home/anas/ros2_ws/build/doctor_engine/install.log --single-version-externally-managed install_data
[0.853s] running egg_info
[0.854s] writing ../../build/doctor_engine/doctor_engine.egg-info/PKG-INFO
[0.854s] writing dependency_links to ../../build/doctor_engine/doctor_engine.egg-info/dependency_links.txt
[0.854s] writing entry points to ../../build/doctor_engine/doctor_engine.egg-info/entry_points.txt
[0.855s] writing requirements to ../../build/doctor_engine/doctor_engine.egg-info/requires.txt
[0.856s] writing top-level names to ../../build/doctor_engine/doctor_engine.egg-info/top_level.txt
[0.884s] reading manifest file '../../build/doctor_engine/doctor_engine.egg-info/SOURCES.txt'
[0.886s] writing manifest file '../../build/doctor_engine/doctor_engine.egg-info/SOURCES.txt'
[0.886s] running build
[0.886s] running build_py
[0.886s] running install
[0.889s] running install_lib
[0.900s] running install_data
[0.900s] running install_egg_info
[0.910s] removing '/home/anas/ros2_ws/install/doctor_engine/lib/python3.12/site-packages/doctor_engine-0.0.1-py3.12.egg-info' (and everything under it)
[0.911s] Copying ../../build/doctor_engine/doctor_engine.egg-info to /home/anas/ros2_ws/install/doctor_engine/lib/python3.12/site-packages/doctor_engine-0.0.1-py3.12.egg-info
[0.911s] running install_scripts
[0.975s] Installing doctor_mqtt_bridge script to /home/anas/ros2_ws/install/doctor_engine/lib/doctor_engine
[0.976s] Installing doctor_node script to /home/anas/ros2_ws/install/doctor_engine/lib/doctor_engine
[0.978s] writing list of installed files to '/home/anas/ros2_ws/build/doctor_engine/install.log'
[1.001s] Invoked command in '/home/anas/ros2_ws/src/doctor_engine' returned '0': DEBUGINFOD_URLS=https://debuginfod.ubuntu.com PYTHONPATH=/home/anas/ros2_ws/build/doctor_engine/prefix_override:/usr/lib/python3/dist-packages/colcon_core/task/python/colcon_distutils_commands:/home/anas/ros2_ws/install/doctor_engine/lib/python3.12/site-packages:${PYTHONPATH} /usr/bin/python3 -W ignore:setup.py install is deprecated -W ignore:easy_install command is deprecated setup.py egg_info --egg-base ../../build/doctor_engine build --build-base /home/anas/ros2_ws/build/doctor_engine/build install --record /home/anas/ros2_ws/build/doctor_engine/install.log --single-version-externally-managed install_data
