[3.356s] Invoking command in '/home/anas/ros2_ws/src/wrist_replay': DEBUGINFOD_URLS=https://debuginfod.ubuntu.com PYTHONPATH=/home/anas/ros2_ws/build/wrist_replay/prefix_override:/usr/lib/python3/dist-packages/colcon_core/task/python/colcon_distutils_commands:/home/anas/ros2_ws/install/wrist_replay/lib/python3.12/site-packages:${PYTHONPATH} /usr/bin/python3 -W ignore:setup.py install is deprecated -W ignore:easy_install command is deprecated setup.py egg_info --egg-base ../../build/wrist_replay build --build-base /home/anas/ros2_ws/build/wrist_replay/build install --record /home/anas/ros2_ws/build/wrist_replay/install.log --single-version-externally-managed install_data
[4.152s] running egg_info
[4.203s] writing ../../build/wrist_replay/wrist_replay.egg-info/PKG-INFO
[4.209s] writing dependency_links to ../../build/wrist_replay/wrist_replay.egg-info/dependency_links.txt
[4.209s] writing entry points to ../../build/wrist_replay/wrist_replay.egg-info/entry_points.txt
[4.209s] writing requirements to ../../build/wrist_replay/wrist_replay.egg-info/requires.txt
[4.209s] writing top-level names to ../../build/wrist_replay/wrist_replay.egg-info/top_level.txt
[4.309s] reading manifest file '../../build/wrist_replay/wrist_replay.egg-info/SOURCES.txt'
[4.311s] writing manifest file '../../build/wrist_replay/wrist_replay.egg-info/SOURCES.txt'
[4.312s] running build
[4.312s] running build_py
[4.313s] running install
[4.330s] running install_lib
[4.385s] running install_data
[4.386s] running install_egg_info
[4.443s] removing '/home/anas/ros2_ws/install/wrist_replay/lib/python3.12/site-packages/wrist_replay-0.0.1-py3.12.egg-info' (and everything under it)
[4.443s] Copying ../../build/wrist_replay/wrist_replay.egg-info to /home/anas/ros2_ws/install/wrist_replay/lib/python3.12/site-packages/wrist_replay-0.0.1-py3.12.egg-info
[4.446s] running install_scripts
[4.861s] Installing replay_node script to /home/anas/ros2_ws/install/wrist_replay/lib/wrist_replay
[4.862s] writing list of installed files to '/home/anas/ros2_ws/build/wrist_replay/install.log'
[4.915s] Invoked command in '/home/anas/ros2_ws/src/wrist_replay' returned '0': DEBUGINFOD_URLS=https://debuginfod.ubuntu.com PYTHONPATH=/home/anas/ros2_ws/build/wrist_replay/prefix_override:/usr/lib/python3/dist-packages/colcon_core/task/python/colcon_distutils_commands:/home/anas/ros2_ws/install/wrist_replay/lib/python3.12/site-packages:${PYTHONPATH} /usr/bin/python3 -W ignore:setup.py install is deprecated -W ignore:easy_install command is deprecated setup.py egg_info --egg-base ../../build/wrist_replay build --build-base /home/anas/ros2_ws/build/wrist_replay/build install --record /home/anas/ros2_ws/build/wrist_replay/install.log --single-version-externally-managed install_data
