[4.415s] Invoking command in '/home/anas/ros2_ws/src/patient_engine': DEBUGINFOD_URLS=https://debuginfod.ubuntu.com PYTHONPATH=/home/anas/ros2_ws/build/patient_engine/prefix_override:/usr/lib/python3/dist-packages/colcon_core/task/python/colcon_distutils_commands:/home/anas/ros2_ws/install/patient_engine/lib/python3.12/site-packages:${PYTHONPATH} /usr/bin/python3 -W ignore:setup.py install is deprecated -W ignore:easy_install command is deprecated setup.py egg_info --egg-base ../../build/patient_engine build --build-base /home/anas/ros2_ws/build/patient_engine/build install --record /home/anas/ros2_ws/build/patient_engine/install.log --single-version-externally-managed install_data
[5.920s] running egg_info
[5.975s] writing ../../build/patient_engine/patient_engine.egg-info/PKG-INFO
[5.976s] writing dependency_links to ../../build/patient_engine/patient_engine.egg-info/dependency_links.txt
[5.977s] writing entry points to ../../build/patient_engine/patient_engine.egg-info/entry_points.txt
[5.977s] writing requirements to ../../build/patient_engine/patient_engine.egg-info/requires.txt
[5.978s] writing top-level names to ../../build/patient_engine/patient_engine.egg-info/top_level.txt
[6.097s] reading manifest file '../../build/patient_engine/patient_engine.egg-info/SOURCES.txt'
[6.106s] writing manifest file '../../build/patient_engine/patient_engine.egg-info/SOURCES.txt'
[6.110s] running build
[6.110s] running build_py
[6.110s] running install
[6.127s] running install_lib
[6.188s] running install_data
[6.188s] running install_egg_info
[6.248s] removing '/home/anas/ros2_ws/install/patient_engine/lib/python3.12/site-packages/patient_engine-0.0.1-py3.12.egg-info' (and everything under it)
[6.251s] Copying ../../build/patient_engine/patient_engine.egg-info to /home/anas/ros2_ws/install/patient_engine/lib/python3.12/site-packages/patient_engine-0.0.1-py3.12.egg-info
[6.253s] running install_scripts
[6.904s] Installing patient_anomaly_handler script to /home/anas/ros2_ws/install/patient_engine/lib/patient_engine
[6.904s] Installing patient_mqtt_bridge script to /home/anas/ros2_ws/install/patient_engine/lib/patient_engine
[6.905s] Installing patient_node script to /home/anas/ros2_ws/install/patient_engine/lib/patient_engine
[6.905s] writing list of installed files to '/home/anas/ros2_ws/build/patient_engine/install.log'
[6.969s] Invoked command in '/home/anas/ros2_ws/src/patient_engine' returned '0': DEBUGINFOD_URLS=https://debuginfod.ubuntu.com PYTHONPATH=/home/anas/ros2_ws/build/patient_engine/prefix_override:/usr/lib/python3/dist-packages/colcon_core/task/python/colcon_distutils_commands:/home/anas/ros2_ws/install/patient_engine/lib/python3.12/site-packages:${PYTHONPATH} /usr/bin/python3 -W ignore:setup.py install is deprecated -W ignore:easy_install command is deprecated setup.py egg_info --egg-base ../../build/patient_engine build --build-base /home/anas/ros2_ws/build/patient_engine/build install --record /home/anas/ros2_ws/build/patient_engine/install.log --single-version-externally-managed install_data
