[3.935s] Invoking command in '/home/anas/ros2_ws/src/doctor_engine': DEBUGINFOD_URLS=https://debuginfod.ubuntu.com PYTHONPATH=/home/anas/ros2_ws/build/doctor_engine/prefix_override:/usr/lib/python3/dist-packages/colcon_core/task/python/colcon_distutils_commands:/home/anas/ros2_ws/install/doctor_engine/lib/python3.12/site-packages:${PYTHONPATH} /usr/bin/python3 -W ignore:setup.py install is deprecated -W ignore:easy_install command is deprecated setup.py egg_info --egg-base ../../build/doctor_engine build --build-base /home/anas/ros2_ws/build/doctor_engine/build install --record /home/anas/ros2_ws/build/doctor_engine/install.log --single-version-externally-managed install_data
[4.887s] running egg_info
[4.936s] writing ../../build/doctor_engine/doctor_engine.egg-info/PKG-INFO
[4.936s] writing dependency_links to ../../build/doctor_engine/doctor_engine.egg-info/dependency_links.txt
[4.939s] writing entry points to ../../build/doctor_engine/doctor_engine.egg-info/entry_points.txt
[4.939s] writing requirements to ../../build/doctor_engine/doctor_engine.egg-info/requires.txt
[4.939s] writing top-level names to ../../build/doctor_engine/doctor_engine.egg-info/top_level.txt
[5.055s] reading manifest file '../../build/doctor_engine/doctor_engine.egg-info/SOURCES.txt'
[5.057s] writing manifest file '../../build/doctor_engine/doctor_engine.egg-info/SOURCES.txt'
[5.057s] running build
[5.058s] running build_py
[5.059s] running install
[5.076s] running install_lib
[5.136s] running install_data
[5.136s] running install_egg_info
[5.208s] removing '/home/anas/ros2_ws/install/doctor_engine/lib/python3.12/site-packages/doctor_engine-0.0.1-py3.12.egg-info' (and everything under it)
[5.212s] Copying ../../build/doctor_engine/doctor_engine.egg-info to /home/anas/ros2_ws/install/doctor_engine/lib/python3.12/site-packages/doctor_engine-0.0.1-py3.12.egg-info
[5.214s] running install_scripts
[5.697s] Installing doctor_anomaly_handler script to /home/anas/ros2_ws/install/doctor_engine/lib/doctor_engine
[5.697s] Installing doctor_mqtt_bridge script to /home/anas/ros2_ws/install/doctor_engine/lib/doctor_engine
[5.697s] Installing doctor_node script to /home/anas/ros2_ws/install/doctor_engine/lib/doctor_engine
[5.698s] writing list of installed files to '/home/anas/ros2_ws/build/doctor_engine/install.log'
[5.777s] Invoked command in '/home/anas/ros2_ws/src/doctor_engine' returned '0': DEBUGINFOD_URLS=https://debuginfod.ubuntu.com PYTHONPATH=/home/anas/ros2_ws/build/doctor_engine/prefix_override:/usr/lib/python3/dist-packages/colcon_core/task/python/colcon_distutils_commands:/home/anas/ros2_ws/install/doctor_engine/lib/python3.12/site-packages:${PYTHONPATH} /usr/bin/python3 -W ignore:setup.py install is deprecated -W ignore:easy_install command is deprecated setup.py egg_info --egg-base ../../build/doctor_engine build --build-base /home/anas/ros2_ws/build/doctor_engine/build install --record /home/anas/ros2_ws/build/doctor_engine/install.log --single-version-externally-managed install_data
