running egg_info
writing ../../build/patient_engine/patient_engine.egg-info/PKG-INFO
writing dependency_links to ../../build/patient_engine/patient_engine.egg-info/dependency_links.txt
writing entry points to ../../build/patient_engine/patient_engine.egg-info/entry_points.txt
writing requirements to ../../build/patient_engine/patient_engine.egg-info/requires.txt
writing top-level names to ../../build/patient_engine/patient_engine.egg-info/top_level.txt
reading manifest file '../../build/patient_engine/patient_engine.egg-info/SOURCES.txt'
writing manifest file '../../build/patient_engine/patient_engine.egg-info/SOURCES.txt'
running build
running build_py
copying patient_engine/nodes/patient_node.py -> /home/anas/ros2_ws/build/patient_engine/build/lib/patient_engine/nodes
running install
running install_lib
copying /home/anas/ros2_ws/build/patient_engine/build/lib/patient_engine/nodes/patient_node.py -> /home/anas/ros2_ws/install/patient_engine/lib/python3.12/site-packages/patient_engine/nodes
byte-compiling /home/anas/ros2_ws/install/patient_engine/lib/python3.12/site-packages/patient_engine/nodes/patient_node.py to patient_node.cpython-312.pyc
running install_data
running install_egg_info
removing '/home/anas/ros2_ws/install/patient_engine/lib/python3.12/site-packages/patient_engine-0.0.1-py3.12.egg-info' (and everything under it)
Copying ../../build/patient_engine/patient_engine.egg-info to /home/anas/ros2_ws/install/patient_engine/lib/python3.12/site-packages/patient_engine-0.0.1-py3.12.egg-info
running install_scripts
Installing patient_anomaly_handler script to /home/anas/ros2_ws/install/patient_engine/lib/patient_engine
Installing patient_mqtt_bridge script to /home/anas/ros2_ws/install/patient_engine/lib/patient_engine
Installing patient_node script to /home/anas/ros2_ws/install/patient_engine/lib/patient_engine
writing list of installed files to '/home/anas/ros2_ws/build/patient_engine/install.log'
