[16.329s] Invoking command in '/home/anas/ros2_ws/src/patient_engine': DEBUGINFOD_URLS=https://debuginfod.ubuntu.com PYTHONPATH=/home/anas/ros2_ws/build/patient_engine/prefix_override:/usr/lib/python3/dist-packages/colcon_core/task/python/colcon_distutils_commands:/home/anas/ros2_ws/install/patient_engine/lib/python3.12/site-packages:${PYTHONPATH} /usr/bin/python3 -W ignore:setup.py install is deprecated -W ignore:easy_install command is deprecated setup.py egg_info --egg-base ../../build/patient_engine build --build-base /home/anas/ros2_ws/build/patient_engine/build install --record /home/anas/ros2_ws/build/patient_engine/install.log --single-version-externally-managed install_data
[20.816s] running egg_info
[21.074s] writing ../../build/patient_engine/patient_engine.egg-info/PKG-INFO
[21.093s] writing dependency_links to ../../build/patient_engine/patient_engine.egg-info/dependency_links.txt
[21.094s] writing entry points to ../../build/patient_engine/patient_engine.egg-info/entry_points.txt
[21.094s] writing requirements to ../../build/patient_engine/patient_engine.egg-info/requires.txt
[21.094s] writing top-level names to ../../build/patient_engine/patient_engine.egg-info/top_level.txt
[21.447s] reading manifest file '../../build/patient_engine/patient_engine.egg-info/SOURCES.txt'
[21.456s] writing manifest file '../../build/patient_engine/patient_engine.egg-info/SOURCES.txt'
[21.457s] running build
[21.457s] running build_py
[21.457s] copying patient_engine/nodes/patient_node.py -> /home/anas/ros2_ws/build/patient_engine/build/lib/patient_engine/nodes
[21.457s] running install
[21.505s] running install_lib
[21.698s] copying /home/anas/ros2_ws/build/patient_engine/build/lib/patient_engine/nodes/patient_node.py -> /home/anas/ros2_ws/install/patient_engine/lib/python3.12/site-packages/patient_engine/nodes
[21.707s] byte-compiling /home/anas/ros2_ws/install/patient_engine/lib/python3.12/site-packages/patient_engine/nodes/patient_node.py to patient_node.cpython-312.pyc
[21.716s] running install_data
[21.716s] running install_egg_info
[21.902s] removing '/home/anas/ros2_ws/install/patient_engine/lib/python3.12/site-packages/patient_engine-0.0.1-py3.12.egg-info' (and everything under it)
[21.908s] Copying ../../build/patient_engine/patient_engine.egg-info to /home/anas/ros2_ws/install/patient_engine/lib/python3.12/site-packages/patient_engine-0.0.1-py3.12.egg-info
[21.923s] running install_scripts
[23.524s] Installing patient_anomaly_handler script to /home/anas/ros2_ws/install/patient_engine/lib/patient_engine
[23.525s] Installing patient_mqtt_bridge script to /home/anas/ros2_ws/install/patient_engine/lib/patient_engine
[23.528s] Installing patient_node script to /home/anas/ros2_ws/install/patient_engine/lib/patient_engine
[23.528s] writing list of installed files to '/home/anas/ros2_ws/build/patient_engine/install.log'
[23.609s] Invoked command in '/home/anas/ros2_ws/src/patient_engine' returned '0': DEBUGINFOD_URLS=https://debuginfod.ubuntu.com PYTHONPATH=/home/anas/ros2_ws/build/patient_engine/prefix_override:/usr/lib/python3/dist-packages/colcon_core/task/python/colcon_distutils_commands:/home/anas/ros2_ws/install/patient_engine/lib/python3.12/site-packages:${PYTHONPATH} /usr/bin/python3 -W ignore:setup.py install is deprecated -W ignore:easy_install command is deprecated setup.py egg_info --egg-base ../../build/patient_engine build --build-base /home/anas/ros2_ws/build/patient_engine/build install --record /home/anas/ros2_ws/build/patient_engine/install.log --single-version-externally-managed install_data
