[0.714s] Invoking command in '/home/anas/ros2_ws/src/patient_engine': DEBUGINFOD_URLS=https://debuginfod.ubuntu.com PYTHONPATH=/home/anas/ros2_ws/build/patient_engine/prefix_override:/usr/lib/python3/dist-packages/colcon_core/task/python/colcon_distutils_commands:/home/anas/ros2_ws/install/patient_engine/lib/python3.12/site-packages:${PYTHONPATH} /usr/bin/python3 -W ignore:setup.py install is deprecated -W ignore:easy_install command is deprecated setup.py egg_info --egg-base ../../build/patient_engine build --build-base /home/anas/ros2_ws/build/patient_engine/build install --record /home/anas/ros2_ws/build/patient_engine/install.log --single-version-externally-managed install_data
[0.854s] running egg_info
[0.866s] writing ../../build/patient_engine/patient_engine.egg-info/PKG-INFO
[0.866s] writing dependency_links to ../../build/patient_engine/patient_engine.egg-info/dependency_links.txt
[0.866s] writing entry points to ../../build/patient_engine/patient_engine.egg-info/entry_points.txt
[0.867s] writing requirements to ../../build/patient_engine/patient_engine.egg-info/requires.txt
[0.867s] writing top-level names to ../../build/patient_engine/patient_engine.egg-info/top_level.txt
[0.888s] reading manifest file '../../build/patient_engine/patient_engine.egg-info/SOURCES.txt'
[0.889s] writing manifest file '../../build/patient_engine/patient_engine.egg-info/SOURCES.txt'
[0.891s] running build
[0.891s] running build_py
[0.891s] running install
[0.894s] running install_lib
[0.906s] running install_data
[0.906s] running install_egg_info
[0.916s] removing '/home/anas/ros2_ws/install/patient_engine/lib/python3.12/site-packages/patient_engine-0.1.1-py3.12.egg-info' (and everything under it)
[0.918s] Copying ../../build/patient_engine/patient_engine.egg-info to /home/anas/ros2_ws/install/patient_engine/lib/python3.12/site-packages/patient_engine-0.1.1-py3.12.egg-info
[0.919s] running install_scripts
[0.990s] Installing motion_detector script to /home/anas/ros2_ws/install/patient_engine/lib/patient_engine
[0.990s] Installing network_detector script to /home/anas/ros2_ws/install/patient_engine/lib/patient_engine
[0.990s] Installing network_detector_scenario_test script to /home/anas/ros2_ws/install/patient_engine/lib/patient_engine
[0.990s] Installing patient_mqtt_bridge script to /home/anas/ros2_ws/install/patient_engine/lib/patient_engine
[0.990s] Installing patient_node script to /home/anas/ros2_ws/install/patient_engine/lib/patient_engine
[0.990s] Installing patient_orchestrator script to /home/anas/ros2_ws/install/patient_engine/lib/patient_engine
[0.990s] Installing stack_manager script to /home/anas/ros2_ws/install/patient_engine/lib/patient_engine
[0.990s] writing list of installed files to '/home/anas/ros2_ws/build/patient_engine/install.log'
[1.014s] Invoked command in '/home/anas/ros2_ws/src/patient_engine' returned '0': DEBUGINFOD_URLS=https://debuginfod.ubuntu.com PYTHONPATH=/home/anas/ros2_ws/build/patient_engine/prefix_override:/usr/lib/python3/dist-packages/colcon_core/task/python/colcon_distutils_commands:/home/anas/ros2_ws/install/patient_engine/lib/python3.12/site-packages:${PYTHONPATH} /usr/bin/python3 -W ignore:setup.py install is deprecated -W ignore:easy_install command is deprecated setup.py egg_info --egg-base ../../build/patient_engine build --build-base /home/anas/ros2_ws/build/patient_engine/build install --record /home/anas/ros2_ws/build/patient_engine/install.log --single-version-externally-managed install_data
