[0.735s] Invoking command in '/home/anas/ros2_ws/src/doctor_engine': DEBUGINFOD_URLS=https://debuginfod.ubuntu.com PYTHONPATH=/home/anas/ros2_ws/build/doctor_engine/prefix_override:/usr/lib/python3/dist-packages/colcon_core/task/python/colcon_distutils_commands:/home/anas/ros2_ws/install/doctor_engine/lib/python3.12/site-packages:${PYTHONPATH} /usr/bin/python3 -W ignore:setup.py install is deprecated -W ignore:easy_install command is deprecated setup.py egg_info --egg-base ../../build/doctor_engine build --build-base /home/anas/ros2_ws/build/doctor_engine/build install --record /home/anas/ros2_ws/build/doctor_engine/install.log --single-version-externally-managed install_data
[0.871s] running egg_info
[0.882s] writing ../../build/doctor_engine/doctor_engine.egg-info/PKG-INFO
[0.883s] writing dependency_links to ../../build/doctor_engine/doctor_engine.egg-info/dependency_links.txt
[0.883s] writing entry points to ../../build/doctor_engine/doctor_engine.egg-info/entry_points.txt
[0.884s] writing requirements to ../../build/doctor_engine/doctor_engine.egg-info/requires.txt
[0.884s] writing top-level names to ../../build/doctor_engine/doctor_engine.egg-info/top_level.txt
[0.906s] reading manifest file '../../build/doctor_engine/doctor_engine.egg-info/SOURCES.txt'
[0.906s] writing manifest file '../../build/doctor_engine/doctor_engine.egg-info/SOURCES.txt'
[0.907s] running build
[0.907s] running build_py
[0.907s] copying doctor_engine/nodes/doctor_node.py -> /home/anas/ros2_ws/build/doctor_engine/build/lib/doctor_engine/nodes
[0.907s] running install
[0.912s] running install_lib
[0.921s] copying /home/anas/ros2_ws/build/doctor_engine/build/lib/doctor_engine/nodes/doctor_node.py -> /home/anas/ros2_ws/install/doctor_engine/lib/python3.12/site-packages/doctor_engine/nodes
[0.921s] byte-compiling /home/anas/ros2_ws/install/doctor_engine/lib/python3.12/site-packages/doctor_engine/nodes/doctor_node.py to doctor_node.cpython-312.pyc
[0.922s] running install_data
[0.922s] running install_egg_info
[0.932s] removing '/home/anas/ros2_ws/install/doctor_engine/lib/python3.12/site-packages/doctor_engine-0.0.1-py3.12.egg-info' (and everything under it)
[0.935s] Copying ../../build/doctor_engine/doctor_engine.egg-info to /home/anas/ros2_ws/install/doctor_engine/lib/python3.12/site-packages/doctor_engine-0.0.1-py3.12.egg-info
[0.936s] running install_scripts
[1.006s] Installing doctor_mqtt_bridge script to /home/anas/ros2_ws/install/doctor_engine/lib/doctor_engine
[1.008s] Installing doctor_node script to /home/anas/ros2_ws/install/doctor_engine/lib/doctor_engine
[1.008s] writing list of installed files to '/home/anas/ros2_ws/build/doctor_engine/install.log'
[1.039s] Invoked command in '/home/anas/ros2_ws/src/doctor_engine' returned '0': DEBUGINFOD_URLS=https://debuginfod.ubuntu.com PYTHONPATH=/home/anas/ros2_ws/build/doctor_engine/prefix_override:/usr/lib/python3/dist-packages/colcon_core/task/python/colcon_distutils_commands:/home/anas/ros2_ws/install/doctor_engine/lib/python3.12/site-packages:${PYTHONPATH} /usr/bin/python3 -W ignore:setup.py install is deprecated -W ignore:easy_install command is deprecated setup.py egg_info --egg-base ../../build/doctor_engine build --build-base /home/anas/ros2_ws/build/doctor_engine/build install --record /home/anas/ros2_ws/build/doctor_engine/install.log --single-version-externally-managed install_data
