[5.786s] Invoking command in '/home/anas/ros2_ws/src/wrist_replay': DEBUGINFOD_URLS=https://debuginfod.ubuntu.com PYTHONPATH=/home/anas/ros2_ws/build/wrist_replay/prefix_override:/usr/lib/python3/dist-packages/colcon_core/task/python/colcon_distutils_commands:/home/anas/ros2_ws/install/wrist_replay/lib/python3.12/site-packages:${PYTHONPATH} /usr/bin/python3 -W ignore:setup.py install is deprecated -W ignore:easy_install command is deprecated setup.py egg_info --egg-base ../../build/wrist_replay build --build-base /home/anas/ros2_ws/build/wrist_replay/build install --record /home/anas/ros2_ws/build/wrist_replay/install.log --single-version-externally-managed install_data
[7.288s] running egg_info
[7.396s] writing ../../build/wrist_replay/wrist_replay.egg-info/PKG-INFO
[7.397s] writing dependency_links to ../../build/wrist_replay/wrist_replay.egg-info/dependency_links.txt
[7.397s] writing entry points to ../../build/wrist_replay/wrist_replay.egg-info/entry_points.txt
[7.399s] writing requirements to ../../build/wrist_replay/wrist_replay.egg-info/requires.txt
[7.400s] writing top-level names to ../../build/wrist_replay/wrist_replay.egg-info/top_level.txt
[7.591s] reading manifest file '../../build/wrist_replay/wrist_replay.egg-info/SOURCES.txt'
[7.594s] writing manifest file '../../build/wrist_replay/wrist_replay.egg-info/SOURCES.txt'
[7.594s] running build
[7.595s] running build_py
[7.595s] running install
[7.621s] running install_lib
[7.735s] running install_data
[7.736s] running install_egg_info
[7.851s] removing '/home/anas/ros2_ws/install/wrist_replay/lib/python3.12/site-packages/wrist_replay-0.0.1-py3.12.egg-info' (and everything under it)
[7.853s] Copying ../../build/wrist_replay/wrist_replay.egg-info to /home/anas/ros2_ws/install/wrist_replay/lib/python3.12/site-packages/wrist_replay-0.0.1-py3.12.egg-info
[7.859s] running install_scripts
[8.522s] Installing replay_node script to /home/anas/ros2_ws/install/wrist_replay/lib/wrist_replay
[8.524s] writing list of installed files to '/home/anas/ros2_ws/build/wrist_replay/install.log'
[8.581s] Invoked command in '/home/anas/ros2_ws/src/wrist_replay' returned '0': DEBUGINFOD_URLS=https://debuginfod.ubuntu.com PYTHONPATH=/home/anas/ros2_ws/build/wrist_replay/prefix_override:/usr/lib/python3/dist-packages/colcon_core/task/python/colcon_distutils_commands:/home/anas/ros2_ws/install/wrist_replay/lib/python3.12/site-packages:${PYTHONPATH} /usr/bin/python3 -W ignore:setup.py install is deprecated -W ignore:easy_install command is deprecated setup.py egg_info --egg-base ../../build/wrist_replay build --build-base /home/anas/ros2_ws/build/wrist_replay/build install --record /home/anas/ros2_ws/build/wrist_replay/install.log --single-version-externally-managed install_data
