running egg_info
creating ../../build/wrist_replay/wrist_replay.egg-info
writing ../../build/wrist_replay/wrist_replay.egg-info/PKG-INFO
writing dependency_links to ../../build/wrist_replay/wrist_replay.egg-info/dependency_links.txt
writing entry points to ../../build/wrist_replay/wrist_replay.egg-info/entry_points.txt
writing requirements to ../../build/wrist_replay/wrist_replay.egg-info/requires.txt
writing top-level names to ../../build/wrist_replay/wrist_replay.egg-info/top_level.txt
writing manifest file '../../build/wrist_replay/wrist_replay.egg-info/SOURCES.txt'
reading manifest file '../../build/wrist_replay/wrist_replay.egg-info/SOURCES.txt'
writing manifest file '../../build/wrist_replay/wrist_replay.egg-info/SOURCES.txt'
running build
running build_py
creating /home/anas/ros2_ws/build/wrist_replay/build
creating /home/anas/ros2_ws/build/wrist_replay/build/lib
creating /home/anas/ros2_ws/build/wrist_replay/build/lib/wrist_replay
copying wrist_replay/__init__.py -> /home/anas/ros2_ws/build/wrist_replay/build/lib/wrist_replay
copying wrist_replay/replay_node.py -> /home/anas/ros2_ws/build/wrist_replay/build/lib/wrist_replay
running install
running install_lib
creating /home/anas/ros2_ws/install/wrist_replay/lib/python3.12/site-packages/wrist_replay
copying /home/anas/ros2_ws/build/wrist_replay/build/lib/wrist_replay/__init__.py -> /home/anas/ros2_ws/install/wrist_replay/lib/python3.12/site-packages/wrist_replay
copying /home/anas/ros2_ws/build/wrist_replay/build/lib/wrist_replay/replay_node.py -> /home/anas/ros2_ws/install/wrist_replay/lib/python3.12/site-packages/wrist_replay
byte-compiling /home/anas/ros2_ws/install/wrist_replay/lib/python3.12/site-packages/wrist_replay/__init__.py to __init__.cpython-312.pyc
byte-compiling /home/anas/ros2_ws/install/wrist_replay/lib/python3.12/site-packages/wrist_replay/replay_node.py to replay_node.cpython-312.pyc
running install_data
creating /home/anas/ros2_ws/install/wrist_replay/share/ament_index
creating /home/anas/ros2_ws/install/wrist_replay/share/ament_index/resource_index
creating /home/anas/ros2_ws/install/wrist_replay/share/ament_index/resource_index/packages
copying resource/wrist_replay -> /home/anas/ros2_ws/install/wrist_replay/share/ament_index/resource_index/packages
copying package.xml -> /home/anas/ros2_ws/install/wrist_replay/share/wrist_replay
creating /home/anas/ros2_ws/install/wrist_replay/share/wrist_replay/urdf
copying urdf/wrist.urdf -> /home/anas/ros2_ws/install/wrist_replay/share/wrist_replay/urdf
creating /home/anas/ros2_ws/install/wrist_replay/share/wrist_replay/launch
copying launch/replay.launch.py -> /home/anas/ros2_ws/install/wrist_replay/share/wrist_replay/launch
running install_egg_info
Copying ../../build/wrist_replay/wrist_replay.egg-info to /home/anas/ros2_ws/install/wrist_replay/lib/python3.12/site-packages/wrist_replay-0.0.1-py3.12.egg-info
running install_scripts
Installing replay_node script to /home/anas/ros2_ws/install/wrist_replay/lib/wrist_replay
writing list of installed files to '/home/anas/ros2_ws/build/wrist_replay/install.log'
