running develop
running egg_info
writing ../../build/doctor_engine/doctor_engine.egg-info/PKG-INFO
writing dependency_links to ../../build/doctor_engine/doctor_engine.egg-info/dependency_links.txt
writing entry points to ../../build/doctor_engine/doctor_engine.egg-info/entry_points.txt
writing requirements to ../../build/doctor_engine/doctor_engine.egg-info/requires.txt
writing top-level names to ../../build/doctor_engine/doctor_engine.egg-info/top_level.txt
reading manifest file '../../build/doctor_engine/doctor_engine.egg-info/SOURCES.txt'
writing manifest file '../../build/doctor_engine/doctor_engine.egg-info/SOURCES.txt'
running build
running build_py
creating /home/anas/ros2_ws/build/doctor_engine/build
creating /home/anas/ros2_ws/build/doctor_engine/build/lib
creating /home/anas/ros2_ws/build/doctor_engine/build/lib/doctor_engine
copying doctor_engine/__init__.py -> /home/anas/ros2_ws/build/doctor_engine/build/lib/doctor_engine
creating /home/anas/ros2_ws/build/doctor_engine/build/lib/doctor_engine/nodes
copying doctor_engine/nodes/doctor_mqtt_bridge.py -> /home/anas/ros2_ws/build/doctor_engine/build/lib/doctor_engine/nodes
copying doctor_engine/nodes/doctor_node.py -> /home/anas/ros2_ws/build/doctor_engine/build/lib/doctor_engine/nodes
copying doctor_engine/nodes/__init__.py -> /home/anas/ros2_ws/build/doctor_engine/build/lib/doctor_engine/nodes
running install
running install_lib
creating /home/anas/ros2_ws/install/doctor_engine/lib/python3.12/site-packages/doctor_engine
creating /home/anas/ros2_ws/install/doctor_engine/lib/python3.12/site-packages/doctor_engine/nodes
copying /home/anas/ros2_ws/build/doctor_engine/build/lib/doctor_engine/nodes/doctor_mqtt_bridge.py -> /home/anas/ros2_ws/install/doctor_engine/lib/python3.12/site-packages/doctor_engine/nodes
copying /home/anas/ros2_ws/build/doctor_engine/build/lib/doctor_engine/nodes/doctor_node.py -> /home/anas/ros2_ws/install/doctor_engine/lib/python3.12/site-packages/doctor_engine/nodes
copying /home/anas/ros2_ws/build/doctor_engine/build/lib/doctor_engine/nodes/__init__.py -> /home/anas/ros2_ws/install/doctor_engine/lib/python3.12/site-packages/doctor_engine/nodes
copying /home/anas/ros2_ws/build/doctor_engine/build/lib/doctor_engine/__init__.py -> /home/anas/ros2_ws/install/doctor_engine/lib/python3.12/site-packages/doctor_engine
byte-compiling /home/anas/ros2_ws/install/doctor_engine/lib/python3.12/site-packages/doctor_engine/nodes/doctor_mqtt_bridge.py to doctor_mqtt_bridge.cpython-312.pyc
byte-compiling /home/anas/ros2_ws/install/doctor_engine/lib/python3.12/site-packages/doctor_engine/nodes/doctor_node.py to doctor_node.cpython-312.pyc
byte-compiling /home/anas/ros2_ws/install/doctor_engine/lib/python3.12/site-packages/doctor_engine/nodes/__init__.py to __init__.cpython-312.pyc
byte-compiling /home/anas/ros2_ws/install/doctor_engine/lib/python3.12/site-packages/doctor_engine/__init__.py to __init__.cpython-312.pyc
running install_data
creating /home/anas/ros2_ws/install/doctor_engine/share/ament_index
creating /home/anas/ros2_ws/install/doctor_engine/share/ament_index/resource_index
creating /home/anas/ros2_ws/install/doctor_engine/share/ament_index/resource_index/packages
copying resource/doctor_engine -> /home/anas/ros2_ws/install/doctor_engine/share/ament_index/resource_index/packages
copying package.xml -> /home/anas/ros2_ws/install/doctor_engine/share/doctor_engine
running install_egg_info
Copying ../../build/doctor_engine/doctor_engine.egg-info to /home/anas/ros2_ws/install/doctor_engine/lib/python3.12/site-packages/doctor_engine-0.0.1-py3.12.egg-info
running install_scripts
Installing doctor_mqtt_bridge script to /home/anas/ros2_ws/install/doctor_engine/lib/doctor_engine
Installing doctor_node script to /home/anas/ros2_ws/install/doctor_engine/lib/doctor_engine
writing list of installed files to '/home/anas/ros2_ws/build/doctor_engine/install.log'
