[0.262s] DEBUG:colcon:Command line arguments: ['/usr/bin/colcon', 'build']
[0.262s] DEBUG:colcon:Parsed command line arguments: Namespace(log_base=None, log_level=None, verb_name='build', build_base='build', install_base='install', merge_install=False, symlink_install=False, test_result_base=None, continue_on_error=False, executor='parallel', parallel_workers=4, event_handlers=None, ignore_user_meta=False, metas=['./colcon.meta'], base_paths=['.'], packages_ignore=None, packages_ignore_regex=None, paths=None, packages_up_to=None, packages_up_to_regex=None, packages_above=None, packages_above_and_dependencies=None, packages_above_depth=None, packages_select_by_dep=None, packages_skip_by_dep=None, packages_skip_up_to=None, packages_select_build_failed=False, packages_skip_build_finished=False, packages_select_test_failures=False, packages_skip_test_passed=False, packages_select=None, packages_skip=None, packages_select_regex=None, packages_skip_regex=None, packages_start=None, packages_end=None, allow_overriding=[], cmake_args=None, cmake_target=None, cmake_target_skip_unavailable=False, cmake_clean_cache=False, cmake_clean_first=False, cmake_force_configure=False, ament_cmake_args=None, catkin_cmake_args=None, catkin_skip_building_tests=False, mixin_files=None, mixin=None, verb_parser=<colcon_mixin.mixin.mixin_argument.MixinArgumentDecorator object at 0x7b3d3e1a4110>, verb_extension=<colcon_core.verb.build.BuildVerb object at 0x7b3d3e11f2c0>, main=<bound method BuildVerb.main of <colcon_core.verb.build.BuildVerb object at 0x7b3d3e11f2c0>>, mixin_verb=('build',))
[0.381s] Level 1:colcon.colcon_core.package_discovery:discover_packages(colcon_meta) check parameters
[0.381s] Level 1:colcon.colcon_core.package_discovery:discover_packages(recursive) check parameters
[0.381s] Level 1:colcon.colcon_core.package_discovery:discover_packages(ignore) check parameters
[0.381s] Level 1:colcon.colcon_core.package_discovery:discover_packages(path) check parameters
[0.381s] Level 1:colcon.colcon_core.package_discovery:discover_packages(colcon_meta) discover
[0.381s] Level 1:colcon.colcon_core.package_discovery:discover_packages(recursive) discover
[0.381s] INFO:colcon.colcon_core.package_discovery:Crawling recursively for packages in '/home/anas/ros2_ws'
[0.381s] Level 1:colcon.colcon_core.package_identification:_identify(.) by extensions ['ignore', 'ignore_ament_install']
[0.382s] Level 1:colcon.colcon_core.package_identification:_identify(.) by extension 'ignore'
[0.382s] Level 1:colcon.colcon_core.package_identification:_identify(.) by extension 'ignore_ament_install'
[0.382s] Level 1:colcon.colcon_core.package_identification:_identify(.) by extensions ['colcon_pkg']
[0.382s] Level 1:colcon.colcon_core.package_identification:_identify(.) by extension 'colcon_pkg'
[0.382s] Level 1:colcon.colcon_core.package_identification:_identify(.) by extensions ['colcon_meta']
[0.382s] Level 1:colcon.colcon_core.package_identification:_identify(.) by extension 'colcon_meta'
[0.382s] Level 1:colcon.colcon_core.package_identification:_identify(.) by extensions ['ros']
[0.382s] Level 1:colcon.colcon_core.package_identification:_identify(.) by extension 'ros'
[0.451s] Level 1:colcon.colcon_core.package_identification:_identify(.) by extensions ['cmake', 'python']
[0.451s] Level 1:colcon.colcon_core.package_identification:_identify(.) by extension 'cmake'
[0.451s] Level 1:colcon.colcon_core.package_identification:_identify(.) by extension 'python'
[0.451s] Level 1:colcon.colcon_core.package_identification:_identify(.) by extensions ['python_setup_py']
[0.451s] Level 1:colcon.colcon_core.package_identification:_identify(.) by extension 'python_setup_py'
[0.452s] Level 1:colcon.colcon_core.package_identification:_identify(archive_unused) by extensions ['ignore', 'ignore_ament_install']
[0.452s] Level 1:colcon.colcon_core.package_identification:_identify(archive_unused) by extension 'ignore'
[0.452s] Level 1:colcon.colcon_core.package_identification:_identify(archive_unused) ignored
[0.452s] Level 1:colcon.colcon_core.package_identification:_identify(build) by extensions ['ignore', 'ignore_ament_install']
[0.452s] Level 1:colcon.colcon_core.package_identification:_identify(build) by extension 'ignore'
[0.452s] Level 1:colcon.colcon_core.package_identification:_identify(build) ignored
[0.453s] Level 1:colcon.colcon_core.package_identification:_identify(install) by extensions ['ignore', 'ignore_ament_install']
[0.453s] Level 1:colcon.colcon_core.package_identification:_identify(install) by extension 'ignore'
[0.453s] Level 1:colcon.colcon_core.package_identification:_identify(install) ignored
[0.453s] Level 1:colcon.colcon_core.package_identification:_identify(log) by extensions ['ignore', 'ignore_ament_install']
[0.453s] Level 1:colcon.colcon_core.package_identification:_identify(log) by extension 'ignore'
[0.453s] Level 1:colcon.colcon_core.package_identification:_identify(log) ignored
[0.454s] Level 1:colcon.colcon_core.package_identification:_identify(src) by extensions ['ignore', 'ignore_ament_install']
[0.454s] Level 1:colcon.colcon_core.package_identification:_identify(src) by extension 'ignore'
[0.454s] Level 1:colcon.colcon_core.package_identification:_identify(src) by extension 'ignore_ament_install'
[0.454s] Level 1:colcon.colcon_core.package_identification:_identify(src) by extensions ['colcon_pkg']
[0.454s] Level 1:colcon.colcon_core.package_identification:_identify(src) by extension 'colcon_pkg'
[0.454s] Level 1:colcon.colcon_core.package_identification:_identify(src) by extensions ['colcon_meta']
[0.454s] Level 1:colcon.colcon_core.package_identification:_identify(src) by extension 'colcon_meta'
[0.454s] Level 1:colcon.colcon_core.package_identification:_identify(src) by extensions ['ros']
[0.454s] Level 1:colcon.colcon_core.package_identification:_identify(src) by extension 'ros'
[0.454s] Level 1:colcon.colcon_core.package_identification:_identify(src) by extensions ['cmake', 'python']
[0.455s] Level 1:colcon.colcon_core.package_identification:_identify(src) by extension 'cmake'
[0.455s] Level 1:colcon.colcon_core.package_identification:_identify(src) by extension 'python'
[0.455s] Level 1:colcon.colcon_core.package_identification:_identify(src) by extensions ['python_setup_py']
[0.455s] Level 1:colcon.colcon_core.package_identification:_identify(src) by extension 'python_setup_py'
[0.455s] Level 1:colcon.colcon_core.package_identification:_identify(src/doctor_engine) by extensions ['ignore', 'ignore_ament_install']
[0.455s] Level 1:colcon.colcon_core.package_identification:_identify(src/doctor_engine) by extension 'ignore'
[0.455s] Level 1:colcon.colcon_core.package_identification:_identify(src/doctor_engine) by extension 'ignore_ament_install'
[0.455s] Level 1:colcon.colcon_core.package_identification:_identify(src/doctor_engine) by extensions ['colcon_pkg']
[0.455s] Level 1:colcon.colcon_core.package_identification:_identify(src/doctor_engine) by extension 'colcon_pkg'
[0.455s] Level 1:colcon.colcon_core.package_identification:_identify(src/doctor_engine) by extensions ['colcon_meta']
[0.456s] Level 1:colcon.colcon_core.package_identification:_identify(src/doctor_engine) by extension 'colcon_meta'
[0.456s] Level 1:colcon.colcon_core.package_identification:_identify(src/doctor_engine) by extensions ['ros']
[0.456s] Level 1:colcon.colcon_core.package_identification:_identify(src/doctor_engine) by extension 'ros'
[0.460s] DEBUG:colcon.colcon_core.package_identification:Package 'src/doctor_engine' with type 'ros.ament_python' and name 'doctor_engine'
[0.461s] Level 1:colcon.colcon_core.package_identification:_identify(src/patient_engine) by extensions ['ignore', 'ignore_ament_install']
[0.461s] Level 1:colcon.colcon_core.package_identification:_identify(src/patient_engine) by extension 'ignore'
[0.461s] Level 1:colcon.colcon_core.package_identification:_identify(src/patient_engine) by extension 'ignore_ament_install'
[0.461s] Level 1:colcon.colcon_core.package_identification:_identify(src/patient_engine) by extensions ['colcon_pkg']
[0.461s] Level 1:colcon.colcon_core.package_identification:_identify(src/patient_engine) by extension 'colcon_pkg'
[0.461s] Level 1:colcon.colcon_core.package_identification:_identify(src/patient_engine) by extensions ['colcon_meta']
[0.461s] Level 1:colcon.colcon_core.package_identification:_identify(src/patient_engine) by extension 'colcon_meta'
[0.461s] Level 1:colcon.colcon_core.package_identification:_identify(src/patient_engine) by extensions ['ros']
[0.461s] Level 1:colcon.colcon_core.package_identification:_identify(src/patient_engine) by extension 'ros'
[0.463s] DEBUG:colcon.colcon_core.package_identification:Package 'src/patient_engine' with type 'ros.ament_python' and name 'patient_engine'
[0.463s] Level 1:colcon.colcon_core.package_identification:_identify(src/wrist_replay) by extensions ['ignore', 'ignore_ament_install']
[0.463s] Level 1:colcon.colcon_core.package_identification:_identify(src/wrist_replay) by extension 'ignore'
[0.463s] Level 1:colcon.colcon_core.package_identification:_identify(src/wrist_replay) by extension 'ignore_ament_install'
[0.463s] Level 1:colcon.colcon_core.package_identification:_identify(src/wrist_replay) by extensions ['colcon_pkg']
[0.463s] Level 1:colcon.colcon_core.package_identification:_identify(src/wrist_replay) by extension 'colcon_pkg'
[0.463s] Level 1:colcon.colcon_core.package_identification:_identify(src/wrist_replay) by extensions ['colcon_meta']
[0.463s] Level 1:colcon.colcon_core.package_identification:_identify(src/wrist_replay) by extension 'colcon_meta'
[0.463s] Level 1:colcon.colcon_core.package_identification:_identify(src/wrist_replay) by extensions ['ros']
[0.463s] Level 1:colcon.colcon_core.package_identification:_identify(src/wrist_replay) by extension 'ros'
[0.465s] DEBUG:colcon.colcon_core.package_identification:Package 'src/wrist_replay' with type 'ros.ament_python' and name 'wrist_replay'
[0.465s] Level 1:colcon.colcon_core.package_identification:_identify(test_logs) by extensions ['ignore', 'ignore_ament_install']
[0.465s] Level 1:colcon.colcon_core.package_identification:_identify(test_logs) by extension 'ignore'
[0.465s] Level 1:colcon.colcon_core.package_identification:_identify(test_logs) by extension 'ignore_ament_install'
[0.465s] Level 1:colcon.colcon_core.package_identification:_identify(test_logs) by extensions ['colcon_pkg']
[0.465s] Level 1:colcon.colcon_core.package_identification:_identify(test_logs) by extension 'colcon_pkg'
[0.466s] Level 1:colcon.colcon_core.package_identification:_identify(test_logs) by extensions ['colcon_meta']
[0.466s] Level 1:colcon.colcon_core.package_identification:_identify(test_logs) by extension 'colcon_meta'
[0.466s] Level 1:colcon.colcon_core.package_identification:_identify(test_logs) by extensions ['ros']
[0.466s] Level 1:colcon.colcon_core.package_identification:_identify(test_logs) by extension 'ros'
[0.466s] Level 1:colcon.colcon_core.package_identification:_identify(test_logs) by extensions ['cmake', 'python']
[0.466s] Level 1:colcon.colcon_core.package_identification:_identify(test_logs) by extension 'cmake'
[0.466s] Level 1:colcon.colcon_core.package_identification:_identify(test_logs) by extension 'python'
[0.466s] Level 1:colcon.colcon_core.package_identification:_identify(test_logs) by extensions ['python_setup_py']
[0.466s] Level 1:colcon.colcon_core.package_identification:_identify(test_logs) by extension 'python_setup_py'
[0.467s] Level 1:colcon.colcon_core.package_identification:_identify(test_logs/anomaly_test_20251006_210630) by extensions ['ignore', 'ignore_ament_install']
[0.467s] Level 1:colcon.colcon_core.package_identification:_identify(test_logs/anomaly_test_20251006_210630) by extension 'ignore'
[0.467s] Level 1:colcon.colcon_core.package_identification:_identify(test_logs/anomaly_test_20251006_210630) by extension 'ignore_ament_install'
[0.467s] Level 1:colcon.colcon_core.package_identification:_identify(test_logs/anomaly_test_20251006_210630) by extensions ['colcon_pkg']
[0.467s] Level 1:colcon.colcon_core.package_identification:_identify(test_logs/anomaly_test_20251006_210630) by extension 'colcon_pkg'
[0.467s] Level 1:colcon.colcon_core.package_identification:_identify(test_logs/anomaly_test_20251006_210630) by extensions ['colcon_meta']
[0.467s] Level 1:colcon.colcon_core.package_identification:_identify(test_logs/anomaly_test_20251006_210630) by extension 'colcon_meta'
[0.467s] Level 1:colcon.colcon_core.package_identification:_identify(test_logs/anomaly_test_20251006_210630) by extensions ['ros']
[0.467s] Level 1:colcon.colcon_core.package_identification:_identify(test_logs/anomaly_test_20251006_210630) by extension 'ros'
[0.468s] Level 1:colcon.colcon_core.package_identification:_identify(test_logs/anomaly_test_20251006_210630) by extensions ['cmake', 'python']
[0.468s] Level 1:colcon.colcon_core.package_identification:_identify(test_logs/anomaly_test_20251006_210630) by extension 'cmake'
[0.468s] Level 1:colcon.colcon_core.package_identification:_identify(test_logs/anomaly_test_20251006_210630) by extension 'python'
[0.468s] Level 1:colcon.colcon_core.package_identification:_identify(test_logs/anomaly_test_20251006_210630) by extensions ['python_setup_py']
[0.468s] Level 1:colcon.colcon_core.package_identification:_identify(test_logs/anomaly_test_20251006_210630) by extension 'python_setup_py'
[0.468s] Level 1:colcon.colcon_core.package_identification:_identify(test_logs/anomaly_test_20251006_215703) by extensions ['ignore', 'ignore_ament_install']
[0.468s] Level 1:colcon.colcon_core.package_identification:_identify(test_logs/anomaly_test_20251006_215703) by extension 'ignore'
[0.469s] Level 1:colcon.colcon_core.package_identification:_identify(test_logs/anomaly_test_20251006_215703) by extension 'ignore_ament_install'
[0.469s] Level 1:colcon.colcon_core.package_identification:_identify(test_logs/anomaly_test_20251006_215703) by extensions ['colcon_pkg']
[0.469s] Level 1:colcon.colcon_core.package_identification:_identify(test_logs/anomaly_test_20251006_215703) by extension 'colcon_pkg'
[0.469s] Level 1:colcon.colcon_core.package_identification:_identify(test_logs/anomaly_test_20251006_215703) by extensions ['colcon_meta']
[0.469s] Level 1:colcon.colcon_core.package_identification:_identify(test_logs/anomaly_test_20251006_215703) by extension 'colcon_meta'
[0.469s] Level 1:colcon.colcon_core.package_identification:_identify(test_logs/anomaly_test_20251006_215703) by extensions ['ros']
[0.469s] Level 1:colcon.colcon_core.package_identification:_identify(test_logs/anomaly_test_20251006_215703) by extension 'ros'
[0.469s] Level 1:colcon.colcon_core.package_identification:_identify(test_logs/anomaly_test_20251006_215703) by extensions ['cmake', 'python']
[0.469s] Level 1:colcon.colcon_core.package_identification:_identify(test_logs/anomaly_test_20251006_215703) by extension 'cmake'
[0.469s] Level 1:colcon.colcon_core.package_identification:_identify(test_logs/anomaly_test_20251006_215703) by extension 'python'
[0.470s] Level 1:colcon.colcon_core.package_identification:_identify(test_logs/anomaly_test_20251006_215703) by extensions ['python_setup_py']
[0.470s] Level 1:colcon.colcon_core.package_identification:_identify(test_logs/anomaly_test_20251006_215703) by extension 'python_setup_py'
[0.470s] Level 1:colcon.colcon_core.package_discovery:discover_packages(recursive) using defaults
[0.470s] Level 1:colcon.colcon_core.package_discovery:discover_packages(ignore) discover
[0.470s] Level 1:colcon.colcon_core.package_discovery:discover_packages(ignore) using defaults
[0.470s] Level 1:colcon.colcon_core.package_discovery:discover_packages(path) discover
[0.470s] Level 1:colcon.colcon_core.package_discovery:discover_packages(path) using defaults
[0.511s] Level 1:colcon.colcon_core.package_discovery:discover_packages(prefix_path) check parameters
[0.511s] Level 1:colcon.colcon_core.package_discovery:discover_packages(prefix_path) discover
[0.517s] DEBUG:colcon.colcon_installed_package_information.package_discovery:Found 3 installed packages in /home/anas/ros2_ws/install
[0.522s] DEBUG:colcon.colcon_installed_package_information.package_discovery:Found 285 installed packages in /opt/ros/jazzy
[0.525s] Level 1:colcon.colcon_core.package_discovery:discover_packages(prefix_path) using defaults
[0.636s] Level 5:colcon.colcon_core.verb:set package 'doctor_engine' build argument 'cmake_args' from command line to 'None'
[0.636s] Level 5:colcon.colcon_core.verb:set package 'doctor_engine' build argument 'cmake_target' from command line to 'None'
[0.637s] Level 5:colcon.colcon_core.verb:set package 'doctor_engine' build argument 'cmake_target_skip_unavailable' from command line to 'False'
[0.637s] Level 5:colcon.colcon_core.verb:set package 'doctor_engine' build argument 'cmake_clean_cache' from command line to 'False'
[0.637s] Level 5:colcon.colcon_core.verb:set package 'doctor_engine' build argument 'cmake_clean_first' from command line to 'False'
[0.637s] Level 5:colcon.colcon_core.verb:set package 'doctor_engine' build argument 'cmake_force_configure' from command line to 'False'
[0.637s] Level 5:colcon.colcon_core.verb:set package 'doctor_engine' build argument 'ament_cmake_args' from command line to 'None'
[0.637s] Level 5:colcon.colcon_core.verb:set package 'doctor_engine' build argument 'catkin_cmake_args' from command line to 'None'
[0.637s] Level 5:colcon.colcon_core.verb:set package 'doctor_engine' build argument 'catkin_skip_building_tests' from command line to 'False'
[0.637s] DEBUG:colcon.colcon_core.verb:Building package 'doctor_engine' with the following arguments: {'ament_cmake_args': None, 'build_base': '/home/anas/ros2_ws/build/doctor_engine', 'catkin_cmake_args': None, 'catkin_skip_building_tests': False, 'cmake_args': None, 'cmake_clean_cache': False, 'cmake_clean_first': False, 'cmake_force_configure': False, 'cmake_target': None, 'cmake_target_skip_unavailable': False, 'install_base': '/home/anas/ros2_ws/install/doctor_engine', 'merge_install': False, 'path': '/home/anas/ros2_ws/src/doctor_engine', 'symlink_install': False, 'test_result_base': None}
[0.637s] Level 5:colcon.colcon_core.verb:set package 'patient_engine' build argument 'cmake_args' from command line to 'None'
[0.638s] Level 5:colcon.colcon_core.verb:set package 'patient_engine' build argument 'cmake_target' from command line to 'None'
[0.638s] Level 5:colcon.colcon_core.verb:set package 'patient_engine' build argument 'cmake_target_skip_unavailable' from command line to 'False'
[0.638s] Level 5:colcon.colcon_core.verb:set package 'patient_engine' build argument 'cmake_clean_cache' from command line to 'False'
[0.638s] Level 5:colcon.colcon_core.verb:set package 'patient_engine' build argument 'cmake_clean_first' from command line to 'False'
[0.638s] Level 5:colcon.colcon_core.verb:set package 'patient_engine' build argument 'cmake_force_configure' from command line to 'False'
[0.638s] Level 5:colcon.colcon_core.verb:set package 'patient_engine' build argument 'ament_cmake_args' from command line to 'None'
[0.638s] Level 5:colcon.colcon_core.verb:set package 'patient_engine' build argument 'catkin_cmake_args' from command line to 'None'
[0.638s] Level 5:colcon.colcon_core.verb:set package 'patient_engine' build argument 'catkin_skip_building_tests' from command line to 'False'
[0.638s] DEBUG:colcon.colcon_core.verb:Building package 'patient_engine' with the following arguments: {'ament_cmake_args': None, 'build_base': '/home/anas/ros2_ws/build/patient_engine', 'catkin_cmake_args': None, 'catkin_skip_building_tests': False, 'cmake_args': None, 'cmake_clean_cache': False, 'cmake_clean_first': False, 'cmake_force_configure': False, 'cmake_target': None, 'cmake_target_skip_unavailable': False, 'install_base': '/home/anas/ros2_ws/install/patient_engine', 'merge_install': False, 'path': '/home/anas/ros2_ws/src/patient_engine', 'symlink_install': False, 'test_result_base': None}
[0.639s] Level 5:colcon.colcon_core.verb:set package 'wrist_replay' build argument 'cmake_args' from command line to 'None'
[0.639s] Level 5:colcon.colcon_core.verb:set package 'wrist_replay' build argument 'cmake_target' from command line to 'None'
[0.639s] Level 5:colcon.colcon_core.verb:set package 'wrist_replay' build argument 'cmake_target_skip_unavailable' from command line to 'False'
[0.639s] Level 5:colcon.colcon_core.verb:set package 'wrist_replay' build argument 'cmake_clean_cache' from command line to 'False'
[0.639s] Level 5:colcon.colcon_core.verb:set package 'wrist_replay' build argument 'cmake_clean_first' from command line to 'False'
[0.639s] Level 5:colcon.colcon_core.verb:set package 'wrist_replay' build argument 'cmake_force_configure' from command line to 'False'
[0.639s] Level 5:colcon.colcon_core.verb:set package 'wrist_replay' build argument 'ament_cmake_args' from command line to 'None'
[0.639s] Level 5:colcon.colcon_core.verb:set package 'wrist_replay' build argument 'catkin_cmake_args' from command line to 'None'
[0.639s] Level 5:colcon.colcon_core.verb:set package 'wrist_replay' build argument 'catkin_skip_building_tests' from command line to 'False'
[0.639s] DEBUG:colcon.colcon_core.verb:Building package 'wrist_replay' with the following arguments: {'ament_cmake_args': None, 'build_base': '/home/anas/ros2_ws/build/wrist_replay', 'catkin_cmake_args': None, 'catkin_skip_building_tests': False, 'cmake_args': None, 'cmake_clean_cache': False, 'cmake_clean_first': False, 'cmake_force_configure': False, 'cmake_target': None, 'cmake_target_skip_unavailable': False, 'install_base': '/home/anas/ros2_ws/install/wrist_replay', 'merge_install': False, 'path': '/home/anas/ros2_ws/src/wrist_replay', 'symlink_install': False, 'test_result_base': None}
[0.639s] INFO:colcon.colcon_core.executor:Executing jobs using 'parallel' executor
[0.641s] DEBUG:colcon.colcon_parallel_executor.executor.parallel:run_until_complete
[0.641s] INFO:colcon.colcon_ros.task.ament_python.build:Building ROS package in '/home/anas/ros2_ws/src/doctor_engine' with build type 'ament_python'
[0.642s] Level 1:colcon.colcon_core.shell:create_environment_hook('doctor_engine', 'ament_prefix_path')
[0.662s] INFO:colcon.colcon_core.plugin_system:Skipping extension 'colcon_core.shell.bat': Not used on non-Windows systems
[0.662s] INFO:colcon.colcon_core.shell:Creating environment hook '/home/anas/ros2_ws/install/doctor_engine/share/doctor_engine/hook/ament_prefix_path.ps1'
[0.669s] INFO:colcon.colcon_core.shell:Creating environment descriptor '/home/anas/ros2_ws/install/doctor_engine/share/doctor_engine/hook/ament_prefix_path.dsv'
[0.673s] INFO:colcon.colcon_core.shell:Creating environment hook '/home/anas/ros2_ws/install/doctor_engine/share/doctor_engine/hook/ament_prefix_path.sh'
[0.675s] INFO:colcon.colcon_core.shell:Skip shell extension 'powershell' for command environment: Not usable outside of PowerShell
[0.675s] DEBUG:colcon.colcon_core.shell:Skip shell extension 'dsv' for command environment
[0.691s] INFO:colcon.colcon_ros.task.ament_python.build:Building ROS package in '/home/anas/ros2_ws/src/patient_engine' with build type 'ament_python'
[0.691s] Level 1:colcon.colcon_core.shell:create_environment_hook('patient_engine', 'ament_prefix_path')
[0.692s] INFO:colcon.colcon_core.shell:Creating environment hook '/home/anas/ros2_ws/install/patient_engine/share/patient_engine/hook/ament_prefix_path.ps1'
[0.692s] INFO:colcon.colcon_core.shell:Creating environment descriptor '/home/anas/ros2_ws/install/patient_engine/share/patient_engine/hook/ament_prefix_path.dsv'
[0.693s] INFO:colcon.colcon_core.shell:Creating environment hook '/home/anas/ros2_ws/install/patient_engine/share/patient_engine/hook/ament_prefix_path.sh'
[0.694s] INFO:colcon.colcon_core.shell:Skip shell extension 'powershell' for command environment: Not usable outside of PowerShell
[0.694s] DEBUG:colcon.colcon_core.shell:Skip shell extension 'dsv' for command environment
[0.720s] INFO:colcon.colcon_ros.task.ament_python.build:Building ROS package in '/home/anas/ros2_ws/src/wrist_replay' with build type 'ament_python'
[0.721s] Level 1:colcon.colcon_core.shell:create_environment_hook('wrist_replay', 'ament_prefix_path')
[0.722s] INFO:colcon.colcon_core.shell:Creating environment hook '/home/anas/ros2_ws/install/wrist_replay/share/wrist_replay/hook/ament_prefix_path.ps1'
[0.722s] INFO:colcon.colcon_core.shell:Creating environment descriptor '/home/anas/ros2_ws/install/wrist_replay/share/wrist_replay/hook/ament_prefix_path.dsv'
[0.724s] INFO:colcon.colcon_core.shell:Creating environment hook '/home/anas/ros2_ws/install/wrist_replay/share/wrist_replay/hook/ament_prefix_path.sh'
[0.730s] INFO:colcon.colcon_core.shell:Skip shell extension 'powershell' for command environment: Not usable outside of PowerShell
[0.730s] DEBUG:colcon.colcon_core.shell:Skip shell extension 'dsv' for command environment
[1.631s] INFO:colcon.colcon_core.task.python.build:Building Python package in '/home/anas/ros2_ws/src/doctor_engine'
[1.632s] INFO:colcon.colcon_core.shell:Skip shell extension 'powershell' for command environment: Not usable outside of PowerShell
[1.632s] DEBUG:colcon.colcon_core.shell:Skip shell extension 'dsv' for command environment
[2.228s] INFO:colcon.colcon_core.task.python.build:Building Python package in '/home/anas/ros2_ws/src/patient_engine'
[2.228s] INFO:colcon.colcon_core.shell:Skip shell extension 'powershell' for command environment: Not usable outside of PowerShell
[2.228s] DEBUG:colcon.colcon_core.shell:Skip shell extension 'dsv' for command environment
[2.779s] INFO:colcon.colcon_core.task.python.build:Building Python package in '/home/anas/ros2_ws/src/wrist_replay'
[2.779s] INFO:colcon.colcon_core.shell:Skip shell extension 'powershell' for command environment: Not usable outside of PowerShell
[2.779s] DEBUG:colcon.colcon_core.shell:Skip shell extension 'dsv' for command environment
[5.057s] DEBUG:colcon.colcon_core.event_handler.log_command:Invoking command in '/home/anas/ros2_ws/src/wrist_replay': DEBUGINFOD_URLS=https://debuginfod.ubuntu.com PYTHONPATH=/home/anas/ros2_ws/build/wrist_replay/prefix_override:/usr/lib/python3/dist-packages/colcon_core/task/python/colcon_distutils_commands:/home/anas/ros2_ws/install/wrist_replay/lib/python3.12/site-packages:${PYTHONPATH} /usr/bin/python3 -W ignore:setup.py install is deprecated -W ignore:easy_install command is deprecated setup.py egg_info --egg-base ../../build/wrist_replay build --build-base /home/anas/ros2_ws/build/wrist_replay/build install --record /home/anas/ros2_ws/build/wrist_replay/install.log --single-version-externally-managed install_data
[5.070s] DEBUG:colcon.colcon_core.event_handler.log_command:Invoking command in '/home/anas/ros2_ws/src/doctor_engine': DEBUGINFOD_URLS=https://debuginfod.ubuntu.com PYTHONPATH=/home/anas/ros2_ws/build/doctor_engine/prefix_override:/usr/lib/python3/dist-packages/colcon_core/task/python/colcon_distutils_commands:/home/anas/ros2_ws/install/doctor_engine/lib/python3.12/site-packages:${PYTHONPATH} /usr/bin/python3 -W ignore:setup.py install is deprecated -W ignore:easy_install command is deprecated setup.py egg_info --egg-base ../../build/doctor_engine build --build-base /home/anas/ros2_ws/build/doctor_engine/build install --record /home/anas/ros2_ws/build/doctor_engine/install.log --single-version-externally-managed install_data
[5.106s] DEBUG:colcon.colcon_core.event_handler.log_command:Invoking command in '/home/anas/ros2_ws/src/patient_engine': DEBUGINFOD_URLS=https://debuginfod.ubuntu.com PYTHONPATH=/home/anas/ros2_ws/build/patient_engine/prefix_override:/usr/lib/python3/dist-packages/colcon_core/task/python/colcon_distutils_commands:/home/anas/ros2_ws/install/patient_engine/lib/python3.12/site-packages:${PYTHONPATH} /usr/bin/python3 -W ignore:setup.py install is deprecated -W ignore:easy_install command is deprecated setup.py egg_info --egg-base ../../build/patient_engine build --build-base /home/anas/ros2_ws/build/patient_engine/build install --record /home/anas/ros2_ws/build/patient_engine/install.log --single-version-externally-managed install_data
[6.933s] DEBUG:colcon.colcon_core.event_handler.log_command:Invoked command in '/home/anas/ros2_ws/src/doctor_engine' returned '0': DEBUGINFOD_URLS=https://debuginfod.ubuntu.com PYTHONPATH=/home/anas/ros2_ws/build/doctor_engine/prefix_override:/usr/lib/python3/dist-packages/colcon_core/task/python/colcon_distutils_commands:/home/anas/ros2_ws/install/doctor_engine/lib/python3.12/site-packages:${PYTHONPATH} /usr/bin/python3 -W ignore:setup.py install is deprecated -W ignore:easy_install command is deprecated setup.py egg_info --egg-base ../../build/doctor_engine build --build-base /home/anas/ros2_ws/build/doctor_engine/build install --record /home/anas/ros2_ws/build/doctor_engine/install.log --single-version-externally-managed install_data
[6.941s] Level 1:colcon.colcon_core.environment:checking '/home/anas/ros2_ws/install/doctor_engine' for CMake module files
[6.943s] Level 1:colcon.colcon_core.environment:checking '/home/anas/ros2_ws/install/doctor_engine' for CMake config files
[6.945s] Level 1:colcon.colcon_core.environment:checking '/home/anas/ros2_ws/install/doctor_engine/lib'
[6.946s] Level 1:colcon.colcon_core.environment:checking '/home/anas/ros2_ws/install/doctor_engine/bin'
[6.947s] Level 1:colcon.colcon_core.environment:checking '/home/anas/ros2_ws/install/doctor_engine/lib/pkgconfig/doctor_engine.pc'
[6.948s] Level 1:colcon.colcon_core.environment:checking '/home/anas/ros2_ws/install/doctor_engine/lib/python3.12/site-packages'
[6.948s] Level 1:colcon.colcon_core.shell:create_environment_hook('doctor_engine', 'pythonpath')
[6.949s] INFO:colcon.colcon_core.shell:Creating environment hook '/home/anas/ros2_ws/install/doctor_engine/share/doctor_engine/hook/pythonpath.ps1'
[6.951s] INFO:colcon.colcon_core.shell:Creating environment descriptor '/home/anas/ros2_ws/install/doctor_engine/share/doctor_engine/hook/pythonpath.dsv'
[6.953s] INFO:colcon.colcon_core.shell:Creating environment hook '/home/anas/ros2_ws/install/doctor_engine/share/doctor_engine/hook/pythonpath.sh'
[6.955s] Level 1:colcon.colcon_core.environment:checking '/home/anas/ros2_ws/install/doctor_engine/bin'
[6.955s] Level 1:colcon.colcon_core.environment:create_environment_scripts_only(doctor_engine)
[6.956s] INFO:colcon.colcon_core.shell:Creating package script '/home/anas/ros2_ws/install/doctor_engine/share/doctor_engine/package.ps1'
[6.958s] INFO:colcon.colcon_core.shell:Creating package descriptor '/home/anas/ros2_ws/install/doctor_engine/share/doctor_engine/package.dsv'
[6.960s] INFO:colcon.colcon_core.shell:Creating package script '/home/anas/ros2_ws/install/doctor_engine/share/doctor_engine/package.sh'
[6.962s] INFO:colcon.colcon_core.shell:Creating package script '/home/anas/ros2_ws/install/doctor_engine/share/doctor_engine/package.bash'
[6.966s] INFO:colcon.colcon_core.shell:Creating package script '/home/anas/ros2_ws/install/doctor_engine/share/doctor_engine/package.zsh'
[6.968s] Level 1:colcon.colcon_core.environment:create_file_with_runtime_dependencies(/home/anas/ros2_ws/install/doctor_engine/share/colcon-core/packages/doctor_engine)
[6.971s] Level 1:colcon.colcon_core.environment:checking '/home/anas/ros2_ws/install/wrist_replay' for CMake module files
[6.972s] Level 1:colcon.colcon_core.environment:checking '/home/anas/ros2_ws/install/wrist_replay' for CMake config files
[6.975s] Level 1:colcon.colcon_core.environment:checking '/home/anas/ros2_ws/install/wrist_replay/lib'
[6.975s] Level 1:colcon.colcon_core.environment:checking '/home/anas/ros2_ws/install/wrist_replay/bin'
[6.975s] Level 1:colcon.colcon_core.environment:checking '/home/anas/ros2_ws/install/wrist_replay/lib/pkgconfig/wrist_replay.pc'
[6.976s] Level 1:colcon.colcon_core.environment:checking '/home/anas/ros2_ws/install/wrist_replay/lib/python3.12/site-packages'
[6.977s] DEBUG:colcon.colcon_core.event_handler.log_command:Invoked command in '/home/anas/ros2_ws/src/wrist_replay' returned '0': DEBUGINFOD_URLS=https://debuginfod.ubuntu.com PYTHONPATH=/home/anas/ros2_ws/build/wrist_replay/prefix_override:/usr/lib/python3/dist-packages/colcon_core/task/python/colcon_distutils_commands:/home/anas/ros2_ws/install/wrist_replay/lib/python3.12/site-packages:${PYTHONPATH} /usr/bin/python3 -W ignore:setup.py install is deprecated -W ignore:easy_install command is deprecated setup.py egg_info --egg-base ../../build/wrist_replay build --build-base /home/anas/ros2_ws/build/wrist_replay/build install --record /home/anas/ros2_ws/build/wrist_replay/install.log --single-version-externally-managed install_data
[6.978s] Level 1:colcon.colcon_core.shell:create_environment_hook('wrist_replay', 'pythonpath')
[6.979s] INFO:colcon.colcon_core.shell:Creating environment hook '/home/anas/ros2_ws/install/wrist_replay/share/wrist_replay/hook/pythonpath.ps1'
[6.979s] INFO:colcon.colcon_core.shell:Creating environment descriptor '/home/anas/ros2_ws/install/wrist_replay/share/wrist_replay/hook/pythonpath.dsv'
[6.981s] INFO:colcon.colcon_core.shell:Creating environment hook '/home/anas/ros2_ws/install/wrist_replay/share/wrist_replay/hook/pythonpath.sh'
[6.983s] Level 1:colcon.colcon_core.environment:checking '/home/anas/ros2_ws/install/wrist_replay/bin'
[6.984s] Level 1:colcon.colcon_core.environment:create_environment_scripts_only(wrist_replay)
[6.984s] INFO:colcon.colcon_core.shell:Creating package script '/home/anas/ros2_ws/install/wrist_replay/share/wrist_replay/package.ps1'
[6.986s] INFO:colcon.colcon_core.shell:Creating package descriptor '/home/anas/ros2_ws/install/wrist_replay/share/wrist_replay/package.dsv'
[6.987s] INFO:colcon.colcon_core.shell:Creating package script '/home/anas/ros2_ws/install/wrist_replay/share/wrist_replay/package.sh'
[6.989s] INFO:colcon.colcon_core.shell:Creating package script '/home/anas/ros2_ws/install/wrist_replay/share/wrist_replay/package.bash'
[6.991s] INFO:colcon.colcon_core.shell:Creating package script '/home/anas/ros2_ws/install/wrist_replay/share/wrist_replay/package.zsh'
[6.992s] Level 1:colcon.colcon_core.environment:create_file_with_runtime_dependencies(/home/anas/ros2_ws/install/wrist_replay/share/colcon-core/packages/wrist_replay)
[7.087s] Level 1:colcon.colcon_core.environment:checking '/home/anas/ros2_ws/install/patient_engine' for CMake module files
[7.089s] DEBUG:colcon.colcon_core.event_handler.log_command:Invoked command in '/home/anas/ros2_ws/src/patient_engine' returned '0': DEBUGINFOD_URLS=https://debuginfod.ubuntu.com PYTHONPATH=/home/anas/ros2_ws/build/patient_engine/prefix_override:/usr/lib/python3/dist-packages/colcon_core/task/python/colcon_distutils_commands:/home/anas/ros2_ws/install/patient_engine/lib/python3.12/site-packages:${PYTHONPATH} /usr/bin/python3 -W ignore:setup.py install is deprecated -W ignore:easy_install command is deprecated setup.py egg_info --egg-base ../../build/patient_engine build --build-base /home/anas/ros2_ws/build/patient_engine/build install --record /home/anas/ros2_ws/build/patient_engine/install.log --single-version-externally-managed install_data
[7.089s] Level 1:colcon.colcon_core.environment:checking '/home/anas/ros2_ws/install/patient_engine' for CMake config files
[7.091s] Level 1:colcon.colcon_core.environment:checking '/home/anas/ros2_ws/install/patient_engine/lib'
[7.091s] Level 1:colcon.colcon_core.environment:checking '/home/anas/ros2_ws/install/patient_engine/bin'
[7.091s] Level 1:colcon.colcon_core.environment:checking '/home/anas/ros2_ws/install/patient_engine/lib/pkgconfig/patient_engine.pc'
[7.092s] Level 1:colcon.colcon_core.environment:checking '/home/anas/ros2_ws/install/patient_engine/lib/python3.12/site-packages'
[7.092s] Level 1:colcon.colcon_core.shell:create_environment_hook('patient_engine', 'pythonpath')
[7.092s] INFO:colcon.colcon_core.shell:Creating environment hook '/home/anas/ros2_ws/install/patient_engine/share/patient_engine/hook/pythonpath.ps1'
[7.093s] INFO:colcon.colcon_core.shell:Creating environment descriptor '/home/anas/ros2_ws/install/patient_engine/share/patient_engine/hook/pythonpath.dsv'
[7.093s] INFO:colcon.colcon_core.shell:Creating environment hook '/home/anas/ros2_ws/install/patient_engine/share/patient_engine/hook/pythonpath.sh'
[7.094s] Level 1:colcon.colcon_core.environment:checking '/home/anas/ros2_ws/install/patient_engine/bin'
[7.095s] Level 1:colcon.colcon_core.environment:create_environment_scripts_only(patient_engine)
[7.097s] INFO:colcon.colcon_core.shell:Creating package script '/home/anas/ros2_ws/install/patient_engine/share/patient_engine/package.ps1'
[7.098s] INFO:colcon.colcon_core.shell:Creating package descriptor '/home/anas/ros2_ws/install/patient_engine/share/patient_engine/package.dsv'
[7.100s] INFO:colcon.colcon_core.shell:Creating package script '/home/anas/ros2_ws/install/patient_engine/share/patient_engine/package.sh'
[7.101s] INFO:colcon.colcon_core.shell:Creating package script '/home/anas/ros2_ws/install/patient_engine/share/patient_engine/package.bash'
[7.104s] INFO:colcon.colcon_core.shell:Creating package script '/home/anas/ros2_ws/install/patient_engine/share/patient_engine/package.zsh'
[7.107s] Level 1:colcon.colcon_core.environment:create_file_with_runtime_dependencies(/home/anas/ros2_ws/install/patient_engine/share/colcon-core/packages/patient_engine)
[7.108s] DEBUG:colcon.colcon_parallel_executor.executor.parallel:closing loop
[7.110s] DEBUG:colcon.colcon_parallel_executor.executor.parallel:loop closed
[7.110s] DEBUG:colcon.colcon_parallel_executor.executor.parallel:run_until_complete finished with '0'
[7.110s] DEBUG:colcon.colcon_core.event_reactor:joining thread
[7.167s] INFO:colcon.colcon_core.plugin_system:Skipping extension 'colcon_notification.desktop_notification.terminal_notifier': Not used on non-Darwin systems
[7.168s] INFO:colcon.colcon_core.plugin_system:Skipping extension 'colcon_notification.desktop_notification.win32': Not used on non-Windows systems
[7.168s] INFO:colcon.colcon_notification.desktop_notification:Sending desktop notification using 'notify2'
[7.280s] DEBUG:colcon.colcon_core.event_reactor:joined thread
[7.280s] INFO:colcon.colcon_core.shell:Creating prefix script '/home/anas/ros2_ws/install/local_setup.ps1'
[7.283s] INFO:colcon.colcon_core.shell:Creating prefix util module '/home/anas/ros2_ws/install/_local_setup_util_ps1.py'
[7.288s] INFO:colcon.colcon_core.shell:Creating prefix chain script '/home/anas/ros2_ws/install/setup.ps1'
[7.294s] INFO:colcon.colcon_core.shell:Creating prefix script '/home/anas/ros2_ws/install/local_setup.sh'
[7.296s] INFO:colcon.colcon_core.shell:Creating prefix util module '/home/anas/ros2_ws/install/_local_setup_util_sh.py'
[7.300s] INFO:colcon.colcon_core.shell:Creating prefix chain script '/home/anas/ros2_ws/install/setup.sh'
[7.305s] INFO:colcon.colcon_core.shell:Creating prefix script '/home/anas/ros2_ws/install/local_setup.bash'
[7.307s] INFO:colcon.colcon_core.shell:Creating prefix chain script '/home/anas/ros2_ws/install/setup.bash'
[7.310s] INFO:colcon.colcon_core.shell:Creating prefix script '/home/anas/ros2_ws/install/local_setup.zsh'
[7.312s] INFO:colcon.colcon_core.shell:Creating prefix chain script '/home/anas/ros2_ws/install/setup.zsh'
