[4.560s] Invoking command in '/home/anas/ros2_ws/src/doctor_engine': DEBUGINFOD_URLS=https://debuginfod.ubuntu.com PYTHONPATH=/home/anas/ros2_ws/build/doctor_engine/prefix_override:/usr/lib/python3/dist-packages/colcon_core/task/python/colcon_distutils_commands:/home/anas/ros2_ws/install/doctor_engine/lib/python3.12/site-packages:${PYTHONPATH} /usr/bin/python3 -W ignore:setup.py install is deprecated -W ignore:easy_install command is deprecated setup.py egg_info --egg-base ../../build/doctor_engine build --build-base /home/anas/ros2_ws/build/doctor_engine/build install --record /home/anas/ros2_ws/build/doctor_engine/install.log --single-version-externally-managed install_data
[5.967s] running egg_info
[6.016s] writing ../../build/doctor_engine/doctor_engine.egg-info/PKG-INFO
[6.016s] writing dependency_links to ../../build/doctor_engine/doctor_engine.egg-info/dependency_links.txt
[6.019s] writing entry points to ../../build/doctor_engine/doctor_engine.egg-info/entry_points.txt
[6.020s] writing requirements to ../../build/doctor_engine/doctor_engine.egg-info/requires.txt
[6.020s] writing top-level names to ../../build/doctor_engine/doctor_engine.egg-info/top_level.txt
[6.133s] reading manifest file '../../build/doctor_engine/doctor_engine.egg-info/SOURCES.txt'
[6.133s] writing manifest file '../../build/doctor_engine/doctor_engine.egg-info/SOURCES.txt'
[6.134s] running build
[6.134s] running build_py
[6.134s] running install
[6.151s] running install_lib
[6.212s] running install_data
[6.214s] running install_egg_info
[6.276s] removing '/home/anas/ros2_ws/install/doctor_engine/lib/python3.12/site-packages/doctor_engine-0.0.1-py3.12.egg-info' (and everything under it)
[6.279s] Copying ../../build/doctor_engine/doctor_engine.egg-info to /home/anas/ros2_ws/install/doctor_engine/lib/python3.12/site-packages/doctor_engine-0.0.1-py3.12.egg-info
[6.281s] running install_scripts
[6.955s] Installing doctor_anomaly_handler script to /home/anas/ros2_ws/install/doctor_engine/lib/doctor_engine
[6.957s] Installing doctor_mqtt_bridge script to /home/anas/ros2_ws/install/doctor_engine/lib/doctor_engine
[6.957s] Installing doctor_node script to /home/anas/ros2_ws/install/doctor_engine/lib/doctor_engine
[6.961s] writing list of installed files to '/home/anas/ros2_ws/build/doctor_engine/install.log'
[7.026s] Invoked command in '/home/anas/ros2_ws/src/doctor_engine' returned '0': DEBUGINFOD_URLS=https://debuginfod.ubuntu.com PYTHONPATH=/home/anas/ros2_ws/build/doctor_engine/prefix_override:/usr/lib/python3/dist-packages/colcon_core/task/python/colcon_distutils_commands:/home/anas/ros2_ws/install/doctor_engine/lib/python3.12/site-packages:${PYTHONPATH} /usr/bin/python3 -W ignore:setup.py install is deprecated -W ignore:easy_install command is deprecated setup.py egg_info --egg-base ../../build/doctor_engine build --build-base /home/anas/ros2_ws/build/doctor_engine/build install --record /home/anas/ros2_ws/build/doctor_engine/install.log --single-version-externally-managed install_data
