[4.004s] Invoking command in '/home/anas/ros2_ws/src/doctor_engine': DEBUGINFOD_URLS=https://debuginfod.ubuntu.com PYTHONPATH=/home/anas/ros2_ws/build/doctor_engine/prefix_override:/usr/lib/python3/dist-packages/colcon_core/task/python/colcon_distutils_commands:/home/anas/ros2_ws/install/doctor_engine/lib/python3.12/site-packages:${PYTHONPATH} /usr/bin/python3 -W ignore:setup.py install is deprecated -W ignore:easy_install command is deprecated setup.py egg_info --egg-base ../../build/doctor_engine build --build-base /home/anas/ros2_ws/build/doctor_engine/build install --record /home/anas/ros2_ws/build/doctor_engine/install.log --single-version-externally-managed install_data
[4.924s] running egg_info
[4.994s] writing ../../build/doctor_engine/doctor_engine.egg-info/PKG-INFO
[4.996s] writing dependency_links to ../../build/doctor_engine/doctor_engine.egg-info/dependency_links.txt
[4.996s] writing entry points to ../../build/doctor_engine/doctor_engine.egg-info/entry_points.txt
[4.996s] writing requirements to ../../build/doctor_engine/doctor_engine.egg-info/requires.txt
[4.996s] writing top-level names to ../../build/doctor_engine/doctor_engine.egg-info/top_level.txt
[5.122s] reading manifest file '../../build/doctor_engine/doctor_engine.egg-info/SOURCES.txt'
[5.124s] writing manifest file '../../build/doctor_engine/doctor_engine.egg-info/SOURCES.txt'
[5.124s] running build
[5.125s] running build_py
[5.128s] copying doctor_engine/nodes/doctor_anomaly_handler.py -> /home/anas/ros2_ws/build/doctor_engine/build/lib/doctor_engine/nodes
[5.128s] running install
[5.150s] running install_lib
[5.214s] copying /home/anas/ros2_ws/build/doctor_engine/build/lib/doctor_engine/nodes/doctor_anomaly_handler.py -> /home/anas/ros2_ws/install/doctor_engine/lib/python3.12/site-packages/doctor_engine/nodes
[5.216s] byte-compiling /home/anas/ros2_ws/install/doctor_engine/lib/python3.12/site-packages/doctor_engine/nodes/doctor_anomaly_handler.py to doctor_anomaly_handler.cpython-312.pyc
[5.218s] running install_data
[5.218s] running install_egg_info
[5.278s] removing '/home/anas/ros2_ws/install/doctor_engine/lib/python3.12/site-packages/doctor_engine-0.0.1-py3.12.egg-info' (and everything under it)
[5.282s] Copying ../../build/doctor_engine/doctor_engine.egg-info to /home/anas/ros2_ws/install/doctor_engine/lib/python3.12/site-packages/doctor_engine-0.0.1-py3.12.egg-info
[5.285s] running install_scripts
[5.771s] Installing doctor_anomaly_handler script to /home/anas/ros2_ws/install/doctor_engine/lib/doctor_engine
[5.772s] Installing doctor_mqtt_bridge script to /home/anas/ros2_ws/install/doctor_engine/lib/doctor_engine
[5.775s] Installing doctor_node script to /home/anas/ros2_ws/install/doctor_engine/lib/doctor_engine
[5.775s] writing list of installed files to '/home/anas/ros2_ws/build/doctor_engine/install.log'
[5.836s] Invoked command in '/home/anas/ros2_ws/src/doctor_engine' returned '0': DEBUGINFOD_URLS=https://debuginfod.ubuntu.com PYTHONPATH=/home/anas/ros2_ws/build/doctor_engine/prefix_override:/usr/lib/python3/dist-packages/colcon_core/task/python/colcon_distutils_commands:/home/anas/ros2_ws/install/doctor_engine/lib/python3.12/site-packages:${PYTHONPATH} /usr/bin/python3 -W ignore:setup.py install is deprecated -W ignore:easy_install command is deprecated setup.py egg_info --egg-base ../../build/doctor_engine build --build-base /home/anas/ros2_ws/build/doctor_engine/build install --record /home/anas/ros2_ws/build/doctor_engine/install.log --single-version-externally-managed install_data
