[28.549s] Invoking command in '/home/anas/ros2_ws/src/patient_engine': DEBUGINFOD_URLS=https://debuginfod.ubuntu.com PYTHONPATH=/home/anas/ros2_ws/build/patient_engine/prefix_override:/usr/lib/python3/dist-packages/colcon_core/task/python/colcon_distutils_commands:/home/anas/ros2_ws/install/patient_engine/lib/python3.12/site-packages:${PYTHONPATH} /usr/bin/python3 -W ignore:setup.py install is deprecated -W ignore:easy_install command is deprecated setup.py egg_info --egg-base ../../build/patient_engine build --build-base /home/anas/ros2_ws/build/patient_engine/build install --record /home/anas/ros2_ws/build/patient_engine/install.log --single-version-externally-managed install_data
[34.856s] running egg_info
[35.305s] writing ../../build/patient_engine/patient_engine.egg-info/PKG-INFO
[35.314s] writing dependency_links to ../../build/patient_engine/patient_engine.egg-info/dependency_links.txt
[35.314s] writing entry points to ../../build/patient_engine/patient_engine.egg-info/entry_points.txt
[35.327s] writing requirements to ../../build/patient_engine/patient_engine.egg-info/requires.txt
[35.328s] writing top-level names to ../../build/patient_engine/patient_engine.egg-info/top_level.txt
[36.249s] reading manifest file '../../build/patient_engine/patient_engine.egg-info/SOURCES.txt'
[36.281s] writing manifest file '../../build/patient_engine/patient_engine.egg-info/SOURCES.txt'
[36.291s] running build
[36.291s] running build_py
[36.325s] running install
[36.598s] running install_lib
[37.007s] running install_data
[37.010s] running install_egg_info
[37.349s] removing '/home/anas/ros2_ws/install/patient_engine/lib/python3.12/site-packages/patient_engine-0.0.1-py3.12.egg-info' (and everything under it)
[37.357s] Copying ../../build/patient_engine/patient_engine.egg-info to /home/anas/ros2_ws/install/patient_engine/lib/python3.12/site-packages/patient_engine-0.0.1-py3.12.egg-info
[37.365s] running install_scripts
[40.265s] Installing patient_motion_anomaly_handler script to /home/anas/ros2_ws/install/patient_engine/lib/patient_engine
[40.302s] Installing patient_mqtt_bridge script to /home/anas/ros2_ws/install/patient_engine/lib/patient_engine
[40.363s] Installing patient_network_anomaly_handler script to /home/anas/ros2_ws/install/patient_engine/lib/patient_engine
[40.363s] Installing patient_node script to /home/anas/ros2_ws/install/patient_engine/lib/patient_engine
[40.381s] writing list of installed files to '/home/anas/ros2_ws/build/patient_engine/install.log'
[40.976s] Invoked command in '/home/anas/ros2_ws/src/patient_engine' returned '0': DEBUGINFOD_URLS=https://debuginfod.ubuntu.com PYTHONPATH=/home/anas/ros2_ws/build/patient_engine/prefix_override:/usr/lib/python3/dist-packages/colcon_core/task/python/colcon_distutils_commands:/home/anas/ros2_ws/install/patient_engine/lib/python3.12/site-packages:${PYTHONPATH} /usr/bin/python3 -W ignore:setup.py install is deprecated -W ignore:easy_install command is deprecated setup.py egg_info --egg-base ../../build/patient_engine build --build-base /home/anas/ros2_ws/build/patient_engine/build install --record /home/anas/ros2_ws/build/patient_engine/install.log --single-version-externally-managed install_data
