[3.876s] Invoking command in '/home/anas/ros2_ws/src/patient_engine': DEBUGINFOD_URLS=https://debuginfod.ubuntu.com PYTHONPATH=/home/anas/ros2_ws/build/patient_engine/prefix_override:/usr/lib/python3/dist-packages/colcon_core/task/python/colcon_distutils_commands:/home/anas/ros2_ws/install/patient_engine/lib/python3.12/site-packages:${PYTHONPATH} /usr/bin/python3 -W ignore:setup.py install is deprecated -W ignore:easy_install command is deprecated setup.py egg_info --egg-base ../../build/patient_engine build --build-base /home/anas/ros2_ws/build/patient_engine/build install --record /home/anas/ros2_ws/build/patient_engine/install.log --single-version-externally-managed install_data
[4.828s] running egg_info
[4.886s] writing ../../build/patient_engine/patient_engine.egg-info/PKG-INFO
[4.889s] writing dependency_links to ../../build/patient_engine/patient_engine.egg-info/dependency_links.txt
[4.889s] writing entry points to ../../build/patient_engine/patient_engine.egg-info/entry_points.txt
[4.889s] writing requirements to ../../build/patient_engine/patient_engine.egg-info/requires.txt
[4.889s] writing top-level names to ../../build/patient_engine/patient_engine.egg-info/top_level.txt
[5.002s] reading manifest file '../../build/patient_engine/patient_engine.egg-info/SOURCES.txt'
[5.006s] writing manifest file '../../build/patient_engine/patient_engine.egg-info/SOURCES.txt'
[5.007s] running build
[5.007s] running build_py
[5.010s] copying patient_engine/nodes/patient_anomaly_handler.py -> /home/anas/ros2_ws/build/patient_engine/build/lib/patient_engine/nodes
[5.010s] running install
[5.026s] running install_lib
[5.081s] copying /home/anas/ros2_ws/build/patient_engine/build/lib/patient_engine/nodes/patient_anomaly_handler.py -> /home/anas/ros2_ws/install/patient_engine/lib/python3.12/site-packages/patient_engine/nodes
[5.082s] byte-compiling /home/anas/ros2_ws/install/patient_engine/lib/python3.12/site-packages/patient_engine/nodes/patient_anomaly_handler.py to patient_anomaly_handler.cpython-312.pyc
[5.083s] running install_data
[5.084s] running install_egg_info
[5.150s] removing '/home/anas/ros2_ws/install/patient_engine/lib/python3.12/site-packages/patient_engine-0.0.1-py3.12.egg-info' (and everything under it)
[5.152s] Copying ../../build/patient_engine/patient_engine.egg-info to /home/anas/ros2_ws/install/patient_engine/lib/python3.12/site-packages/patient_engine-0.0.1-py3.12.egg-info
[5.156s] running install_scripts
[5.602s] Installing patient_anomaly_handler script to /home/anas/ros2_ws/install/patient_engine/lib/patient_engine
[5.605s] Installing patient_mqtt_bridge script to /home/anas/ros2_ws/install/patient_engine/lib/patient_engine
[5.605s] Installing patient_node script to /home/anas/ros2_ws/install/patient_engine/lib/patient_engine
[5.605s] writing list of installed files to '/home/anas/ros2_ws/build/patient_engine/install.log'
[5.691s] Invoked command in '/home/anas/ros2_ws/src/patient_engine' returned '0': DEBUGINFOD_URLS=https://debuginfod.ubuntu.com PYTHONPATH=/home/anas/ros2_ws/build/patient_engine/prefix_override:/usr/lib/python3/dist-packages/colcon_core/task/python/colcon_distutils_commands:/home/anas/ros2_ws/install/patient_engine/lib/python3.12/site-packages:${PYTHONPATH} /usr/bin/python3 -W ignore:setup.py install is deprecated -W ignore:easy_install command is deprecated setup.py egg_info --egg-base ../../build/patient_engine build --build-base /home/anas/ros2_ws/build/patient_engine/build install --record /home/anas/ros2_ws/build/patient_engine/install.log --single-version-externally-managed install_data
