[0.760s] Invoking command in '/home/anas/ros2_ws/src/patient_engine': DEBUGINFOD_URLS=https://debuginfod.ubuntu.com PYTHONPATH=/home/anas/ros2_ws/build/patient_engine/prefix_override:/usr/lib/python3/dist-packages/colcon_core/task/python/colcon_distutils_commands:/home/anas/ros2_ws/install/patient_engine/lib/python3.12/site-packages:${PYTHONPATH} /usr/bin/python3 -W ignore:setup.py install is deprecated -W ignore:easy_install command is deprecated setup.py egg_info --egg-base ../../build/patient_engine build --build-base /home/anas/ros2_ws/build/patient_engine/build install --record /home/anas/ros2_ws/build/patient_engine/install.log --single-version-externally-managed install_data
[0.904s] running egg_info
[0.914s] writing ../../build/patient_engine/patient_engine.egg-info/PKG-INFO
[0.915s] writing dependency_links to ../../build/patient_engine/patient_engine.egg-info/dependency_links.txt
[0.915s] writing entry points to ../../build/patient_engine/patient_engine.egg-info/entry_points.txt
[0.916s] writing requirements to ../../build/patient_engine/patient_engine.egg-info/requires.txt
[0.916s] writing top-level names to ../../build/patient_engine/patient_engine.egg-info/top_level.txt
[0.936s] reading manifest file '../../build/patient_engine/patient_engine.egg-info/SOURCES.txt'
[0.937s] writing manifest file '../../build/patient_engine/patient_engine.egg-info/SOURCES.txt'
[0.938s] running build
[0.938s] running build_py
[0.938s] copying patient_engine/nodes/bridges/patient_mqtt_bridge.py -> /home/anas/ros2_ws/build/patient_engine/build/lib/patient_engine/nodes/bridges
[0.938s] running install
[0.943s] running install_lib
[0.953s] copying /home/anas/ros2_ws/build/patient_engine/build/lib/patient_engine/nodes/bridges/patient_mqtt_bridge.py -> /home/anas/ros2_ws/install/patient_engine/lib/python3.12/site-packages/patient_engine/nodes/bridges
[0.953s] byte-compiling /home/anas/ros2_ws/install/patient_engine/lib/python3.12/site-packages/patient_engine/nodes/bridges/patient_mqtt_bridge.py to patient_mqtt_bridge.cpython-312.pyc
[0.955s] running install_data
[0.955s] running install_egg_info
[0.968s] removing '/home/anas/ros2_ws/install/patient_engine/lib/python3.12/site-packages/patient_engine-0.1.1-py3.12.egg-info' (and everything under it)
[0.971s] Copying ../../build/patient_engine/patient_engine.egg-info to /home/anas/ros2_ws/install/patient_engine/lib/python3.12/site-packages/patient_engine-0.1.1-py3.12.egg-info
[0.971s] running install_scripts
[1.040s] Installing dxl_current_driver script to /home/anas/ros2_ws/install/patient_engine/lib/patient_engine
[1.041s] Installing dxl_position_driver script to /home/anas/ros2_ws/install/patient_engine/lib/patient_engine
[1.041s] Installing dxl_torque_driver script to /home/anas/ros2_ws/install/patient_engine/lib/patient_engine
[1.041s] Installing dxl_velocity_driver script to /home/anas/ros2_ws/install/patient_engine/lib/patient_engine
[1.042s] Installing motion_detector script to /home/anas/ros2_ws/install/patient_engine/lib/patient_engine
[1.042s] Installing network_detector script to /home/anas/ros2_ws/install/patient_engine/lib/patient_engine
[1.043s] Installing network_detector_scenario_test script to /home/anas/ros2_ws/install/patient_engine/lib/patient_engine
[1.043s] Installing patient_current_controller script to /home/anas/ros2_ws/install/patient_engine/lib/patient_engine
[1.043s] Installing patient_mqtt_bridge script to /home/anas/ros2_ws/install/patient_engine/lib/patient_engine
[1.043s] Installing patient_node script to /home/anas/ros2_ws/install/patient_engine/lib/patient_engine
[1.043s] Installing patient_orchestrator script to /home/anas/ros2_ws/install/patient_engine/lib/patient_engine
[1.043s] Installing patient_velocity_controller script to /home/anas/ros2_ws/install/patient_engine/lib/patient_engine
[1.044s] Installing stack_manager script to /home/anas/ros2_ws/install/patient_engine/lib/patient_engine
[1.044s] writing list of installed files to '/home/anas/ros2_ws/build/patient_engine/install.log'
[1.071s] Invoked command in '/home/anas/ros2_ws/src/patient_engine' returned '0': DEBUGINFOD_URLS=https://debuginfod.ubuntu.com PYTHONPATH=/home/anas/ros2_ws/build/patient_engine/prefix_override:/usr/lib/python3/dist-packages/colcon_core/task/python/colcon_distutils_commands:/home/anas/ros2_ws/install/patient_engine/lib/python3.12/site-packages:${PYTHONPATH} /usr/bin/python3 -W ignore:setup.py install is deprecated -W ignore:easy_install command is deprecated setup.py egg_info --egg-base ../../build/patient_engine build --build-base /home/anas/ros2_ws/build/patient_engine/build install --record /home/anas/ros2_ws/build/patient_engine/install.log --single-version-externally-managed install_data
