[3.643s] Invoking command in '/home/anas/ros2_ws/src/doctor_engine': DEBUGINFOD_URLS=https://debuginfod.ubuntu.com PYTHONPATH=/home/anas/ros2_ws/build/doctor_engine/prefix_override:/usr/lib/python3/dist-packages/colcon_core/task/python/colcon_distutils_commands:/home/anas/ros2_ws/install/doctor_engine/lib/python3.12/site-packages:${PYTHONPATH} /usr/bin/python3 -W ignore:setup.py install is deprecated -W ignore:easy_install command is deprecated setup.py egg_info --egg-base ../../build/doctor_engine build --build-base /home/anas/ros2_ws/build/doctor_engine/build install --record /home/anas/ros2_ws/build/doctor_engine/install.log --single-version-externally-managed install_data
[4.447s] running egg_info
[4.447s] creating ../../build/doctor_engine/doctor_engine.egg-info
[4.497s] writing ../../build/doctor_engine/doctor_engine.egg-info/PKG-INFO
[4.498s] writing dependency_links to ../../build/doctor_engine/doctor_engine.egg-info/dependency_links.txt
[4.498s] writing entry points to ../../build/doctor_engine/doctor_engine.egg-info/entry_points.txt
[4.499s] writing requirements to ../../build/doctor_engine/doctor_engine.egg-info/requires.txt
[4.500s] writing top-level names to ../../build/doctor_engine/doctor_engine.egg-info/top_level.txt
[4.500s] writing manifest file '../../build/doctor_engine/doctor_engine.egg-info/SOURCES.txt'
[4.609s] reading manifest file '../../build/doctor_engine/doctor_engine.egg-info/SOURCES.txt'
[4.611s] writing manifest file '../../build/doctor_engine/doctor_engine.egg-info/SOURCES.txt'
[4.611s] running build
[4.611s] running build_py
[4.612s] creating /home/anas/ros2_ws/build/doctor_engine/build
[4.612s] creating /home/anas/ros2_ws/build/doctor_engine/build/lib
[4.612s] creating /home/anas/ros2_ws/build/doctor_engine/build/lib/doctor_engine
[4.612s] copying doctor_engine/__init__.py -> /home/anas/ros2_ws/build/doctor_engine/build/lib/doctor_engine
[4.613s] running install
[4.632s] running install_lib
[4.683s] creating /home/anas/ros2_ws/install/doctor_engine/lib/python3.12/site-packages/doctor_engine
[4.683s] copying /home/anas/ros2_ws/build/doctor_engine/build/lib/doctor_engine/__init__.py -> /home/anas/ros2_ws/install/doctor_engine/lib/python3.12/site-packages/doctor_engine
[4.684s] byte-compiling /home/anas/ros2_ws/install/doctor_engine/lib/python3.12/site-packages/doctor_engine/__init__.py to __init__.cpython-312.pyc
[4.685s] running install_data
[4.685s] creating /home/anas/ros2_ws/install/doctor_engine/share/ament_index
[4.685s] creating /home/anas/ros2_ws/install/doctor_engine/share/ament_index/resource_index
[4.686s] creating /home/anas/ros2_ws/install/doctor_engine/share/ament_index/resource_index/packages
[4.686s] copying resource/doctor_engine -> /home/anas/ros2_ws/install/doctor_engine/share/ament_index/resource_index/packages
[4.686s] copying package.xml -> /home/anas/ros2_ws/install/doctor_engine/share/doctor_engine
[4.686s] running install_egg_info
[4.747s] Copying ../../build/doctor_engine/doctor_engine.egg-info to /home/anas/ros2_ws/install/doctor_engine/lib/python3.12/site-packages/doctor_engine-0.0.1-py3.12.egg-info
[4.750s] running install_scripts
[5.193s] Installing doctor_mqtt_bridge script to /home/anas/ros2_ws/install/doctor_engine/lib/doctor_engine
[5.194s] Installing doctor_node script to /home/anas/ros2_ws/install/doctor_engine/lib/doctor_engine
[5.194s] writing list of installed files to '/home/anas/ros2_ws/build/doctor_engine/install.log'
[5.250s] Invoked command in '/home/anas/ros2_ws/src/doctor_engine' returned '0': DEBUGINFOD_URLS=https://debuginfod.ubuntu.com PYTHONPATH=/home/anas/ros2_ws/build/doctor_engine/prefix_override:/usr/lib/python3/dist-packages/colcon_core/task/python/colcon_distutils_commands:/home/anas/ros2_ws/install/doctor_engine/lib/python3.12/site-packages:${PYTHONPATH} /usr/bin/python3 -W ignore:setup.py install is deprecated -W ignore:easy_install command is deprecated setup.py egg_info --egg-base ../../build/doctor_engine build --build-base /home/anas/ros2_ws/build/doctor_engine/build install --record /home/anas/ros2_ws/build/doctor_engine/install.log --single-version-externally-managed install_data
