[6.184s] Invoking command in '/home/anas/ros2_ws/src/wrist_replay': DEBUGINFOD_URLS=https://debuginfod.ubuntu.com PYTHONPATH=/home/anas/ros2_ws/build/wrist_replay/prefix_override:/usr/lib/python3/dist-packages/colcon_core/task/python/colcon_distutils_commands:/home/anas/ros2_ws/install/wrist_replay/lib/python3.12/site-packages:${PYTHONPATH} /usr/bin/python3 -W ignore:setup.py install is deprecated -W ignore:easy_install command is deprecated setup.py egg_info --egg-base ../../build/wrist_replay build --build-base /home/anas/ros2_ws/build/wrist_replay/build install --record /home/anas/ros2_ws/build/wrist_replay/install.log --single-version-externally-managed install_data
[7.699s] running egg_info
[7.760s] writing ../../build/wrist_replay/wrist_replay.egg-info/PKG-INFO
[7.760s] writing dependency_links to ../../build/wrist_replay/wrist_replay.egg-info/dependency_links.txt
[7.761s] writing entry points to ../../build/wrist_replay/wrist_replay.egg-info/entry_points.txt
[7.761s] writing requirements to ../../build/wrist_replay/wrist_replay.egg-info/requires.txt
[7.762s] writing top-level names to ../../build/wrist_replay/wrist_replay.egg-info/top_level.txt
[7.925s] reading manifest file '../../build/wrist_replay/wrist_replay.egg-info/SOURCES.txt'
[7.927s] writing manifest file '../../build/wrist_replay/wrist_replay.egg-info/SOURCES.txt'
[7.927s] running build
[7.927s] running build_py
[7.927s] running install
[7.971s] running install_lib
[8.064s] running install_data
[8.065s] running install_egg_info
[8.159s] removing '/home/anas/ros2_ws/install/wrist_replay/lib/python3.12/site-packages/wrist_replay-0.0.1-py3.12.egg-info' (and everything under it)
[8.166s] Copying ../../build/wrist_replay/wrist_replay.egg-info to /home/anas/ros2_ws/install/wrist_replay/lib/python3.12/site-packages/wrist_replay-0.0.1-py3.12.egg-info
[8.172s] running install_scripts
[8.877s] Installing replay_node script to /home/anas/ros2_ws/install/wrist_replay/lib/wrist_replay
[8.879s] writing list of installed files to '/home/anas/ros2_ws/build/wrist_replay/install.log'
[9.023s] Invoked command in '/home/anas/ros2_ws/src/wrist_replay' returned '0': DEBUGINFOD_URLS=https://debuginfod.ubuntu.com PYTHONPATH=/home/anas/ros2_ws/build/wrist_replay/prefix_override:/usr/lib/python3/dist-packages/colcon_core/task/python/colcon_distutils_commands:/home/anas/ros2_ws/install/wrist_replay/lib/python3.12/site-packages:${PYTHONPATH} /usr/bin/python3 -W ignore:setup.py install is deprecated -W ignore:easy_install command is deprecated setup.py egg_info --egg-base ../../build/wrist_replay build --build-base /home/anas/ros2_ws/build/wrist_replay/build install --record /home/anas/ros2_ws/build/wrist_replay/install.log --single-version-externally-managed install_data
