[12.009s] Invoking command in '/home/anas/ros2_ws/src/patient_engine': DEBUGINFOD_URLS=https://debuginfod.ubuntu.com PYTHONPATH=/home/anas/ros2_ws/build/patient_engine/prefix_override:/usr/lib/python3/dist-packages/colcon_core/task/python/colcon_distutils_commands:/home/anas/ros2_ws/install/patient_engine/lib/python3.12/site-packages:${PYTHONPATH} /usr/bin/python3 -W ignore:setup.py install is deprecated -W ignore:easy_install command is deprecated setup.py egg_info --egg-base ../../build/patient_engine build --build-base /home/anas/ros2_ws/build/patient_engine/build install --record /home/anas/ros2_ws/build/patient_engine/install.log --single-version-externally-managed install_data
[15.035s] running egg_info
[15.110s] writing ../../build/patient_engine/patient_engine.egg-info/PKG-INFO
[15.110s] writing dependency_links to ../../build/patient_engine/patient_engine.egg-info/dependency_links.txt
[15.111s] writing entry points to ../../build/patient_engine/patient_engine.egg-info/entry_points.txt
[15.111s] writing requirements to ../../build/patient_engine/patient_engine.egg-info/requires.txt
[15.112s] writing top-level names to ../../build/patient_engine/patient_engine.egg-info/top_level.txt
[15.366s] reading manifest file '../../build/patient_engine/patient_engine.egg-info/SOURCES.txt'
[15.374s] writing manifest file '../../build/patient_engine/patient_engine.egg-info/SOURCES.txt'
[15.377s] running build
[15.377s] running build_py
[15.385s] running install
[15.465s] running install_lib
[15.653s] running install_data
[15.654s] running install_egg_info
[15.900s] removing '/home/anas/ros2_ws/install/patient_engine/lib/python3.12/site-packages/patient_engine-0.0.1-py3.12.egg-info' (and everything under it)
[15.907s] Copying ../../build/patient_engine/patient_engine.egg-info to /home/anas/ros2_ws/install/patient_engine/lib/python3.12/site-packages/patient_engine-0.0.1-py3.12.egg-info
[15.955s] running install_scripts
[17.965s] Installing patient_anomaly_handler script to /home/anas/ros2_ws/install/patient_engine/lib/patient_engine
[17.971s] Installing patient_mqtt_bridge script to /home/anas/ros2_ws/install/patient_engine/lib/patient_engine
[17.971s] Installing patient_node script to /home/anas/ros2_ws/install/patient_engine/lib/patient_engine
[17.980s] writing list of installed files to '/home/anas/ros2_ws/build/patient_engine/install.log'
[18.092s] Invoked command in '/home/anas/ros2_ws/src/patient_engine' returned '0': DEBUGINFOD_URLS=https://debuginfod.ubuntu.com PYTHONPATH=/home/anas/ros2_ws/build/patient_engine/prefix_override:/usr/lib/python3/dist-packages/colcon_core/task/python/colcon_distutils_commands:/home/anas/ros2_ws/install/patient_engine/lib/python3.12/site-packages:${PYTHONPATH} /usr/bin/python3 -W ignore:setup.py install is deprecated -W ignore:easy_install command is deprecated setup.py egg_info --egg-base ../../build/patient_engine build --build-base /home/anas/ros2_ws/build/patient_engine/build install --record /home/anas/ros2_ws/build/patient_engine/install.log --single-version-externally-managed install_data
