[5.912s] Invoking command in '/home/anas/ros2_ws/src/doctor_engine': DEBUGINFOD_URLS=https://debuginfod.ubuntu.com PYTHONPATH=/home/anas/ros2_ws/build/doctor_engine/prefix_override:/usr/lib/python3/dist-packages/colcon_core/task/python/colcon_distutils_commands:/home/anas/ros2_ws/install/doctor_engine/lib/python3.12/site-packages:${PYTHONPATH} /usr/bin/python3 -W ignore:setup.py install is deprecated -W ignore:easy_install command is deprecated setup.py egg_info --egg-base ../../build/doctor_engine build --build-base /home/anas/ros2_ws/build/doctor_engine/build install --record /home/anas/ros2_ws/build/doctor_engine/install.log --single-version-externally-managed install_data
[7.153s] running egg_info
[7.223s] writing ../../build/doctor_engine/doctor_engine.egg-info/PKG-INFO
[7.226s] writing dependency_links to ../../build/doctor_engine/doctor_engine.egg-info/dependency_links.txt
[7.226s] writing entry points to ../../build/doctor_engine/doctor_engine.egg-info/entry_points.txt
[7.226s] writing requirements to ../../build/doctor_engine/doctor_engine.egg-info/requires.txt
[7.228s] writing top-level names to ../../build/doctor_engine/doctor_engine.egg-info/top_level.txt
[7.352s] reading manifest file '../../build/doctor_engine/doctor_engine.egg-info/SOURCES.txt'
[7.353s] writing manifest file '../../build/doctor_engine/doctor_engine.egg-info/SOURCES.txt'
[7.355s] running build
[7.355s] running build_py
[7.363s] running install
[7.381s] running install_lib
[7.445s] running install_data
[7.446s] running install_egg_info
[7.519s] removing '/home/anas/ros2_ws/install/doctor_engine/lib/python3.12/site-packages/doctor_engine-0.0.1-py3.12.egg-info' (and everything under it)
[7.522s] Copying ../../build/doctor_engine/doctor_engine.egg-info to /home/anas/ros2_ws/install/doctor_engine/lib/python3.12/site-packages/doctor_engine-0.0.1-py3.12.egg-info
[7.523s] running install_scripts
[8.494s] Installing doctor_mqtt_bridge script to /home/anas/ros2_ws/install/doctor_engine/lib/doctor_engine
[8.494s] Installing doctor_network_anomaly_handler script to /home/anas/ros2_ws/install/doctor_engine/lib/doctor_engine
[8.494s] Installing doctor_node script to /home/anas/ros2_ws/install/doctor_engine/lib/doctor_engine
[8.495s] writing list of installed files to '/home/anas/ros2_ws/build/doctor_engine/install.log'
[8.586s] Invoked command in '/home/anas/ros2_ws/src/doctor_engine' returned '0': DEBUGINFOD_URLS=https://debuginfod.ubuntu.com PYTHONPATH=/home/anas/ros2_ws/build/doctor_engine/prefix_override:/usr/lib/python3/dist-packages/colcon_core/task/python/colcon_distutils_commands:/home/anas/ros2_ws/install/doctor_engine/lib/python3.12/site-packages:${PYTHONPATH} /usr/bin/python3 -W ignore:setup.py install is deprecated -W ignore:easy_install command is deprecated setup.py egg_info --egg-base ../../build/doctor_engine build --build-base /home/anas/ros2_ws/build/doctor_engine/build install --record /home/anas/ros2_ws/build/doctor_engine/install.log --single-version-externally-managed install_data
