[3.512s] Invoking command in '/home/anas/ros2_ws/src/patient_engine': DEBUGINFOD_URLS=https://debuginfod.ubuntu.com PYTHONPATH=/home/anas/ros2_ws/build/patient_engine/prefix_override:/usr/lib/python3/dist-packages/colcon_core/task/python/colcon_distutils_commands:/home/anas/ros2_ws/install/patient_engine/lib/python3.12/site-packages:${PYTHONPATH} /usr/bin/python3 -W ignore:setup.py install is deprecated -W ignore:easy_install command is deprecated setup.py egg_info --egg-base ../../build/patient_engine build --build-base /home/anas/ros2_ws/build/patient_engine/build install --record /home/anas/ros2_ws/build/patient_engine/install.log --single-version-externally-managed install_data
[4.281s] running egg_info
[4.331s] writing ../../build/patient_engine/patient_engine.egg-info/PKG-INFO
[4.331s] writing dependency_links to ../../build/patient_engine/patient_engine.egg-info/dependency_links.txt
[4.332s] writing entry points to ../../build/patient_engine/patient_engine.egg-info/entry_points.txt
[4.333s] writing requirements to ../../build/patient_engine/patient_engine.egg-info/requires.txt
[4.334s] writing top-level names to ../../build/patient_engine/patient_engine.egg-info/top_level.txt
[4.443s] reading manifest file '../../build/patient_engine/patient_engine.egg-info/SOURCES.txt'
[4.445s] writing manifest file '../../build/patient_engine/patient_engine.egg-info/SOURCES.txt'
[4.445s] running build
[4.446s] running build_py
[4.446s] creating /home/anas/ros2_ws/build/patient_engine/build/lib/patient_engine/nodes
[4.446s] copying patient_engine/nodes/patient_mqtt_bridge.py -> /home/anas/ros2_ws/build/patient_engine/build/lib/patient_engine/nodes
[4.447s] copying patient_engine/nodes/patient_node.py -> /home/anas/ros2_ws/build/patient_engine/build/lib/patient_engine/nodes
[4.447s] copying patient_engine/nodes/__init__.py -> /home/anas/ros2_ws/build/patient_engine/build/lib/patient_engine/nodes
[4.448s] running install
[4.465s] running install_lib
[4.515s] creating /home/anas/ros2_ws/install/patient_engine/lib/python3.12/site-packages/patient_engine/nodes
[4.516s] copying /home/anas/ros2_ws/build/patient_engine/build/lib/patient_engine/nodes/patient_mqtt_bridge.py -> /home/anas/ros2_ws/install/patient_engine/lib/python3.12/site-packages/patient_engine/nodes
[4.516s] copying /home/anas/ros2_ws/build/patient_engine/build/lib/patient_engine/nodes/patient_node.py -> /home/anas/ros2_ws/install/patient_engine/lib/python3.12/site-packages/patient_engine/nodes
[4.516s] copying /home/anas/ros2_ws/build/patient_engine/build/lib/patient_engine/nodes/__init__.py -> /home/anas/ros2_ws/install/patient_engine/lib/python3.12/site-packages/patient_engine/nodes
[4.517s] byte-compiling /home/anas/ros2_ws/install/patient_engine/lib/python3.12/site-packages/patient_engine/nodes/patient_mqtt_bridge.py to patient_mqtt_bridge.cpython-312.pyc
[4.519s] byte-compiling /home/anas/ros2_ws/install/patient_engine/lib/python3.12/site-packages/patient_engine/nodes/patient_node.py to patient_node.cpython-312.pyc
[4.522s] byte-compiling /home/anas/ros2_ws/install/patient_engine/lib/python3.12/site-packages/patient_engine/nodes/__init__.py to __init__.cpython-312.pyc
[4.522s] running install_data
[4.522s] running install_egg_info
[4.583s] removing '/home/anas/ros2_ws/install/patient_engine/lib/python3.12/site-packages/patient_engine-0.0.1-py3.12.egg-info' (and everything under it)
[4.583s] Copying ../../build/patient_engine/patient_engine.egg-info to /home/anas/ros2_ws/install/patient_engine/lib/python3.12/site-packages/patient_engine-0.0.1-py3.12.egg-info
[4.586s] running install_scripts
[5.034s] Installing patient_mqtt_bridge script to /home/anas/ros2_ws/install/patient_engine/lib/patient_engine
[5.034s] Installing patient_node script to /home/anas/ros2_ws/install/patient_engine/lib/patient_engine
[5.035s] writing list of installed files to '/home/anas/ros2_ws/build/patient_engine/install.log'
[5.141s] Invoked command in '/home/anas/ros2_ws/src/patient_engine' returned '0': DEBUGINFOD_URLS=https://debuginfod.ubuntu.com PYTHONPATH=/home/anas/ros2_ws/build/patient_engine/prefix_override:/usr/lib/python3/dist-packages/colcon_core/task/python/colcon_distutils_commands:/home/anas/ros2_ws/install/patient_engine/lib/python3.12/site-packages:${PYTHONPATH} /usr/bin/python3 -W ignore:setup.py install is deprecated -W ignore:easy_install command is deprecated setup.py egg_info --egg-base ../../build/patient_engine build --build-base /home/anas/ros2_ws/build/patient_engine/build install --record /home/anas/ros2_ws/build/patient_engine/install.log --single-version-externally-managed install_data
