[4.572s] Invoking command in '/home/anas/ros2_ws/src/patient_engine': DEBUGINFOD_URLS=https://debuginfod.ubuntu.com PYTHONPATH=/home/anas/ros2_ws/build/patient_engine/prefix_override:/usr/lib/python3/dist-packages/colcon_core/task/python/colcon_distutils_commands:/home/anas/ros2_ws/install/patient_engine/lib/python3.12/site-packages:${PYTHONPATH} /usr/bin/python3 -W ignore:setup.py install is deprecated -W ignore:easy_install command is deprecated setup.py egg_info --egg-base ../../build/patient_engine build --build-base /home/anas/ros2_ws/build/patient_engine/build install --record /home/anas/ros2_ws/build/patient_engine/install.log --single-version-externally-managed install_data
[5.908s] running egg_info
[5.968s] writing ../../build/patient_engine/patient_engine.egg-info/PKG-INFO
[5.971s] writing dependency_links to ../../build/patient_engine/patient_engine.egg-info/dependency_links.txt
[5.972s] writing entry points to ../../build/patient_engine/patient_engine.egg-info/entry_points.txt
[5.972s] writing requirements to ../../build/patient_engine/patient_engine.egg-info/requires.txt
[5.972s] writing top-level names to ../../build/patient_engine/patient_engine.egg-info/top_level.txt
[6.099s] reading manifest file '../../build/patient_engine/patient_engine.egg-info/SOURCES.txt'
[6.102s] writing manifest file '../../build/patient_engine/patient_engine.egg-info/SOURCES.txt'
[6.103s] running build
[6.103s] running build_py
[6.103s] copying patient_engine/nodes/patient_anomaly_handler.py -> /home/anas/ros2_ws/build/patient_engine/build/lib/patient_engine/nodes
[6.104s] copying patient_engine/nodes/patient_node.py -> /home/anas/ros2_ws/build/patient_engine/build/lib/patient_engine/nodes
[6.105s] running install
[6.124s] running install_lib
[6.192s] copying /home/anas/ros2_ws/build/patient_engine/build/lib/patient_engine/nodes/patient_anomaly_handler.py -> /home/anas/ros2_ws/install/patient_engine/lib/python3.12/site-packages/patient_engine/nodes
[6.192s] copying /home/anas/ros2_ws/build/patient_engine/build/lib/patient_engine/nodes/patient_node.py -> /home/anas/ros2_ws/install/patient_engine/lib/python3.12/site-packages/patient_engine/nodes
[6.192s] byte-compiling /home/anas/ros2_ws/install/patient_engine/lib/python3.12/site-packages/patient_engine/nodes/patient_anomaly_handler.py to patient_anomaly_handler.cpython-312.pyc
[6.196s] byte-compiling /home/anas/ros2_ws/install/patient_engine/lib/python3.12/site-packages/patient_engine/nodes/patient_node.py to patient_node.cpython-312.pyc
[6.202s] running install_data
[6.202s] running install_egg_info
[6.277s] removing '/home/anas/ros2_ws/install/patient_engine/lib/python3.12/site-packages/patient_engine-0.0.1-py3.12.egg-info' (and everything under it)
[6.278s] Copying ../../build/patient_engine/patient_engine.egg-info to /home/anas/ros2_ws/install/patient_engine/lib/python3.12/site-packages/patient_engine-0.0.1-py3.12.egg-info
[6.282s] running install_scripts
[7.041s] Installing patient_anomaly_handler script to /home/anas/ros2_ws/install/patient_engine/lib/patient_engine
[7.046s] Installing patient_mqtt_bridge script to /home/anas/ros2_ws/install/patient_engine/lib/patient_engine
[7.046s] Installing patient_node script to /home/anas/ros2_ws/install/patient_engine/lib/patient_engine
[7.049s] writing list of installed files to '/home/anas/ros2_ws/build/patient_engine/install.log'
[7.222s] Invoked command in '/home/anas/ros2_ws/src/patient_engine' returned '0': DEBUGINFOD_URLS=https://debuginfod.ubuntu.com PYTHONPATH=/home/anas/ros2_ws/build/patient_engine/prefix_override:/usr/lib/python3/dist-packages/colcon_core/task/python/colcon_distutils_commands:/home/anas/ros2_ws/install/patient_engine/lib/python3.12/site-packages:${PYTHONPATH} /usr/bin/python3 -W ignore:setup.py install is deprecated -W ignore:easy_install command is deprecated setup.py egg_info --egg-base ../../build/patient_engine build --build-base /home/anas/ros2_ws/build/patient_engine/build install --record /home/anas/ros2_ws/build/patient_engine/install.log --single-version-externally-managed install_data
