[1.039s] Invoking command in '/home/anas/ros2_ws/src/patient_engine': DEBUGINFOD_URLS=https://debuginfod.ubuntu.com PYTHONPATH=/home/anas/ros2_ws/build/patient_engine/prefix_override:/usr/lib/python3/dist-packages/colcon_core/task/python/colcon_distutils_commands:/home/anas/ros2_ws/install/patient_engine/lib/python3.12/site-packages:${PYTHONPATH} /usr/bin/python3 -W ignore:setup.py install is deprecated -W ignore:easy_install command is deprecated setup.py egg_info --egg-base ../../build/patient_engine build --build-base /home/anas/ros2_ws/build/patient_engine/build install --record /home/anas/ros2_ws/build/patient_engine/install.log --single-version-externally-managed install_data
[1.172s] running egg_info
[1.183s] writing ../../build/patient_engine/patient_engine.egg-info/PKG-INFO
[1.184s] writing dependency_links to ../../build/patient_engine/patient_engine.egg-info/dependency_links.txt
[1.184s] writing entry points to ../../build/patient_engine/patient_engine.egg-info/entry_points.txt
[1.184s] writing requirements to ../../build/patient_engine/patient_engine.egg-info/requires.txt
[1.185s] writing top-level names to ../../build/patient_engine/patient_engine.egg-info/top_level.txt
[1.204s] reading manifest file '../../build/patient_engine/patient_engine.egg-info/SOURCES.txt'
[1.209s] writing manifest file '../../build/patient_engine/patient_engine.egg-info/SOURCES.txt'
[1.209s] running build
[1.209s] running build_py
[1.209s] copying patient_engine/nodes/drivers/dxl_current_driver.py -> /home/anas/ros2_ws/build/patient_engine/build/lib/patient_engine/nodes/drivers
[1.209s] running install
[1.213s] running install_lib
[1.222s] copying /home/anas/ros2_ws/build/patient_engine/build/lib/patient_engine/nodes/drivers/dxl_current_driver.py -> /home/anas/ros2_ws/install/patient_engine/lib/python3.12/site-packages/patient_engine/nodes/drivers
[1.223s] byte-compiling /home/anas/ros2_ws/install/patient_engine/lib/python3.12/site-packages/patient_engine/nodes/drivers/dxl_current_driver.py to dxl_current_driver.cpython-312.pyc
[1.226s] running install_data
[1.226s] running install_egg_info
[1.236s] removing '/home/anas/ros2_ws/install/patient_engine/lib/python3.12/site-packages/patient_engine-0.1.1-py3.12.egg-info' (and everything under it)
[1.236s] Copying ../../build/patient_engine/patient_engine.egg-info to /home/anas/ros2_ws/install/patient_engine/lib/python3.12/site-packages/patient_engine-0.1.1-py3.12.egg-info
[1.237s] running install_scripts
[1.308s] Installing dxl_current_driver script to /home/anas/ros2_ws/install/patient_engine/lib/patient_engine
[1.308s] Installing dxl_position_driver script to /home/anas/ros2_ws/install/patient_engine/lib/patient_engine
[1.309s] Installing motion_detector script to /home/anas/ros2_ws/install/patient_engine/lib/patient_engine
[1.309s] Installing network_detector script to /home/anas/ros2_ws/install/patient_engine/lib/patient_engine
[1.310s] Installing network_detector_scenario_test script to /home/anas/ros2_ws/install/patient_engine/lib/patient_engine
[1.310s] Installing patient_current_controller script to /home/anas/ros2_ws/install/patient_engine/lib/patient_engine
[1.311s] Installing patient_mqtt_bridge script to /home/anas/ros2_ws/install/patient_engine/lib/patient_engine
[1.311s] Installing patient_node script to /home/anas/ros2_ws/install/patient_engine/lib/patient_engine
[1.311s] Installing patient_orchestrator script to /home/anas/ros2_ws/install/patient_engine/lib/patient_engine
[1.311s] Installing stack_manager script to /home/anas/ros2_ws/install/patient_engine/lib/patient_engine
[1.311s] writing list of installed files to '/home/anas/ros2_ws/build/patient_engine/install.log'
[1.331s] Invoked command in '/home/anas/ros2_ws/src/patient_engine' returned '0': DEBUGINFOD_URLS=https://debuginfod.ubuntu.com PYTHONPATH=/home/anas/ros2_ws/build/patient_engine/prefix_override:/usr/lib/python3/dist-packages/colcon_core/task/python/colcon_distutils_commands:/home/anas/ros2_ws/install/patient_engine/lib/python3.12/site-packages:${PYTHONPATH} /usr/bin/python3 -W ignore:setup.py install is deprecated -W ignore:easy_install command is deprecated setup.py egg_info --egg-base ../../build/patient_engine build --build-base /home/anas/ros2_ws/build/patient_engine/build install --record /home/anas/ros2_ws/build/patient_engine/install.log --single-version-externally-managed install_data
