[4.154s] Invoking command in '/home/anas/ros2_ws/src/patient_engine': DEBUGINFOD_URLS=https://debuginfod.ubuntu.com PYTHONPATH=/home/anas/ros2_ws/build/patient_engine/prefix_override:/usr/lib/python3/dist-packages/colcon_core/task/python/colcon_distutils_commands:/home/anas/ros2_ws/install/patient_engine/lib/python3.12/site-packages:${PYTHONPATH} /usr/bin/python3 -W ignore:setup.py install is deprecated -W ignore:easy_install command is deprecated setup.py egg_info --egg-base ../../build/patient_engine build --build-base /home/anas/ros2_ws/build/patient_engine/build install --record /home/anas/ros2_ws/build/patient_engine/install.log --single-version-externally-managed install_data
[5.038s] running egg_info
[5.090s] writing ../../build/patient_engine/patient_engine.egg-info/PKG-INFO
[5.090s] writing dependency_links to ../../build/patient_engine/patient_engine.egg-info/dependency_links.txt
[5.090s] writing entry points to ../../build/patient_engine/patient_engine.egg-info/entry_points.txt
[5.091s] writing requirements to ../../build/patient_engine/patient_engine.egg-info/requires.txt
[5.091s] writing top-level names to ../../build/patient_engine/patient_engine.egg-info/top_level.txt
[5.202s] reading manifest file '../../build/patient_engine/patient_engine.egg-info/SOURCES.txt'
[5.205s] writing manifest file '../../build/patient_engine/patient_engine.egg-info/SOURCES.txt'
[5.205s] running build
[5.205s] running build_py
[5.205s] copying patient_engine/nodes/patient_anomaly_handler.py -> /home/anas/ros2_ws/build/patient_engine/build/lib/patient_engine/nodes
[5.230s] running install
[5.235s] running install_lib
[5.290s] copying /home/anas/ros2_ws/build/patient_engine/build/lib/patient_engine/nodes/patient_anomaly_handler.py -> /home/anas/ros2_ws/install/patient_engine/lib/python3.12/site-packages/patient_engine/nodes
[5.291s] byte-compiling /home/anas/ros2_ws/install/patient_engine/lib/python3.12/site-packages/patient_engine/nodes/patient_anomaly_handler.py to patient_anomaly_handler.cpython-312.pyc
[5.296s] running install_data
[5.296s] running install_egg_info
[5.349s] removing '/home/anas/ros2_ws/install/patient_engine/lib/python3.12/site-packages/patient_engine-0.0.1-py3.12.egg-info' (and everything under it)
[5.352s] Copying ../../build/patient_engine/patient_engine.egg-info to /home/anas/ros2_ws/install/patient_engine/lib/python3.12/site-packages/patient_engine-0.0.1-py3.12.egg-info
[5.355s] running install_scripts
[5.896s] Installing patient_anomaly_handler script to /home/anas/ros2_ws/install/patient_engine/lib/patient_engine
[5.898s] Installing patient_mqtt_bridge script to /home/anas/ros2_ws/install/patient_engine/lib/patient_engine
[5.898s] Installing patient_node script to /home/anas/ros2_ws/install/patient_engine/lib/patient_engine
[5.898s] writing list of installed files to '/home/anas/ros2_ws/build/patient_engine/install.log'
[5.950s] Invoked command in '/home/anas/ros2_ws/src/patient_engine' returned '0': DEBUGINFOD_URLS=https://debuginfod.ubuntu.com PYTHONPATH=/home/anas/ros2_ws/build/patient_engine/prefix_override:/usr/lib/python3/dist-packages/colcon_core/task/python/colcon_distutils_commands:/home/anas/ros2_ws/install/patient_engine/lib/python3.12/site-packages:${PYTHONPATH} /usr/bin/python3 -W ignore:setup.py install is deprecated -W ignore:easy_install command is deprecated setup.py egg_info --egg-base ../../build/patient_engine build --build-base /home/anas/ros2_ws/build/patient_engine/build install --record /home/anas/ros2_ws/build/patient_engine/install.log --single-version-externally-managed install_data
