[4.839s] Invoking command in '/home/anas/ros2_ws/src/patient_engine': DEBUGINFOD_URLS=https://debuginfod.ubuntu.com PYTHONPATH=/home/anas/ros2_ws/build/patient_engine/prefix_override:/usr/lib/python3/dist-packages/colcon_core/task/python/colcon_distutils_commands:/home/anas/ros2_ws/install/patient_engine/lib/python3.12/site-packages:${PYTHONPATH} /usr/bin/python3 -W ignore:setup.py install is deprecated -W ignore:easy_install command is deprecated setup.py egg_info --egg-base ../../build/patient_engine build --build-base /home/anas/ros2_ws/build/patient_engine/build install --record /home/anas/ros2_ws/build/patient_engine/install.log --single-version-externally-managed install_data
[5.809s] running egg_info
[5.860s] writing ../../build/patient_engine/patient_engine.egg-info/PKG-INFO
[5.861s] writing dependency_links to ../../build/patient_engine/patient_engine.egg-info/dependency_links.txt
[5.861s] writing entry points to ../../build/patient_engine/patient_engine.egg-info/entry_points.txt
[5.861s] writing requirements to ../../build/patient_engine/patient_engine.egg-info/requires.txt
[5.862s] writing top-level names to ../../build/patient_engine/patient_engine.egg-info/top_level.txt
[5.976s] reading manifest file '../../build/patient_engine/patient_engine.egg-info/SOURCES.txt'
[5.979s] writing manifest file '../../build/patient_engine/patient_engine.egg-info/SOURCES.txt'
[5.979s] running build
[5.979s] running build_py
[5.983s] running install
[6.000s] running install_lib
[6.056s] running install_data
[6.057s] running install_egg_info
[6.114s] removing '/home/anas/ros2_ws/install/patient_engine/lib/python3.12/site-packages/patient_engine-0.0.1-py3.12.egg-info' (and everything under it)
[6.115s] Copying ../../build/patient_engine/patient_engine.egg-info to /home/anas/ros2_ws/install/patient_engine/lib/python3.12/site-packages/patient_engine-0.0.1-py3.12.egg-info
[6.118s] running install_scripts
[6.549s] Installing patient_anomaly_handler script to /home/anas/ros2_ws/install/patient_engine/lib/patient_engine
[6.549s] Installing patient_mqtt_bridge script to /home/anas/ros2_ws/install/patient_engine/lib/patient_engine
[6.550s] Installing patient_node script to /home/anas/ros2_ws/install/patient_engine/lib/patient_engine
[6.550s] writing list of installed files to '/home/anas/ros2_ws/build/patient_engine/install.log'
[6.634s] Invoked command in '/home/anas/ros2_ws/src/patient_engine' returned '0': DEBUGINFOD_URLS=https://debuginfod.ubuntu.com PYTHONPATH=/home/anas/ros2_ws/build/patient_engine/prefix_override:/usr/lib/python3/dist-packages/colcon_core/task/python/colcon_distutils_commands:/home/anas/ros2_ws/install/patient_engine/lib/python3.12/site-packages:${PYTHONPATH} /usr/bin/python3 -W ignore:setup.py install is deprecated -W ignore:easy_install command is deprecated setup.py egg_info --egg-base ../../build/patient_engine build --build-base /home/anas/ros2_ws/build/patient_engine/build install --record /home/anas/ros2_ws/build/patient_engine/install.log --single-version-externally-managed install_data
