[0.333s] DEBUG:colcon:Command line arguments: ['/usr/bin/colcon', 'build']
[0.333s] DEBUG:colcon:Parsed command line arguments: Namespace(log_base=None, log_level=None, verb_name='build', build_base='build', install_base='install', merge_install=False, symlink_install=False, test_result_base=None, continue_on_error=False, executor='parallel', parallel_workers=4, event_handlers=None, ignore_user_meta=False, metas=['./colcon.meta'], base_paths=['.'], packages_ignore=None, packages_ignore_regex=None, paths=None, packages_up_to=None, packages_up_to_regex=None, packages_above=None, packages_above_and_dependencies=None, packages_above_depth=None, packages_select_by_dep=None, packages_skip_by_dep=None, packages_skip_up_to=None, packages_select_build_failed=False, packages_skip_build_finished=False, packages_select_test_failures=False, packages_skip_test_passed=False, packages_select=None, packages_skip=None, packages_select_regex=None, packages_skip_regex=None, packages_start=None, packages_end=None, allow_overriding=[], cmake_args=None, cmake_target=None, cmake_target_skip_unavailable=False, cmake_clean_cache=False, cmake_clean_first=False, cmake_force_configure=False, ament_cmake_args=None, catkin_cmake_args=None, catkin_skip_building_tests=False, mixin_files=None, mixin=None, verb_parser=<colcon_mixin.mixin.mixin_argument.MixinArgumentDecorator object at 0x7e9a3a4600e0>, verb_extension=<colcon_core.verb.build.BuildVerb object at 0x7e9a3a3df260>, main=<bound method BuildVerb.main of <colcon_core.verb.build.BuildVerb object at 0x7e9a3a3df260>>, mixin_verb=('build',))
[0.493s] Level 1:colcon.colcon_core.package_discovery:discover_packages(colcon_meta) check parameters
[0.493s] Level 1:colcon.colcon_core.package_discovery:discover_packages(recursive) check parameters
[0.493s] Level 1:colcon.colcon_core.package_discovery:discover_packages(ignore) check parameters
[0.493s] Level 1:colcon.colcon_core.package_discovery:discover_packages(path) check parameters
[0.493s] Level 1:colcon.colcon_core.package_discovery:discover_packages(colcon_meta) discover
[0.493s] Level 1:colcon.colcon_core.package_discovery:discover_packages(recursive) discover
[0.493s] INFO:colcon.colcon_core.package_discovery:Crawling recursively for packages in '/home/anas/ros2_ws'
[0.494s] Level 1:colcon.colcon_core.package_identification:_identify(.) by extensions ['ignore', 'ignore_ament_install']
[0.494s] Level 1:colcon.colcon_core.package_identification:_identify(.) by extension 'ignore'
[0.494s] Level 1:colcon.colcon_core.package_identification:_identify(.) by extension 'ignore_ament_install'
[0.494s] Level 1:colcon.colcon_core.package_identification:_identify(.) by extensions ['colcon_pkg']
[0.494s] Level 1:colcon.colcon_core.package_identification:_identify(.) by extension 'colcon_pkg'
[0.494s] Level 1:colcon.colcon_core.package_identification:_identify(.) by extensions ['colcon_meta']
[0.494s] Level 1:colcon.colcon_core.package_identification:_identify(.) by extension 'colcon_meta'
[0.494s] Level 1:colcon.colcon_core.package_identification:_identify(.) by extensions ['ros']
[0.494s] Level 1:colcon.colcon_core.package_identification:_identify(.) by extension 'ros'
[0.561s] Level 1:colcon.colcon_core.package_identification:_identify(.) by extensions ['cmake', 'python']
[0.561s] Level 1:colcon.colcon_core.package_identification:_identify(.) by extension 'cmake'
[0.561s] Level 1:colcon.colcon_core.package_identification:_identify(.) by extension 'python'
[0.561s] Level 1:colcon.colcon_core.package_identification:_identify(.) by extensions ['python_setup_py']
[0.561s] Level 1:colcon.colcon_core.package_identification:_identify(.) by extension 'python_setup_py'
[0.561s] Level 1:colcon.colcon_core.package_identification:_identify(archive_unused) by extensions ['ignore', 'ignore_ament_install']
[0.561s] Level 1:colcon.colcon_core.package_identification:_identify(archive_unused) by extension 'ignore'
[0.562s] Level 1:colcon.colcon_core.package_identification:_identify(archive_unused) ignored
[0.562s] Level 1:colcon.colcon_core.package_identification:_identify(build) by extensions ['ignore', 'ignore_ament_install']
[0.562s] Level 1:colcon.colcon_core.package_identification:_identify(build) by extension 'ignore'
[0.562s] Level 1:colcon.colcon_core.package_identification:_identify(build) ignored
[0.562s] Level 1:colcon.colcon_core.package_identification:_identify(install) by extensions ['ignore', 'ignore_ament_install']
[0.562s] Level 1:colcon.colcon_core.package_identification:_identify(install) by extension 'ignore'
[0.562s] Level 1:colcon.colcon_core.package_identification:_identify(install) ignored
[0.563s] Level 1:colcon.colcon_core.package_identification:_identify(log) by extensions ['ignore', 'ignore_ament_install']
[0.563s] Level 1:colcon.colcon_core.package_identification:_identify(log) by extension 'ignore'
[0.563s] Level 1:colcon.colcon_core.package_identification:_identify(log) ignored
[0.563s] Level 1:colcon.colcon_core.package_identification:_identify(src) by extensions ['ignore', 'ignore_ament_install']
[0.563s] Level 1:colcon.colcon_core.package_identification:_identify(src) by extension 'ignore'
[0.563s] Level 1:colcon.colcon_core.package_identification:_identify(src) by extension 'ignore_ament_install'
[0.564s] Level 1:colcon.colcon_core.package_identification:_identify(src) by extensions ['colcon_pkg']
[0.564s] Level 1:colcon.colcon_core.package_identification:_identify(src) by extension 'colcon_pkg'
[0.564s] Level 1:colcon.colcon_core.package_identification:_identify(src) by extensions ['colcon_meta']
[0.564s] Level 1:colcon.colcon_core.package_identification:_identify(src) by extension 'colcon_meta'
[0.564s] Level 1:colcon.colcon_core.package_identification:_identify(src) by extensions ['ros']
[0.564s] Level 1:colcon.colcon_core.package_identification:_identify(src) by extension 'ros'
[0.564s] Level 1:colcon.colcon_core.package_identification:_identify(src) by extensions ['cmake', 'python']
[0.564s] Level 1:colcon.colcon_core.package_identification:_identify(src) by extension 'cmake'
[0.564s] Level 1:colcon.colcon_core.package_identification:_identify(src) by extension 'python'
[0.565s] Level 1:colcon.colcon_core.package_identification:_identify(src) by extensions ['python_setup_py']
[0.565s] Level 1:colcon.colcon_core.package_identification:_identify(src) by extension 'python_setup_py'
[0.565s] Level 1:colcon.colcon_core.package_identification:_identify(src/doctor_engine) by extensions ['ignore', 'ignore_ament_install']
[0.565s] Level 1:colcon.colcon_core.package_identification:_identify(src/doctor_engine) by extension 'ignore'
[0.565s] Level 1:colcon.colcon_core.package_identification:_identify(src/doctor_engine) by extension 'ignore_ament_install'
[0.565s] Level 1:colcon.colcon_core.package_identification:_identify(src/doctor_engine) by extensions ['colcon_pkg']
[0.565s] Level 1:colcon.colcon_core.package_identification:_identify(src/doctor_engine) by extension 'colcon_pkg'
[0.565s] Level 1:colcon.colcon_core.package_identification:_identify(src/doctor_engine) by extensions ['colcon_meta']
[0.565s] Level 1:colcon.colcon_core.package_identification:_identify(src/doctor_engine) by extension 'colcon_meta'
[0.566s] Level 1:colcon.colcon_core.package_identification:_identify(src/doctor_engine) by extensions ['ros']
[0.566s] Level 1:colcon.colcon_core.package_identification:_identify(src/doctor_engine) by extension 'ros'
[0.571s] DEBUG:colcon.colcon_core.package_identification:Package 'src/doctor_engine' with type 'ros.ament_python' and name 'doctor_engine'
[0.571s] Level 1:colcon.colcon_core.package_identification:_identify(src/patient_engine) by extensions ['ignore', 'ignore_ament_install']
[0.571s] Level 1:colcon.colcon_core.package_identification:_identify(src/patient_engine) by extension 'ignore'
[0.572s] Level 1:colcon.colcon_core.package_identification:_identify(src/patient_engine) by extension 'ignore_ament_install'
[0.572s] Level 1:colcon.colcon_core.package_identification:_identify(src/patient_engine) by extensions ['colcon_pkg']
[0.572s] Level 1:colcon.colcon_core.package_identification:_identify(src/patient_engine) by extension 'colcon_pkg'
[0.572s] Level 1:colcon.colcon_core.package_identification:_identify(src/patient_engine) by extensions ['colcon_meta']
[0.572s] Level 1:colcon.colcon_core.package_identification:_identify(src/patient_engine) by extension 'colcon_meta'
[0.572s] Level 1:colcon.colcon_core.package_identification:_identify(src/patient_engine) by extensions ['ros']
[0.572s] Level 1:colcon.colcon_core.package_identification:_identify(src/patient_engine) by extension 'ros'
[0.574s] DEBUG:colcon.colcon_core.package_identification:Package 'src/patient_engine' with type 'ros.ament_python' and name 'patient_engine'
[0.574s] Level 1:colcon.colcon_core.package_identification:_identify(src/wrist_replay) by extensions ['ignore', 'ignore_ament_install']
[0.574s] Level 1:colcon.colcon_core.package_identification:_identify(src/wrist_replay) by extension 'ignore'
[0.574s] Level 1:colcon.colcon_core.package_identification:_identify(src/wrist_replay) by extension 'ignore_ament_install'
[0.574s] Level 1:colcon.colcon_core.package_identification:_identify(src/wrist_replay) by extensions ['colcon_pkg']
[0.574s] Level 1:colcon.colcon_core.package_identification:_identify(src/wrist_replay) by extension 'colcon_pkg'
[0.574s] Level 1:colcon.colcon_core.package_identification:_identify(src/wrist_replay) by extensions ['colcon_meta']
[0.574s] Level 1:colcon.colcon_core.package_identification:_identify(src/wrist_replay) by extension 'colcon_meta'
[0.575s] Level 1:colcon.colcon_core.package_identification:_identify(src/wrist_replay) by extensions ['ros']
[0.575s] Level 1:colcon.colcon_core.package_identification:_identify(src/wrist_replay) by extension 'ros'
[0.576s] DEBUG:colcon.colcon_core.package_identification:Package 'src/wrist_replay' with type 'ros.ament_python' and name 'wrist_replay'
[0.577s] Level 1:colcon.colcon_core.package_identification:_identify(test_logs) by extensions ['ignore', 'ignore_ament_install']
[0.577s] Level 1:colcon.colcon_core.package_identification:_identify(test_logs) by extension 'ignore'
[0.577s] Level 1:colcon.colcon_core.package_identification:_identify(test_logs) by extension 'ignore_ament_install'
[0.577s] Level 1:colcon.colcon_core.package_identification:_identify(test_logs) by extensions ['colcon_pkg']
[0.577s] Level 1:colcon.colcon_core.package_identification:_identify(test_logs) by extension 'colcon_pkg'
[0.577s] Level 1:colcon.colcon_core.package_identification:_identify(test_logs) by extensions ['colcon_meta']
[0.577s] Level 1:colcon.colcon_core.package_identification:_identify(test_logs) by extension 'colcon_meta'
[0.578s] Level 1:colcon.colcon_core.package_identification:_identify(test_logs) by extensions ['ros']
[0.578s] Level 1:colcon.colcon_core.package_identification:_identify(test_logs) by extension 'ros'
[0.578s] Level 1:colcon.colcon_core.package_identification:_identify(test_logs) by extensions ['cmake', 'python']
[0.578s] Level 1:colcon.colcon_core.package_identification:_identify(test_logs) by extension 'cmake'
[0.578s] Level 1:colcon.colcon_core.package_identification:_identify(test_logs) by extension 'python'
[0.578s] Level 1:colcon.colcon_core.package_identification:_identify(test_logs) by extensions ['python_setup_py']
[0.578s] Level 1:colcon.colcon_core.package_identification:_identify(test_logs) by extension 'python_setup_py'
[0.578s] Level 1:colcon.colcon_core.package_identification:_identify(test_logs/anomaly_test_20251006_210630) by extensions ['ignore', 'ignore_ament_install']
[0.579s] Level 1:colcon.colcon_core.package_identification:_identify(test_logs/anomaly_test_20251006_210630) by extension 'ignore'
[0.579s] Level 1:colcon.colcon_core.package_identification:_identify(test_logs/anomaly_test_20251006_210630) by extension 'ignore_ament_install'
[0.579s] Level 1:colcon.colcon_core.package_identification:_identify(test_logs/anomaly_test_20251006_210630) by extensions ['colcon_pkg']
[0.579s] Level 1:colcon.colcon_core.package_identification:_identify(test_logs/anomaly_test_20251006_210630) by extension 'colcon_pkg'
[0.579s] Level 1:colcon.colcon_core.package_identification:_identify(test_logs/anomaly_test_20251006_210630) by extensions ['colcon_meta']
[0.579s] Level 1:colcon.colcon_core.package_identification:_identify(test_logs/anomaly_test_20251006_210630) by extension 'colcon_meta'
[0.579s] Level 1:colcon.colcon_core.package_identification:_identify(test_logs/anomaly_test_20251006_210630) by extensions ['ros']
[0.579s] Level 1:colcon.colcon_core.package_identification:_identify(test_logs/anomaly_test_20251006_210630) by extension 'ros'
[0.580s] Level 1:colcon.colcon_core.package_identification:_identify(test_logs/anomaly_test_20251006_210630) by extensions ['cmake', 'python']
[0.580s] Level 1:colcon.colcon_core.package_identification:_identify(test_logs/anomaly_test_20251006_210630) by extension 'cmake'
[0.580s] Level 1:colcon.colcon_core.package_identification:_identify(test_logs/anomaly_test_20251006_210630) by extension 'python'
[0.580s] Level 1:colcon.colcon_core.package_identification:_identify(test_logs/anomaly_test_20251006_210630) by extensions ['python_setup_py']
[0.580s] Level 1:colcon.colcon_core.package_identification:_identify(test_logs/anomaly_test_20251006_210630) by extension 'python_setup_py'
[0.580s] Level 1:colcon.colcon_core.package_identification:_identify(test_logs/anomaly_test_20251006_215703) by extensions ['ignore', 'ignore_ament_install']
[0.580s] Level 1:colcon.colcon_core.package_identification:_identify(test_logs/anomaly_test_20251006_215703) by extension 'ignore'
[0.581s] Level 1:colcon.colcon_core.package_identification:_identify(test_logs/anomaly_test_20251006_215703) by extension 'ignore_ament_install'
[0.581s] Level 1:colcon.colcon_core.package_identification:_identify(test_logs/anomaly_test_20251006_215703) by extensions ['colcon_pkg']
[0.581s] Level 1:colcon.colcon_core.package_identification:_identify(test_logs/anomaly_test_20251006_215703) by extension 'colcon_pkg'
[0.581s] Level 1:colcon.colcon_core.package_identification:_identify(test_logs/anomaly_test_20251006_215703) by extensions ['colcon_meta']
[0.581s] Level 1:colcon.colcon_core.package_identification:_identify(test_logs/anomaly_test_20251006_215703) by extension 'colcon_meta'
[0.581s] Level 1:colcon.colcon_core.package_identification:_identify(test_logs/anomaly_test_20251006_215703) by extensions ['ros']
[0.581s] Level 1:colcon.colcon_core.package_identification:_identify(test_logs/anomaly_test_20251006_215703) by extension 'ros'
[0.582s] Level 1:colcon.colcon_core.package_identification:_identify(test_logs/anomaly_test_20251006_215703) by extensions ['cmake', 'python']
[0.582s] Level 1:colcon.colcon_core.package_identification:_identify(test_logs/anomaly_test_20251006_215703) by extension 'cmake'
[0.582s] Level 1:colcon.colcon_core.package_identification:_identify(test_logs/anomaly_test_20251006_215703) by extension 'python'
[0.582s] Level 1:colcon.colcon_core.package_identification:_identify(test_logs/anomaly_test_20251006_215703) by extensions ['python_setup_py']
[0.582s] Level 1:colcon.colcon_core.package_identification:_identify(test_logs/anomaly_test_20251006_215703) by extension 'python_setup_py'
[0.582s] Level 1:colcon.colcon_core.package_discovery:discover_packages(recursive) using defaults
[0.582s] Level 1:colcon.colcon_core.package_discovery:discover_packages(ignore) discover
[0.582s] Level 1:colcon.colcon_core.package_discovery:discover_packages(ignore) using defaults
[0.582s] Level 1:colcon.colcon_core.package_discovery:discover_packages(path) discover
[0.582s] Level 1:colcon.colcon_core.package_discovery:discover_packages(path) using defaults
[0.627s] Level 1:colcon.colcon_core.package_discovery:discover_packages(prefix_path) check parameters
[0.627s] Level 1:colcon.colcon_core.package_discovery:discover_packages(prefix_path) discover
[0.632s] DEBUG:colcon.colcon_installed_package_information.package_discovery:Found 3 installed packages in /home/anas/ros2_ws/install
[0.639s] DEBUG:colcon.colcon_installed_package_information.package_discovery:Found 285 installed packages in /opt/ros/jazzy
[0.643s] Level 1:colcon.colcon_core.package_discovery:discover_packages(prefix_path) using defaults
[0.773s] Level 5:colcon.colcon_core.verb:set package 'doctor_engine' build argument 'cmake_args' from command line to 'None'
[0.773s] Level 5:colcon.colcon_core.verb:set package 'doctor_engine' build argument 'cmake_target' from command line to 'None'
[0.774s] Level 5:colcon.colcon_core.verb:set package 'doctor_engine' build argument 'cmake_target_skip_unavailable' from command line to 'False'
[0.774s] Level 5:colcon.colcon_core.verb:set package 'doctor_engine' build argument 'cmake_clean_cache' from command line to 'False'
[0.774s] Level 5:colcon.colcon_core.verb:set package 'doctor_engine' build argument 'cmake_clean_first' from command line to 'False'
[0.774s] Level 5:colcon.colcon_core.verb:set package 'doctor_engine' build argument 'cmake_force_configure' from command line to 'False'
[0.774s] Level 5:colcon.colcon_core.verb:set package 'doctor_engine' build argument 'ament_cmake_args' from command line to 'None'
[0.774s] Level 5:colcon.colcon_core.verb:set package 'doctor_engine' build argument 'catkin_cmake_args' from command line to 'None'
[0.774s] Level 5:colcon.colcon_core.verb:set package 'doctor_engine' build argument 'catkin_skip_building_tests' from command line to 'False'
[0.774s] DEBUG:colcon.colcon_core.verb:Building package 'doctor_engine' with the following arguments: {'ament_cmake_args': None, 'build_base': '/home/anas/ros2_ws/build/doctor_engine', 'catkin_cmake_args': None, 'catkin_skip_building_tests': False, 'cmake_args': None, 'cmake_clean_cache': False, 'cmake_clean_first': False, 'cmake_force_configure': False, 'cmake_target': None, 'cmake_target_skip_unavailable': False, 'install_base': '/home/anas/ros2_ws/install/doctor_engine', 'merge_install': False, 'path': '/home/anas/ros2_ws/src/doctor_engine', 'symlink_install': False, 'test_result_base': None}
[0.775s] Level 5:colcon.colcon_core.verb:set package 'patient_engine' build argument 'cmake_args' from command line to 'None'
[0.775s] Level 5:colcon.colcon_core.verb:set package 'patient_engine' build argument 'cmake_target' from command line to 'None'
[0.775s] Level 5:colcon.colcon_core.verb:set package 'patient_engine' build argument 'cmake_target_skip_unavailable' from command line to 'False'
[0.775s] Level 5:colcon.colcon_core.verb:set package 'patient_engine' build argument 'cmake_clean_cache' from command line to 'False'
[0.775s] Level 5:colcon.colcon_core.verb:set package 'patient_engine' build argument 'cmake_clean_first' from command line to 'False'
[0.775s] Level 5:colcon.colcon_core.verb:set package 'patient_engine' build argument 'cmake_force_configure' from command line to 'False'
[0.775s] Level 5:colcon.colcon_core.verb:set package 'patient_engine' build argument 'ament_cmake_args' from command line to 'None'
[0.775s] Level 5:colcon.colcon_core.verb:set package 'patient_engine' build argument 'catkin_cmake_args' from command line to 'None'
[0.775s] Level 5:colcon.colcon_core.verb:set package 'patient_engine' build argument 'catkin_skip_building_tests' from command line to 'False'
[0.775s] DEBUG:colcon.colcon_core.verb:Building package 'patient_engine' with the following arguments: {'ament_cmake_args': None, 'build_base': '/home/anas/ros2_ws/build/patient_engine', 'catkin_cmake_args': None, 'catkin_skip_building_tests': False, 'cmake_args': None, 'cmake_clean_cache': False, 'cmake_clean_first': False, 'cmake_force_configure': False, 'cmake_target': None, 'cmake_target_skip_unavailable': False, 'install_base': '/home/anas/ros2_ws/install/patient_engine', 'merge_install': False, 'path': '/home/anas/ros2_ws/src/patient_engine', 'symlink_install': False, 'test_result_base': None}
[0.776s] Level 5:colcon.colcon_core.verb:set package 'wrist_replay' build argument 'cmake_args' from command line to 'None'
[0.776s] Level 5:colcon.colcon_core.verb:set package 'wrist_replay' build argument 'cmake_target' from command line to 'None'
[0.776s] Level 5:colcon.colcon_core.verb:set package 'wrist_replay' build argument 'cmake_target_skip_unavailable' from command line to 'False'
[0.776s] Level 5:colcon.colcon_core.verb:set package 'wrist_replay' build argument 'cmake_clean_cache' from command line to 'False'
[0.776s] Level 5:colcon.colcon_core.verb:set package 'wrist_replay' build argument 'cmake_clean_first' from command line to 'False'
[0.776s] Level 5:colcon.colcon_core.verb:set package 'wrist_replay' build argument 'cmake_force_configure' from command line to 'False'
[0.776s] Level 5:colcon.colcon_core.verb:set package 'wrist_replay' build argument 'ament_cmake_args' from command line to 'None'
[0.776s] Level 5:colcon.colcon_core.verb:set package 'wrist_replay' build argument 'catkin_cmake_args' from command line to 'None'
[0.776s] Level 5:colcon.colcon_core.verb:set package 'wrist_replay' build argument 'catkin_skip_building_tests' from command line to 'False'
[0.776s] DEBUG:colcon.colcon_core.verb:Building package 'wrist_replay' with the following arguments: {'ament_cmake_args': None, 'build_base': '/home/anas/ros2_ws/build/wrist_replay', 'catkin_cmake_args': None, 'catkin_skip_building_tests': False, 'cmake_args': None, 'cmake_clean_cache': False, 'cmake_clean_first': False, 'cmake_force_configure': False, 'cmake_target': None, 'cmake_target_skip_unavailable': False, 'install_base': '/home/anas/ros2_ws/install/wrist_replay', 'merge_install': False, 'path': '/home/anas/ros2_ws/src/wrist_replay', 'symlink_install': False, 'test_result_base': None}
[0.776s] INFO:colcon.colcon_core.executor:Executing jobs using 'parallel' executor
[0.778s] DEBUG:colcon.colcon_parallel_executor.executor.parallel:run_until_complete
[0.778s] INFO:colcon.colcon_ros.task.ament_python.build:Building ROS package in '/home/anas/ros2_ws/src/doctor_engine' with build type 'ament_python'
[0.778s] Level 1:colcon.colcon_core.shell:create_environment_hook('doctor_engine', 'ament_prefix_path')
[0.785s] INFO:colcon.colcon_core.plugin_system:Skipping extension 'colcon_core.shell.bat': Not used on non-Windows systems
[0.786s] INFO:colcon.colcon_core.shell:Creating environment hook '/home/anas/ros2_ws/install/doctor_engine/share/doctor_engine/hook/ament_prefix_path.ps1'
[0.787s] INFO:colcon.colcon_core.shell:Creating environment descriptor '/home/anas/ros2_ws/install/doctor_engine/share/doctor_engine/hook/ament_prefix_path.dsv'
[0.788s] INFO:colcon.colcon_core.shell:Creating environment hook '/home/anas/ros2_ws/install/doctor_engine/share/doctor_engine/hook/ament_prefix_path.sh'
[0.789s] INFO:colcon.colcon_core.shell:Skip shell extension 'powershell' for command environment: Not usable outside of PowerShell
[0.789s] DEBUG:colcon.colcon_core.shell:Skip shell extension 'dsv' for command environment
[0.802s] INFO:colcon.colcon_ros.task.ament_python.build:Building ROS package in '/home/anas/ros2_ws/src/patient_engine' with build type 'ament_python'
[0.802s] Level 1:colcon.colcon_core.shell:create_environment_hook('patient_engine', 'ament_prefix_path')
[0.803s] INFO:colcon.colcon_core.shell:Creating environment hook '/home/anas/ros2_ws/install/patient_engine/share/patient_engine/hook/ament_prefix_path.ps1'
[0.806s] INFO:colcon.colcon_core.shell:Creating environment descriptor '/home/anas/ros2_ws/install/patient_engine/share/patient_engine/hook/ament_prefix_path.dsv'
[0.806s] INFO:colcon.colcon_core.shell:Creating environment hook '/home/anas/ros2_ws/install/patient_engine/share/patient_engine/hook/ament_prefix_path.sh'
[0.809s] INFO:colcon.colcon_core.shell:Skip shell extension 'powershell' for command environment: Not usable outside of PowerShell
[0.809s] DEBUG:colcon.colcon_core.shell:Skip shell extension 'dsv' for command environment
[0.826s] INFO:colcon.colcon_ros.task.ament_python.build:Building ROS package in '/home/anas/ros2_ws/src/wrist_replay' with build type 'ament_python'
[0.826s] Level 1:colcon.colcon_core.shell:create_environment_hook('wrist_replay', 'ament_prefix_path')
[0.827s] INFO:colcon.colcon_core.shell:Creating environment hook '/home/anas/ros2_ws/install/wrist_replay/share/wrist_replay/hook/ament_prefix_path.ps1'
[0.828s] INFO:colcon.colcon_core.shell:Creating environment descriptor '/home/anas/ros2_ws/install/wrist_replay/share/wrist_replay/hook/ament_prefix_path.dsv'
[0.829s] INFO:colcon.colcon_core.shell:Creating environment hook '/home/anas/ros2_ws/install/wrist_replay/share/wrist_replay/hook/ament_prefix_path.sh'
[0.830s] INFO:colcon.colcon_core.shell:Skip shell extension 'powershell' for command environment: Not usable outside of PowerShell
[0.830s] DEBUG:colcon.colcon_core.shell:Skip shell extension 'dsv' for command environment
[1.688s] INFO:colcon.colcon_core.task.python.build:Building Python package in '/home/anas/ros2_ws/src/doctor_engine'
[1.688s] INFO:colcon.colcon_core.shell:Skip shell extension 'powershell' for command environment: Not usable outside of PowerShell
[1.688s] DEBUG:colcon.colcon_core.shell:Skip shell extension 'dsv' for command environment
[2.707s] INFO:colcon.colcon_core.task.python.build:Building Python package in '/home/anas/ros2_ws/src/wrist_replay'
[2.708s] INFO:colcon.colcon_core.shell:Skip shell extension 'powershell' for command environment: Not usable outside of PowerShell
[2.708s] DEBUG:colcon.colcon_core.shell:Skip shell extension 'dsv' for command environment
[3.431s] INFO:colcon.colcon_core.task.python.build:Building Python package in '/home/anas/ros2_ws/src/patient_engine'
[3.431s] INFO:colcon.colcon_core.shell:Skip shell extension 'powershell' for command environment: Not usable outside of PowerShell
[3.431s] DEBUG:colcon.colcon_core.shell:Skip shell extension 'dsv' for command environment
[6.359s] DEBUG:colcon.colcon_core.event_handler.log_command:Invoking command in '/home/anas/ros2_ws/src/patient_engine': DEBUGINFOD_URLS=https://debuginfod.ubuntu.com PYTHONPATH=/home/anas/ros2_ws/build/patient_engine/prefix_override:/usr/lib/python3/dist-packages/colcon_core/task/python/colcon_distutils_commands:/home/anas/ros2_ws/install/patient_engine/lib/python3.12/site-packages:${PYTHONPATH} /usr/bin/python3 -W ignore:setup.py install is deprecated -W ignore:easy_install command is deprecated setup.py egg_info --egg-base ../../build/patient_engine build --build-base /home/anas/ros2_ws/build/patient_engine/build install --record /home/anas/ros2_ws/build/patient_engine/install.log --single-version-externally-managed install_data
[6.575s] DEBUG:colcon.colcon_core.event_handler.log_command:Invoking command in '/home/anas/ros2_ws/src/doctor_engine': DEBUGINFOD_URLS=https://debuginfod.ubuntu.com PYTHONPATH=/home/anas/ros2_ws/build/doctor_engine/prefix_override:/usr/lib/python3/dist-packages/colcon_core/task/python/colcon_distutils_commands:/home/anas/ros2_ws/install/doctor_engine/lib/python3.12/site-packages:${PYTHONPATH} /usr/bin/python3 -W ignore:setup.py install is deprecated -W ignore:easy_install command is deprecated setup.py egg_info --egg-base ../../build/doctor_engine build --build-base /home/anas/ros2_ws/build/doctor_engine/build install --record /home/anas/ros2_ws/build/doctor_engine/install.log --single-version-externally-managed install_data
[6.614s] DEBUG:colcon.colcon_core.event_handler.log_command:Invoking command in '/home/anas/ros2_ws/src/wrist_replay': DEBUGINFOD_URLS=https://debuginfod.ubuntu.com PYTHONPATH=/home/anas/ros2_ws/build/wrist_replay/prefix_override:/usr/lib/python3/dist-packages/colcon_core/task/python/colcon_distutils_commands:/home/anas/ros2_ws/install/wrist_replay/lib/python3.12/site-packages:${PYTHONPATH} /usr/bin/python3 -W ignore:setup.py install is deprecated -W ignore:easy_install command is deprecated setup.py egg_info --egg-base ../../build/wrist_replay build --build-base /home/anas/ros2_ws/build/wrist_replay/build install --record /home/anas/ros2_ws/build/wrist_replay/install.log --single-version-externally-managed install_data
[8.670s] DEBUG:colcon.colcon_core.event_handler.log_command:Invoked command in '/home/anas/ros2_ws/src/patient_engine' returned '0': DEBUGINFOD_URLS=https://debuginfod.ubuntu.com PYTHONPATH=/home/anas/ros2_ws/build/patient_engine/prefix_override:/usr/lib/python3/dist-packages/colcon_core/task/python/colcon_distutils_commands:/home/anas/ros2_ws/install/patient_engine/lib/python3.12/site-packages:${PYTHONPATH} /usr/bin/python3 -W ignore:setup.py install is deprecated -W ignore:easy_install command is deprecated setup.py egg_info --egg-base ../../build/patient_engine build --build-base /home/anas/ros2_ws/build/patient_engine/build install --record /home/anas/ros2_ws/build/patient_engine/install.log --single-version-externally-managed install_data
[8.694s] Level 1:colcon.colcon_core.environment:checking '/home/anas/ros2_ws/install/patient_engine' for CMake module files
[8.700s] Level 1:colcon.colcon_core.environment:checking '/home/anas/ros2_ws/install/patient_engine' for CMake config files
[8.707s] Level 1:colcon.colcon_core.environment:checking '/home/anas/ros2_ws/install/patient_engine/lib'
[8.708s] Level 1:colcon.colcon_core.environment:checking '/home/anas/ros2_ws/install/patient_engine/bin'
[8.708s] Level 1:colcon.colcon_core.environment:checking '/home/anas/ros2_ws/install/patient_engine/lib/pkgconfig/patient_engine.pc'
[8.711s] Level 1:colcon.colcon_core.environment:checking '/home/anas/ros2_ws/install/patient_engine/lib/python3.12/site-packages'
[8.711s] Level 1:colcon.colcon_core.shell:create_environment_hook('patient_engine', 'pythonpath')
[8.712s] INFO:colcon.colcon_core.shell:Creating environment hook '/home/anas/ros2_ws/install/patient_engine/share/patient_engine/hook/pythonpath.ps1'
[8.713s] INFO:colcon.colcon_core.shell:Creating environment descriptor '/home/anas/ros2_ws/install/patient_engine/share/patient_engine/hook/pythonpath.dsv'
[8.718s] INFO:colcon.colcon_core.shell:Creating environment hook '/home/anas/ros2_ws/install/patient_engine/share/patient_engine/hook/pythonpath.sh'
[8.720s] Level 1:colcon.colcon_core.environment:checking '/home/anas/ros2_ws/install/patient_engine/bin'
[8.720s] Level 1:colcon.colcon_core.environment:create_environment_scripts_only(patient_engine)
[8.721s] INFO:colcon.colcon_core.shell:Creating package script '/home/anas/ros2_ws/install/patient_engine/share/patient_engine/package.ps1'
[8.723s] INFO:colcon.colcon_core.shell:Creating package descriptor '/home/anas/ros2_ws/install/patient_engine/share/patient_engine/package.dsv'
[8.725s] INFO:colcon.colcon_core.shell:Creating package script '/home/anas/ros2_ws/install/patient_engine/share/patient_engine/package.sh'
[8.727s] INFO:colcon.colcon_core.shell:Creating package script '/home/anas/ros2_ws/install/patient_engine/share/patient_engine/package.bash'
[8.729s] INFO:colcon.colcon_core.shell:Creating package script '/home/anas/ros2_ws/install/patient_engine/share/patient_engine/package.zsh'
[8.737s] Level 1:colcon.colcon_core.environment:create_file_with_runtime_dependencies(/home/anas/ros2_ws/install/patient_engine/share/colcon-core/packages/patient_engine)
[9.407s] Level 1:colcon.colcon_core.environment:checking '/home/anas/ros2_ws/install/wrist_replay' for CMake module files
[9.409s] DEBUG:colcon.colcon_core.event_handler.log_command:Invoked command in '/home/anas/ros2_ws/src/wrist_replay' returned '0': DEBUGINFOD_URLS=https://debuginfod.ubuntu.com PYTHONPATH=/home/anas/ros2_ws/build/wrist_replay/prefix_override:/usr/lib/python3/dist-packages/colcon_core/task/python/colcon_distutils_commands:/home/anas/ros2_ws/install/wrist_replay/lib/python3.12/site-packages:${PYTHONPATH} /usr/bin/python3 -W ignore:setup.py install is deprecated -W ignore:easy_install command is deprecated setup.py egg_info --egg-base ../../build/wrist_replay build --build-base /home/anas/ros2_ws/build/wrist_replay/build install --record /home/anas/ros2_ws/build/wrist_replay/install.log --single-version-externally-managed install_data
[9.410s] Level 1:colcon.colcon_core.environment:checking '/home/anas/ros2_ws/install/wrist_replay' for CMake config files
[9.412s] Level 1:colcon.colcon_core.environment:checking '/home/anas/ros2_ws/install/wrist_replay/lib'
[9.412s] Level 1:colcon.colcon_core.environment:checking '/home/anas/ros2_ws/install/wrist_replay/bin'
[9.412s] Level 1:colcon.colcon_core.environment:checking '/home/anas/ros2_ws/install/wrist_replay/lib/pkgconfig/wrist_replay.pc'
[9.413s] Level 1:colcon.colcon_core.environment:checking '/home/anas/ros2_ws/install/wrist_replay/lib/python3.12/site-packages'
[9.413s] Level 1:colcon.colcon_core.shell:create_environment_hook('wrist_replay', 'pythonpath')
[9.413s] INFO:colcon.colcon_core.shell:Creating environment hook '/home/anas/ros2_ws/install/wrist_replay/share/wrist_replay/hook/pythonpath.ps1'
[9.414s] INFO:colcon.colcon_core.shell:Creating environment descriptor '/home/anas/ros2_ws/install/wrist_replay/share/wrist_replay/hook/pythonpath.dsv'
[9.415s] INFO:colcon.colcon_core.shell:Creating environment hook '/home/anas/ros2_ws/install/wrist_replay/share/wrist_replay/hook/pythonpath.sh'
[9.417s] Level 1:colcon.colcon_core.environment:checking '/home/anas/ros2_ws/install/wrist_replay/bin'
[9.417s] Level 1:colcon.colcon_core.environment:create_environment_scripts_only(wrist_replay)
[9.417s] INFO:colcon.colcon_core.shell:Creating package script '/home/anas/ros2_ws/install/wrist_replay/share/wrist_replay/package.ps1'
[9.418s] INFO:colcon.colcon_core.shell:Creating package descriptor '/home/anas/ros2_ws/install/wrist_replay/share/wrist_replay/package.dsv'
[9.421s] INFO:colcon.colcon_core.shell:Creating package script '/home/anas/ros2_ws/install/wrist_replay/share/wrist_replay/package.sh'
[9.422s] INFO:colcon.colcon_core.shell:Creating package script '/home/anas/ros2_ws/install/wrist_replay/share/wrist_replay/package.bash'
[9.423s] INFO:colcon.colcon_core.shell:Creating package script '/home/anas/ros2_ws/install/wrist_replay/share/wrist_replay/package.zsh'
[9.424s] Level 1:colcon.colcon_core.environment:create_file_with_runtime_dependencies(/home/anas/ros2_ws/install/wrist_replay/share/colcon-core/packages/wrist_replay)
[9.506s] Level 1:colcon.colcon_core.environment:checking '/home/anas/ros2_ws/install/doctor_engine' for CMake module files
[9.507s] DEBUG:colcon.colcon_core.event_handler.log_command:Invoked command in '/home/anas/ros2_ws/src/doctor_engine' returned '0': DEBUGINFOD_URLS=https://debuginfod.ubuntu.com PYTHONPATH=/home/anas/ros2_ws/build/doctor_engine/prefix_override:/usr/lib/python3/dist-packages/colcon_core/task/python/colcon_distutils_commands:/home/anas/ros2_ws/install/doctor_engine/lib/python3.12/site-packages:${PYTHONPATH} /usr/bin/python3 -W ignore:setup.py install is deprecated -W ignore:easy_install command is deprecated setup.py egg_info --egg-base ../../build/doctor_engine build --build-base /home/anas/ros2_ws/build/doctor_engine/build install --record /home/anas/ros2_ws/build/doctor_engine/install.log --single-version-externally-managed install_data
[9.509s] Level 1:colcon.colcon_core.environment:checking '/home/anas/ros2_ws/install/doctor_engine' for CMake config files
[9.514s] Level 1:colcon.colcon_core.environment:checking '/home/anas/ros2_ws/install/doctor_engine/lib'
[9.514s] Level 1:colcon.colcon_core.environment:checking '/home/anas/ros2_ws/install/doctor_engine/bin'
[9.515s] Level 1:colcon.colcon_core.environment:checking '/home/anas/ros2_ws/install/doctor_engine/lib/pkgconfig/doctor_engine.pc'
[9.515s] Level 1:colcon.colcon_core.environment:checking '/home/anas/ros2_ws/install/doctor_engine/lib/python3.12/site-packages'
[9.515s] Level 1:colcon.colcon_core.shell:create_environment_hook('doctor_engine', 'pythonpath')
[9.516s] INFO:colcon.colcon_core.shell:Creating environment hook '/home/anas/ros2_ws/install/doctor_engine/share/doctor_engine/hook/pythonpath.ps1'
[9.516s] INFO:colcon.colcon_core.shell:Creating environment descriptor '/home/anas/ros2_ws/install/doctor_engine/share/doctor_engine/hook/pythonpath.dsv'
[9.517s] INFO:colcon.colcon_core.shell:Creating environment hook '/home/anas/ros2_ws/install/doctor_engine/share/doctor_engine/hook/pythonpath.sh'
[9.519s] Level 1:colcon.colcon_core.environment:checking '/home/anas/ros2_ws/install/doctor_engine/bin'
[9.519s] Level 1:colcon.colcon_core.environment:create_environment_scripts_only(doctor_engine)
[9.519s] INFO:colcon.colcon_core.shell:Creating package script '/home/anas/ros2_ws/install/doctor_engine/share/doctor_engine/package.ps1'
[9.520s] INFO:colcon.colcon_core.shell:Creating package descriptor '/home/anas/ros2_ws/install/doctor_engine/share/doctor_engine/package.dsv'
[9.521s] INFO:colcon.colcon_core.shell:Creating package script '/home/anas/ros2_ws/install/doctor_engine/share/doctor_engine/package.sh'
[9.522s] INFO:colcon.colcon_core.shell:Creating package script '/home/anas/ros2_ws/install/doctor_engine/share/doctor_engine/package.bash'
[9.523s] INFO:colcon.colcon_core.shell:Creating package script '/home/anas/ros2_ws/install/doctor_engine/share/doctor_engine/package.zsh'
[9.524s] Level 1:colcon.colcon_core.environment:create_file_with_runtime_dependencies(/home/anas/ros2_ws/install/doctor_engine/share/colcon-core/packages/doctor_engine)
[9.525s] DEBUG:colcon.colcon_parallel_executor.executor.parallel:closing loop
[9.526s] DEBUG:colcon.colcon_parallel_executor.executor.parallel:loop closed
[9.526s] DEBUG:colcon.colcon_parallel_executor.executor.parallel:run_until_complete finished with '0'
[9.526s] DEBUG:colcon.colcon_core.event_reactor:joining thread
[9.552s] INFO:colcon.colcon_core.plugin_system:Skipping extension 'colcon_notification.desktop_notification.terminal_notifier': Not used on non-Darwin systems
[9.552s] INFO:colcon.colcon_core.plugin_system:Skipping extension 'colcon_notification.desktop_notification.win32': Not used on non-Windows systems
[9.552s] INFO:colcon.colcon_notification.desktop_notification:Sending desktop notification using 'notify2'
[9.622s] DEBUG:colcon.colcon_core.event_reactor:joined thread
[9.622s] INFO:colcon.colcon_core.shell:Creating prefix script '/home/anas/ros2_ws/install/local_setup.ps1'
[9.624s] INFO:colcon.colcon_core.shell:Creating prefix util module '/home/anas/ros2_ws/install/_local_setup_util_ps1.py'
[9.629s] INFO:colcon.colcon_core.shell:Creating prefix chain script '/home/anas/ros2_ws/install/setup.ps1'
[9.654s] INFO:colcon.colcon_core.shell:Creating prefix script '/home/anas/ros2_ws/install/local_setup.sh'
[9.657s] INFO:colcon.colcon_core.shell:Creating prefix util module '/home/anas/ros2_ws/install/_local_setup_util_sh.py'
[9.664s] INFO:colcon.colcon_core.shell:Creating prefix chain script '/home/anas/ros2_ws/install/setup.sh'
[9.680s] INFO:colcon.colcon_core.shell:Creating prefix script '/home/anas/ros2_ws/install/local_setup.bash'
[9.682s] INFO:colcon.colcon_core.shell:Creating prefix chain script '/home/anas/ros2_ws/install/setup.bash'
[9.689s] INFO:colcon.colcon_core.shell:Creating prefix script '/home/anas/ros2_ws/install/local_setup.zsh'
[9.694s] INFO:colcon.colcon_core.shell:Creating prefix chain script '/home/anas/ros2_ws/install/setup.zsh'
