[1.134s] Invoking command in '/home/anas/ros2_ws/src/doctor_engine': DEBUGINFOD_URLS=https://debuginfod.ubuntu.com PYTHONPATH=/home/anas/ros2_ws/build/doctor_engine/prefix_override:/usr/lib/python3/dist-packages/colcon_core/task/python/colcon_distutils_commands:/home/anas/ros2_ws/install/doctor_engine/lib/python3.12/site-packages:${PYTHONPATH} /usr/bin/python3 -W ignore:setup.py install is deprecated -W ignore:easy_install command is deprecated setup.py egg_info --egg-base ../../build/doctor_engine build --build-base /home/anas/ros2_ws/build/doctor_engine/build install --record /home/anas/ros2_ws/build/doctor_engine/install.log --single-version-externally-managed install_data
[1.290s] running egg_info
[1.300s] writing ../../build/doctor_engine/doctor_engine.egg-info/PKG-INFO
[1.300s] writing dependency_links to ../../build/doctor_engine/doctor_engine.egg-info/dependency_links.txt
[1.301s] writing entry points to ../../build/doctor_engine/doctor_engine.egg-info/entry_points.txt
[1.301s] writing requirements to ../../build/doctor_engine/doctor_engine.egg-info/requires.txt
[1.303s] writing top-level names to ../../build/doctor_engine/doctor_engine.egg-info/top_level.txt
[1.323s] reading manifest file '../../build/doctor_engine/doctor_engine.egg-info/SOURCES.txt'
[1.324s] writing manifest file '../../build/doctor_engine/doctor_engine.egg-info/SOURCES.txt'
[1.324s] running build
[1.324s] running build_py
[1.325s] copying doctor_engine/nodes/doctor_role_manager.py -> /home/anas/ros2_ws/build/doctor_engine/build/lib/doctor_engine/nodes
[1.325s] copying doctor_engine/nodes/dxl_doctor_haptic_driver.py -> /home/anas/ros2_ws/build/doctor_engine/build/lib/doctor_engine/nodes
[1.325s] running install
[1.329s] running install_lib
[1.339s] copying /home/anas/ros2_ws/build/doctor_engine/build/lib/doctor_engine/nodes/doctor_role_manager.py -> /home/anas/ros2_ws/install/doctor_engine/lib/python3.12/site-packages/doctor_engine/nodes
[1.339s] copying /home/anas/ros2_ws/build/doctor_engine/build/lib/doctor_engine/nodes/dxl_doctor_haptic_driver.py -> /home/anas/ros2_ws/install/doctor_engine/lib/python3.12/site-packages/doctor_engine/nodes
[1.340s] byte-compiling /home/anas/ros2_ws/install/doctor_engine/lib/python3.12/site-packages/doctor_engine/nodes/doctor_role_manager.py to doctor_role_manager.cpython-312.pyc
[1.340s] byte-compiling /home/anas/ros2_ws/install/doctor_engine/lib/python3.12/site-packages/doctor_engine/nodes/dxl_doctor_haptic_driver.py to dxl_doctor_haptic_driver.cpython-312.pyc
[1.342s] running install_data
[1.342s] running install_egg_info
[1.353s] removing '/home/anas/ros2_ws/install/doctor_engine/lib/python3.12/site-packages/doctor_engine-0.0.1-py3.12.egg-info' (and everything under it)
[1.354s] Copying ../../build/doctor_engine/doctor_engine.egg-info to /home/anas/ros2_ws/install/doctor_engine/lib/python3.12/site-packages/doctor_engine-0.0.1-py3.12.egg-info
[1.355s] running install_scripts
[1.431s] Installing doctor_mqtt_bridge script to /home/anas/ros2_ws/install/doctor_engine/lib/doctor_engine
[1.431s] Installing doctor_node script to /home/anas/ros2_ws/install/doctor_engine/lib/doctor_engine
[1.432s] writing list of installed files to '/home/anas/ros2_ws/build/doctor_engine/install.log'
[1.465s] Invoked command in '/home/anas/ros2_ws/src/doctor_engine' returned '0': DEBUGINFOD_URLS=https://debuginfod.ubuntu.com PYTHONPATH=/home/anas/ros2_ws/build/doctor_engine/prefix_override:/usr/lib/python3/dist-packages/colcon_core/task/python/colcon_distutils_commands:/home/anas/ros2_ws/install/doctor_engine/lib/python3.12/site-packages:${PYTHONPATH} /usr/bin/python3 -W ignore:setup.py install is deprecated -W ignore:easy_install command is deprecated setup.py egg_info --egg-base ../../build/doctor_engine build --build-base /home/anas/ros2_ws/build/doctor_engine/build install --record /home/anas/ros2_ws/build/doctor_engine/install.log --single-version-externally-managed install_data
