[4.835s] Invoking command in '/home/anas/ros2_ws/src/doctor_engine': DEBUGINFOD_URLS=https://debuginfod.ubuntu.com PYTHONPATH=/home/anas/ros2_ws/build/doctor_engine/prefix_override:/usr/lib/python3/dist-packages/colcon_core/task/python/colcon_distutils_commands:/home/anas/ros2_ws/install/doctor_engine/lib/python3.12/site-packages:${PYTHONPATH} /usr/bin/python3 -W ignore:setup.py install is deprecated -W ignore:easy_install command is deprecated setup.py egg_info --egg-base ../../build/doctor_engine build --build-base /home/anas/ros2_ws/build/doctor_engine/build install --record /home/anas/ros2_ws/build/doctor_engine/install.log --single-version-externally-managed install_data
[5.845s] running egg_info
[5.919s] writing ../../build/doctor_engine/doctor_engine.egg-info/PKG-INFO
[5.919s] writing dependency_links to ../../build/doctor_engine/doctor_engine.egg-info/dependency_links.txt
[5.920s] writing entry points to ../../build/doctor_engine/doctor_engine.egg-info/entry_points.txt
[5.920s] writing requirements to ../../build/doctor_engine/doctor_engine.egg-info/requires.txt
[5.920s] writing top-level names to ../../build/doctor_engine/doctor_engine.egg-info/top_level.txt
[6.035s] reading manifest file '../../build/doctor_engine/doctor_engine.egg-info/SOURCES.txt'
[6.037s] writing manifest file '../../build/doctor_engine/doctor_engine.egg-info/SOURCES.txt'
[6.039s] running build
[6.040s] running build_py
[6.040s] running install
[6.062s] running install_lib
[6.121s] running install_data
[6.121s] running install_egg_info
[6.204s] removing '/home/anas/ros2_ws/install/doctor_engine/lib/python3.12/site-packages/doctor_engine-0.0.1-py3.12.egg-info' (and everything under it)
[6.209s] Copying ../../build/doctor_engine/doctor_engine.egg-info to /home/anas/ros2_ws/install/doctor_engine/lib/python3.12/site-packages/doctor_engine-0.0.1-py3.12.egg-info
[6.225s] running install_scripts
[7.067s] Installing doctor_mqtt_bridge script to /home/anas/ros2_ws/install/doctor_engine/lib/doctor_engine
[7.067s] Installing doctor_node script to /home/anas/ros2_ws/install/doctor_engine/lib/doctor_engine
[7.067s] writing list of installed files to '/home/anas/ros2_ws/build/doctor_engine/install.log'
[7.157s] Invoked command in '/home/anas/ros2_ws/src/doctor_engine' returned '0': DEBUGINFOD_URLS=https://debuginfod.ubuntu.com PYTHONPATH=/home/anas/ros2_ws/build/doctor_engine/prefix_override:/usr/lib/python3/dist-packages/colcon_core/task/python/colcon_distutils_commands:/home/anas/ros2_ws/install/doctor_engine/lib/python3.12/site-packages:${PYTHONPATH} /usr/bin/python3 -W ignore:setup.py install is deprecated -W ignore:easy_install command is deprecated setup.py egg_info --egg-base ../../build/doctor_engine build --build-base /home/anas/ros2_ws/build/doctor_engine/build install --record /home/anas/ros2_ws/build/doctor_engine/install.log --single-version-externally-managed install_data
