[8.566s] Invoking command in '/home/anas/ros2_ws/src/wrist_replay': DEBUGINFOD_URLS=https://debuginfod.ubuntu.com PYTHONPATH=/home/anas/ros2_ws/build/wrist_replay/prefix_override:/usr/lib/python3/dist-packages/colcon_core/task/python/colcon_distutils_commands:/home/anas/ros2_ws/install/wrist_replay/lib/python3.12/site-packages:${PYTHONPATH} /usr/bin/python3 -W ignore:setup.py install is deprecated -W ignore:easy_install command is deprecated setup.py egg_info --egg-base ../../build/wrist_replay build --build-base /home/anas/ros2_ws/build/wrist_replay/build install --record /home/anas/ros2_ws/build/wrist_replay/install.log --single-version-externally-managed install_data
[11.564s] running egg_info
[11.707s] writing ../../build/wrist_replay/wrist_replay.egg-info/PKG-INFO
[11.708s] writing dependency_links to ../../build/wrist_replay/wrist_replay.egg-info/dependency_links.txt
[11.710s] writing entry points to ../../build/wrist_replay/wrist_replay.egg-info/entry_points.txt
[11.711s] writing requirements to ../../build/wrist_replay/wrist_replay.egg-info/requires.txt
[11.712s] writing top-level names to ../../build/wrist_replay/wrist_replay.egg-info/top_level.txt
[11.939s] reading manifest file '../../build/wrist_replay/wrist_replay.egg-info/SOURCES.txt'
[11.944s] writing manifest file '../../build/wrist_replay/wrist_replay.egg-info/SOURCES.txt'
[11.945s] running build
[11.946s] running build_py
[11.947s] running install
[11.980s] running install_lib
[12.067s] running install_data
[12.069s] running install_egg_info
[12.159s] removing '/home/anas/ros2_ws/install/wrist_replay/lib/python3.12/site-packages/wrist_replay-0.0.1-py3.12.egg-info' (and everything under it)
[12.161s] Copying ../../build/wrist_replay/wrist_replay.egg-info to /home/anas/ros2_ws/install/wrist_replay/lib/python3.12/site-packages/wrist_replay-0.0.1-py3.12.egg-info
[12.178s] running install_scripts
[13.715s] Installing replay_node script to /home/anas/ros2_ws/install/wrist_replay/lib/wrist_replay
[13.715s] writing list of installed files to '/home/anas/ros2_ws/build/wrist_replay/install.log'
[13.837s] Invoked command in '/home/anas/ros2_ws/src/wrist_replay' returned '0': DEBUGINFOD_URLS=https://debuginfod.ubuntu.com PYTHONPATH=/home/anas/ros2_ws/build/wrist_replay/prefix_override:/usr/lib/python3/dist-packages/colcon_core/task/python/colcon_distutils_commands:/home/anas/ros2_ws/install/wrist_replay/lib/python3.12/site-packages:${PYTHONPATH} /usr/bin/python3 -W ignore:setup.py install is deprecated -W ignore:easy_install command is deprecated setup.py egg_info --egg-base ../../build/wrist_replay build --build-base /home/anas/ros2_ws/build/wrist_replay/build install --record /home/anas/ros2_ws/build/wrist_replay/install.log --single-version-externally-managed install_data
