[0.715s] Invoking command in '/home/anas/ros2_ws/src/patient_engine': DEBUGINFOD_URLS=https://debuginfod.ubuntu.com PYTHONPATH=/home/anas/ros2_ws/build/patient_engine/prefix_override:/usr/lib/python3/dist-packages/colcon_core/task/python/colcon_distutils_commands:/home/anas/ros2_ws/install/patient_engine/lib/python3.12/site-packages:${PYTHONPATH} /usr/bin/python3 -W ignore:setup.py install is deprecated -W ignore:easy_install command is deprecated setup.py egg_info --egg-base ../../build/patient_engine build --build-base /home/anas/ros2_ws/build/patient_engine/build install --record /home/anas/ros2_ws/build/patient_engine/install.log --single-version-externally-managed install_data
[0.867s] running egg_info
[0.878s] writing ../../build/patient_engine/patient_engine.egg-info/PKG-INFO
[0.879s] writing dependency_links to ../../build/patient_engine/patient_engine.egg-info/dependency_links.txt
[0.879s] writing entry points to ../../build/patient_engine/patient_engine.egg-info/entry_points.txt
[0.879s] writing requirements to ../../build/patient_engine/patient_engine.egg-info/requires.txt
[0.879s] writing top-level names to ../../build/patient_engine/patient_engine.egg-info/top_level.txt
[0.903s] reading manifest file '../../build/patient_engine/patient_engine.egg-info/SOURCES.txt'
[0.904s] writing manifest file '../../build/patient_engine/patient_engine.egg-info/SOURCES.txt'
[0.904s] running build
[0.904s] running build_py
[0.905s] copying patient_engine/nodes/drivers/dxl_velocity_driver.py -> /home/anas/ros2_ws/build/patient_engine/build/lib/patient_engine/nodes/drivers
[0.905s] copying patient_engine/nodes/drivers/patient_velocity_controller.py -> /home/anas/ros2_ws/build/patient_engine/build/lib/patient_engine/nodes/drivers
[0.905s] copying patient_engine/nodes/drivers/dxl_torque_driver.py -> /home/anas/ros2_ws/build/patient_engine/build/lib/patient_engine/nodes/drivers
[0.906s] running install
[0.909s] running install_lib
[0.923s] copying /home/anas/ros2_ws/build/patient_engine/build/lib/patient_engine/nodes/drivers/dxl_velocity_driver.py -> /home/anas/ros2_ws/install/patient_engine/lib/python3.12/site-packages/patient_engine/nodes/drivers
[0.923s] copying /home/anas/ros2_ws/build/patient_engine/build/lib/patient_engine/nodes/drivers/patient_velocity_controller.py -> /home/anas/ros2_ws/install/patient_engine/lib/python3.12/site-packages/patient_engine/nodes/drivers
[0.923s] copying /home/anas/ros2_ws/build/patient_engine/build/lib/patient_engine/nodes/drivers/dxl_torque_driver.py -> /home/anas/ros2_ws/install/patient_engine/lib/python3.12/site-packages/patient_engine/nodes/drivers
[0.923s] byte-compiling /home/anas/ros2_ws/install/patient_engine/lib/python3.12/site-packages/patient_engine/nodes/drivers/dxl_velocity_driver.py to dxl_velocity_driver.cpython-312.pyc
[0.925s] byte-compiling /home/anas/ros2_ws/install/patient_engine/lib/python3.12/site-packages/patient_engine/nodes/drivers/patient_velocity_controller.py to patient_velocity_controller.cpython-312.pyc
[0.925s] byte-compiling /home/anas/ros2_ws/install/patient_engine/lib/python3.12/site-packages/patient_engine/nodes/drivers/dxl_torque_driver.py to dxl_torque_driver.cpython-312.pyc
[0.926s] running install_data
[0.927s] running install_egg_info
[0.939s] removing '/home/anas/ros2_ws/install/patient_engine/lib/python3.12/site-packages/patient_engine-0.1.1-py3.12.egg-info' (and everything under it)
[0.939s] Copying ../../build/patient_engine/patient_engine.egg-info to /home/anas/ros2_ws/install/patient_engine/lib/python3.12/site-packages/patient_engine-0.1.1-py3.12.egg-info
[0.939s] running install_scripts
[1.011s] Installing dxl_current_driver script to /home/anas/ros2_ws/install/patient_engine/lib/patient_engine
[1.011s] Installing dxl_position_driver script to /home/anas/ros2_ws/install/patient_engine/lib/patient_engine
[1.012s] Installing dxl_torque_driver script to /home/anas/ros2_ws/install/patient_engine/lib/patient_engine
[1.012s] Installing dxl_velocity_driver script to /home/anas/ros2_ws/install/patient_engine/lib/patient_engine
[1.013s] Installing motion_detector script to /home/anas/ros2_ws/install/patient_engine/lib/patient_engine
[1.013s] Installing network_detector script to /home/anas/ros2_ws/install/patient_engine/lib/patient_engine
[1.013s] Installing network_detector_scenario_test script to /home/anas/ros2_ws/install/patient_engine/lib/patient_engine
[1.013s] Installing patient_current_controller script to /home/anas/ros2_ws/install/patient_engine/lib/patient_engine
[1.013s] Installing patient_mqtt_bridge script to /home/anas/ros2_ws/install/patient_engine/lib/patient_engine
[1.013s] Installing patient_node script to /home/anas/ros2_ws/install/patient_engine/lib/patient_engine
[1.013s] Installing patient_orchestrator script to /home/anas/ros2_ws/install/patient_engine/lib/patient_engine
[1.013s] Installing patient_velocity_controller script to /home/anas/ros2_ws/install/patient_engine/lib/patient_engine
[1.014s] Installing stack_manager script to /home/anas/ros2_ws/install/patient_engine/lib/patient_engine
[1.014s] writing list of installed files to '/home/anas/ros2_ws/build/patient_engine/install.log'
[1.037s] Invoked command in '/home/anas/ros2_ws/src/patient_engine' returned '0': DEBUGINFOD_URLS=https://debuginfod.ubuntu.com PYTHONPATH=/home/anas/ros2_ws/build/patient_engine/prefix_override:/usr/lib/python3/dist-packages/colcon_core/task/python/colcon_distutils_commands:/home/anas/ros2_ws/install/patient_engine/lib/python3.12/site-packages:${PYTHONPATH} /usr/bin/python3 -W ignore:setup.py install is deprecated -W ignore:easy_install command is deprecated setup.py egg_info --egg-base ../../build/patient_engine build --build-base /home/anas/ros2_ws/build/patient_engine/build install --record /home/anas/ros2_ws/build/patient_engine/install.log --single-version-externally-managed install_data
