[0.691s] Invoking command in '/home/anas/ros2_ws/src/patient_engine': DEBUGINFOD_URLS=https://debuginfod.ubuntu.com PYTHONPATH=/home/anas/ros2_ws/build/patient_engine/prefix_override:/usr/lib/python3/dist-packages/colcon_core/task/python/colcon_distutils_commands:/home/anas/ros2_ws/install/patient_engine/lib/python3.12/site-packages:${PYTHONPATH} /usr/bin/python3 -W ignore:setup.py install is deprecated -W ignore:easy_install command is deprecated setup.py egg_info --egg-base ../../build/patient_engine build --build-base /home/anas/ros2_ws/build/patient_engine/build install --record /home/anas/ros2_ws/build/patient_engine/install.log --single-version-externally-managed install_data
[0.840s] running egg_info
[0.847s] writing ../../build/patient_engine/patient_engine.egg-info/PKG-INFO
[0.848s] writing dependency_links to ../../build/patient_engine/patient_engine.egg-info/dependency_links.txt
[0.849s] writing entry points to ../../build/patient_engine/patient_engine.egg-info/entry_points.txt
[0.850s] writing requirements to ../../build/patient_engine/patient_engine.egg-info/requires.txt
[0.850s] writing top-level names to ../../build/patient_engine/patient_engine.egg-info/top_level.txt
[0.874s] reading manifest file '../../build/patient_engine/patient_engine.egg-info/SOURCES.txt'
[0.874s] writing manifest file '../../build/patient_engine/patient_engine.egg-info/SOURCES.txt'
[0.874s] running build
[0.874s] running build_py
[0.875s] copying patient_engine/nodes/orchestrator/patient_orchestrator.py -> /home/anas/ros2_ws/build/patient_engine/build/lib/patient_engine/nodes/orchestrator
[0.876s] running install
[0.879s] running install_lib
[0.889s] copying /home/anas/ros2_ws/build/patient_engine/build/lib/patient_engine/nodes/orchestrator/patient_orchestrator.py -> /home/anas/ros2_ws/install/patient_engine/lib/python3.12/site-packages/patient_engine/nodes/orchestrator
[0.890s] byte-compiling /home/anas/ros2_ws/install/patient_engine/lib/python3.12/site-packages/patient_engine/nodes/orchestrator/patient_orchestrator.py to patient_orchestrator.cpython-312.pyc
[0.892s] running install_data
[0.892s] running install_egg_info
[0.904s] removing '/home/anas/ros2_ws/install/patient_engine/lib/python3.12/site-packages/patient_engine-0.1.1-py3.12.egg-info' (and everything under it)
[0.904s] Copying ../../build/patient_engine/patient_engine.egg-info to /home/anas/ros2_ws/install/patient_engine/lib/python3.12/site-packages/patient_engine-0.1.1-py3.12.egg-info
[0.904s] running install_scripts
[0.982s] Installing motion_detector script to /home/anas/ros2_ws/install/patient_engine/lib/patient_engine
[0.982s] Installing network_detector script to /home/anas/ros2_ws/install/patient_engine/lib/patient_engine
[0.982s] Installing network_detector_scenario_test script to /home/anas/ros2_ws/install/patient_engine/lib/patient_engine
[0.982s] Installing patient_mqtt_bridge script to /home/anas/ros2_ws/install/patient_engine/lib/patient_engine
[0.983s] Installing patient_node script to /home/anas/ros2_ws/install/patient_engine/lib/patient_engine
[0.983s] Installing patient_orchestrator script to /home/anas/ros2_ws/install/patient_engine/lib/patient_engine
[0.983s] Installing stack_manager script to /home/anas/ros2_ws/install/patient_engine/lib/patient_engine
[0.983s] writing list of installed files to '/home/anas/ros2_ws/build/patient_engine/install.log'
[1.002s] Invoked command in '/home/anas/ros2_ws/src/patient_engine' returned '0': DEBUGINFOD_URLS=https://debuginfod.ubuntu.com PYTHONPATH=/home/anas/ros2_ws/build/patient_engine/prefix_override:/usr/lib/python3/dist-packages/colcon_core/task/python/colcon_distutils_commands:/home/anas/ros2_ws/install/patient_engine/lib/python3.12/site-packages:${PYTHONPATH} /usr/bin/python3 -W ignore:setup.py install is deprecated -W ignore:easy_install command is deprecated setup.py egg_info --egg-base ../../build/patient_engine build --build-base /home/anas/ros2_ws/build/patient_engine/build install --record /home/anas/ros2_ws/build/patient_engine/install.log --single-version-externally-managed install_data
