/home/anas/ros2_ws/install/doctor_engine/lib/python3.12/site-packages/doctor_engine/__init__.py
/home/anas/ros2_ws/install/doctor_engine/lib/python3.12/site-packages/doctor_engine/nodes/doctor_mqtt_bridge.py
/home/anas/ros2_ws/install/doctor_engine/lib/python3.12/site-packages/doctor_engine/nodes/doctor_node.py
/home/anas/ros2_ws/install/doctor_engine/lib/python3.12/site-packages/doctor_engine/nodes/doctor_network_anomaly_handler.py
/home/anas/ros2_ws/install/doctor_engine/lib/python3.12/site-packages/doctor_engine/nodes/__init__.py
/home/anas/ros2_ws/install/doctor_engine/lib/python3.12/site-packages/doctor_engine/__pycache__/__init__.cpython-312.pyc
/home/anas/ros2_ws/install/doctor_engine/lib/python3.12/site-packages/doctor_engine/nodes/__pycache__/doctor_mqtt_bridge.cpython-312.pyc
/home/anas/ros2_ws/install/doctor_engine/lib/python3.12/site-packages/doctor_engine/nodes/__pycache__/doctor_node.cpython-312.pyc
/home/anas/ros2_ws/install/doctor_engine/lib/python3.12/site-packages/doctor_engine/nodes/__pycache__/doctor_network_anomaly_handler.cpython-312.pyc
/home/anas/ros2_ws/install/doctor_engine/lib/python3.12/site-packages/doctor_engine/nodes/__pycache__/__init__.cpython-312.pyc
/home/anas/ros2_ws/install/doctor_engine/share/ament_index/resource_index/packages/doctor_engine
/home/anas/ros2_ws/install/doctor_engine/share/doctor_engine/package.xml
/home/anas/ros2_ws/install/doctor_engine/lib/python3.12/site-packages/doctor_engine-0.0.1-py3.12.egg-info/dependency_links.txt
/home/anas/ros2_ws/install/doctor_engine/lib/python3.12/site-packages/doctor_engine-0.0.1-py3.12.egg-info/top_level.txt
/home/anas/ros2_ws/install/doctor_engine/lib/python3.12/site-packages/doctor_engine-0.0.1-py3.12.egg-info/zip-safe
/home/anas/ros2_ws/install/doctor_engine/lib/python3.12/site-packages/doctor_engine-0.0.1-py3.12.egg-info/PKG-INFO
/home/anas/ros2_ws/install/doctor_engine/lib/python3.12/site-packages/doctor_engine-0.0.1-py3.12.egg-info/requires.txt
/home/anas/ros2_ws/install/doctor_engine/lib/python3.12/site-packages/doctor_engine-0.0.1-py3.12.egg-info/entry_points.txt
/home/anas/ros2_ws/install/doctor_engine/lib/python3.12/site-packages/doctor_engine-0.0.1-py3.12.egg-info/SOURCES.txt
/home/anas/ros2_ws/install/doctor_engine/lib/doctor_engine/doctor_mqtt_bridge
/home/anas/ros2_ws/install/doctor_engine/lib/doctor_engine/doctor_network_anomaly_handler
/home/anas/ros2_ws/install/doctor_engine/lib/doctor_engine/doctor_node
