[0.266s] DEBUG:colcon:Command line arguments: ['/usr/bin/colcon', 'build']
[0.266s] DEBUG:colcon:Parsed command line arguments: Namespace(log_base=None, log_level=None, verb_name='build', build_base='build', install_base='install', merge_install=False, symlink_install=False, test_result_base=None, continue_on_error=False, executor='parallel', parallel_workers=4, event_handlers=None, ignore_user_meta=False, metas=['./colcon.meta'], base_paths=['.'], packages_ignore=None, packages_ignore_regex=None, paths=None, packages_up_to=None, packages_up_to_regex=None, packages_above=None, packages_above_and_dependencies=None, packages_above_depth=None, packages_select_by_dep=None, packages_skip_by_dep=None, packages_skip_up_to=None, packages_select_build_failed=False, packages_skip_build_finished=False, packages_select_test_failures=False, packages_skip_test_passed=False, packages_select=None, packages_skip=None, packages_select_regex=None, packages_skip_regex=None, packages_start=None, packages_end=None, allow_overriding=[], cmake_args=None, cmake_target=None, cmake_target_skip_unavailable=False, cmake_clean_cache=False, cmake_clean_first=False, cmake_force_configure=False, ament_cmake_args=None, catkin_cmake_args=None, catkin_skip_building_tests=False, mixin_files=None, mixin=None, verb_parser=<colcon_mixin.mixin.mixin_argument.MixinArgumentDecorator object at 0x77ee0223bce0>, verb_extension=<colcon_core.verb.build.BuildVerb object at 0x77ee021df110>, main=<bound method BuildVerb.main of <colcon_core.verb.build.BuildVerb object at 0x77ee021df110>>, mixin_verb=('build',))
[0.373s] Level 1:colcon.colcon_core.package_discovery:discover_packages(colcon_meta) check parameters
[0.374s] Level 1:colcon.colcon_core.package_discovery:discover_packages(recursive) check parameters
[0.374s] Level 1:colcon.colcon_core.package_discovery:discover_packages(ignore) check parameters
[0.374s] Level 1:colcon.colcon_core.package_discovery:discover_packages(path) check parameters
[0.374s] Level 1:colcon.colcon_core.package_discovery:discover_packages(colcon_meta) discover
[0.374s] Level 1:colcon.colcon_core.package_discovery:discover_packages(recursive) discover
[0.374s] INFO:colcon.colcon_core.package_discovery:Crawling recursively for packages in '/home/anas/ros2_ws'
[0.374s] Level 1:colcon.colcon_core.package_identification:_identify(.) by extensions ['ignore', 'ignore_ament_install']
[0.374s] Level 1:colcon.colcon_core.package_identification:_identify(.) by extension 'ignore'
[0.375s] Level 1:colcon.colcon_core.package_identification:_identify(.) by extension 'ignore_ament_install'
[0.375s] Level 1:colcon.colcon_core.package_identification:_identify(.) by extensions ['colcon_pkg']
[0.375s] Level 1:colcon.colcon_core.package_identification:_identify(.) by extension 'colcon_pkg'
[0.375s] Level 1:colcon.colcon_core.package_identification:_identify(.) by extensions ['colcon_meta']
[0.375s] Level 1:colcon.colcon_core.package_identification:_identify(.) by extension 'colcon_meta'
[0.375s] Level 1:colcon.colcon_core.package_identification:_identify(.) by extensions ['ros']
[0.375s] Level 1:colcon.colcon_core.package_identification:_identify(.) by extension 'ros'
[0.440s] Level 1:colcon.colcon_core.package_identification:_identify(.) by extensions ['cmake', 'python']
[0.440s] Level 1:colcon.colcon_core.package_identification:_identify(.) by extension 'cmake'
[0.440s] Level 1:colcon.colcon_core.package_identification:_identify(.) by extension 'python'
[0.440s] Level 1:colcon.colcon_core.package_identification:_identify(.) by extensions ['python_setup_py']
[0.440s] Level 1:colcon.colcon_core.package_identification:_identify(.) by extension 'python_setup_py'
[0.440s] Level 1:colcon.colcon_core.package_identification:_identify(archive_unused) by extensions ['ignore', 'ignore_ament_install']
[0.440s] Level 1:colcon.colcon_core.package_identification:_identify(archive_unused) by extension 'ignore'
[0.440s] Level 1:colcon.colcon_core.package_identification:_identify(archive_unused) ignored
[0.441s] Level 1:colcon.colcon_core.package_identification:_identify(build) by extensions ['ignore', 'ignore_ament_install']
[0.441s] Level 1:colcon.colcon_core.package_identification:_identify(build) by extension 'ignore'
[0.441s] Level 1:colcon.colcon_core.package_identification:_identify(build) ignored
[0.441s] Level 1:colcon.colcon_core.package_identification:_identify(install) by extensions ['ignore', 'ignore_ament_install']
[0.441s] Level 1:colcon.colcon_core.package_identification:_identify(install) by extension 'ignore'
[0.441s] Level 1:colcon.colcon_core.package_identification:_identify(install) ignored
[0.441s] Level 1:colcon.colcon_core.package_identification:_identify(log) by extensions ['ignore', 'ignore_ament_install']
[0.442s] Level 1:colcon.colcon_core.package_identification:_identify(log) by extension 'ignore'
[0.442s] Level 1:colcon.colcon_core.package_identification:_identify(log) ignored
[0.442s] Level 1:colcon.colcon_core.package_identification:_identify(src) by extensions ['ignore', 'ignore_ament_install']
[0.442s] Level 1:colcon.colcon_core.package_identification:_identify(src) by extension 'ignore'
[0.442s] Level 1:colcon.colcon_core.package_identification:_identify(src) by extension 'ignore_ament_install'
[0.442s] Level 1:colcon.colcon_core.package_identification:_identify(src) by extensions ['colcon_pkg']
[0.442s] Level 1:colcon.colcon_core.package_identification:_identify(src) by extension 'colcon_pkg'
[0.442s] Level 1:colcon.colcon_core.package_identification:_identify(src) by extensions ['colcon_meta']
[0.442s] Level 1:colcon.colcon_core.package_identification:_identify(src) by extension 'colcon_meta'
[0.442s] Level 1:colcon.colcon_core.package_identification:_identify(src) by extensions ['ros']
[0.442s] Level 1:colcon.colcon_core.package_identification:_identify(src) by extension 'ros'
[0.443s] Level 1:colcon.colcon_core.package_identification:_identify(src) by extensions ['cmake', 'python']
[0.443s] Level 1:colcon.colcon_core.package_identification:_identify(src) by extension 'cmake'
[0.443s] Level 1:colcon.colcon_core.package_identification:_identify(src) by extension 'python'
[0.443s] Level 1:colcon.colcon_core.package_identification:_identify(src) by extensions ['python_setup_py']
[0.443s] Level 1:colcon.colcon_core.package_identification:_identify(src) by extension 'python_setup_py'
[0.443s] Level 1:colcon.colcon_core.package_identification:_identify(src/doctor_engine) by extensions ['ignore', 'ignore_ament_install']
[0.443s] Level 1:colcon.colcon_core.package_identification:_identify(src/doctor_engine) by extension 'ignore'
[0.443s] Level 1:colcon.colcon_core.package_identification:_identify(src/doctor_engine) by extension 'ignore_ament_install'
[0.443s] Level 1:colcon.colcon_core.package_identification:_identify(src/doctor_engine) by extensions ['colcon_pkg']
[0.444s] Level 1:colcon.colcon_core.package_identification:_identify(src/doctor_engine) by extension 'colcon_pkg'
[0.444s] Level 1:colcon.colcon_core.package_identification:_identify(src/doctor_engine) by extensions ['colcon_meta']
[0.444s] Level 1:colcon.colcon_core.package_identification:_identify(src/doctor_engine) by extension 'colcon_meta'
[0.444s] Level 1:colcon.colcon_core.package_identification:_identify(src/doctor_engine) by extensions ['ros']
[0.444s] Level 1:colcon.colcon_core.package_identification:_identify(src/doctor_engine) by extension 'ros'
[0.448s] DEBUG:colcon.colcon_core.package_identification:Package 'src/doctor_engine' with type 'ros.ament_python' and name 'doctor_engine'
[0.448s] Level 1:colcon.colcon_core.package_identification:_identify(src/patient_engine) by extensions ['ignore', 'ignore_ament_install']
[0.448s] Level 1:colcon.colcon_core.package_identification:_identify(src/patient_engine) by extension 'ignore'
[0.448s] Level 1:colcon.colcon_core.package_identification:_identify(src/patient_engine) by extension 'ignore_ament_install'
[0.449s] Level 1:colcon.colcon_core.package_identification:_identify(src/patient_engine) by extensions ['colcon_pkg']
[0.449s] Level 1:colcon.colcon_core.package_identification:_identify(src/patient_engine) by extension 'colcon_pkg'
[0.449s] Level 1:colcon.colcon_core.package_identification:_identify(src/patient_engine) by extensions ['colcon_meta']
[0.449s] Level 1:colcon.colcon_core.package_identification:_identify(src/patient_engine) by extension 'colcon_meta'
[0.449s] Level 1:colcon.colcon_core.package_identification:_identify(src/patient_engine) by extensions ['ros']
[0.449s] Level 1:colcon.colcon_core.package_identification:_identify(src/patient_engine) by extension 'ros'
[0.450s] DEBUG:colcon.colcon_core.package_identification:Package 'src/patient_engine' with type 'ros.ament_python' and name 'patient_engine'
[0.450s] Level 1:colcon.colcon_core.package_identification:_identify(src/wrist_replay) by extensions ['ignore', 'ignore_ament_install']
[0.450s] Level 1:colcon.colcon_core.package_identification:_identify(src/wrist_replay) by extension 'ignore'
[0.450s] Level 1:colcon.colcon_core.package_identification:_identify(src/wrist_replay) by extension 'ignore_ament_install'
[0.451s] Level 1:colcon.colcon_core.package_identification:_identify(src/wrist_replay) by extensions ['colcon_pkg']
[0.451s] Level 1:colcon.colcon_core.package_identification:_identify(src/wrist_replay) by extension 'colcon_pkg'
[0.451s] Level 1:colcon.colcon_core.package_identification:_identify(src/wrist_replay) by extensions ['colcon_meta']
[0.451s] Level 1:colcon.colcon_core.package_identification:_identify(src/wrist_replay) by extension 'colcon_meta'
[0.451s] Level 1:colcon.colcon_core.package_identification:_identify(src/wrist_replay) by extensions ['ros']
[0.451s] Level 1:colcon.colcon_core.package_identification:_identify(src/wrist_replay) by extension 'ros'
[0.452s] DEBUG:colcon.colcon_core.package_identification:Package 'src/wrist_replay' with type 'ros.ament_python' and name 'wrist_replay'
[0.452s] Level 1:colcon.colcon_core.package_discovery:discover_packages(recursive) using defaults
[0.452s] Level 1:colcon.colcon_core.package_discovery:discover_packages(ignore) discover
[0.452s] Level 1:colcon.colcon_core.package_discovery:discover_packages(ignore) using defaults
[0.452s] Level 1:colcon.colcon_core.package_discovery:discover_packages(path) discover
[0.452s] Level 1:colcon.colcon_core.package_discovery:discover_packages(path) using defaults
[0.489s] Level 1:colcon.colcon_core.package_discovery:discover_packages(prefix_path) check parameters
[0.489s] Level 1:colcon.colcon_core.package_discovery:discover_packages(prefix_path) discover
[0.492s] DEBUG:colcon.colcon_installed_package_information.package_discovery:Found 3 installed packages in /home/anas/ros2_ws/install
[0.497s] DEBUG:colcon.colcon_installed_package_information.package_discovery:Found 285 installed packages in /opt/ros/jazzy
[0.500s] Level 1:colcon.colcon_core.package_discovery:discover_packages(prefix_path) using defaults
[0.608s] Level 5:colcon.colcon_core.verb:set package 'doctor_engine' build argument 'cmake_args' from command line to 'None'
[0.608s] Level 5:colcon.colcon_core.verb:set package 'doctor_engine' build argument 'cmake_target' from command line to 'None'
[0.608s] Level 5:colcon.colcon_core.verb:set package 'doctor_engine' build argument 'cmake_target_skip_unavailable' from command line to 'False'
[0.608s] Level 5:colcon.colcon_core.verb:set package 'doctor_engine' build argument 'cmake_clean_cache' from command line to 'False'
[0.608s] Level 5:colcon.colcon_core.verb:set package 'doctor_engine' build argument 'cmake_clean_first' from command line to 'False'
[0.608s] Level 5:colcon.colcon_core.verb:set package 'doctor_engine' build argument 'cmake_force_configure' from command line to 'False'
[0.609s] Level 5:colcon.colcon_core.verb:set package 'doctor_engine' build argument 'ament_cmake_args' from command line to 'None'
[0.609s] Level 5:colcon.colcon_core.verb:set package 'doctor_engine' build argument 'catkin_cmake_args' from command line to 'None'
[0.609s] Level 5:colcon.colcon_core.verb:set package 'doctor_engine' build argument 'catkin_skip_building_tests' from command line to 'False'
[0.609s] DEBUG:colcon.colcon_core.verb:Building package 'doctor_engine' with the following arguments: {'ament_cmake_args': None, 'build_base': '/home/anas/ros2_ws/build/doctor_engine', 'catkin_cmake_args': None, 'catkin_skip_building_tests': False, 'cmake_args': None, 'cmake_clean_cache': False, 'cmake_clean_first': False, 'cmake_force_configure': False, 'cmake_target': None, 'cmake_target_skip_unavailable': False, 'install_base': '/home/anas/ros2_ws/install/doctor_engine', 'merge_install': False, 'path': '/home/anas/ros2_ws/src/doctor_engine', 'symlink_install': False, 'test_result_base': None}
[0.609s] Level 5:colcon.colcon_core.verb:set package 'patient_engine' build argument 'cmake_args' from command line to 'None'
[0.609s] Level 5:colcon.colcon_core.verb:set package 'patient_engine' build argument 'cmake_target' from command line to 'None'
[0.609s] Level 5:colcon.colcon_core.verb:set package 'patient_engine' build argument 'cmake_target_skip_unavailable' from command line to 'False'
[0.609s] Level 5:colcon.colcon_core.verb:set package 'patient_engine' build argument 'cmake_clean_cache' from command line to 'False'
[0.609s] Level 5:colcon.colcon_core.verb:set package 'patient_engine' build argument 'cmake_clean_first' from command line to 'False'
[0.609s] Level 5:colcon.colcon_core.verb:set package 'patient_engine' build argument 'cmake_force_configure' from command line to 'False'
[0.610s] Level 5:colcon.colcon_core.verb:set package 'patient_engine' build argument 'ament_cmake_args' from command line to 'None'
[0.610s] Level 5:colcon.colcon_core.verb:set package 'patient_engine' build argument 'catkin_cmake_args' from command line to 'None'
[0.610s] Level 5:colcon.colcon_core.verb:set package 'patient_engine' build argument 'catkin_skip_building_tests' from command line to 'False'
[0.610s] DEBUG:colcon.colcon_core.verb:Building package 'patient_engine' with the following arguments: {'ament_cmake_args': None, 'build_base': '/home/anas/ros2_ws/build/patient_engine', 'catkin_cmake_args': None, 'catkin_skip_building_tests': False, 'cmake_args': None, 'cmake_clean_cache': False, 'cmake_clean_first': False, 'cmake_force_configure': False, 'cmake_target': None, 'cmake_target_skip_unavailable': False, 'install_base': '/home/anas/ros2_ws/install/patient_engine', 'merge_install': False, 'path': '/home/anas/ros2_ws/src/patient_engine', 'symlink_install': False, 'test_result_base': None}
[0.610s] Level 5:colcon.colcon_core.verb:set package 'wrist_replay' build argument 'cmake_args' from command line to 'None'
[0.610s] Level 5:colcon.colcon_core.verb:set package 'wrist_replay' build argument 'cmake_target' from command line to 'None'
[0.610s] Level 5:colcon.colcon_core.verb:set package 'wrist_replay' build argument 'cmake_target_skip_unavailable' from command line to 'False'
[0.610s] Level 5:colcon.colcon_core.verb:set package 'wrist_replay' build argument 'cmake_clean_cache' from command line to 'False'
[0.610s] Level 5:colcon.colcon_core.verb:set package 'wrist_replay' build argument 'cmake_clean_first' from command line to 'False'
[0.610s] Level 5:colcon.colcon_core.verb:set package 'wrist_replay' build argument 'cmake_force_configure' from command line to 'False'
[0.610s] Level 5:colcon.colcon_core.verb:set package 'wrist_replay' build argument 'ament_cmake_args' from command line to 'None'
[0.610s] Level 5:colcon.colcon_core.verb:set package 'wrist_replay' build argument 'catkin_cmake_args' from command line to 'None'
[0.611s] Level 5:colcon.colcon_core.verb:set package 'wrist_replay' build argument 'catkin_skip_building_tests' from command line to 'False'
[0.611s] DEBUG:colcon.colcon_core.verb:Building package 'wrist_replay' with the following arguments: {'ament_cmake_args': None, 'build_base': '/home/anas/ros2_ws/build/wrist_replay', 'catkin_cmake_args': None, 'catkin_skip_building_tests': False, 'cmake_args': None, 'cmake_clean_cache': False, 'cmake_clean_first': False, 'cmake_force_configure': False, 'cmake_target': None, 'cmake_target_skip_unavailable': False, 'install_base': '/home/anas/ros2_ws/install/wrist_replay', 'merge_install': False, 'path': '/home/anas/ros2_ws/src/wrist_replay', 'symlink_install': False, 'test_result_base': None}
[0.611s] INFO:colcon.colcon_core.executor:Executing jobs using 'parallel' executor
[0.612s] DEBUG:colcon.colcon_parallel_executor.executor.parallel:run_until_complete
[0.612s] INFO:colcon.colcon_ros.task.ament_python.build:Building ROS package in '/home/anas/ros2_ws/src/doctor_engine' with build type 'ament_python'
[0.612s] Level 1:colcon.colcon_core.shell:create_environment_hook('doctor_engine', 'ament_prefix_path')
[0.617s] INFO:colcon.colcon_core.plugin_system:Skipping extension 'colcon_core.shell.bat': Not used on non-Windows systems
[0.617s] INFO:colcon.colcon_core.shell:Creating environment hook '/home/anas/ros2_ws/install/doctor_engine/share/doctor_engine/hook/ament_prefix_path.ps1'
[0.618s] INFO:colcon.colcon_core.shell:Creating environment descriptor '/home/anas/ros2_ws/install/doctor_engine/share/doctor_engine/hook/ament_prefix_path.dsv'
[0.619s] INFO:colcon.colcon_core.shell:Creating environment hook '/home/anas/ros2_ws/install/doctor_engine/share/doctor_engine/hook/ament_prefix_path.sh'
[0.620s] INFO:colcon.colcon_core.shell:Skip shell extension 'powershell' for command environment: Not usable outside of PowerShell
[0.620s] DEBUG:colcon.colcon_core.shell:Skip shell extension 'dsv' for command environment
[0.629s] INFO:colcon.colcon_ros.task.ament_python.build:Building ROS package in '/home/anas/ros2_ws/src/patient_engine' with build type 'ament_python'
[0.629s] Level 1:colcon.colcon_core.shell:create_environment_hook('patient_engine', 'ament_prefix_path')
[0.629s] INFO:colcon.colcon_core.shell:Creating environment hook '/home/anas/ros2_ws/install/patient_engine/share/patient_engine/hook/ament_prefix_path.ps1'
[0.630s] INFO:colcon.colcon_core.shell:Creating environment descriptor '/home/anas/ros2_ws/install/patient_engine/share/patient_engine/hook/ament_prefix_path.dsv'
[0.631s] INFO:colcon.colcon_core.shell:Creating environment hook '/home/anas/ros2_ws/install/patient_engine/share/patient_engine/hook/ament_prefix_path.sh'
[0.632s] INFO:colcon.colcon_core.shell:Skip shell extension 'powershell' for command environment: Not usable outside of PowerShell
[0.632s] DEBUG:colcon.colcon_core.shell:Skip shell extension 'dsv' for command environment
[0.641s] INFO:colcon.colcon_ros.task.ament_python.build:Building ROS package in '/home/anas/ros2_ws/src/wrist_replay' with build type 'ament_python'
[0.641s] Level 1:colcon.colcon_core.shell:create_environment_hook('wrist_replay', 'ament_prefix_path')
[0.642s] INFO:colcon.colcon_core.shell:Creating environment hook '/home/anas/ros2_ws/install/wrist_replay/share/wrist_replay/hook/ament_prefix_path.ps1'
[0.642s] INFO:colcon.colcon_core.shell:Creating environment descriptor '/home/anas/ros2_ws/install/wrist_replay/share/wrist_replay/hook/ament_prefix_path.dsv'
[0.643s] INFO:colcon.colcon_core.shell:Creating environment hook '/home/anas/ros2_ws/install/wrist_replay/share/wrist_replay/hook/ament_prefix_path.sh'
[0.651s] INFO:colcon.colcon_core.shell:Skip shell extension 'powershell' for command environment: Not usable outside of PowerShell
[0.651s] DEBUG:colcon.colcon_core.shell:Skip shell extension 'dsv' for command environment
[1.198s] INFO:colcon.colcon_core.task.python.build:Building Python package in '/home/anas/ros2_ws/src/doctor_engine'
[1.198s] INFO:colcon.colcon_core.shell:Skip shell extension 'powershell' for command environment: Not usable outside of PowerShell
[1.198s] DEBUG:colcon.colcon_core.shell:Skip shell extension 'dsv' for command environment
[1.686s] INFO:colcon.colcon_core.task.python.build:Building Python package in '/home/anas/ros2_ws/src/patient_engine'
[1.686s] INFO:colcon.colcon_core.shell:Skip shell extension 'powershell' for command environment: Not usable outside of PowerShell
[1.686s] DEBUG:colcon.colcon_core.shell:Skip shell extension 'dsv' for command environment
[2.182s] INFO:colcon.colcon_core.task.python.build:Building Python package in '/home/anas/ros2_ws/src/wrist_replay'
[2.182s] INFO:colcon.colcon_core.shell:Skip shell extension 'powershell' for command environment: Not usable outside of PowerShell
[2.182s] DEBUG:colcon.colcon_core.shell:Skip shell extension 'dsv' for command environment
[3.946s] DEBUG:colcon.colcon_core.event_handler.log_command:Invoking command in '/home/anas/ros2_ws/src/patient_engine': DEBUGINFOD_URLS=https://debuginfod.ubuntu.com PYTHONPATH=/home/anas/ros2_ws/build/patient_engine/prefix_override:/usr/lib/python3/dist-packages/colcon_core/task/python/colcon_distutils_commands:/home/anas/ros2_ws/install/patient_engine/lib/python3.12/site-packages:${PYTHONPATH} /usr/bin/python3 -W ignore:setup.py install is deprecated -W ignore:easy_install command is deprecated setup.py egg_info --egg-base ../../build/patient_engine build --build-base /home/anas/ros2_ws/build/patient_engine/build install --record /home/anas/ros2_ws/build/patient_engine/install.log --single-version-externally-managed install_data
[3.968s] DEBUG:colcon.colcon_core.event_handler.log_command:Invoking command in '/home/anas/ros2_ws/src/doctor_engine': DEBUGINFOD_URLS=https://debuginfod.ubuntu.com PYTHONPATH=/home/anas/ros2_ws/build/doctor_engine/prefix_override:/usr/lib/python3/dist-packages/colcon_core/task/python/colcon_distutils_commands:/home/anas/ros2_ws/install/doctor_engine/lib/python3.12/site-packages:${PYTHONPATH} /usr/bin/python3 -W ignore:setup.py install is deprecated -W ignore:easy_install command is deprecated setup.py egg_info --egg-base ../../build/doctor_engine build --build-base /home/anas/ros2_ws/build/doctor_engine/build install --record /home/anas/ros2_ws/build/doctor_engine/install.log --single-version-externally-managed install_data
[3.999s] DEBUG:colcon.colcon_core.event_handler.log_command:Invoking command in '/home/anas/ros2_ws/src/wrist_replay': DEBUGINFOD_URLS=https://debuginfod.ubuntu.com PYTHONPATH=/home/anas/ros2_ws/build/wrist_replay/prefix_override:/usr/lib/python3/dist-packages/colcon_core/task/python/colcon_distutils_commands:/home/anas/ros2_ws/install/wrist_replay/lib/python3.12/site-packages:${PYTHONPATH} /usr/bin/python3 -W ignore:setup.py install is deprecated -W ignore:easy_install command is deprecated setup.py egg_info --egg-base ../../build/wrist_replay build --build-base /home/anas/ros2_ws/build/wrist_replay/build install --record /home/anas/ros2_ws/build/wrist_replay/install.log --single-version-externally-managed install_data
[5.518s] DEBUG:colcon.colcon_core.event_handler.log_command:Invoked command in '/home/anas/ros2_ws/src/doctor_engine' returned '0': DEBUGINFOD_URLS=https://debuginfod.ubuntu.com PYTHONPATH=/home/anas/ros2_ws/build/doctor_engine/prefix_override:/usr/lib/python3/dist-packages/colcon_core/task/python/colcon_distutils_commands:/home/anas/ros2_ws/install/doctor_engine/lib/python3.12/site-packages:${PYTHONPATH} /usr/bin/python3 -W ignore:setup.py install is deprecated -W ignore:easy_install command is deprecated setup.py egg_info --egg-base ../../build/doctor_engine build --build-base /home/anas/ros2_ws/build/doctor_engine/build install --record /home/anas/ros2_ws/build/doctor_engine/install.log --single-version-externally-managed install_data
[5.524s] Level 1:colcon.colcon_core.environment:checking '/home/anas/ros2_ws/install/doctor_engine' for CMake module files
[5.525s] Level 1:colcon.colcon_core.environment:checking '/home/anas/ros2_ws/install/doctor_engine' for CMake config files
[5.527s] Level 1:colcon.colcon_core.environment:checking '/home/anas/ros2_ws/install/doctor_engine/lib'
[5.527s] Level 1:colcon.colcon_core.environment:checking '/home/anas/ros2_ws/install/doctor_engine/bin'
[5.527s] Level 1:colcon.colcon_core.environment:checking '/home/anas/ros2_ws/install/doctor_engine/lib/pkgconfig/doctor_engine.pc'
[5.528s] Level 1:colcon.colcon_core.environment:checking '/home/anas/ros2_ws/install/doctor_engine/lib/python3.12/site-packages'
[5.528s] Level 1:colcon.colcon_core.shell:create_environment_hook('doctor_engine', 'pythonpath')
[5.528s] INFO:colcon.colcon_core.shell:Creating environment hook '/home/anas/ros2_ws/install/doctor_engine/share/doctor_engine/hook/pythonpath.ps1'
[5.529s] INFO:colcon.colcon_core.shell:Creating environment descriptor '/home/anas/ros2_ws/install/doctor_engine/share/doctor_engine/hook/pythonpath.dsv'
[5.530s] INFO:colcon.colcon_core.shell:Creating environment hook '/home/anas/ros2_ws/install/doctor_engine/share/doctor_engine/hook/pythonpath.sh'
[5.531s] Level 1:colcon.colcon_core.environment:checking '/home/anas/ros2_ws/install/doctor_engine/bin'
[5.531s] Level 1:colcon.colcon_core.environment:create_environment_scripts_only(doctor_engine)
[5.532s] INFO:colcon.colcon_core.shell:Creating package script '/home/anas/ros2_ws/install/doctor_engine/share/doctor_engine/package.ps1'
[5.533s] INFO:colcon.colcon_core.shell:Creating package descriptor '/home/anas/ros2_ws/install/doctor_engine/share/doctor_engine/package.dsv'
[5.534s] INFO:colcon.colcon_core.shell:Creating package script '/home/anas/ros2_ws/install/doctor_engine/share/doctor_engine/package.sh'
[5.535s] INFO:colcon.colcon_core.shell:Creating package script '/home/anas/ros2_ws/install/doctor_engine/share/doctor_engine/package.bash'
[5.537s] INFO:colcon.colcon_core.shell:Creating package script '/home/anas/ros2_ws/install/doctor_engine/share/doctor_engine/package.zsh'
[5.538s] Level 1:colcon.colcon_core.environment:create_file_with_runtime_dependencies(/home/anas/ros2_ws/install/doctor_engine/share/colcon-core/packages/doctor_engine)
[5.558s] Level 1:colcon.colcon_core.environment:checking '/home/anas/ros2_ws/install/wrist_replay' for CMake module files
[5.559s] DEBUG:colcon.colcon_core.event_handler.log_command:Invoked command in '/home/anas/ros2_ws/src/wrist_replay' returned '0': DEBUGINFOD_URLS=https://debuginfod.ubuntu.com PYTHONPATH=/home/anas/ros2_ws/build/wrist_replay/prefix_override:/usr/lib/python3/dist-packages/colcon_core/task/python/colcon_distutils_commands:/home/anas/ros2_ws/install/wrist_replay/lib/python3.12/site-packages:${PYTHONPATH} /usr/bin/python3 -W ignore:setup.py install is deprecated -W ignore:easy_install command is deprecated setup.py egg_info --egg-base ../../build/wrist_replay build --build-base /home/anas/ros2_ws/build/wrist_replay/build install --record /home/anas/ros2_ws/build/wrist_replay/install.log --single-version-externally-managed install_data
[5.561s] Level 1:colcon.colcon_core.environment:checking '/home/anas/ros2_ws/install/wrist_replay' for CMake config files
[5.562s] Level 1:colcon.colcon_core.environment:checking '/home/anas/ros2_ws/install/wrist_replay/lib'
[5.562s] Level 1:colcon.colcon_core.environment:checking '/home/anas/ros2_ws/install/wrist_replay/bin'
[5.562s] Level 1:colcon.colcon_core.environment:checking '/home/anas/ros2_ws/install/wrist_replay/lib/pkgconfig/wrist_replay.pc'
[5.563s] Level 1:colcon.colcon_core.environment:checking '/home/anas/ros2_ws/install/wrist_replay/lib/python3.12/site-packages'
[5.563s] Level 1:colcon.colcon_core.shell:create_environment_hook('wrist_replay', 'pythonpath')
[5.563s] INFO:colcon.colcon_core.shell:Creating environment hook '/home/anas/ros2_ws/install/wrist_replay/share/wrist_replay/hook/pythonpath.ps1'
[5.564s] INFO:colcon.colcon_core.shell:Creating environment descriptor '/home/anas/ros2_ws/install/wrist_replay/share/wrist_replay/hook/pythonpath.dsv'
[5.565s] INFO:colcon.colcon_core.shell:Creating environment hook '/home/anas/ros2_ws/install/wrist_replay/share/wrist_replay/hook/pythonpath.sh'
[5.566s] Level 1:colcon.colcon_core.environment:checking '/home/anas/ros2_ws/install/wrist_replay/bin'
[5.566s] Level 1:colcon.colcon_core.environment:create_environment_scripts_only(wrist_replay)
[5.566s] INFO:colcon.colcon_core.shell:Creating package script '/home/anas/ros2_ws/install/wrist_replay/share/wrist_replay/package.ps1'
[5.567s] INFO:colcon.colcon_core.shell:Creating package descriptor '/home/anas/ros2_ws/install/wrist_replay/share/wrist_replay/package.dsv'
[5.568s] INFO:colcon.colcon_core.shell:Creating package script '/home/anas/ros2_ws/install/wrist_replay/share/wrist_replay/package.sh'
[5.569s] INFO:colcon.colcon_core.shell:Creating package script '/home/anas/ros2_ws/install/wrist_replay/share/wrist_replay/package.bash'
[5.569s] INFO:colcon.colcon_core.shell:Creating package script '/home/anas/ros2_ws/install/wrist_replay/share/wrist_replay/package.zsh'
[5.570s] Level 1:colcon.colcon_core.environment:create_file_with_runtime_dependencies(/home/anas/ros2_ws/install/wrist_replay/share/colcon-core/packages/wrist_replay)
[5.576s] Level 1:colcon.colcon_core.environment:checking '/home/anas/ros2_ws/install/patient_engine' for CMake module files
[5.577s] Level 1:colcon.colcon_core.environment:checking '/home/anas/ros2_ws/install/patient_engine' for CMake config files
[5.579s] DEBUG:colcon.colcon_core.event_handler.log_command:Invoked command in '/home/anas/ros2_ws/src/patient_engine' returned '0': DEBUGINFOD_URLS=https://debuginfod.ubuntu.com PYTHONPATH=/home/anas/ros2_ws/build/patient_engine/prefix_override:/usr/lib/python3/dist-packages/colcon_core/task/python/colcon_distutils_commands:/home/anas/ros2_ws/install/patient_engine/lib/python3.12/site-packages:${PYTHONPATH} /usr/bin/python3 -W ignore:setup.py install is deprecated -W ignore:easy_install command is deprecated setup.py egg_info --egg-base ../../build/patient_engine build --build-base /home/anas/ros2_ws/build/patient_engine/build install --record /home/anas/ros2_ws/build/patient_engine/install.log --single-version-externally-managed install_data
[5.581s] Level 1:colcon.colcon_core.environment:checking '/home/anas/ros2_ws/install/patient_engine/lib'
[5.581s] Level 1:colcon.colcon_core.environment:checking '/home/anas/ros2_ws/install/patient_engine/bin'
[5.581s] Level 1:colcon.colcon_core.environment:checking '/home/anas/ros2_ws/install/patient_engine/lib/pkgconfig/patient_engine.pc'
[5.581s] Level 1:colcon.colcon_core.environment:checking '/home/anas/ros2_ws/install/patient_engine/lib/python3.12/site-packages'
[5.582s] Level 1:colcon.colcon_core.shell:create_environment_hook('patient_engine', 'pythonpath')
[5.582s] INFO:colcon.colcon_core.shell:Creating environment hook '/home/anas/ros2_ws/install/patient_engine/share/patient_engine/hook/pythonpath.ps1'
[5.583s] INFO:colcon.colcon_core.shell:Creating environment descriptor '/home/anas/ros2_ws/install/patient_engine/share/patient_engine/hook/pythonpath.dsv'
[5.583s] INFO:colcon.colcon_core.shell:Creating environment hook '/home/anas/ros2_ws/install/patient_engine/share/patient_engine/hook/pythonpath.sh'
[5.585s] Level 1:colcon.colcon_core.environment:checking '/home/anas/ros2_ws/install/patient_engine/bin'
[5.585s] Level 1:colcon.colcon_core.environment:create_environment_scripts_only(patient_engine)
[5.585s] INFO:colcon.colcon_core.shell:Creating package script '/home/anas/ros2_ws/install/patient_engine/share/patient_engine/package.ps1'
[5.586s] INFO:colcon.colcon_core.shell:Creating package descriptor '/home/anas/ros2_ws/install/patient_engine/share/patient_engine/package.dsv'
[5.587s] INFO:colcon.colcon_core.shell:Creating package script '/home/anas/ros2_ws/install/patient_engine/share/patient_engine/package.sh'
[5.597s] INFO:colcon.colcon_core.shell:Creating package script '/home/anas/ros2_ws/install/patient_engine/share/patient_engine/package.bash'
[5.599s] INFO:colcon.colcon_core.shell:Creating package script '/home/anas/ros2_ws/install/patient_engine/share/patient_engine/package.zsh'
[5.600s] Level 1:colcon.colcon_core.environment:create_file_with_runtime_dependencies(/home/anas/ros2_ws/install/patient_engine/share/colcon-core/packages/patient_engine)
[5.602s] DEBUG:colcon.colcon_parallel_executor.executor.parallel:closing loop
[5.603s] DEBUG:colcon.colcon_parallel_executor.executor.parallel:loop closed
[5.603s] DEBUG:colcon.colcon_parallel_executor.executor.parallel:run_until_complete finished with '0'
[5.603s] DEBUG:colcon.colcon_core.event_reactor:joining thread
[5.634s] INFO:colcon.colcon_core.plugin_system:Skipping extension 'colcon_notification.desktop_notification.terminal_notifier': Not used on non-Darwin systems
[5.635s] INFO:colcon.colcon_core.plugin_system:Skipping extension 'colcon_notification.desktop_notification.win32': Not used on non-Windows systems
[5.635s] INFO:colcon.colcon_notification.desktop_notification:Sending desktop notification using 'notify2'
[5.689s] DEBUG:colcon.colcon_core.event_reactor:joined thread
[5.689s] INFO:colcon.colcon_core.shell:Creating prefix script '/home/anas/ros2_ws/install/local_setup.ps1'
[5.691s] INFO:colcon.colcon_core.shell:Creating prefix util module '/home/anas/ros2_ws/install/_local_setup_util_ps1.py'
[5.696s] INFO:colcon.colcon_core.shell:Creating prefix chain script '/home/anas/ros2_ws/install/setup.ps1'
[5.704s] INFO:colcon.colcon_core.shell:Creating prefix script '/home/anas/ros2_ws/install/local_setup.sh'
[5.705s] INFO:colcon.colcon_core.shell:Creating prefix util module '/home/anas/ros2_ws/install/_local_setup_util_sh.py'
[5.707s] INFO:colcon.colcon_core.shell:Creating prefix chain script '/home/anas/ros2_ws/install/setup.sh'
[5.711s] INFO:colcon.colcon_core.shell:Creating prefix script '/home/anas/ros2_ws/install/local_setup.bash'
[5.712s] INFO:colcon.colcon_core.shell:Creating prefix chain script '/home/anas/ros2_ws/install/setup.bash'
[5.714s] INFO:colcon.colcon_core.shell:Creating prefix script '/home/anas/ros2_ws/install/local_setup.zsh'
[5.716s] INFO:colcon.colcon_core.shell:Creating prefix chain script '/home/anas/ros2_ws/install/setup.zsh'
