[3.317s] Invoking command in '/home/anas/ros2_ws/src/patient_engine': DEBUGINFOD_URLS=https://debuginfod.ubuntu.com PYTHONPATH=/home/anas/ros2_ws/build/patient_engine/prefix_override:/usr/lib/python3/dist-packages/colcon_core/task/python/colcon_distutils_commands:/home/anas/ros2_ws/install/patient_engine/lib/python3.12/site-packages:${PYTHONPATH} /usr/bin/python3 -W ignore:setup.py install is deprecated -W ignore:easy_install command is deprecated setup.py egg_info --egg-base ../../build/patient_engine build --build-base /home/anas/ros2_ws/build/patient_engine/build install --record /home/anas/ros2_ws/build/patient_engine/install.log --single-version-externally-managed install_data
[4.170s] running egg_info
[4.224s] writing ../../build/patient_engine/patient_engine.egg-info/PKG-INFO
[4.224s] writing dependency_links to ../../build/patient_engine/patient_engine.egg-info/dependency_links.txt
[4.224s] writing entry points to ../../build/patient_engine/patient_engine.egg-info/entry_points.txt
[4.224s] writing requirements to ../../build/patient_engine/patient_engine.egg-info/requires.txt
[4.225s] writing top-level names to ../../build/patient_engine/patient_engine.egg-info/top_level.txt
[4.324s] reading manifest file '../../build/patient_engine/patient_engine.egg-info/SOURCES.txt'
[4.327s] writing manifest file '../../build/patient_engine/patient_engine.egg-info/SOURCES.txt'
[4.327s] running build
[4.327s] running build_py
[4.328s] copying patient_engine/nodes/patient_anomaly_handler.py -> /home/anas/ros2_ws/build/patient_engine/build/lib/patient_engine/nodes
[4.329s] running install
[4.346s] running install_lib
[4.400s] copying /home/anas/ros2_ws/build/patient_engine/build/lib/patient_engine/nodes/patient_anomaly_handler.py -> /home/anas/ros2_ws/install/patient_engine/lib/python3.12/site-packages/patient_engine/nodes
[4.402s] byte-compiling /home/anas/ros2_ws/install/patient_engine/lib/python3.12/site-packages/patient_engine/nodes/patient_anomaly_handler.py to patient_anomaly_handler.cpython-312.pyc
[4.403s] running install_data
[4.403s] running install_egg_info
[4.459s] removing '/home/anas/ros2_ws/install/patient_engine/lib/python3.12/site-packages/patient_engine-0.0.1-py3.12.egg-info' (and everything under it)
[4.459s] Copying ../../build/patient_engine/patient_engine.egg-info to /home/anas/ros2_ws/install/patient_engine/lib/python3.12/site-packages/patient_engine-0.0.1-py3.12.egg-info
[4.465s] running install_scripts
[4.886s] Installing patient_mqtt_bridge script to /home/anas/ros2_ws/install/patient_engine/lib/patient_engine
[4.887s] Installing patient_node script to /home/anas/ros2_ws/install/patient_engine/lib/patient_engine
[4.890s] writing list of installed files to '/home/anas/ros2_ws/build/patient_engine/install.log'
[4.949s] Invoked command in '/home/anas/ros2_ws/src/patient_engine' returned '0': DEBUGINFOD_URLS=https://debuginfod.ubuntu.com PYTHONPATH=/home/anas/ros2_ws/build/patient_engine/prefix_override:/usr/lib/python3/dist-packages/colcon_core/task/python/colcon_distutils_commands:/home/anas/ros2_ws/install/patient_engine/lib/python3.12/site-packages:${PYTHONPATH} /usr/bin/python3 -W ignore:setup.py install is deprecated -W ignore:easy_install command is deprecated setup.py egg_info --egg-base ../../build/patient_engine build --build-base /home/anas/ros2_ws/build/patient_engine/build install --record /home/anas/ros2_ws/build/patient_engine/install.log --single-version-externally-managed install_data
