[11.335s] Invoking command in '/home/anas/ros2_ws/src/doctor_engine': DEBUGINFOD_URLS=https://debuginfod.ubuntu.com PYTHONPATH=/home/anas/ros2_ws/build/doctor_engine/prefix_override:/usr/lib/python3/dist-packages/colcon_core/task/python/colcon_distutils_commands:/home/anas/ros2_ws/install/doctor_engine/lib/python3.12/site-packages:${PYTHONPATH} /usr/bin/python3 -W ignore:setup.py install is deprecated -W ignore:easy_install command is deprecated setup.py egg_info --egg-base ../../build/doctor_engine build --build-base /home/anas/ros2_ws/build/doctor_engine/build install --record /home/anas/ros2_ws/build/doctor_engine/install.log --single-version-externally-managed install_data
[14.831s] running egg_info
[14.960s] writing ../../build/doctor_engine/doctor_engine.egg-info/PKG-INFO
[14.960s] writing dependency_links to ../../build/doctor_engine/doctor_engine.egg-info/dependency_links.txt
[14.991s] writing entry points to ../../build/doctor_engine/doctor_engine.egg-info/entry_points.txt
[14.992s] writing requirements to ../../build/doctor_engine/doctor_engine.egg-info/requires.txt
[14.992s] writing top-level names to ../../build/doctor_engine/doctor_engine.egg-info/top_level.txt
[15.205s] reading manifest file '../../build/doctor_engine/doctor_engine.egg-info/SOURCES.txt'
[15.207s] writing manifest file '../../build/doctor_engine/doctor_engine.egg-info/SOURCES.txt'
[15.208s] running build
[15.208s] running build_py
[15.211s] running install
[15.231s] running install_lib
[15.365s] running install_data
[15.365s] running install_egg_info
[15.554s] removing '/home/anas/ros2_ws/install/doctor_engine/lib/python3.12/site-packages/doctor_engine-0.0.1-py3.12.egg-info' (and everything under it)
[15.555s] Copying ../../build/doctor_engine/doctor_engine.egg-info to /home/anas/ros2_ws/install/doctor_engine/lib/python3.12/site-packages/doctor_engine-0.0.1-py3.12.egg-info
[15.588s] running install_scripts
[17.823s] Installing doctor_anomaly_handler script to /home/anas/ros2_ws/install/doctor_engine/lib/doctor_engine
[17.829s] Installing doctor_mqtt_bridge script to /home/anas/ros2_ws/install/doctor_engine/lib/doctor_engine
[17.829s] Installing doctor_node script to /home/anas/ros2_ws/install/doctor_engine/lib/doctor_engine
[17.830s] writing list of installed files to '/home/anas/ros2_ws/build/doctor_engine/install.log'
[18.063s] Invoked command in '/home/anas/ros2_ws/src/doctor_engine' returned '0': DEBUGINFOD_URLS=https://debuginfod.ubuntu.com PYTHONPATH=/home/anas/ros2_ws/build/doctor_engine/prefix_override:/usr/lib/python3/dist-packages/colcon_core/task/python/colcon_distutils_commands:/home/anas/ros2_ws/install/doctor_engine/lib/python3.12/site-packages:${PYTHONPATH} /usr/bin/python3 -W ignore:setup.py install is deprecated -W ignore:easy_install command is deprecated setup.py egg_info --egg-base ../../build/doctor_engine build --build-base /home/anas/ros2_ws/build/doctor_engine/build install --record /home/anas/ros2_ws/build/doctor_engine/install.log --single-version-externally-managed install_data
