[4.799s] Invoking command in '/home/anas/ros2_ws/src/patient_engine': DEBUGINFOD_URLS=https://debuginfod.ubuntu.com PYTHONPATH=/home/anas/ros2_ws/build/patient_engine/prefix_override:/usr/lib/python3/dist-packages/colcon_core/task/python/colcon_distutils_commands:/home/anas/ros2_ws/install/patient_engine/lib/python3.12/site-packages:${PYTHONPATH} /usr/bin/python3 -W ignore:setup.py install is deprecated -W ignore:easy_install command is deprecated setup.py egg_info --egg-base ../../build/patient_engine build --build-base /home/anas/ros2_ws/build/patient_engine/build install --record /home/anas/ros2_ws/build/patient_engine/install.log --single-version-externally-managed install_data
[6.124s] running egg_info
[6.192s] writing ../../build/patient_engine/patient_engine.egg-info/PKG-INFO
[6.192s] writing dependency_links to ../../build/patient_engine/patient_engine.egg-info/dependency_links.txt
[6.193s] writing entry points to ../../build/patient_engine/patient_engine.egg-info/entry_points.txt
[6.193s] writing requirements to ../../build/patient_engine/patient_engine.egg-info/requires.txt
[6.197s] writing top-level names to ../../build/patient_engine/patient_engine.egg-info/top_level.txt
[6.294s] reading manifest file '../../build/patient_engine/patient_engine.egg-info/SOURCES.txt'
[6.296s] writing manifest file '../../build/patient_engine/patient_engine.egg-info/SOURCES.txt'
[6.296s] running build
[6.296s] running build_py
[6.297s] copying patient_engine/nodes/patient_mqtt_bridge.py -> /home/anas/ros2_ws/build/patient_engine/build/lib/patient_engine/nodes
[6.298s] running install
[6.317s] running install_lib
[6.412s] copying /home/anas/ros2_ws/build/patient_engine/build/lib/patient_engine/nodes/patient_mqtt_bridge.py -> /home/anas/ros2_ws/install/patient_engine/lib/python3.12/site-packages/patient_engine/nodes
[6.412s] byte-compiling /home/anas/ros2_ws/install/patient_engine/lib/python3.12/site-packages/patient_engine/nodes/patient_mqtt_bridge.py to patient_mqtt_bridge.cpython-312.pyc
[6.412s] running install_data
[6.417s] running install_egg_info
[6.562s] removing '/home/anas/ros2_ws/install/patient_engine/lib/python3.12/site-packages/patient_engine-0.0.1-py3.12.egg-info' (and everything under it)
[6.566s] Copying ../../build/patient_engine/patient_engine.egg-info to /home/anas/ros2_ws/install/patient_engine/lib/python3.12/site-packages/patient_engine-0.0.1-py3.12.egg-info
[6.570s] running install_scripts
[7.242s] Installing patient_mqtt_bridge script to /home/anas/ros2_ws/install/patient_engine/lib/patient_engine
[7.245s] Installing patient_node script to /home/anas/ros2_ws/install/patient_engine/lib/patient_engine
[7.245s] writing list of installed files to '/home/anas/ros2_ws/build/patient_engine/install.log'
[7.311s] Invoked command in '/home/anas/ros2_ws/src/patient_engine' returned '0': DEBUGINFOD_URLS=https://debuginfod.ubuntu.com PYTHONPATH=/home/anas/ros2_ws/build/patient_engine/prefix_override:/usr/lib/python3/dist-packages/colcon_core/task/python/colcon_distutils_commands:/home/anas/ros2_ws/install/patient_engine/lib/python3.12/site-packages:${PYTHONPATH} /usr/bin/python3 -W ignore:setup.py install is deprecated -W ignore:easy_install command is deprecated setup.py egg_info --egg-base ../../build/patient_engine build --build-base /home/anas/ros2_ws/build/patient_engine/build install --record /home/anas/ros2_ws/build/patient_engine/install.log --single-version-externally-managed install_data
