[4.690s] Invoking command in '/home/anas/ros2_ws/src/doctor_engine': DEBUGINFOD_URLS=https://debuginfod.ubuntu.com PYTHONPATH=/home/anas/ros2_ws/build/doctor_engine/prefix_override:/usr/lib/python3/dist-packages/colcon_core/task/python/colcon_distutils_commands:/home/anas/ros2_ws/install/doctor_engine/lib/python3.12/site-packages:${PYTHONPATH} /usr/bin/python3 -W ignore:setup.py install is deprecated -W ignore:easy_install command is deprecated setup.py egg_info --egg-base ../../build/doctor_engine build --build-base /home/anas/ros2_ws/build/doctor_engine/build install --record /home/anas/ros2_ws/build/doctor_engine/install.log --single-version-externally-managed install_data
[6.058s] running egg_info
[6.119s] writing ../../build/doctor_engine/doctor_engine.egg-info/PKG-INFO
[6.122s] writing dependency_links to ../../build/doctor_engine/doctor_engine.egg-info/dependency_links.txt
[6.122s] writing entry points to ../../build/doctor_engine/doctor_engine.egg-info/entry_points.txt
[6.122s] writing requirements to ../../build/doctor_engine/doctor_engine.egg-info/requires.txt
[6.122s] writing top-level names to ../../build/doctor_engine/doctor_engine.egg-info/top_level.txt
[6.240s] reading manifest file '../../build/doctor_engine/doctor_engine.egg-info/SOURCES.txt'
[6.240s] writing manifest file '../../build/doctor_engine/doctor_engine.egg-info/SOURCES.txt'
[6.240s] running build
[6.241s] running build_py
[6.241s] running install
[6.262s] running install_lib
[6.318s] running install_data
[6.321s] running install_egg_info
[6.379s] removing '/home/anas/ros2_ws/install/doctor_engine/lib/python3.12/site-packages/doctor_engine-0.0.1-py3.12.egg-info' (and everything under it)
[6.389s] Copying ../../build/doctor_engine/doctor_engine.egg-info to /home/anas/ros2_ws/install/doctor_engine/lib/python3.12/site-packages/doctor_engine-0.0.1-py3.12.egg-info
[6.393s] running install_scripts
[7.234s] Installing doctor_anomaly_handler script to /home/anas/ros2_ws/install/doctor_engine/lib/doctor_engine
[7.240s] Installing doctor_mqtt_bridge script to /home/anas/ros2_ws/install/doctor_engine/lib/doctor_engine
[7.240s] Installing doctor_node script to /home/anas/ros2_ws/install/doctor_engine/lib/doctor_engine
[7.244s] writing list of installed files to '/home/anas/ros2_ws/build/doctor_engine/install.log'
[7.364s] Invoked command in '/home/anas/ros2_ws/src/doctor_engine' returned '0': DEBUGINFOD_URLS=https://debuginfod.ubuntu.com PYTHONPATH=/home/anas/ros2_ws/build/doctor_engine/prefix_override:/usr/lib/python3/dist-packages/colcon_core/task/python/colcon_distutils_commands:/home/anas/ros2_ws/install/doctor_engine/lib/python3.12/site-packages:${PYTHONPATH} /usr/bin/python3 -W ignore:setup.py install is deprecated -W ignore:easy_install command is deprecated setup.py egg_info --egg-base ../../build/doctor_engine build --build-base /home/anas/ros2_ws/build/doctor_engine/build install --record /home/anas/ros2_ws/build/doctor_engine/install.log --single-version-externally-managed install_data
