running egg_info
creating ../../build/patient_engine/patient_engine.egg-info
writing ../../build/patient_engine/patient_engine.egg-info/PKG-INFO
writing dependency_links to ../../build/patient_engine/patient_engine.egg-info/dependency_links.txt
writing entry points to ../../build/patient_engine/patient_engine.egg-info/entry_points.txt
writing requirements to ../../build/patient_engine/patient_engine.egg-info/requires.txt
writing top-level names to ../../build/patient_engine/patient_engine.egg-info/top_level.txt
writing manifest file '../../build/patient_engine/patient_engine.egg-info/SOURCES.txt'
reading manifest file '../../build/patient_engine/patient_engine.egg-info/SOURCES.txt'
writing manifest file '../../build/patient_engine/patient_engine.egg-info/SOURCES.txt'
running build
running build_py
creating /home/anas/ros2_ws/build/patient_engine/build
creating /home/anas/ros2_ws/build/patient_engine/build/lib
creating /home/anas/ros2_ws/build/patient_engine/build/lib/patient_engine
copying patient_engine/__init__.py -> /home/anas/ros2_ws/build/patient_engine/build/lib/patient_engine
running install
running install_lib
creating /home/anas/ros2_ws/install/patient_engine/lib/python3.12/site-packages/patient_engine
copying /home/anas/ros2_ws/build/patient_engine/build/lib/patient_engine/__init__.py -> /home/anas/ros2_ws/install/patient_engine/lib/python3.12/site-packages/patient_engine
byte-compiling /home/anas/ros2_ws/install/patient_engine/lib/python3.12/site-packages/patient_engine/__init__.py to __init__.cpython-312.pyc
running install_data
creating /home/anas/ros2_ws/install/patient_engine/share/ament_index
creating /home/anas/ros2_ws/install/patient_engine/share/ament_index/resource_index
creating /home/anas/ros2_ws/install/patient_engine/share/ament_index/resource_index/packages
copying resource/patient_engine -> /home/anas/ros2_ws/install/patient_engine/share/ament_index/resource_index/packages
copying package.xml -> /home/anas/ros2_ws/install/patient_engine/share/patient_engine
running install_egg_info
Copying ../../build/patient_engine/patient_engine.egg-info to /home/anas/ros2_ws/install/patient_engine/lib/python3.12/site-packages/patient_engine-0.0.1-py3.12.egg-info
running install_scripts
Installing patient_mqtt_bridge script to /home/anas/ros2_ws/install/patient_engine/lib/patient_engine
Installing patient_node script to /home/anas/ros2_ws/install/patient_engine/lib/patient_engine
writing list of installed files to '/home/anas/ros2_ws/build/patient_engine/install.log'
