[3.628s] Invoking command in '/home/anas/ros2_ws/src/patient_engine': DEBUGINFOD_URLS=https://debuginfod.ubuntu.com PYTHONPATH=/home/anas/ros2_ws/build/patient_engine/prefix_override:/usr/lib/python3/dist-packages/colcon_core/task/python/colcon_distutils_commands:/home/anas/ros2_ws/install/patient_engine/lib/python3.12/site-packages:${PYTHONPATH} /usr/bin/python3 -W ignore:setup.py install is deprecated -W ignore:easy_install command is deprecated setup.py egg_info --egg-base ../../build/patient_engine build --build-base /home/anas/ros2_ws/build/patient_engine/build install --record /home/anas/ros2_ws/build/patient_engine/install.log --single-version-externally-managed install_data
[4.423s] running egg_info
[4.424s] creating ../../build/patient_engine/patient_engine.egg-info
[4.477s] writing ../../build/patient_engine/patient_engine.egg-info/PKG-INFO
[4.477s] writing dependency_links to ../../build/patient_engine/patient_engine.egg-info/dependency_links.txt
[4.477s] writing entry points to ../../build/patient_engine/patient_engine.egg-info/entry_points.txt
[4.477s] writing requirements to ../../build/patient_engine/patient_engine.egg-info/requires.txt
[4.478s] writing top-level names to ../../build/patient_engine/patient_engine.egg-info/top_level.txt
[4.478s] writing manifest file '../../build/patient_engine/patient_engine.egg-info/SOURCES.txt'
[4.590s] reading manifest file '../../build/patient_engine/patient_engine.egg-info/SOURCES.txt'
[4.592s] writing manifest file '../../build/patient_engine/patient_engine.egg-info/SOURCES.txt'
[4.592s] running build
[4.593s] running build_py
[4.593s] creating /home/anas/ros2_ws/build/patient_engine/build
[4.593s] creating /home/anas/ros2_ws/build/patient_engine/build/lib
[4.593s] creating /home/anas/ros2_ws/build/patient_engine/build/lib/patient_engine
[4.593s] copying patient_engine/__init__.py -> /home/anas/ros2_ws/build/patient_engine/build/lib/patient_engine
[4.594s] running install
[4.611s] running install_lib
[4.664s] creating /home/anas/ros2_ws/install/patient_engine/lib/python3.12/site-packages/patient_engine
[4.665s] copying /home/anas/ros2_ws/build/patient_engine/build/lib/patient_engine/__init__.py -> /home/anas/ros2_ws/install/patient_engine/lib/python3.12/site-packages/patient_engine
[4.666s] byte-compiling /home/anas/ros2_ws/install/patient_engine/lib/python3.12/site-packages/patient_engine/__init__.py to __init__.cpython-312.pyc
[4.667s] running install_data
[4.667s] creating /home/anas/ros2_ws/install/patient_engine/share/ament_index
[4.668s] creating /home/anas/ros2_ws/install/patient_engine/share/ament_index/resource_index
[4.668s] creating /home/anas/ros2_ws/install/patient_engine/share/ament_index/resource_index/packages
[4.669s] copying resource/patient_engine -> /home/anas/ros2_ws/install/patient_engine/share/ament_index/resource_index/packages
[4.669s] copying package.xml -> /home/anas/ros2_ws/install/patient_engine/share/patient_engine
[4.669s] running install_egg_info
[4.731s] Copying ../../build/patient_engine/patient_engine.egg-info to /home/anas/ros2_ws/install/patient_engine/lib/python3.12/site-packages/patient_engine-0.0.1-py3.12.egg-info
[4.734s] running install_scripts
[5.182s] Installing patient_mqtt_bridge script to /home/anas/ros2_ws/install/patient_engine/lib/patient_engine
[5.182s] Installing patient_node script to /home/anas/ros2_ws/install/patient_engine/lib/patient_engine
[5.183s] writing list of installed files to '/home/anas/ros2_ws/build/patient_engine/install.log'
[5.277s] Invoked command in '/home/anas/ros2_ws/src/patient_engine' returned '0': DEBUGINFOD_URLS=https://debuginfod.ubuntu.com PYTHONPATH=/home/anas/ros2_ws/build/patient_engine/prefix_override:/usr/lib/python3/dist-packages/colcon_core/task/python/colcon_distutils_commands:/home/anas/ros2_ws/install/patient_engine/lib/python3.12/site-packages:${PYTHONPATH} /usr/bin/python3 -W ignore:setup.py install is deprecated -W ignore:easy_install command is deprecated setup.py egg_info --egg-base ../../build/patient_engine build --build-base /home/anas/ros2_ws/build/patient_engine/build install --record /home/anas/ros2_ws/build/patient_engine/install.log --single-version-externally-managed install_data
