[14.308s] Invoking command in '/home/anas/ros2_ws/src/doctor_engine': DEBUGINFOD_URLS=https://debuginfod.ubuntu.com PYTHONPATH=/home/anas/ros2_ws/build/doctor_engine/prefix_override:/usr/lib/python3/dist-packages/colcon_core/task/python/colcon_distutils_commands:/home/anas/ros2_ws/install/doctor_engine/lib/python3.12/site-packages:${PYTHONPATH} /usr/bin/python3 -W ignore:setup.py install is deprecated -W ignore:easy_install command is deprecated setup.py egg_info --egg-base ../../build/doctor_engine build --build-base /home/anas/ros2_ws/build/doctor_engine/build install --record /home/anas/ros2_ws/build/doctor_engine/install.log --single-version-externally-managed install_data
[20.074s] running egg_info
[20.234s] writing ../../build/doctor_engine/doctor_engine.egg-info/PKG-INFO
[20.239s] writing dependency_links to ../../build/doctor_engine/doctor_engine.egg-info/dependency_links.txt
[20.239s] writing entry points to ../../build/doctor_engine/doctor_engine.egg-info/entry_points.txt
[20.240s] writing requirements to ../../build/doctor_engine/doctor_engine.egg-info/requires.txt
[20.240s] writing top-level names to ../../build/doctor_engine/doctor_engine.egg-info/top_level.txt
[20.424s] reading manifest file '../../build/doctor_engine/doctor_engine.egg-info/SOURCES.txt'
[20.426s] writing manifest file '../../build/doctor_engine/doctor_engine.egg-info/SOURCES.txt'
[20.428s] running build
[20.428s] running build_py
[20.448s] running install
[20.483s] running install_lib
[20.790s] running install_data
[20.802s] running install_egg_info
[21.174s] removing '/home/anas/ros2_ws/install/doctor_engine/lib/python3.12/site-packages/doctor_engine-0.0.1-py3.12.egg-info' (and everything under it)
[21.192s] Copying ../../build/doctor_engine/doctor_engine.egg-info to /home/anas/ros2_ws/install/doctor_engine/lib/python3.12/site-packages/doctor_engine-0.0.1-py3.12.egg-info
[21.200s] running install_scripts
[22.608s] Installing doctor_anomaly_handler script to /home/anas/ros2_ws/install/doctor_engine/lib/doctor_engine
[22.608s] Installing doctor_mqtt_bridge script to /home/anas/ros2_ws/install/doctor_engine/lib/doctor_engine
[22.608s] Installing doctor_node script to /home/anas/ros2_ws/install/doctor_engine/lib/doctor_engine
[22.609s] writing list of installed files to '/home/anas/ros2_ws/build/doctor_engine/install.log'
[22.814s] Invoked command in '/home/anas/ros2_ws/src/doctor_engine' returned '0': DEBUGINFOD_URLS=https://debuginfod.ubuntu.com PYTHONPATH=/home/anas/ros2_ws/build/doctor_engine/prefix_override:/usr/lib/python3/dist-packages/colcon_core/task/python/colcon_distutils_commands:/home/anas/ros2_ws/install/doctor_engine/lib/python3.12/site-packages:${PYTHONPATH} /usr/bin/python3 -W ignore:setup.py install is deprecated -W ignore:easy_install command is deprecated setup.py egg_info --egg-base ../../build/doctor_engine build --build-base /home/anas/ros2_ws/build/doctor_engine/build install --record /home/anas/ros2_ws/build/doctor_engine/install.log --single-version-externally-managed install_data
