[4.849s] Invoking command in '/home/anas/ros2_ws/src/wrist_replay': DEBUGINFOD_URLS=https://debuginfod.ubuntu.com PYTHONPATH=/home/anas/ros2_ws/build/wrist_replay/prefix_override:/usr/lib/python3/dist-packages/colcon_core/task/python/colcon_distutils_commands:/home/anas/ros2_ws/install/wrist_replay/lib/python3.12/site-packages:${PYTHONPATH} /usr/bin/python3 -W ignore:setup.py install is deprecated -W ignore:easy_install command is deprecated setup.py egg_info --egg-base ../../build/wrist_replay build --build-base /home/anas/ros2_ws/build/wrist_replay/build install --record /home/anas/ros2_ws/build/wrist_replay/install.log --single-version-externally-managed install_data
[6.105s] running egg_info
[6.162s] writing ../../build/wrist_replay/wrist_replay.egg-info/PKG-INFO
[6.165s] writing dependency_links to ../../build/wrist_replay/wrist_replay.egg-info/dependency_links.txt
[6.165s] writing entry points to ../../build/wrist_replay/wrist_replay.egg-info/entry_points.txt
[6.165s] writing requirements to ../../build/wrist_replay/wrist_replay.egg-info/requires.txt
[6.166s] writing top-level names to ../../build/wrist_replay/wrist_replay.egg-info/top_level.txt
[6.280s] reading manifest file '../../build/wrist_replay/wrist_replay.egg-info/SOURCES.txt'
[6.282s] writing manifest file '../../build/wrist_replay/wrist_replay.egg-info/SOURCES.txt'
[6.282s] running build
[6.282s] running build_py
[6.284s] running install
[6.301s] running install_lib
[6.392s] running install_data
[6.401s] running install_egg_info
[6.487s] removing '/home/anas/ros2_ws/install/wrist_replay/lib/python3.12/site-packages/wrist_replay-0.0.1-py3.12.egg-info' (and everything under it)
[6.489s] Copying ../../build/wrist_replay/wrist_replay.egg-info to /home/anas/ros2_ws/install/wrist_replay/lib/python3.12/site-packages/wrist_replay-0.0.1-py3.12.egg-info
[6.512s] running install_scripts
[7.257s] Installing replay_node script to /home/anas/ros2_ws/install/wrist_replay/lib/wrist_replay
[7.258s] writing list of installed files to '/home/anas/ros2_ws/build/wrist_replay/install.log'
[7.337s] Invoked command in '/home/anas/ros2_ws/src/wrist_replay' returned '0': DEBUGINFOD_URLS=https://debuginfod.ubuntu.com PYTHONPATH=/home/anas/ros2_ws/build/wrist_replay/prefix_override:/usr/lib/python3/dist-packages/colcon_core/task/python/colcon_distutils_commands:/home/anas/ros2_ws/install/wrist_replay/lib/python3.12/site-packages:${PYTHONPATH} /usr/bin/python3 -W ignore:setup.py install is deprecated -W ignore:easy_install command is deprecated setup.py egg_info --egg-base ../../build/wrist_replay build --build-base /home/anas/ros2_ws/build/wrist_replay/build install --record /home/anas/ros2_ws/build/wrist_replay/install.log --single-version-externally-managed install_data
