[0.262s] DEBUG:colcon:Command line arguments: ['/usr/bin/colcon', 'build']
[0.262s] DEBUG:colcon:Parsed command line arguments: Namespace(log_base=None, log_level=None, verb_name='build', build_base='build', install_base='install', merge_install=False, symlink_install=False, test_result_base=None, continue_on_error=False, executor='parallel', parallel_workers=4, event_handlers=None, ignore_user_meta=False, metas=['./colcon.meta'], base_paths=['.'], packages_ignore=None, packages_ignore_regex=None, paths=None, packages_up_to=None, packages_up_to_regex=None, packages_above=None, packages_above_and_dependencies=None, packages_above_depth=None, packages_select_by_dep=None, packages_skip_by_dep=None, packages_skip_up_to=None, packages_select_build_failed=False, packages_skip_build_finished=False, packages_select_test_failures=False, packages_skip_test_passed=False, packages_select=None, packages_skip=None, packages_select_regex=None, packages_skip_regex=None, packages_start=None, packages_end=None, allow_overriding=[], cmake_args=None, cmake_target=None, cmake_target_skip_unavailable=False, cmake_clean_cache=False, cmake_clean_first=False, cmake_force_configure=False, ament_cmake_args=None, catkin_cmake_args=None, catkin_skip_building_tests=False, mixin_files=None, mixin=None, verb_parser=<colcon_mixin.mixin.mixin_argument.MixinArgumentDecorator object at 0x7fc86be83f20>, verb_extension=<colcon_core.verb.build.BuildVerb object at 0x7fc86be2b0e0>, main=<bound method BuildVerb.main of <colcon_core.verb.build.BuildVerb object at 0x7fc86be2b0e0>>, mixin_verb=('build',))
[0.374s] Level 1:colcon.colcon_core.package_discovery:discover_packages(colcon_meta) check parameters
[0.374s] Level 1:colcon.colcon_core.package_discovery:discover_packages(recursive) check parameters
[0.374s] Level 1:colcon.colcon_core.package_discovery:discover_packages(ignore) check parameters
[0.374s] Level 1:colcon.colcon_core.package_discovery:discover_packages(path) check parameters
[0.374s] Level 1:colcon.colcon_core.package_discovery:discover_packages(colcon_meta) discover
[0.375s] Level 1:colcon.colcon_core.package_discovery:discover_packages(recursive) discover
[0.375s] INFO:colcon.colcon_core.package_discovery:Crawling recursively for packages in '/home/anas/ros2_ws'
[0.375s] Level 1:colcon.colcon_core.package_identification:_identify(.) by extensions ['ignore', 'ignore_ament_install']
[0.375s] Level 1:colcon.colcon_core.package_identification:_identify(.) by extension 'ignore'
[0.375s] Level 1:colcon.colcon_core.package_identification:_identify(.) by extension 'ignore_ament_install'
[0.375s] Level 1:colcon.colcon_core.package_identification:_identify(.) by extensions ['colcon_pkg']
[0.375s] Level 1:colcon.colcon_core.package_identification:_identify(.) by extension 'colcon_pkg'
[0.376s] Level 1:colcon.colcon_core.package_identification:_identify(.) by extensions ['colcon_meta']
[0.376s] Level 1:colcon.colcon_core.package_identification:_identify(.) by extension 'colcon_meta'
[0.376s] Level 1:colcon.colcon_core.package_identification:_identify(.) by extensions ['ros']
[0.376s] Level 1:colcon.colcon_core.package_identification:_identify(.) by extension 'ros'
[0.455s] Level 1:colcon.colcon_core.package_identification:_identify(.) by extensions ['cmake', 'python']
[0.456s] Level 1:colcon.colcon_core.package_identification:_identify(.) by extension 'cmake'
[0.456s] Level 1:colcon.colcon_core.package_identification:_identify(.) by extension 'python'
[0.456s] Level 1:colcon.colcon_core.package_identification:_identify(.) by extensions ['python_setup_py']
[0.456s] Level 1:colcon.colcon_core.package_identification:_identify(.) by extension 'python_setup_py'
[0.456s] Level 1:colcon.colcon_core.package_identification:_identify(archive_unused) by extensions ['ignore', 'ignore_ament_install']
[0.457s] Level 1:colcon.colcon_core.package_identification:_identify(archive_unused) by extension 'ignore'
[0.457s] Level 1:colcon.colcon_core.package_identification:_identify(archive_unused) ignored
[0.457s] Level 1:colcon.colcon_core.package_identification:_identify(build) by extensions ['ignore', 'ignore_ament_install']
[0.457s] Level 1:colcon.colcon_core.package_identification:_identify(build) by extension 'ignore'
[0.457s] Level 1:colcon.colcon_core.package_identification:_identify(build) ignored
[0.458s] Level 1:colcon.colcon_core.package_identification:_identify(install) by extensions ['ignore', 'ignore_ament_install']
[0.458s] Level 1:colcon.colcon_core.package_identification:_identify(install) by extension 'ignore'
[0.458s] Level 1:colcon.colcon_core.package_identification:_identify(install) ignored
[0.458s] Level 1:colcon.colcon_core.package_identification:_identify(log) by extensions ['ignore', 'ignore_ament_install']
[0.458s] Level 1:colcon.colcon_core.package_identification:_identify(log) by extension 'ignore'
[0.458s] Level 1:colcon.colcon_core.package_identification:_identify(log) ignored
[0.459s] Level 1:colcon.colcon_core.package_identification:_identify(src) by extensions ['ignore', 'ignore_ament_install']
[0.459s] Level 1:colcon.colcon_core.package_identification:_identify(src) by extension 'ignore'
[0.459s] Level 1:colcon.colcon_core.package_identification:_identify(src) by extension 'ignore_ament_install'
[0.459s] Level 1:colcon.colcon_core.package_identification:_identify(src) by extensions ['colcon_pkg']
[0.459s] Level 1:colcon.colcon_core.package_identification:_identify(src) by extension 'colcon_pkg'
[0.459s] Level 1:colcon.colcon_core.package_identification:_identify(src) by extensions ['colcon_meta']
[0.459s] Level 1:colcon.colcon_core.package_identification:_identify(src) by extension 'colcon_meta'
[0.459s] Level 1:colcon.colcon_core.package_identification:_identify(src) by extensions ['ros']
[0.459s] Level 1:colcon.colcon_core.package_identification:_identify(src) by extension 'ros'
[0.460s] Level 1:colcon.colcon_core.package_identification:_identify(src) by extensions ['cmake', 'python']
[0.460s] Level 1:colcon.colcon_core.package_identification:_identify(src) by extension 'cmake'
[0.460s] Level 1:colcon.colcon_core.package_identification:_identify(src) by extension 'python'
[0.460s] Level 1:colcon.colcon_core.package_identification:_identify(src) by extensions ['python_setup_py']
[0.460s] Level 1:colcon.colcon_core.package_identification:_identify(src) by extension 'python_setup_py'
[0.460s] Level 1:colcon.colcon_core.package_identification:_identify(src/doctor_engine) by extensions ['ignore', 'ignore_ament_install']
[0.460s] Level 1:colcon.colcon_core.package_identification:_identify(src/doctor_engine) by extension 'ignore'
[0.460s] Level 1:colcon.colcon_core.package_identification:_identify(src/doctor_engine) by extension 'ignore_ament_install'
[0.460s] Level 1:colcon.colcon_core.package_identification:_identify(src/doctor_engine) by extensions ['colcon_pkg']
[0.461s] Level 1:colcon.colcon_core.package_identification:_identify(src/doctor_engine) by extension 'colcon_pkg'
[0.461s] Level 1:colcon.colcon_core.package_identification:_identify(src/doctor_engine) by extensions ['colcon_meta']
[0.461s] Level 1:colcon.colcon_core.package_identification:_identify(src/doctor_engine) by extension 'colcon_meta'
[0.461s] Level 1:colcon.colcon_core.package_identification:_identify(src/doctor_engine) by extensions ['ros']
[0.461s] Level 1:colcon.colcon_core.package_identification:_identify(src/doctor_engine) by extension 'ros'
[0.466s] DEBUG:colcon.colcon_core.package_identification:Package 'src/doctor_engine' with type 'ros.ament_python' and name 'doctor_engine'
[0.466s] Level 1:colcon.colcon_core.package_identification:_identify(src/patient_engine) by extensions ['ignore', 'ignore_ament_install']
[0.466s] Level 1:colcon.colcon_core.package_identification:_identify(src/patient_engine) by extension 'ignore'
[0.466s] Level 1:colcon.colcon_core.package_identification:_identify(src/patient_engine) by extension 'ignore_ament_install'
[0.466s] Level 1:colcon.colcon_core.package_identification:_identify(src/patient_engine) by extensions ['colcon_pkg']
[0.466s] Level 1:colcon.colcon_core.package_identification:_identify(src/patient_engine) by extension 'colcon_pkg'
[0.467s] Level 1:colcon.colcon_core.package_identification:_identify(src/patient_engine) by extensions ['colcon_meta']
[0.467s] Level 1:colcon.colcon_core.package_identification:_identify(src/patient_engine) by extension 'colcon_meta'
[0.467s] Level 1:colcon.colcon_core.package_identification:_identify(src/patient_engine) by extensions ['ros']
[0.467s] Level 1:colcon.colcon_core.package_identification:_identify(src/patient_engine) by extension 'ros'
[0.468s] DEBUG:colcon.colcon_core.package_identification:Package 'src/patient_engine' with type 'ros.ament_python' and name 'patient_engine'
[0.468s] Level 1:colcon.colcon_core.package_identification:_identify(src/wrist_replay) by extensions ['ignore', 'ignore_ament_install']
[0.468s] Level 1:colcon.colcon_core.package_identification:_identify(src/wrist_replay) by extension 'ignore'
[0.468s] Level 1:colcon.colcon_core.package_identification:_identify(src/wrist_replay) by extension 'ignore_ament_install'
[0.469s] Level 1:colcon.colcon_core.package_identification:_identify(src/wrist_replay) by extensions ['colcon_pkg']
[0.469s] Level 1:colcon.colcon_core.package_identification:_identify(src/wrist_replay) by extension 'colcon_pkg'
[0.469s] Level 1:colcon.colcon_core.package_identification:_identify(src/wrist_replay) by extensions ['colcon_meta']
[0.469s] Level 1:colcon.colcon_core.package_identification:_identify(src/wrist_replay) by extension 'colcon_meta'
[0.469s] Level 1:colcon.colcon_core.package_identification:_identify(src/wrist_replay) by extensions ['ros']
[0.469s] Level 1:colcon.colcon_core.package_identification:_identify(src/wrist_replay) by extension 'ros'
[0.470s] DEBUG:colcon.colcon_core.package_identification:Package 'src/wrist_replay' with type 'ros.ament_python' and name 'wrist_replay'
[0.470s] Level 1:colcon.colcon_core.package_discovery:discover_packages(recursive) using defaults
[0.470s] Level 1:colcon.colcon_core.package_discovery:discover_packages(ignore) discover
[0.470s] Level 1:colcon.colcon_core.package_discovery:discover_packages(ignore) using defaults
[0.470s] Level 1:colcon.colcon_core.package_discovery:discover_packages(path) discover
[0.471s] Level 1:colcon.colcon_core.package_discovery:discover_packages(path) using defaults
[0.514s] Level 1:colcon.colcon_core.package_discovery:discover_packages(prefix_path) check parameters
[0.514s] Level 1:colcon.colcon_core.package_discovery:discover_packages(prefix_path) discover
[0.519s] DEBUG:colcon.colcon_installed_package_information.package_discovery:Found 3 installed packages in /home/anas/ros2_ws/install
[0.523s] DEBUG:colcon.colcon_installed_package_information.package_discovery:Found 285 installed packages in /opt/ros/jazzy
[0.526s] Level 1:colcon.colcon_core.package_discovery:discover_packages(prefix_path) using defaults
[0.641s] Level 5:colcon.colcon_core.verb:set package 'doctor_engine' build argument 'cmake_args' from command line to 'None'
[0.641s] Level 5:colcon.colcon_core.verb:set package 'doctor_engine' build argument 'cmake_target' from command line to 'None'
[0.641s] Level 5:colcon.colcon_core.verb:set package 'doctor_engine' build argument 'cmake_target_skip_unavailable' from command line to 'False'
[0.641s] Level 5:colcon.colcon_core.verb:set package 'doctor_engine' build argument 'cmake_clean_cache' from command line to 'False'
[0.641s] Level 5:colcon.colcon_core.verb:set package 'doctor_engine' build argument 'cmake_clean_first' from command line to 'False'
[0.641s] Level 5:colcon.colcon_core.verb:set package 'doctor_engine' build argument 'cmake_force_configure' from command line to 'False'
[0.641s] Level 5:colcon.colcon_core.verb:set package 'doctor_engine' build argument 'ament_cmake_args' from command line to 'None'
[0.641s] Level 5:colcon.colcon_core.verb:set package 'doctor_engine' build argument 'catkin_cmake_args' from command line to 'None'
[0.641s] Level 5:colcon.colcon_core.verb:set package 'doctor_engine' build argument 'catkin_skip_building_tests' from command line to 'False'
[0.642s] DEBUG:colcon.colcon_core.verb:Building package 'doctor_engine' with the following arguments: {'ament_cmake_args': None, 'build_base': '/home/anas/ros2_ws/build/doctor_engine', 'catkin_cmake_args': None, 'catkin_skip_building_tests': False, 'cmake_args': None, 'cmake_clean_cache': False, 'cmake_clean_first': False, 'cmake_force_configure': False, 'cmake_target': None, 'cmake_target_skip_unavailable': False, 'install_base': '/home/anas/ros2_ws/install/doctor_engine', 'merge_install': False, 'path': '/home/anas/ros2_ws/src/doctor_engine', 'symlink_install': False, 'test_result_base': None}
[0.642s] Level 5:colcon.colcon_core.verb:set package 'patient_engine' build argument 'cmake_args' from command line to 'None'
[0.642s] Level 5:colcon.colcon_core.verb:set package 'patient_engine' build argument 'cmake_target' from command line to 'None'
[0.642s] Level 5:colcon.colcon_core.verb:set package 'patient_engine' build argument 'cmake_target_skip_unavailable' from command line to 'False'
[0.642s] Level 5:colcon.colcon_core.verb:set package 'patient_engine' build argument 'cmake_clean_cache' from command line to 'False'
[0.642s] Level 5:colcon.colcon_core.verb:set package 'patient_engine' build argument 'cmake_clean_first' from command line to 'False'
[0.642s] Level 5:colcon.colcon_core.verb:set package 'patient_engine' build argument 'cmake_force_configure' from command line to 'False'
[0.642s] Level 5:colcon.colcon_core.verb:set package 'patient_engine' build argument 'ament_cmake_args' from command line to 'None'
[0.642s] Level 5:colcon.colcon_core.verb:set package 'patient_engine' build argument 'catkin_cmake_args' from command line to 'None'
[0.643s] Level 5:colcon.colcon_core.verb:set package 'patient_engine' build argument 'catkin_skip_building_tests' from command line to 'False'
[0.643s] DEBUG:colcon.colcon_core.verb:Building package 'patient_engine' with the following arguments: {'ament_cmake_args': None, 'build_base': '/home/anas/ros2_ws/build/patient_engine', 'catkin_cmake_args': None, 'catkin_skip_building_tests': False, 'cmake_args': None, 'cmake_clean_cache': False, 'cmake_clean_first': False, 'cmake_force_configure': False, 'cmake_target': None, 'cmake_target_skip_unavailable': False, 'install_base': '/home/anas/ros2_ws/install/patient_engine', 'merge_install': False, 'path': '/home/anas/ros2_ws/src/patient_engine', 'symlink_install': False, 'test_result_base': None}
[0.643s] Level 5:colcon.colcon_core.verb:set package 'wrist_replay' build argument 'cmake_args' from command line to 'None'
[0.643s] Level 5:colcon.colcon_core.verb:set package 'wrist_replay' build argument 'cmake_target' from command line to 'None'
[0.643s] Level 5:colcon.colcon_core.verb:set package 'wrist_replay' build argument 'cmake_target_skip_unavailable' from command line to 'False'
[0.643s] Level 5:colcon.colcon_core.verb:set package 'wrist_replay' build argument 'cmake_clean_cache' from command line to 'False'
[0.643s] Level 5:colcon.colcon_core.verb:set package 'wrist_replay' build argument 'cmake_clean_first' from command line to 'False'
[0.643s] Level 5:colcon.colcon_core.verb:set package 'wrist_replay' build argument 'cmake_force_configure' from command line to 'False'
[0.644s] Level 5:colcon.colcon_core.verb:set package 'wrist_replay' build argument 'ament_cmake_args' from command line to 'None'
[0.644s] Level 5:colcon.colcon_core.verb:set package 'wrist_replay' build argument 'catkin_cmake_args' from command line to 'None'
[0.644s] Level 5:colcon.colcon_core.verb:set package 'wrist_replay' build argument 'catkin_skip_building_tests' from command line to 'False'
[0.644s] DEBUG:colcon.colcon_core.verb:Building package 'wrist_replay' with the following arguments: {'ament_cmake_args': None, 'build_base': '/home/anas/ros2_ws/build/wrist_replay', 'catkin_cmake_args': None, 'catkin_skip_building_tests': False, 'cmake_args': None, 'cmake_clean_cache': False, 'cmake_clean_first': False, 'cmake_force_configure': False, 'cmake_target': None, 'cmake_target_skip_unavailable': False, 'install_base': '/home/anas/ros2_ws/install/wrist_replay', 'merge_install': False, 'path': '/home/anas/ros2_ws/src/wrist_replay', 'symlink_install': False, 'test_result_base': None}
[0.644s] INFO:colcon.colcon_core.executor:Executing jobs using 'parallel' executor
[0.646s] DEBUG:colcon.colcon_parallel_executor.executor.parallel:run_until_complete
[0.646s] INFO:colcon.colcon_ros.task.ament_python.build:Building ROS package in '/home/anas/ros2_ws/src/doctor_engine' with build type 'ament_python'
[0.646s] Level 1:colcon.colcon_core.shell:create_environment_hook('doctor_engine', 'ament_prefix_path')
[0.651s] INFO:colcon.colcon_core.plugin_system:Skipping extension 'colcon_core.shell.bat': Not used on non-Windows systems
[0.651s] INFO:colcon.colcon_core.shell:Creating environment hook '/home/anas/ros2_ws/install/doctor_engine/share/doctor_engine/hook/ament_prefix_path.ps1'
[0.654s] INFO:colcon.colcon_core.shell:Creating environment descriptor '/home/anas/ros2_ws/install/doctor_engine/share/doctor_engine/hook/ament_prefix_path.dsv'
[0.656s] INFO:colcon.colcon_core.shell:Creating environment hook '/home/anas/ros2_ws/install/doctor_engine/share/doctor_engine/hook/ament_prefix_path.sh'
[0.658s] INFO:colcon.colcon_core.shell:Skip shell extension 'powershell' for command environment: Not usable outside of PowerShell
[0.659s] DEBUG:colcon.colcon_core.shell:Skip shell extension 'dsv' for command environment
[0.674s] INFO:colcon.colcon_ros.task.ament_python.build:Building ROS package in '/home/anas/ros2_ws/src/patient_engine' with build type 'ament_python'
[0.674s] Level 1:colcon.colcon_core.shell:create_environment_hook('patient_engine', 'ament_prefix_path')
[0.674s] INFO:colcon.colcon_core.shell:Creating environment hook '/home/anas/ros2_ws/install/patient_engine/share/patient_engine/hook/ament_prefix_path.ps1'
[0.675s] INFO:colcon.colcon_core.shell:Creating environment descriptor '/home/anas/ros2_ws/install/patient_engine/share/patient_engine/hook/ament_prefix_path.dsv'
[0.676s] INFO:colcon.colcon_core.shell:Creating environment hook '/home/anas/ros2_ws/install/patient_engine/share/patient_engine/hook/ament_prefix_path.sh'
[0.678s] INFO:colcon.colcon_core.shell:Skip shell extension 'powershell' for command environment: Not usable outside of PowerShell
[0.678s] DEBUG:colcon.colcon_core.shell:Skip shell extension 'dsv' for command environment
[0.700s] INFO:colcon.colcon_ros.task.ament_python.build:Building ROS package in '/home/anas/ros2_ws/src/wrist_replay' with build type 'ament_python'
[0.700s] Level 1:colcon.colcon_core.shell:create_environment_hook('wrist_replay', 'ament_prefix_path')
[0.701s] INFO:colcon.colcon_core.shell:Creating environment hook '/home/anas/ros2_ws/install/wrist_replay/share/wrist_replay/hook/ament_prefix_path.ps1'
[0.701s] INFO:colcon.colcon_core.shell:Creating environment descriptor '/home/anas/ros2_ws/install/wrist_replay/share/wrist_replay/hook/ament_prefix_path.dsv'
[0.707s] INFO:colcon.colcon_core.shell:Creating environment hook '/home/anas/ros2_ws/install/wrist_replay/share/wrist_replay/hook/ament_prefix_path.sh'
[0.708s] INFO:colcon.colcon_core.shell:Skip shell extension 'powershell' for command environment: Not usable outside of PowerShell
[0.708s] DEBUG:colcon.colcon_core.shell:Skip shell extension 'dsv' for command environment
[1.525s] INFO:colcon.colcon_core.task.python.build:Building Python package in '/home/anas/ros2_ws/src/doctor_engine'
[1.526s] INFO:colcon.colcon_core.shell:Skip shell extension 'powershell' for command environment: Not usable outside of PowerShell
[1.526s] DEBUG:colcon.colcon_core.shell:Skip shell extension 'dsv' for command environment
[2.043s] INFO:colcon.colcon_core.task.python.build:Building Python package in '/home/anas/ros2_ws/src/patient_engine'
[2.044s] INFO:colcon.colcon_core.shell:Skip shell extension 'powershell' for command environment: Not usable outside of PowerShell
[2.044s] DEBUG:colcon.colcon_core.shell:Skip shell extension 'dsv' for command environment
[2.655s] INFO:colcon.colcon_core.task.python.build:Building Python package in '/home/anas/ros2_ws/src/wrist_replay'
[2.656s] INFO:colcon.colcon_core.shell:Skip shell extension 'powershell' for command environment: Not usable outside of PowerShell
[2.656s] DEBUG:colcon.colcon_core.shell:Skip shell extension 'dsv' for command environment
[4.599s] DEBUG:colcon.colcon_core.event_handler.log_command:Invoking command in '/home/anas/ros2_ws/src/patient_engine': DEBUGINFOD_URLS=https://debuginfod.ubuntu.com PYTHONPATH=/home/anas/ros2_ws/build/patient_engine/prefix_override:/usr/lib/python3/dist-packages/colcon_core/task/python/colcon_distutils_commands:/home/anas/ros2_ws/install/patient_engine/lib/python3.12/site-packages:${PYTHONPATH} /usr/bin/python3 -W ignore:setup.py install is deprecated -W ignore:easy_install command is deprecated setup.py egg_info --egg-base ../../build/patient_engine build --build-base /home/anas/ros2_ws/build/patient_engine/build install --record /home/anas/ros2_ws/build/patient_engine/install.log --single-version-externally-managed install_data
[4.625s] DEBUG:colcon.colcon_core.event_handler.log_command:Invoking command in '/home/anas/ros2_ws/src/wrist_replay': DEBUGINFOD_URLS=https://debuginfod.ubuntu.com PYTHONPATH=/home/anas/ros2_ws/build/wrist_replay/prefix_override:/usr/lib/python3/dist-packages/colcon_core/task/python/colcon_distutils_commands:/home/anas/ros2_ws/install/wrist_replay/lib/python3.12/site-packages:${PYTHONPATH} /usr/bin/python3 -W ignore:setup.py install is deprecated -W ignore:easy_install command is deprecated setup.py egg_info --egg-base ../../build/wrist_replay build --build-base /home/anas/ros2_ws/build/wrist_replay/build install --record /home/anas/ros2_ws/build/wrist_replay/install.log --single-version-externally-managed install_data
[4.651s] DEBUG:colcon.colcon_core.event_handler.log_command:Invoking command in '/home/anas/ros2_ws/src/doctor_engine': DEBUGINFOD_URLS=https://debuginfod.ubuntu.com PYTHONPATH=/home/anas/ros2_ws/build/doctor_engine/prefix_override:/usr/lib/python3/dist-packages/colcon_core/task/python/colcon_distutils_commands:/home/anas/ros2_ws/install/doctor_engine/lib/python3.12/site-packages:${PYTHONPATH} /usr/bin/python3 -W ignore:setup.py install is deprecated -W ignore:easy_install command is deprecated setup.py egg_info --egg-base ../../build/doctor_engine build --build-base /home/anas/ros2_ws/build/doctor_engine/build install --record /home/anas/ros2_ws/build/doctor_engine/install.log --single-version-externally-managed install_data
[6.483s] DEBUG:colcon.colcon_core.event_handler.log_command:Invoked command in '/home/anas/ros2_ws/src/doctor_engine' returned '0': DEBUGINFOD_URLS=https://debuginfod.ubuntu.com PYTHONPATH=/home/anas/ros2_ws/build/doctor_engine/prefix_override:/usr/lib/python3/dist-packages/colcon_core/task/python/colcon_distutils_commands:/home/anas/ros2_ws/install/doctor_engine/lib/python3.12/site-packages:${PYTHONPATH} /usr/bin/python3 -W ignore:setup.py install is deprecated -W ignore:easy_install command is deprecated setup.py egg_info --egg-base ../../build/doctor_engine build --build-base /home/anas/ros2_ws/build/doctor_engine/build install --record /home/anas/ros2_ws/build/doctor_engine/install.log --single-version-externally-managed install_data
[6.498s] Level 1:colcon.colcon_core.environment:checking '/home/anas/ros2_ws/install/doctor_engine' for CMake module files
[6.499s] Level 1:colcon.colcon_core.environment:checking '/home/anas/ros2_ws/install/doctor_engine' for CMake config files
[6.503s] Level 1:colcon.colcon_core.environment:checking '/home/anas/ros2_ws/install/doctor_engine/lib'
[6.503s] Level 1:colcon.colcon_core.environment:checking '/home/anas/ros2_ws/install/doctor_engine/bin'
[6.504s] Level 1:colcon.colcon_core.environment:checking '/home/anas/ros2_ws/install/doctor_engine/lib/pkgconfig/doctor_engine.pc'
[6.504s] Level 1:colcon.colcon_core.environment:checking '/home/anas/ros2_ws/install/doctor_engine/lib/python3.12/site-packages'
[6.504s] Level 1:colcon.colcon_core.shell:create_environment_hook('doctor_engine', 'pythonpath')
[6.505s] INFO:colcon.colcon_core.shell:Creating environment hook '/home/anas/ros2_ws/install/doctor_engine/share/doctor_engine/hook/pythonpath.ps1'
[6.506s] INFO:colcon.colcon_core.shell:Creating environment descriptor '/home/anas/ros2_ws/install/doctor_engine/share/doctor_engine/hook/pythonpath.dsv'
[6.507s] INFO:colcon.colcon_core.shell:Creating environment hook '/home/anas/ros2_ws/install/doctor_engine/share/doctor_engine/hook/pythonpath.sh'
[6.508s] Level 1:colcon.colcon_core.environment:checking '/home/anas/ros2_ws/install/doctor_engine/bin'
[6.508s] Level 1:colcon.colcon_core.environment:create_environment_scripts_only(doctor_engine)
[6.508s] INFO:colcon.colcon_core.shell:Creating package script '/home/anas/ros2_ws/install/doctor_engine/share/doctor_engine/package.ps1'
[6.510s] INFO:colcon.colcon_core.shell:Creating package descriptor '/home/anas/ros2_ws/install/doctor_engine/share/doctor_engine/package.dsv'
[6.511s] INFO:colcon.colcon_core.shell:Creating package script '/home/anas/ros2_ws/install/doctor_engine/share/doctor_engine/package.sh'
[6.512s] INFO:colcon.colcon_core.shell:Creating package script '/home/anas/ros2_ws/install/doctor_engine/share/doctor_engine/package.bash'
[6.513s] INFO:colcon.colcon_core.shell:Creating package script '/home/anas/ros2_ws/install/doctor_engine/share/doctor_engine/package.zsh'
[6.515s] Level 1:colcon.colcon_core.environment:create_file_with_runtime_dependencies(/home/anas/ros2_ws/install/doctor_engine/share/colcon-core/packages/doctor_engine)
[6.516s] Level 1:colcon.colcon_core.environment:checking '/home/anas/ros2_ws/install/patient_engine' for CMake module files
[6.518s] Level 1:colcon.colcon_core.environment:checking '/home/anas/ros2_ws/install/patient_engine' for CMake config files
[6.520s] DEBUG:colcon.colcon_core.event_handler.log_command:Invoked command in '/home/anas/ros2_ws/src/patient_engine' returned '0': DEBUGINFOD_URLS=https://debuginfod.ubuntu.com PYTHONPATH=/home/anas/ros2_ws/build/patient_engine/prefix_override:/usr/lib/python3/dist-packages/colcon_core/task/python/colcon_distutils_commands:/home/anas/ros2_ws/install/patient_engine/lib/python3.12/site-packages:${PYTHONPATH} /usr/bin/python3 -W ignore:setup.py install is deprecated -W ignore:easy_install command is deprecated setup.py egg_info --egg-base ../../build/patient_engine build --build-base /home/anas/ros2_ws/build/patient_engine/build install --record /home/anas/ros2_ws/build/patient_engine/install.log --single-version-externally-managed install_data
[6.522s] Level 1:colcon.colcon_core.environment:checking '/home/anas/ros2_ws/install/patient_engine/lib'
[6.522s] Level 1:colcon.colcon_core.environment:checking '/home/anas/ros2_ws/install/patient_engine/bin'
[6.522s] Level 1:colcon.colcon_core.environment:checking '/home/anas/ros2_ws/install/patient_engine/lib/pkgconfig/patient_engine.pc'
[6.523s] Level 1:colcon.colcon_core.environment:checking '/home/anas/ros2_ws/install/patient_engine/lib/python3.12/site-packages'
[6.523s] Level 1:colcon.colcon_core.shell:create_environment_hook('patient_engine', 'pythonpath')
[6.523s] INFO:colcon.colcon_core.shell:Creating environment hook '/home/anas/ros2_ws/install/patient_engine/share/patient_engine/hook/pythonpath.ps1'
[6.525s] INFO:colcon.colcon_core.shell:Creating environment descriptor '/home/anas/ros2_ws/install/patient_engine/share/patient_engine/hook/pythonpath.dsv'
[6.525s] INFO:colcon.colcon_core.shell:Creating environment hook '/home/anas/ros2_ws/install/patient_engine/share/patient_engine/hook/pythonpath.sh'
[6.526s] Level 1:colcon.colcon_core.environment:checking '/home/anas/ros2_ws/install/patient_engine/bin'
[6.526s] Level 1:colcon.colcon_core.environment:create_environment_scripts_only(patient_engine)
[6.527s] INFO:colcon.colcon_core.shell:Creating package script '/home/anas/ros2_ws/install/patient_engine/share/patient_engine/package.ps1'
[6.528s] INFO:colcon.colcon_core.shell:Creating package descriptor '/home/anas/ros2_ws/install/patient_engine/share/patient_engine/package.dsv'
[6.528s] INFO:colcon.colcon_core.shell:Creating package script '/home/anas/ros2_ws/install/patient_engine/share/patient_engine/package.sh'
[6.529s] INFO:colcon.colcon_core.shell:Creating package script '/home/anas/ros2_ws/install/patient_engine/share/patient_engine/package.bash'
[6.530s] INFO:colcon.colcon_core.shell:Creating package script '/home/anas/ros2_ws/install/patient_engine/share/patient_engine/package.zsh'
[6.531s] Level 1:colcon.colcon_core.environment:create_file_with_runtime_dependencies(/home/anas/ros2_ws/install/patient_engine/share/colcon-core/packages/patient_engine)
[6.533s] Level 1:colcon.colcon_core.environment:checking '/home/anas/ros2_ws/install/wrist_replay' for CMake module files
[6.535s] DEBUG:colcon.colcon_core.event_handler.log_command:Invoked command in '/home/anas/ros2_ws/src/wrist_replay' returned '0': DEBUGINFOD_URLS=https://debuginfod.ubuntu.com PYTHONPATH=/home/anas/ros2_ws/build/wrist_replay/prefix_override:/usr/lib/python3/dist-packages/colcon_core/task/python/colcon_distutils_commands:/home/anas/ros2_ws/install/wrist_replay/lib/python3.12/site-packages:${PYTHONPATH} /usr/bin/python3 -W ignore:setup.py install is deprecated -W ignore:easy_install command is deprecated setup.py egg_info --egg-base ../../build/wrist_replay build --build-base /home/anas/ros2_ws/build/wrist_replay/build install --record /home/anas/ros2_ws/build/wrist_replay/install.log --single-version-externally-managed install_data
[6.536s] Level 1:colcon.colcon_core.environment:checking '/home/anas/ros2_ws/install/wrist_replay' for CMake config files
[6.537s] Level 1:colcon.colcon_core.environment:checking '/home/anas/ros2_ws/install/wrist_replay/lib'
[6.537s] Level 1:colcon.colcon_core.environment:checking '/home/anas/ros2_ws/install/wrist_replay/bin'
[6.537s] Level 1:colcon.colcon_core.environment:checking '/home/anas/ros2_ws/install/wrist_replay/lib/pkgconfig/wrist_replay.pc'
[6.537s] Level 1:colcon.colcon_core.environment:checking '/home/anas/ros2_ws/install/wrist_replay/lib/python3.12/site-packages'
[6.538s] Level 1:colcon.colcon_core.shell:create_environment_hook('wrist_replay', 'pythonpath')
[6.538s] INFO:colcon.colcon_core.shell:Creating environment hook '/home/anas/ros2_ws/install/wrist_replay/share/wrist_replay/hook/pythonpath.ps1'
[6.539s] INFO:colcon.colcon_core.shell:Creating environment descriptor '/home/anas/ros2_ws/install/wrist_replay/share/wrist_replay/hook/pythonpath.dsv'
[6.539s] INFO:colcon.colcon_core.shell:Creating environment hook '/home/anas/ros2_ws/install/wrist_replay/share/wrist_replay/hook/pythonpath.sh'
[6.540s] Level 1:colcon.colcon_core.environment:checking '/home/anas/ros2_ws/install/wrist_replay/bin'
[6.541s] Level 1:colcon.colcon_core.environment:create_environment_scripts_only(wrist_replay)
[6.541s] INFO:colcon.colcon_core.shell:Creating package script '/home/anas/ros2_ws/install/wrist_replay/share/wrist_replay/package.ps1'
[6.542s] INFO:colcon.colcon_core.shell:Creating package descriptor '/home/anas/ros2_ws/install/wrist_replay/share/wrist_replay/package.dsv'
[6.543s] INFO:colcon.colcon_core.shell:Creating package script '/home/anas/ros2_ws/install/wrist_replay/share/wrist_replay/package.sh'
[6.544s] INFO:colcon.colcon_core.shell:Creating package script '/home/anas/ros2_ws/install/wrist_replay/share/wrist_replay/package.bash'
[6.554s] INFO:colcon.colcon_core.shell:Creating package script '/home/anas/ros2_ws/install/wrist_replay/share/wrist_replay/package.zsh'
[6.556s] Level 1:colcon.colcon_core.environment:create_file_with_runtime_dependencies(/home/anas/ros2_ws/install/wrist_replay/share/colcon-core/packages/wrist_replay)
[6.557s] DEBUG:colcon.colcon_parallel_executor.executor.parallel:closing loop
[6.558s] DEBUG:colcon.colcon_parallel_executor.executor.parallel:loop closed
[6.562s] DEBUG:colcon.colcon_parallel_executor.executor.parallel:run_until_complete finished with '0'
[6.562s] DEBUG:colcon.colcon_core.event_reactor:joining thread
[6.577s] INFO:colcon.colcon_core.plugin_system:Skipping extension 'colcon_notification.desktop_notification.terminal_notifier': Not used on non-Darwin systems
[6.577s] INFO:colcon.colcon_core.plugin_system:Skipping extension 'colcon_notification.desktop_notification.win32': Not used on non-Windows systems
[6.577s] INFO:colcon.colcon_notification.desktop_notification:Sending desktop notification using 'notify2'
[6.642s] DEBUG:colcon.colcon_core.event_reactor:joined thread
[6.643s] INFO:colcon.colcon_core.shell:Creating prefix script '/home/anas/ros2_ws/install/local_setup.ps1'
[6.645s] INFO:colcon.colcon_core.shell:Creating prefix util module '/home/anas/ros2_ws/install/_local_setup_util_ps1.py'
[6.648s] INFO:colcon.colcon_core.shell:Creating prefix chain script '/home/anas/ros2_ws/install/setup.ps1'
[6.650s] INFO:colcon.colcon_core.shell:Creating prefix script '/home/anas/ros2_ws/install/local_setup.sh'
[6.651s] INFO:colcon.colcon_core.shell:Creating prefix util module '/home/anas/ros2_ws/install/_local_setup_util_sh.py'
[6.652s] INFO:colcon.colcon_core.shell:Creating prefix chain script '/home/anas/ros2_ws/install/setup.sh'
[6.655s] INFO:colcon.colcon_core.shell:Creating prefix script '/home/anas/ros2_ws/install/local_setup.bash'
[6.656s] INFO:colcon.colcon_core.shell:Creating prefix chain script '/home/anas/ros2_ws/install/setup.bash'
[6.659s] INFO:colcon.colcon_core.shell:Creating prefix script '/home/anas/ros2_ws/install/local_setup.zsh'
[6.660s] INFO:colcon.colcon_core.shell:Creating prefix chain script '/home/anas/ros2_ws/install/setup.zsh'
