[5.556s] Invoking command in '/home/anas/ros2_ws/src/patient_engine': DEBUGINFOD_URLS=https://debuginfod.ubuntu.com PYTHONPATH=/home/anas/ros2_ws/build/patient_engine/prefix_override:/usr/lib/python3/dist-packages/colcon_core/task/python/colcon_distutils_commands:/home/anas/ros2_ws/install/patient_engine/lib/python3.12/site-packages:${PYTHONPATH} /usr/bin/python3 -W ignore:setup.py install is deprecated -W ignore:easy_install command is deprecated setup.py egg_info --egg-base ../../build/patient_engine build --build-base /home/anas/ros2_ws/build/patient_engine/build install --record /home/anas/ros2_ws/build/patient_engine/install.log --single-version-externally-managed install_data
[6.797s] running egg_info
[6.864s] writing ../../build/patient_engine/patient_engine.egg-info/PKG-INFO
[6.866s] writing dependency_links to ../../build/patient_engine/patient_engine.egg-info/dependency_links.txt
[6.867s] writing entry points to ../../build/patient_engine/patient_engine.egg-info/entry_points.txt
[6.868s] writing requirements to ../../build/patient_engine/patient_engine.egg-info/requires.txt
[6.869s] writing top-level names to ../../build/patient_engine/patient_engine.egg-info/top_level.txt
[7.002s] reading manifest file '../../build/patient_engine/patient_engine.egg-info/SOURCES.txt'
[7.005s] writing manifest file '../../build/patient_engine/patient_engine.egg-info/SOURCES.txt'
[7.005s] running build
[7.007s] running build_py
[7.008s] running install
[7.027s] running install_lib
[7.118s] running install_data
[7.121s] running install_egg_info
[7.198s] removing '/home/anas/ros2_ws/install/patient_engine/lib/python3.12/site-packages/patient_engine-0.0.1-py3.12.egg-info' (and everything under it)
[7.199s] Copying ../../build/patient_engine/patient_engine.egg-info to /home/anas/ros2_ws/install/patient_engine/lib/python3.12/site-packages/patient_engine-0.0.1-py3.12.egg-info
[7.203s] running install_scripts
[7.787s] Installing patient_anomaly_handler script to /home/anas/ros2_ws/install/patient_engine/lib/patient_engine
[7.788s] Installing patient_mqtt_bridge script to /home/anas/ros2_ws/install/patient_engine/lib/patient_engine
[7.789s] Installing patient_node script to /home/anas/ros2_ws/install/patient_engine/lib/patient_engine
[7.791s] writing list of installed files to '/home/anas/ros2_ws/build/patient_engine/install.log'
[7.867s] Invoked command in '/home/anas/ros2_ws/src/patient_engine' returned '0': DEBUGINFOD_URLS=https://debuginfod.ubuntu.com PYTHONPATH=/home/anas/ros2_ws/build/patient_engine/prefix_override:/usr/lib/python3/dist-packages/colcon_core/task/python/colcon_distutils_commands:/home/anas/ros2_ws/install/patient_engine/lib/python3.12/site-packages:${PYTHONPATH} /usr/bin/python3 -W ignore:setup.py install is deprecated -W ignore:easy_install command is deprecated setup.py egg_info --egg-base ../../build/patient_engine build --build-base /home/anas/ros2_ws/build/patient_engine/build install --record /home/anas/ros2_ws/build/patient_engine/install.log --single-version-externally-managed install_data
