[31.198s] Invoking command in '/home/anas/ros2_ws/src/doctor_engine': DEBUGINFOD_URLS=https://debuginfod.ubuntu.com PYTHONPATH=/home/anas/ros2_ws/build/doctor_engine/prefix_override:/usr/lib/python3/dist-packages/colcon_core/task/python/colcon_distutils_commands:/home/anas/ros2_ws/install/doctor_engine/lib/python3.12/site-packages:${PYTHONPATH} /usr/bin/python3 -W ignore:setup.py install is deprecated -W ignore:easy_install command is deprecated setup.py egg_info --egg-base ../../build/doctor_engine build --build-base /home/anas/ros2_ws/build/doctor_engine/build install --record /home/anas/ros2_ws/build/doctor_engine/install.log --single-version-externally-managed install_data
[36.928s] running egg_info
[37.090s] writing ../../build/doctor_engine/doctor_engine.egg-info/PKG-INFO
[37.091s] writing dependency_links to ../../build/doctor_engine/doctor_engine.egg-info/dependency_links.txt
[37.092s] writing entry points to ../../build/doctor_engine/doctor_engine.egg-info/entry_points.txt
[37.093s] writing requirements to ../../build/doctor_engine/doctor_engine.egg-info/requires.txt
[37.094s] writing top-level names to ../../build/doctor_engine/doctor_engine.egg-info/top_level.txt
[37.466s] reading manifest file '../../build/doctor_engine/doctor_engine.egg-info/SOURCES.txt'
[37.478s] writing manifest file '../../build/doctor_engine/doctor_engine.egg-info/SOURCES.txt'
[37.479s] running build
[37.480s] running build_py
[37.482s] running install
[37.511s] running install_lib
[37.723s] running install_data
[37.724s] running install_egg_info
[37.931s] removing '/home/anas/ros2_ws/install/doctor_engine/lib/python3.12/site-packages/doctor_engine-0.0.1-py3.12.egg-info' (and everything under it)
[37.933s] Copying ../../build/doctor_engine/doctor_engine.egg-info to /home/anas/ros2_ws/install/doctor_engine/lib/python3.12/site-packages/doctor_engine-0.0.1-py3.12.egg-info
[37.943s] running install_scripts
[40.232s] Installing doctor_mqtt_bridge script to /home/anas/ros2_ws/install/doctor_engine/lib/doctor_engine
[40.232s] Installing doctor_network_anomaly_handler script to /home/anas/ros2_ws/install/doctor_engine/lib/doctor_engine
[40.233s] Installing doctor_node script to /home/anas/ros2_ws/install/doctor_engine/lib/doctor_engine
[40.233s] writing list of installed files to '/home/anas/ros2_ws/build/doctor_engine/install.log'
[40.943s] Invoked command in '/home/anas/ros2_ws/src/doctor_engine' returned '0': DEBUGINFOD_URLS=https://debuginfod.ubuntu.com PYTHONPATH=/home/anas/ros2_ws/build/doctor_engine/prefix_override:/usr/lib/python3/dist-packages/colcon_core/task/python/colcon_distutils_commands:/home/anas/ros2_ws/install/doctor_engine/lib/python3.12/site-packages:${PYTHONPATH} /usr/bin/python3 -W ignore:setup.py install is deprecated -W ignore:easy_install command is deprecated setup.py egg_info --egg-base ../../build/doctor_engine build --build-base /home/anas/ros2_ws/build/doctor_engine/build install --record /home/anas/ros2_ws/build/doctor_engine/install.log --single-version-externally-managed install_data
