[8.276s] Invoking command in '/home/anas/ros2_ws/src/doctor_engine': DEBUGINFOD_URLS=https://debuginfod.ubuntu.com PYTHONPATH=/home/anas/ros2_ws/build/doctor_engine/prefix_override:/usr/lib/python3/dist-packages/colcon_core/task/python/colcon_distutils_commands:/home/anas/ros2_ws/install/doctor_engine/lib/python3.12/site-packages:${PYTHONPATH} /usr/bin/python3 -W ignore:setup.py install is deprecated -W ignore:easy_install command is deprecated setup.py egg_info --egg-base ../../build/doctor_engine build --build-base /home/anas/ros2_ws/build/doctor_engine/build install --record /home/anas/ros2_ws/build/doctor_engine/install.log --single-version-externally-managed install_data
[11.885s] running egg_info
[11.992s] writing ../../build/doctor_engine/doctor_engine.egg-info/PKG-INFO
[11.993s] writing dependency_links to ../../build/doctor_engine/doctor_engine.egg-info/dependency_links.txt
[11.993s] writing entry points to ../../build/doctor_engine/doctor_engine.egg-info/entry_points.txt
[11.996s] writing requirements to ../../build/doctor_engine/doctor_engine.egg-info/requires.txt
[11.997s] writing top-level names to ../../build/doctor_engine/doctor_engine.egg-info/top_level.txt
[12.184s] reading manifest file '../../build/doctor_engine/doctor_engine.egg-info/SOURCES.txt'
[12.190s] writing manifest file '../../build/doctor_engine/doctor_engine.egg-info/SOURCES.txt'
[12.190s] running build
[12.191s] running build_py
[12.192s] running install
[12.218s] running install_lib
[12.317s] running install_data
[12.319s] running install_egg_info
[12.566s] removing '/home/anas/ros2_ws/install/doctor_engine/lib/python3.12/site-packages/doctor_engine-0.0.1-py3.12.egg-info' (and everything under it)
[12.568s] Copying ../../build/doctor_engine/doctor_engine.egg-info to /home/anas/ros2_ws/install/doctor_engine/lib/python3.12/site-packages/doctor_engine-0.0.1-py3.12.egg-info
[12.586s] running install_scripts
[14.366s] Installing doctor_anomaly_handler script to /home/anas/ros2_ws/install/doctor_engine/lib/doctor_engine
[14.380s] Installing doctor_mqtt_bridge script to /home/anas/ros2_ws/install/doctor_engine/lib/doctor_engine
[14.380s] Installing doctor_node script to /home/anas/ros2_ws/install/doctor_engine/lib/doctor_engine
[14.380s] writing list of installed files to '/home/anas/ros2_ws/build/doctor_engine/install.log'
[14.538s] Invoked command in '/home/anas/ros2_ws/src/doctor_engine' returned '0': DEBUGINFOD_URLS=https://debuginfod.ubuntu.com PYTHONPATH=/home/anas/ros2_ws/build/doctor_engine/prefix_override:/usr/lib/python3/dist-packages/colcon_core/task/python/colcon_distutils_commands:/home/anas/ros2_ws/install/doctor_engine/lib/python3.12/site-packages:${PYTHONPATH} /usr/bin/python3 -W ignore:setup.py install is deprecated -W ignore:easy_install command is deprecated setup.py egg_info --egg-base ../../build/doctor_engine build --build-base /home/anas/ros2_ws/build/doctor_engine/build install --record /home/anas/ros2_ws/build/doctor_engine/install.log --single-version-externally-managed install_data
