running egg_info
writing ../../build/patient_engine/patient_engine.egg-info/PKG-INFO
writing dependency_links to ../../build/patient_engine/patient_engine.egg-info/dependency_links.txt
writing entry points to ../../build/patient_engine/patient_engine.egg-info/entry_points.txt
writing requirements to ../../build/patient_engine/patient_engine.egg-info/requires.txt
writing top-level names to ../../build/patient_engine/patient_engine.egg-info/top_level.txt
reading manifest file '../../build/patient_engine/patient_engine.egg-info/SOURCES.txt'
writing manifest file '../../build/patient_engine/patient_engine.egg-info/SOURCES.txt'
running build
running build_py
running install
running install_lib
running install_data
running install_egg_info
removing '/home/anas/ros2_ws/install/patient_engine/lib/python3.12/site-packages/patient_engine-0.1.1-py3.12.egg-info' (and everything under it)
Copying ../../build/patient_engine/patient_engine.egg-info to /home/anas/ros2_ws/install/patient_engine/lib/python3.12/site-packages/patient_engine-0.1.1-py3.12.egg-info
running install_scripts
Installing dxl_current_driver script to /home/anas/ros2_ws/install/patient_engine/lib/patient_engine
Installing dxl_position_driver script to /home/anas/ros2_ws/install/patient_engine/lib/patient_engine
Installing dxl_torque_driver script to /home/anas/ros2_ws/install/patient_engine/lib/patient_engine
Installing dxl_velocity_driver script to /home/anas/ros2_ws/install/patient_engine/lib/patient_engine
Installing motion_detector script to /home/anas/ros2_ws/install/patient_engine/lib/patient_engine
Installing network_detector script to /home/anas/ros2_ws/install/patient_engine/lib/patient_engine
Installing network_detector_scenario_test script to /home/anas/ros2_ws/install/patient_engine/lib/patient_engine
Installing patient_current_controller script to /home/anas/ros2_ws/install/patient_engine/lib/patient_engine
Installing patient_mqtt_bridge script to /home/anas/ros2_ws/install/patient_engine/lib/patient_engine
Installing patient_node script to /home/anas/ros2_ws/install/patient_engine/lib/patient_engine
Installing patient_orchestrator script to /home/anas/ros2_ws/install/patient_engine/lib/patient_engine
Installing patient_velocity_controller script to /home/anas/ros2_ws/install/patient_engine/lib/patient_engine
Installing stack_manager script to /home/anas/ros2_ws/install/patient_engine/lib/patient_engine
writing list of installed files to '/home/anas/ros2_ws/build/patient_engine/install.log'
