[9.661s] Invoking command in '/home/anas/ros2_ws/src/doctor_engine': DEBUGINFOD_URLS=https://debuginfod.ubuntu.com PYTHONPATH=/home/anas/ros2_ws/build/doctor_engine/prefix_override:/usr/lib/python3/dist-packages/colcon_core/task/python/colcon_distutils_commands:/home/anas/ros2_ws/install/doctor_engine/lib/python3.12/site-packages:${PYTHONPATH} /usr/bin/python3 -W ignore:setup.py install is deprecated -W ignore:easy_install command is deprecated setup.py egg_info --egg-base ../../build/doctor_engine build --build-base /home/anas/ros2_ws/build/doctor_engine/build install --record /home/anas/ros2_ws/build/doctor_engine/install.log --single-version-externally-managed install_data
[12.567s] running egg_info
[12.644s] writing ../../build/doctor_engine/doctor_engine.egg-info/PKG-INFO
[12.646s] writing dependency_links to ../../build/doctor_engine/doctor_engine.egg-info/dependency_links.txt
[12.646s] writing entry points to ../../build/doctor_engine/doctor_engine.egg-info/entry_points.txt
[12.647s] writing requirements to ../../build/doctor_engine/doctor_engine.egg-info/requires.txt
[12.647s] writing top-level names to ../../build/doctor_engine/doctor_engine.egg-info/top_level.txt
[12.795s] reading manifest file '../../build/doctor_engine/doctor_engine.egg-info/SOURCES.txt'
[12.799s] writing manifest file '../../build/doctor_engine/doctor_engine.egg-info/SOURCES.txt'
[12.799s] running build
[12.800s] running build_py
[12.802s] running install
[12.821s] running install_lib
[12.921s] running install_data
[12.925s] running install_egg_info
[12.993s] removing '/home/anas/ros2_ws/install/doctor_engine/lib/python3.12/site-packages/doctor_engine-0.0.1-py3.12.egg-info' (and everything under it)
[12.999s] Copying ../../build/doctor_engine/doctor_engine.egg-info to /home/anas/ros2_ws/install/doctor_engine/lib/python3.12/site-packages/doctor_engine-0.0.1-py3.12.egg-info
[12.999s] running install_scripts
[14.896s] Installing doctor_anomaly_handler script to /home/anas/ros2_ws/install/doctor_engine/lib/doctor_engine
[14.897s] Installing doctor_mqtt_bridge script to /home/anas/ros2_ws/install/doctor_engine/lib/doctor_engine
[14.898s] Installing doctor_node script to /home/anas/ros2_ws/install/doctor_engine/lib/doctor_engine
[14.899s] writing list of installed files to '/home/anas/ros2_ws/build/doctor_engine/install.log'
[14.998s] Invoked command in '/home/anas/ros2_ws/src/doctor_engine' returned '0': DEBUGINFOD_URLS=https://debuginfod.ubuntu.com PYTHONPATH=/home/anas/ros2_ws/build/doctor_engine/prefix_override:/usr/lib/python3/dist-packages/colcon_core/task/python/colcon_distutils_commands:/home/anas/ros2_ws/install/doctor_engine/lib/python3.12/site-packages:${PYTHONPATH} /usr/bin/python3 -W ignore:setup.py install is deprecated -W ignore:easy_install command is deprecated setup.py egg_info --egg-base ../../build/doctor_engine build --build-base /home/anas/ros2_ws/build/doctor_engine/build install --record /home/anas/ros2_ws/build/doctor_engine/install.log --single-version-externally-managed install_data
