[14.491s] Invoking command in '/home/anas/ros2_ws/src/wrist_replay': DEBUGINFOD_URLS=https://debuginfod.ubuntu.com PYTHONPATH=/home/anas/ros2_ws/build/wrist_replay/prefix_override:/usr/lib/python3/dist-packages/colcon_core/task/python/colcon_distutils_commands:/home/anas/ros2_ws/install/wrist_replay/lib/python3.12/site-packages:${PYTHONPATH} /usr/bin/python3 -W ignore:setup.py install is deprecated -W ignore:easy_install command is deprecated setup.py egg_info --egg-base ../../build/wrist_replay build --build-base /home/anas/ros2_ws/build/wrist_replay/build install --record /home/anas/ros2_ws/build/wrist_replay/install.log --single-version-externally-managed install_data
[19.629s] running egg_info
[19.723s] writing ../../build/wrist_replay/wrist_replay.egg-info/PKG-INFO
[19.728s] writing dependency_links to ../../build/wrist_replay/wrist_replay.egg-info/dependency_links.txt
[19.729s] writing entry points to ../../build/wrist_replay/wrist_replay.egg-info/entry_points.txt
[19.729s] writing requirements to ../../build/wrist_replay/wrist_replay.egg-info/requires.txt
[19.730s] writing top-level names to ../../build/wrist_replay/wrist_replay.egg-info/top_level.txt
[19.912s] reading manifest file '../../build/wrist_replay/wrist_replay.egg-info/SOURCES.txt'
[19.912s] writing manifest file '../../build/wrist_replay/wrist_replay.egg-info/SOURCES.txt'
[19.913s] running build
[19.916s] running build_py
[19.917s] running install
[20.027s] running install_lib
[20.156s] running install_data
[20.156s] running install_egg_info
[20.228s] removing '/home/anas/ros2_ws/install/wrist_replay/lib/python3.12/site-packages/wrist_replay-0.0.1-py3.12.egg-info' (and everything under it)
[20.231s] Copying ../../build/wrist_replay/wrist_replay.egg-info to /home/anas/ros2_ws/install/wrist_replay/lib/python3.12/site-packages/wrist_replay-0.0.1-py3.12.egg-info
[20.234s] running install_scripts
[21.855s] Installing replay_node script to /home/anas/ros2_ws/install/wrist_replay/lib/wrist_replay
[21.855s] writing list of installed files to '/home/anas/ros2_ws/build/wrist_replay/install.log'
[22.049s] Invoked command in '/home/anas/ros2_ws/src/wrist_replay' returned '0': DEBUGINFOD_URLS=https://debuginfod.ubuntu.com PYTHONPATH=/home/anas/ros2_ws/build/wrist_replay/prefix_override:/usr/lib/python3/dist-packages/colcon_core/task/python/colcon_distutils_commands:/home/anas/ros2_ws/install/wrist_replay/lib/python3.12/site-packages:${PYTHONPATH} /usr/bin/python3 -W ignore:setup.py install is deprecated -W ignore:easy_install command is deprecated setup.py egg_info --egg-base ../../build/wrist_replay build --build-base /home/anas/ros2_ws/build/wrist_replay/build install --record /home/anas/ros2_ws/build/wrist_replay/install.log --single-version-externally-managed install_data
