[3.824s] Invoking command in '/home/anas/ros2_ws/src/wrist_replay': DEBUGINFOD_URLS=https://debuginfod.ubuntu.com PYTHONPATH=/home/anas/ros2_ws/build/wrist_replay/prefix_override:/usr/lib/python3/dist-packages/colcon_core/task/python/colcon_distutils_commands:/home/anas/ros2_ws/install/wrist_replay/lib/python3.12/site-packages:${PYTHONPATH} /usr/bin/python3 -W ignore:setup.py install is deprecated -W ignore:easy_install command is deprecated setup.py egg_info --egg-base ../../build/wrist_replay build --build-base /home/anas/ros2_ws/build/wrist_replay/build install --record /home/anas/ros2_ws/build/wrist_replay/install.log --single-version-externally-managed install_data
[4.815s] running egg_info
[4.866s] writing ../../build/wrist_replay/wrist_replay.egg-info/PKG-INFO
[4.867s] writing dependency_links to ../../build/wrist_replay/wrist_replay.egg-info/dependency_links.txt
[4.868s] writing entry points to ../../build/wrist_replay/wrist_replay.egg-info/entry_points.txt
[4.868s] writing requirements to ../../build/wrist_replay/wrist_replay.egg-info/requires.txt
[4.870s] writing top-level names to ../../build/wrist_replay/wrist_replay.egg-info/top_level.txt
[4.985s] reading manifest file '../../build/wrist_replay/wrist_replay.egg-info/SOURCES.txt'
[4.989s] writing manifest file '../../build/wrist_replay/wrist_replay.egg-info/SOURCES.txt'
[4.989s] running build
[4.989s] running build_py
[4.990s] running install
[5.008s] running install_lib
[5.062s] running install_data
[5.062s] running install_egg_info
[5.124s] removing '/home/anas/ros2_ws/install/wrist_replay/lib/python3.12/site-packages/wrist_replay-0.0.1-py3.12.egg-info' (and everything under it)
[5.124s] Copying ../../build/wrist_replay/wrist_replay.egg-info to /home/anas/ros2_ws/install/wrist_replay/lib/python3.12/site-packages/wrist_replay-0.0.1-py3.12.egg-info
[5.128s] running install_scripts
[5.571s] Installing replay_node script to /home/anas/ros2_ws/install/wrist_replay/lib/wrist_replay
[5.573s] writing list of installed files to '/home/anas/ros2_ws/build/wrist_replay/install.log'
[5.633s] Invoked command in '/home/anas/ros2_ws/src/wrist_replay' returned '0': DEBUGINFOD_URLS=https://debuginfod.ubuntu.com PYTHONPATH=/home/anas/ros2_ws/build/wrist_replay/prefix_override:/usr/lib/python3/dist-packages/colcon_core/task/python/colcon_distutils_commands:/home/anas/ros2_ws/install/wrist_replay/lib/python3.12/site-packages:${PYTHONPATH} /usr/bin/python3 -W ignore:setup.py install is deprecated -W ignore:easy_install command is deprecated setup.py egg_info --egg-base ../../build/wrist_replay build --build-base /home/anas/ros2_ws/build/wrist_replay/build install --record /home/anas/ros2_ws/build/wrist_replay/install.log --single-version-externally-managed install_data
