[8.524s] Invoking command in '/home/anas/ros2_ws/src/patient_engine': DEBUGINFOD_URLS=https://debuginfod.ubuntu.com PYTHONPATH=/home/anas/ros2_ws/build/patient_engine/prefix_override:/usr/lib/python3/dist-packages/colcon_core/task/python/colcon_distutils_commands:/home/anas/ros2_ws/install/patient_engine/lib/python3.12/site-packages:${PYTHONPATH} /usr/bin/python3 -W ignore:setup.py install is deprecated -W ignore:easy_install command is deprecated setup.py egg_info --egg-base ../../build/patient_engine build --build-base /home/anas/ros2_ws/build/patient_engine/build install --record /home/anas/ros2_ws/build/patient_engine/install.log --single-version-externally-managed install_data
[11.526s] running egg_info
[11.649s] writing ../../build/patient_engine/patient_engine.egg-info/PKG-INFO
[11.656s] writing dependency_links to ../../build/patient_engine/patient_engine.egg-info/dependency_links.txt
[11.658s] writing entry points to ../../build/patient_engine/patient_engine.egg-info/entry_points.txt
[11.659s] writing requirements to ../../build/patient_engine/patient_engine.egg-info/requires.txt
[11.659s] writing top-level names to ../../build/patient_engine/patient_engine.egg-info/top_level.txt
[11.923s] reading manifest file '../../build/patient_engine/patient_engine.egg-info/SOURCES.txt'
[11.927s] writing manifest file '../../build/patient_engine/patient_engine.egg-info/SOURCES.txt'
[11.928s] running build
[11.928s] running build_py
[11.928s] copying patient_engine/nodes/patient_anomaly_handler.py -> /home/anas/ros2_ws/build/patient_engine/build/lib/patient_engine/nodes
[11.933s] running install
[11.966s] running install_lib
[12.066s] copying /home/anas/ros2_ws/build/patient_engine/build/lib/patient_engine/nodes/patient_anomaly_handler.py -> /home/anas/ros2_ws/install/patient_engine/lib/python3.12/site-packages/patient_engine/nodes
[12.068s] byte-compiling /home/anas/ros2_ws/install/patient_engine/lib/python3.12/site-packages/patient_engine/nodes/patient_anomaly_handler.py to patient_anomaly_handler.cpython-312.pyc
[12.072s] running install_data
[12.073s] running install_egg_info
[12.162s] removing '/home/anas/ros2_ws/install/patient_engine/lib/python3.12/site-packages/patient_engine-0.0.1-py3.12.egg-info' (and everything under it)
[12.168s] Copying ../../build/patient_engine/patient_engine.egg-info to /home/anas/ros2_ws/install/patient_engine/lib/python3.12/site-packages/patient_engine-0.0.1-py3.12.egg-info
[12.177s] running install_scripts
[13.916s] Installing patient_anomaly_handler script to /home/anas/ros2_ws/install/patient_engine/lib/patient_engine
[13.916s] Installing patient_mqtt_bridge script to /home/anas/ros2_ws/install/patient_engine/lib/patient_engine
[13.916s] Installing patient_node script to /home/anas/ros2_ws/install/patient_engine/lib/patient_engine
[13.916s] writing list of installed files to '/home/anas/ros2_ws/build/patient_engine/install.log'
[14.216s] Invoked command in '/home/anas/ros2_ws/src/patient_engine' returned '0': DEBUGINFOD_URLS=https://debuginfod.ubuntu.com PYTHONPATH=/home/anas/ros2_ws/build/patient_engine/prefix_override:/usr/lib/python3/dist-packages/colcon_core/task/python/colcon_distutils_commands:/home/anas/ros2_ws/install/patient_engine/lib/python3.12/site-packages:${PYTHONPATH} /usr/bin/python3 -W ignore:setup.py install is deprecated -W ignore:easy_install command is deprecated setup.py egg_info --egg-base ../../build/patient_engine build --build-base /home/anas/ros2_ws/build/patient_engine/build install --record /home/anas/ros2_ws/build/patient_engine/install.log --single-version-externally-managed install_data
