[0.260s] DEBUG:colcon:Command line arguments: ['/usr/bin/colcon', 'build']
[0.260s] DEBUG:colcon:Parsed command line arguments: Namespace(log_base=None, log_level=None, verb_name='build', build_base='build', install_base='install', merge_install=False, symlink_install=False, test_result_base=None, continue_on_error=False, executor='parallel', parallel_workers=4, event_handlers=None, ignore_user_meta=False, metas=['./colcon.meta'], base_paths=['.'], packages_ignore=None, packages_ignore_regex=None, paths=None, packages_up_to=None, packages_up_to_regex=None, packages_above=None, packages_above_and_dependencies=None, packages_above_depth=None, packages_select_by_dep=None, packages_skip_by_dep=None, packages_skip_up_to=None, packages_select_build_failed=False, packages_skip_build_finished=False, packages_select_test_failures=False, packages_skip_test_passed=False, packages_select=None, packages_skip=None, packages_select_regex=None, packages_skip_regex=None, packages_start=None, packages_end=None, allow_overriding=[], cmake_args=None, cmake_target=None, cmake_target_skip_unavailable=False, cmake_clean_cache=False, cmake_clean_first=False, cmake_force_configure=False, ament_cmake_args=None, catkin_cmake_args=None, catkin_skip_building_tests=False, mixin_files=None, mixin=None, verb_parser=<colcon_mixin.mixin.mixin_argument.MixinArgumentDecorator object at 0x71c878ddb7a0>, verb_extension=<colcon_core.verb.build.BuildVerb object at 0x71c878b1f0b0>, main=<bound method BuildVerb.main of <colcon_core.verb.build.BuildVerb object at 0x71c878b1f0b0>>, mixin_verb=('build',))
[0.386s] Level 1:colcon.colcon_core.package_discovery:discover_packages(colcon_meta) check parameters
[0.386s] Level 1:colcon.colcon_core.package_discovery:discover_packages(recursive) check parameters
[0.387s] Level 1:colcon.colcon_core.package_discovery:discover_packages(ignore) check parameters
[0.387s] Level 1:colcon.colcon_core.package_discovery:discover_packages(path) check parameters
[0.387s] Level 1:colcon.colcon_core.package_discovery:discover_packages(colcon_meta) discover
[0.387s] Level 1:colcon.colcon_core.package_discovery:discover_packages(recursive) discover
[0.387s] INFO:colcon.colcon_core.package_discovery:Crawling recursively for packages in '/home/anas/ros2_ws'
[0.387s] Level 1:colcon.colcon_core.package_identification:_identify(.) by extensions ['ignore', 'ignore_ament_install']
[0.387s] Level 1:colcon.colcon_core.package_identification:_identify(.) by extension 'ignore'
[0.387s] Level 1:colcon.colcon_core.package_identification:_identify(.) by extension 'ignore_ament_install'
[0.387s] Level 1:colcon.colcon_core.package_identification:_identify(.) by extensions ['colcon_pkg']
[0.388s] Level 1:colcon.colcon_core.package_identification:_identify(.) by extension 'colcon_pkg'
[0.388s] Level 1:colcon.colcon_core.package_identification:_identify(.) by extensions ['colcon_meta']
[0.389s] Level 1:colcon.colcon_core.package_identification:_identify(.) by extension 'colcon_meta'
[0.389s] Level 1:colcon.colcon_core.package_identification:_identify(.) by extensions ['ros']
[0.389s] Level 1:colcon.colcon_core.package_identification:_identify(.) by extension 'ros'
[0.450s] Level 1:colcon.colcon_core.package_identification:_identify(.) by extensions ['cmake', 'python']
[0.450s] Level 1:colcon.colcon_core.package_identification:_identify(.) by extension 'cmake'
[0.450s] Level 1:colcon.colcon_core.package_identification:_identify(.) by extension 'python'
[0.450s] Level 1:colcon.colcon_core.package_identification:_identify(.) by extensions ['python_setup_py']
[0.451s] Level 1:colcon.colcon_core.package_identification:_identify(.) by extension 'python_setup_py'
[0.451s] Level 1:colcon.colcon_core.package_identification:_identify(archive_unused) by extensions ['ignore', 'ignore_ament_install']
[0.451s] Level 1:colcon.colcon_core.package_identification:_identify(archive_unused) by extension 'ignore'
[0.451s] Level 1:colcon.colcon_core.package_identification:_identify(archive_unused) ignored
[0.451s] Level 1:colcon.colcon_core.package_identification:_identify(build) by extensions ['ignore', 'ignore_ament_install']
[0.451s] Level 1:colcon.colcon_core.package_identification:_identify(build) by extension 'ignore'
[0.452s] Level 1:colcon.colcon_core.package_identification:_identify(build) ignored
[0.452s] Level 1:colcon.colcon_core.package_identification:_identify(install) by extensions ['ignore', 'ignore_ament_install']
[0.452s] Level 1:colcon.colcon_core.package_identification:_identify(install) by extension 'ignore'
[0.452s] Level 1:colcon.colcon_core.package_identification:_identify(install) ignored
[0.452s] Level 1:colcon.colcon_core.package_identification:_identify(log) by extensions ['ignore', 'ignore_ament_install']
[0.452s] Level 1:colcon.colcon_core.package_identification:_identify(log) by extension 'ignore'
[0.452s] Level 1:colcon.colcon_core.package_identification:_identify(log) ignored
[0.452s] Level 1:colcon.colcon_core.package_identification:_identify(src) by extensions ['ignore', 'ignore_ament_install']
[0.453s] Level 1:colcon.colcon_core.package_identification:_identify(src) by extension 'ignore'
[0.453s] Level 1:colcon.colcon_core.package_identification:_identify(src) by extension 'ignore_ament_install'
[0.453s] Level 1:colcon.colcon_core.package_identification:_identify(src) by extensions ['colcon_pkg']
[0.453s] Level 1:colcon.colcon_core.package_identification:_identify(src) by extension 'colcon_pkg'
[0.453s] Level 1:colcon.colcon_core.package_identification:_identify(src) by extensions ['colcon_meta']
[0.453s] Level 1:colcon.colcon_core.package_identification:_identify(src) by extension 'colcon_meta'
[0.453s] Level 1:colcon.colcon_core.package_identification:_identify(src) by extensions ['ros']
[0.453s] Level 1:colcon.colcon_core.package_identification:_identify(src) by extension 'ros'
[0.453s] Level 1:colcon.colcon_core.package_identification:_identify(src) by extensions ['cmake', 'python']
[0.453s] Level 1:colcon.colcon_core.package_identification:_identify(src) by extension 'cmake'
[0.453s] Level 1:colcon.colcon_core.package_identification:_identify(src) by extension 'python'
[0.454s] Level 1:colcon.colcon_core.package_identification:_identify(src) by extensions ['python_setup_py']
[0.454s] Level 1:colcon.colcon_core.package_identification:_identify(src) by extension 'python_setup_py'
[0.454s] Level 1:colcon.colcon_core.package_identification:_identify(src/doctor_engine) by extensions ['ignore', 'ignore_ament_install']
[0.454s] Level 1:colcon.colcon_core.package_identification:_identify(src/doctor_engine) by extension 'ignore'
[0.454s] Level 1:colcon.colcon_core.package_identification:_identify(src/doctor_engine) by extension 'ignore_ament_install'
[0.454s] Level 1:colcon.colcon_core.package_identification:_identify(src/doctor_engine) by extensions ['colcon_pkg']
[0.454s] Level 1:colcon.colcon_core.package_identification:_identify(src/doctor_engine) by extension 'colcon_pkg'
[0.454s] Level 1:colcon.colcon_core.package_identification:_identify(src/doctor_engine) by extensions ['colcon_meta']
[0.454s] Level 1:colcon.colcon_core.package_identification:_identify(src/doctor_engine) by extension 'colcon_meta'
[0.454s] Level 1:colcon.colcon_core.package_identification:_identify(src/doctor_engine) by extensions ['ros']
[0.454s] Level 1:colcon.colcon_core.package_identification:_identify(src/doctor_engine) by extension 'ros'
[0.458s] DEBUG:colcon.colcon_core.package_identification:Package 'src/doctor_engine' with type 'ros.ament_python' and name 'doctor_engine'
[0.459s] Level 1:colcon.colcon_core.package_identification:_identify(src/patient_engine) by extensions ['ignore', 'ignore_ament_install']
[0.459s] Level 1:colcon.colcon_core.package_identification:_identify(src/patient_engine) by extension 'ignore'
[0.459s] Level 1:colcon.colcon_core.package_identification:_identify(src/patient_engine) by extension 'ignore_ament_install'
[0.459s] Level 1:colcon.colcon_core.package_identification:_identify(src/patient_engine) by extensions ['colcon_pkg']
[0.459s] Level 1:colcon.colcon_core.package_identification:_identify(src/patient_engine) by extension 'colcon_pkg'
[0.459s] Level 1:colcon.colcon_core.package_identification:_identify(src/patient_engine) by extensions ['colcon_meta']
[0.459s] Level 1:colcon.colcon_core.package_identification:_identify(src/patient_engine) by extension 'colcon_meta'
[0.459s] Level 1:colcon.colcon_core.package_identification:_identify(src/patient_engine) by extensions ['ros']
[0.459s] Level 1:colcon.colcon_core.package_identification:_identify(src/patient_engine) by extension 'ros'
[0.460s] DEBUG:colcon.colcon_core.package_identification:Package 'src/patient_engine' with type 'ros.ament_python' and name 'patient_engine'
[0.460s] Level 1:colcon.colcon_core.package_identification:_identify(src/wrist_replay) by extensions ['ignore', 'ignore_ament_install']
[0.461s] Level 1:colcon.colcon_core.package_identification:_identify(src/wrist_replay) by extension 'ignore'
[0.461s] Level 1:colcon.colcon_core.package_identification:_identify(src/wrist_replay) by extension 'ignore_ament_install'
[0.461s] Level 1:colcon.colcon_core.package_identification:_identify(src/wrist_replay) by extensions ['colcon_pkg']
[0.461s] Level 1:colcon.colcon_core.package_identification:_identify(src/wrist_replay) by extension 'colcon_pkg'
[0.461s] Level 1:colcon.colcon_core.package_identification:_identify(src/wrist_replay) by extensions ['colcon_meta']
[0.461s] Level 1:colcon.colcon_core.package_identification:_identify(src/wrist_replay) by extension 'colcon_meta'
[0.461s] Level 1:colcon.colcon_core.package_identification:_identify(src/wrist_replay) by extensions ['ros']
[0.461s] Level 1:colcon.colcon_core.package_identification:_identify(src/wrist_replay) by extension 'ros'
[0.462s] DEBUG:colcon.colcon_core.package_identification:Package 'src/wrist_replay' with type 'ros.ament_python' and name 'wrist_replay'
[0.462s] Level 1:colcon.colcon_core.package_discovery:discover_packages(recursive) using defaults
[0.462s] Level 1:colcon.colcon_core.package_discovery:discover_packages(ignore) discover
[0.463s] Level 1:colcon.colcon_core.package_discovery:discover_packages(ignore) using defaults
[0.463s] Level 1:colcon.colcon_core.package_discovery:discover_packages(path) discover
[0.463s] Level 1:colcon.colcon_core.package_discovery:discover_packages(path) using defaults
[0.498s] Level 1:colcon.colcon_core.package_discovery:discover_packages(prefix_path) check parameters
[0.498s] Level 1:colcon.colcon_core.package_discovery:discover_packages(prefix_path) discover
[0.502s] DEBUG:colcon.colcon_installed_package_information.package_discovery:Found 3 installed packages in /home/anas/ros2_ws/install
[0.506s] DEBUG:colcon.colcon_installed_package_information.package_discovery:Found 285 installed packages in /opt/ros/jazzy
[0.508s] Level 1:colcon.colcon_core.package_discovery:discover_packages(prefix_path) using defaults
[0.616s] Level 5:colcon.colcon_core.verb:set package 'doctor_engine' build argument 'cmake_args' from command line to 'None'
[0.616s] Level 5:colcon.colcon_core.verb:set package 'doctor_engine' build argument 'cmake_target' from command line to 'None'
[0.617s] Level 5:colcon.colcon_core.verb:set package 'doctor_engine' build argument 'cmake_target_skip_unavailable' from command line to 'False'
[0.617s] Level 5:colcon.colcon_core.verb:set package 'doctor_engine' build argument 'cmake_clean_cache' from command line to 'False'
[0.617s] Level 5:colcon.colcon_core.verb:set package 'doctor_engine' build argument 'cmake_clean_first' from command line to 'False'
[0.617s] Level 5:colcon.colcon_core.verb:set package 'doctor_engine' build argument 'cmake_force_configure' from command line to 'False'
[0.617s] Level 5:colcon.colcon_core.verb:set package 'doctor_engine' build argument 'ament_cmake_args' from command line to 'None'
[0.617s] Level 5:colcon.colcon_core.verb:set package 'doctor_engine' build argument 'catkin_cmake_args' from command line to 'None'
[0.617s] Level 5:colcon.colcon_core.verb:set package 'doctor_engine' build argument 'catkin_skip_building_tests' from command line to 'False'
[0.617s] DEBUG:colcon.colcon_core.verb:Building package 'doctor_engine' with the following arguments: {'ament_cmake_args': None, 'build_base': '/home/anas/ros2_ws/build/doctor_engine', 'catkin_cmake_args': None, 'catkin_skip_building_tests': False, 'cmake_args': None, 'cmake_clean_cache': False, 'cmake_clean_first': False, 'cmake_force_configure': False, 'cmake_target': None, 'cmake_target_skip_unavailable': False, 'install_base': '/home/anas/ros2_ws/install/doctor_engine', 'merge_install': False, 'path': '/home/anas/ros2_ws/src/doctor_engine', 'symlink_install': False, 'test_result_base': None}
[0.617s] Level 5:colcon.colcon_core.verb:set package 'patient_engine' build argument 'cmake_args' from command line to 'None'
[0.617s] Level 5:colcon.colcon_core.verb:set package 'patient_engine' build argument 'cmake_target' from command line to 'None'
[0.618s] Level 5:colcon.colcon_core.verb:set package 'patient_engine' build argument 'cmake_target_skip_unavailable' from command line to 'False'
[0.618s] Level 5:colcon.colcon_core.verb:set package 'patient_engine' build argument 'cmake_clean_cache' from command line to 'False'
[0.618s] Level 5:colcon.colcon_core.verb:set package 'patient_engine' build argument 'cmake_clean_first' from command line to 'False'
[0.618s] Level 5:colcon.colcon_core.verb:set package 'patient_engine' build argument 'cmake_force_configure' from command line to 'False'
[0.618s] Level 5:colcon.colcon_core.verb:set package 'patient_engine' build argument 'ament_cmake_args' from command line to 'None'
[0.618s] Level 5:colcon.colcon_core.verb:set package 'patient_engine' build argument 'catkin_cmake_args' from command line to 'None'
[0.618s] Level 5:colcon.colcon_core.verb:set package 'patient_engine' build argument 'catkin_skip_building_tests' from command line to 'False'
[0.618s] DEBUG:colcon.colcon_core.verb:Building package 'patient_engine' with the following arguments: {'ament_cmake_args': None, 'build_base': '/home/anas/ros2_ws/build/patient_engine', 'catkin_cmake_args': None, 'catkin_skip_building_tests': False, 'cmake_args': None, 'cmake_clean_cache': False, 'cmake_clean_first': False, 'cmake_force_configure': False, 'cmake_target': None, 'cmake_target_skip_unavailable': False, 'install_base': '/home/anas/ros2_ws/install/patient_engine', 'merge_install': False, 'path': '/home/anas/ros2_ws/src/patient_engine', 'symlink_install': False, 'test_result_base': None}
[0.618s] Level 5:colcon.colcon_core.verb:set package 'wrist_replay' build argument 'cmake_args' from command line to 'None'
[0.618s] Level 5:colcon.colcon_core.verb:set package 'wrist_replay' build argument 'cmake_target' from command line to 'None'
[0.619s] Level 5:colcon.colcon_core.verb:set package 'wrist_replay' build argument 'cmake_target_skip_unavailable' from command line to 'False'
[0.619s] Level 5:colcon.colcon_core.verb:set package 'wrist_replay' build argument 'cmake_clean_cache' from command line to 'False'
[0.619s] Level 5:colcon.colcon_core.verb:set package 'wrist_replay' build argument 'cmake_clean_first' from command line to 'False'
[0.619s] Level 5:colcon.colcon_core.verb:set package 'wrist_replay' build argument 'cmake_force_configure' from command line to 'False'
[0.619s] Level 5:colcon.colcon_core.verb:set package 'wrist_replay' build argument 'ament_cmake_args' from command line to 'None'
[0.619s] Level 5:colcon.colcon_core.verb:set package 'wrist_replay' build argument 'catkin_cmake_args' from command line to 'None'
[0.619s] Level 5:colcon.colcon_core.verb:set package 'wrist_replay' build argument 'catkin_skip_building_tests' from command line to 'False'
[0.619s] DEBUG:colcon.colcon_core.verb:Building package 'wrist_replay' with the following arguments: {'ament_cmake_args': None, 'build_base': '/home/anas/ros2_ws/build/wrist_replay', 'catkin_cmake_args': None, 'catkin_skip_building_tests': False, 'cmake_args': None, 'cmake_clean_cache': False, 'cmake_clean_first': False, 'cmake_force_configure': False, 'cmake_target': None, 'cmake_target_skip_unavailable': False, 'install_base': '/home/anas/ros2_ws/install/wrist_replay', 'merge_install': False, 'path': '/home/anas/ros2_ws/src/wrist_replay', 'symlink_install': False, 'test_result_base': None}
[0.619s] INFO:colcon.colcon_core.executor:Executing jobs using 'parallel' executor
[0.620s] DEBUG:colcon.colcon_parallel_executor.executor.parallel:run_until_complete
[0.621s] INFO:colcon.colcon_ros.task.ament_python.build:Building ROS package in '/home/anas/ros2_ws/src/doctor_engine' with build type 'ament_python'
[0.621s] Level 1:colcon.colcon_core.shell:create_environment_hook('doctor_engine', 'ament_prefix_path')
[0.626s] INFO:colcon.colcon_core.plugin_system:Skipping extension 'colcon_core.shell.bat': Not used on non-Windows systems
[0.627s] INFO:colcon.colcon_core.shell:Creating environment hook '/home/anas/ros2_ws/install/doctor_engine/share/doctor_engine/hook/ament_prefix_path.ps1'
[0.629s] INFO:colcon.colcon_core.shell:Creating environment descriptor '/home/anas/ros2_ws/install/doctor_engine/share/doctor_engine/hook/ament_prefix_path.dsv'
[0.630s] INFO:colcon.colcon_core.shell:Creating environment hook '/home/anas/ros2_ws/install/doctor_engine/share/doctor_engine/hook/ament_prefix_path.sh'
[0.633s] INFO:colcon.colcon_core.shell:Skip shell extension 'powershell' for command environment: Not usable outside of PowerShell
[0.633s] DEBUG:colcon.colcon_core.shell:Skip shell extension 'dsv' for command environment
[0.649s] INFO:colcon.colcon_ros.task.ament_python.build:Building ROS package in '/home/anas/ros2_ws/src/patient_engine' with build type 'ament_python'
[0.649s] Level 1:colcon.colcon_core.shell:create_environment_hook('patient_engine', 'ament_prefix_path')
[0.650s] INFO:colcon.colcon_core.shell:Creating environment hook '/home/anas/ros2_ws/install/patient_engine/share/patient_engine/hook/ament_prefix_path.ps1'
[0.651s] INFO:colcon.colcon_core.shell:Creating environment descriptor '/home/anas/ros2_ws/install/patient_engine/share/patient_engine/hook/ament_prefix_path.dsv'
[0.651s] INFO:colcon.colcon_core.shell:Creating environment hook '/home/anas/ros2_ws/install/patient_engine/share/patient_engine/hook/ament_prefix_path.sh'
[0.653s] INFO:colcon.colcon_core.shell:Skip shell extension 'powershell' for command environment: Not usable outside of PowerShell
[0.653s] DEBUG:colcon.colcon_core.shell:Skip shell extension 'dsv' for command environment
[0.669s] INFO:colcon.colcon_ros.task.ament_python.build:Building ROS package in '/home/anas/ros2_ws/src/wrist_replay' with build type 'ament_python'
[0.673s] Level 1:colcon.colcon_core.shell:create_environment_hook('wrist_replay', 'ament_prefix_path')
[0.673s] INFO:colcon.colcon_core.shell:Creating environment hook '/home/anas/ros2_ws/install/wrist_replay/share/wrist_replay/hook/ament_prefix_path.ps1'
[0.674s] INFO:colcon.colcon_core.shell:Creating environment descriptor '/home/anas/ros2_ws/install/wrist_replay/share/wrist_replay/hook/ament_prefix_path.dsv'
[0.675s] INFO:colcon.colcon_core.shell:Creating environment hook '/home/anas/ros2_ws/install/wrist_replay/share/wrist_replay/hook/ament_prefix_path.sh'
[0.676s] INFO:colcon.colcon_core.shell:Skip shell extension 'powershell' for command environment: Not usable outside of PowerShell
[0.676s] DEBUG:colcon.colcon_core.shell:Skip shell extension 'dsv' for command environment
[1.348s] INFO:colcon.colcon_core.task.python.build:Building Python package in '/home/anas/ros2_ws/src/doctor_engine'
[1.351s] INFO:colcon.colcon_core.shell:Skip shell extension 'powershell' for command environment: Not usable outside of PowerShell
[1.351s] DEBUG:colcon.colcon_core.shell:Skip shell extension 'dsv' for command environment
[1.920s] INFO:colcon.colcon_core.task.python.build:Building Python package in '/home/anas/ros2_ws/src/patient_engine'
[1.921s] INFO:colcon.colcon_core.shell:Skip shell extension 'powershell' for command environment: Not usable outside of PowerShell
[1.921s] DEBUG:colcon.colcon_core.shell:Skip shell extension 'dsv' for command environment
[2.481s] INFO:colcon.colcon_core.task.python.build:Building Python package in '/home/anas/ros2_ws/src/wrist_replay'
[2.481s] INFO:colcon.colcon_core.shell:Skip shell extension 'powershell' for command environment: Not usable outside of PowerShell
[2.481s] DEBUG:colcon.colcon_core.shell:Skip shell extension 'dsv' for command environment
[4.532s] DEBUG:colcon.colcon_core.event_handler.log_command:Invoking command in '/home/anas/ros2_ws/src/wrist_replay': DEBUGINFOD_URLS=https://debuginfod.ubuntu.com PYTHONPATH=/home/anas/ros2_ws/build/wrist_replay/prefix_override:/usr/lib/python3/dist-packages/colcon_core/task/python/colcon_distutils_commands:/home/anas/ros2_ws/install/wrist_replay/lib/python3.12/site-packages:${PYTHONPATH} /usr/bin/python3 -W ignore:setup.py install is deprecated -W ignore:easy_install command is deprecated setup.py egg_info --egg-base ../../build/wrist_replay build --build-base /home/anas/ros2_ws/build/wrist_replay/build install --record /home/anas/ros2_ws/build/wrist_replay/install.log --single-version-externally-managed install_data
[4.547s] DEBUG:colcon.colcon_core.event_handler.log_command:Invoking command in '/home/anas/ros2_ws/src/doctor_engine': DEBUGINFOD_URLS=https://debuginfod.ubuntu.com PYTHONPATH=/home/anas/ros2_ws/build/doctor_engine/prefix_override:/usr/lib/python3/dist-packages/colcon_core/task/python/colcon_distutils_commands:/home/anas/ros2_ws/install/doctor_engine/lib/python3.12/site-packages:${PYTHONPATH} /usr/bin/python3 -W ignore:setup.py install is deprecated -W ignore:easy_install command is deprecated setup.py egg_info --egg-base ../../build/doctor_engine build --build-base /home/anas/ros2_ws/build/doctor_engine/build install --record /home/anas/ros2_ws/build/doctor_engine/install.log --single-version-externally-managed install_data
[4.622s] DEBUG:colcon.colcon_core.event_handler.log_command:Invoking command in '/home/anas/ros2_ws/src/patient_engine': DEBUGINFOD_URLS=https://debuginfod.ubuntu.com PYTHONPATH=/home/anas/ros2_ws/build/patient_engine/prefix_override:/usr/lib/python3/dist-packages/colcon_core/task/python/colcon_distutils_commands:/home/anas/ros2_ws/install/patient_engine/lib/python3.12/site-packages:${PYTHONPATH} /usr/bin/python3 -W ignore:setup.py install is deprecated -W ignore:easy_install command is deprecated setup.py egg_info --egg-base ../../build/patient_engine build --build-base /home/anas/ros2_ws/build/patient_engine/build install --record /home/anas/ros2_ws/build/patient_engine/install.log --single-version-externally-managed install_data
[6.401s] DEBUG:colcon.colcon_core.event_handler.log_command:Invoked command in '/home/anas/ros2_ws/src/doctor_engine' returned '0': DEBUGINFOD_URLS=https://debuginfod.ubuntu.com PYTHONPATH=/home/anas/ros2_ws/build/doctor_engine/prefix_override:/usr/lib/python3/dist-packages/colcon_core/task/python/colcon_distutils_commands:/home/anas/ros2_ws/install/doctor_engine/lib/python3.12/site-packages:${PYTHONPATH} /usr/bin/python3 -W ignore:setup.py install is deprecated -W ignore:easy_install command is deprecated setup.py egg_info --egg-base ../../build/doctor_engine build --build-base /home/anas/ros2_ws/build/doctor_engine/build install --record /home/anas/ros2_ws/build/doctor_engine/install.log --single-version-externally-managed install_data
[6.406s] Level 1:colcon.colcon_core.environment:checking '/home/anas/ros2_ws/install/doctor_engine' for CMake module files
[6.408s] Level 1:colcon.colcon_core.environment:checking '/home/anas/ros2_ws/install/doctor_engine' for CMake config files
[6.411s] Level 1:colcon.colcon_core.environment:checking '/home/anas/ros2_ws/install/doctor_engine/lib'
[6.411s] Level 1:colcon.colcon_core.environment:checking '/home/anas/ros2_ws/install/doctor_engine/bin'
[6.411s] Level 1:colcon.colcon_core.environment:checking '/home/anas/ros2_ws/install/doctor_engine/lib/pkgconfig/doctor_engine.pc'
[6.412s] Level 1:colcon.colcon_core.environment:checking '/home/anas/ros2_ws/install/doctor_engine/lib/python3.12/site-packages'
[6.412s] Level 1:colcon.colcon_core.shell:create_environment_hook('doctor_engine', 'pythonpath')
[6.413s] INFO:colcon.colcon_core.shell:Creating environment hook '/home/anas/ros2_ws/install/doctor_engine/share/doctor_engine/hook/pythonpath.ps1'
[6.413s] INFO:colcon.colcon_core.shell:Creating environment descriptor '/home/anas/ros2_ws/install/doctor_engine/share/doctor_engine/hook/pythonpath.dsv'
[6.415s] INFO:colcon.colcon_core.shell:Creating environment hook '/home/anas/ros2_ws/install/doctor_engine/share/doctor_engine/hook/pythonpath.sh'
[6.417s] Level 1:colcon.colcon_core.environment:checking '/home/anas/ros2_ws/install/doctor_engine/bin'
[6.418s] Level 1:colcon.colcon_core.environment:create_environment_scripts_only(doctor_engine)
[6.418s] INFO:colcon.colcon_core.shell:Creating package script '/home/anas/ros2_ws/install/doctor_engine/share/doctor_engine/package.ps1'
[6.421s] INFO:colcon.colcon_core.shell:Creating package descriptor '/home/anas/ros2_ws/install/doctor_engine/share/doctor_engine/package.dsv'
[6.423s] INFO:colcon.colcon_core.shell:Creating package script '/home/anas/ros2_ws/install/doctor_engine/share/doctor_engine/package.sh'
[6.425s] INFO:colcon.colcon_core.shell:Creating package script '/home/anas/ros2_ws/install/doctor_engine/share/doctor_engine/package.bash'
[6.428s] INFO:colcon.colcon_core.shell:Creating package script '/home/anas/ros2_ws/install/doctor_engine/share/doctor_engine/package.zsh'
[6.430s] Level 1:colcon.colcon_core.environment:create_file_with_runtime_dependencies(/home/anas/ros2_ws/install/doctor_engine/share/colcon-core/packages/doctor_engine)
[6.434s] Level 1:colcon.colcon_core.environment:checking '/home/anas/ros2_ws/install/wrist_replay' for CMake module files
[6.434s] DEBUG:colcon.colcon_core.event_handler.log_command:Invoked command in '/home/anas/ros2_ws/src/wrist_replay' returned '0': DEBUGINFOD_URLS=https://debuginfod.ubuntu.com PYTHONPATH=/home/anas/ros2_ws/build/wrist_replay/prefix_override:/usr/lib/python3/dist-packages/colcon_core/task/python/colcon_distutils_commands:/home/anas/ros2_ws/install/wrist_replay/lib/python3.12/site-packages:${PYTHONPATH} /usr/bin/python3 -W ignore:setup.py install is deprecated -W ignore:easy_install command is deprecated setup.py egg_info --egg-base ../../build/wrist_replay build --build-base /home/anas/ros2_ws/build/wrist_replay/build install --record /home/anas/ros2_ws/build/wrist_replay/install.log --single-version-externally-managed install_data
[6.438s] Level 1:colcon.colcon_core.environment:checking '/home/anas/ros2_ws/install/wrist_replay' for CMake config files
[6.449s] Level 1:colcon.colcon_core.environment:checking '/home/anas/ros2_ws/install/wrist_replay/lib'
[6.452s] Level 1:colcon.colcon_core.environment:checking '/home/anas/ros2_ws/install/wrist_replay/bin'
[6.453s] Level 1:colcon.colcon_core.environment:checking '/home/anas/ros2_ws/install/wrist_replay/lib/pkgconfig/wrist_replay.pc'
[6.454s] Level 1:colcon.colcon_core.environment:checking '/home/anas/ros2_ws/install/wrist_replay/lib/python3.12/site-packages'
[6.454s] Level 1:colcon.colcon_core.shell:create_environment_hook('wrist_replay', 'pythonpath')
[6.454s] INFO:colcon.colcon_core.shell:Creating environment hook '/home/anas/ros2_ws/install/wrist_replay/share/wrist_replay/hook/pythonpath.ps1'
[6.458s] INFO:colcon.colcon_core.shell:Creating environment descriptor '/home/anas/ros2_ws/install/wrist_replay/share/wrist_replay/hook/pythonpath.dsv'
[6.461s] INFO:colcon.colcon_core.shell:Creating environment hook '/home/anas/ros2_ws/install/wrist_replay/share/wrist_replay/hook/pythonpath.sh'
[6.463s] Level 1:colcon.colcon_core.environment:checking '/home/anas/ros2_ws/install/wrist_replay/bin'
[6.464s] Level 1:colcon.colcon_core.environment:create_environment_scripts_only(wrist_replay)
[6.464s] INFO:colcon.colcon_core.shell:Creating package script '/home/anas/ros2_ws/install/wrist_replay/share/wrist_replay/package.ps1'
[6.465s] INFO:colcon.colcon_core.shell:Creating package descriptor '/home/anas/ros2_ws/install/wrist_replay/share/wrist_replay/package.dsv'
[6.466s] INFO:colcon.colcon_core.shell:Creating package script '/home/anas/ros2_ws/install/wrist_replay/share/wrist_replay/package.sh'
[6.467s] INFO:colcon.colcon_core.shell:Creating package script '/home/anas/ros2_ws/install/wrist_replay/share/wrist_replay/package.bash'
[6.468s] INFO:colcon.colcon_core.shell:Creating package script '/home/anas/ros2_ws/install/wrist_replay/share/wrist_replay/package.zsh'
[6.468s] Level 1:colcon.colcon_core.environment:create_file_with_runtime_dependencies(/home/anas/ros2_ws/install/wrist_replay/share/colcon-core/packages/wrist_replay)
[6.471s] Level 1:colcon.colcon_core.environment:checking '/home/anas/ros2_ws/install/patient_engine' for CMake module files
[6.473s] DEBUG:colcon.colcon_core.event_handler.log_command:Invoked command in '/home/anas/ros2_ws/src/patient_engine' returned '0': DEBUGINFOD_URLS=https://debuginfod.ubuntu.com PYTHONPATH=/home/anas/ros2_ws/build/patient_engine/prefix_override:/usr/lib/python3/dist-packages/colcon_core/task/python/colcon_distutils_commands:/home/anas/ros2_ws/install/patient_engine/lib/python3.12/site-packages:${PYTHONPATH} /usr/bin/python3 -W ignore:setup.py install is deprecated -W ignore:easy_install command is deprecated setup.py egg_info --egg-base ../../build/patient_engine build --build-base /home/anas/ros2_ws/build/patient_engine/build install --record /home/anas/ros2_ws/build/patient_engine/install.log --single-version-externally-managed install_data
[6.473s] Level 1:colcon.colcon_core.environment:checking '/home/anas/ros2_ws/install/patient_engine' for CMake config files
[6.476s] Level 1:colcon.colcon_core.environment:checking '/home/anas/ros2_ws/install/patient_engine/lib'
[6.476s] Level 1:colcon.colcon_core.environment:checking '/home/anas/ros2_ws/install/patient_engine/bin'
[6.476s] Level 1:colcon.colcon_core.environment:checking '/home/anas/ros2_ws/install/patient_engine/lib/pkgconfig/patient_engine.pc'
[6.476s] Level 1:colcon.colcon_core.environment:checking '/home/anas/ros2_ws/install/patient_engine/lib/python3.12/site-packages'
[6.477s] Level 1:colcon.colcon_core.shell:create_environment_hook('patient_engine', 'pythonpath')
[6.477s] INFO:colcon.colcon_core.shell:Creating environment hook '/home/anas/ros2_ws/install/patient_engine/share/patient_engine/hook/pythonpath.ps1'
[6.478s] INFO:colcon.colcon_core.shell:Creating environment descriptor '/home/anas/ros2_ws/install/patient_engine/share/patient_engine/hook/pythonpath.dsv'
[6.479s] INFO:colcon.colcon_core.shell:Creating environment hook '/home/anas/ros2_ws/install/patient_engine/share/patient_engine/hook/pythonpath.sh'
[6.480s] Level 1:colcon.colcon_core.environment:checking '/home/anas/ros2_ws/install/patient_engine/bin'
[6.480s] Level 1:colcon.colcon_core.environment:create_environment_scripts_only(patient_engine)
[6.480s] INFO:colcon.colcon_core.shell:Creating package script '/home/anas/ros2_ws/install/patient_engine/share/patient_engine/package.ps1'
[6.481s] INFO:colcon.colcon_core.shell:Creating package descriptor '/home/anas/ros2_ws/install/patient_engine/share/patient_engine/package.dsv'
[6.482s] INFO:colcon.colcon_core.shell:Creating package script '/home/anas/ros2_ws/install/patient_engine/share/patient_engine/package.sh'
[6.483s] INFO:colcon.colcon_core.shell:Creating package script '/home/anas/ros2_ws/install/patient_engine/share/patient_engine/package.bash'
[6.483s] INFO:colcon.colcon_core.shell:Creating package script '/home/anas/ros2_ws/install/patient_engine/share/patient_engine/package.zsh'
[6.484s] Level 1:colcon.colcon_core.environment:create_file_with_runtime_dependencies(/home/anas/ros2_ws/install/patient_engine/share/colcon-core/packages/patient_engine)
[6.484s] DEBUG:colcon.colcon_parallel_executor.executor.parallel:closing loop
[6.485s] DEBUG:colcon.colcon_parallel_executor.executor.parallel:loop closed
[6.485s] DEBUG:colcon.colcon_parallel_executor.executor.parallel:run_until_complete finished with '0'
[6.485s] DEBUG:colcon.colcon_core.event_reactor:joining thread
[6.515s] INFO:colcon.colcon_core.plugin_system:Skipping extension 'colcon_notification.desktop_notification.terminal_notifier': Not used on non-Darwin systems
[6.515s] INFO:colcon.colcon_core.plugin_system:Skipping extension 'colcon_notification.desktop_notification.win32': Not used on non-Windows systems
[6.515s] INFO:colcon.colcon_notification.desktop_notification:Sending desktop notification using 'notify2'
[6.585s] DEBUG:colcon.colcon_core.event_reactor:joined thread
[6.585s] INFO:colcon.colcon_core.shell:Creating prefix script '/home/anas/ros2_ws/install/local_setup.ps1'
[6.587s] INFO:colcon.colcon_core.shell:Creating prefix util module '/home/anas/ros2_ws/install/_local_setup_util_ps1.py'
[6.590s] INFO:colcon.colcon_core.shell:Creating prefix chain script '/home/anas/ros2_ws/install/setup.ps1'
[6.593s] INFO:colcon.colcon_core.shell:Creating prefix script '/home/anas/ros2_ws/install/local_setup.sh'
[6.594s] INFO:colcon.colcon_core.shell:Creating prefix util module '/home/anas/ros2_ws/install/_local_setup_util_sh.py'
[6.595s] INFO:colcon.colcon_core.shell:Creating prefix chain script '/home/anas/ros2_ws/install/setup.sh'
[6.598s] INFO:colcon.colcon_core.shell:Creating prefix script '/home/anas/ros2_ws/install/local_setup.bash'
[6.600s] INFO:colcon.colcon_core.shell:Creating prefix chain script '/home/anas/ros2_ws/install/setup.bash'
[6.605s] INFO:colcon.colcon_core.shell:Creating prefix script '/home/anas/ros2_ws/install/local_setup.zsh'
[6.607s] INFO:colcon.colcon_core.shell:Creating prefix chain script '/home/anas/ros2_ws/install/setup.zsh'
