[11.224s] Invoking command in '/home/anas/ros2_ws/src/wrist_replay': DEBUGINFOD_URLS=https://debuginfod.ubuntu.com PYTHONPATH=/home/anas/ros2_ws/build/wrist_replay/prefix_override:/usr/lib/python3/dist-packages/colcon_core/task/python/colcon_distutils_commands:/home/anas/ros2_ws/install/wrist_replay/lib/python3.12/site-packages:${PYTHONPATH} /usr/bin/python3 -W ignore:setup.py install is deprecated -W ignore:easy_install command is deprecated setup.py egg_info --egg-base ../../build/wrist_replay build --build-base /home/anas/ros2_ws/build/wrist_replay/build install --record /home/anas/ros2_ws/build/wrist_replay/install.log --single-version-externally-managed install_data
[14.803s] running egg_info
[14.906s] writing ../../build/wrist_replay/wrist_replay.egg-info/PKG-INFO
[14.906s] writing dependency_links to ../../build/wrist_replay/wrist_replay.egg-info/dependency_links.txt
[14.906s] writing entry points to ../../build/wrist_replay/wrist_replay.egg-info/entry_points.txt
[14.907s] writing requirements to ../../build/wrist_replay/wrist_replay.egg-info/requires.txt
[14.907s] writing top-level names to ../../build/wrist_replay/wrist_replay.egg-info/top_level.txt
[15.048s] reading manifest file '../../build/wrist_replay/wrist_replay.egg-info/SOURCES.txt'
[15.049s] writing manifest file '../../build/wrist_replay/wrist_replay.egg-info/SOURCES.txt'
[15.053s] running build
[15.054s] running build_py
[15.054s] running install
[15.085s] running install_lib
[15.149s] running install_data
[15.150s] running install_egg_info
[15.240s] removing '/home/anas/ros2_ws/install/wrist_replay/lib/python3.12/site-packages/wrist_replay-0.0.1-py3.12.egg-info' (and everything under it)
[15.241s] Copying ../../build/wrist_replay/wrist_replay.egg-info to /home/anas/ros2_ws/install/wrist_replay/lib/python3.12/site-packages/wrist_replay-0.0.1-py3.12.egg-info
[15.244s] running install_scripts
[17.009s] Installing replay_node script to /home/anas/ros2_ws/install/wrist_replay/lib/wrist_replay
[17.014s] writing list of installed files to '/home/anas/ros2_ws/build/wrist_replay/install.log'
[17.199s] Invoked command in '/home/anas/ros2_ws/src/wrist_replay' returned '0': DEBUGINFOD_URLS=https://debuginfod.ubuntu.com PYTHONPATH=/home/anas/ros2_ws/build/wrist_replay/prefix_override:/usr/lib/python3/dist-packages/colcon_core/task/python/colcon_distutils_commands:/home/anas/ros2_ws/install/wrist_replay/lib/python3.12/site-packages:${PYTHONPATH} /usr/bin/python3 -W ignore:setup.py install is deprecated -W ignore:easy_install command is deprecated setup.py egg_info --egg-base ../../build/wrist_replay build --build-base /home/anas/ros2_ws/build/wrist_replay/build install --record /home/anas/ros2_ws/build/wrist_replay/install.log --single-version-externally-managed install_data
