[1.075s] Invoking command in '/home/anas/ros2_ws/src/patient_engine': DEBUGINFOD_URLS=https://debuginfod.ubuntu.com PYTHONPATH=/home/anas/ros2_ws/build/patient_engine/prefix_override:/usr/lib/python3/dist-packages/colcon_core/task/python/colcon_distutils_commands:/home/anas/ros2_ws/install/patient_engine/lib/python3.12/site-packages:${PYTHONPATH} /usr/bin/python3 -W ignore:setup.py install is deprecated -W ignore:easy_install command is deprecated setup.py egg_info --egg-base ../../build/patient_engine build --build-base /home/anas/ros2_ws/build/patient_engine/build install --record /home/anas/ros2_ws/build/patient_engine/install.log --single-version-externally-managed install_data
[1.230s] running egg_info
[1.239s] writing ../../build/patient_engine/patient_engine.egg-info/PKG-INFO
[1.240s] writing dependency_links to ../../build/patient_engine/patient_engine.egg-info/dependency_links.txt
[1.240s] writing entry points to ../../build/patient_engine/patient_engine.egg-info/entry_points.txt
[1.241s] writing requirements to ../../build/patient_engine/patient_engine.egg-info/requires.txt
[1.241s] writing top-level names to ../../build/patient_engine/patient_engine.egg-info/top_level.txt
[1.261s] reading manifest file '../../build/patient_engine/patient_engine.egg-info/SOURCES.txt'
[1.262s] writing manifest file '../../build/patient_engine/patient_engine.egg-info/SOURCES.txt'
[1.262s] running build
[1.262s] running build_py
[1.265s] copying patient_engine/nodes/detectors/network_detector.py -> /home/anas/ros2_ws/build/patient_engine/build/lib/patient_engine/nodes/detectors
[1.265s] running install
[1.269s] running install_lib
[1.280s] copying /home/anas/ros2_ws/build/patient_engine/build/lib/patient_engine/nodes/detectors/network_detector.py -> /home/anas/ros2_ws/install/patient_engine/lib/python3.12/site-packages/patient_engine/nodes/detectors
[1.281s] byte-compiling /home/anas/ros2_ws/install/patient_engine/lib/python3.12/site-packages/patient_engine/nodes/detectors/network_detector.py to network_detector.cpython-312.pyc
[1.282s] running install_data
[1.285s] running install_egg_info
[1.295s] removing '/home/anas/ros2_ws/install/patient_engine/lib/python3.12/site-packages/patient_engine-0.1.1-py3.12.egg-info' (and everything under it)
[1.295s] Copying ../../build/patient_engine/patient_engine.egg-info to /home/anas/ros2_ws/install/patient_engine/lib/python3.12/site-packages/patient_engine-0.1.1-py3.12.egg-info
[1.295s] running install_scripts
[1.366s] Installing motion_detector script to /home/anas/ros2_ws/install/patient_engine/lib/patient_engine
[1.367s] Installing network_detector script to /home/anas/ros2_ws/install/patient_engine/lib/patient_engine
[1.368s] Installing network_detector_scenario_test script to /home/anas/ros2_ws/install/patient_engine/lib/patient_engine
[1.368s] Installing patient_mqtt_bridge script to /home/anas/ros2_ws/install/patient_engine/lib/patient_engine
[1.368s] Installing patient_node script to /home/anas/ros2_ws/install/patient_engine/lib/patient_engine
[1.368s] Installing patient_orchestrator script to /home/anas/ros2_ws/install/patient_engine/lib/patient_engine
[1.368s] Installing stack_manager script to /home/anas/ros2_ws/install/patient_engine/lib/patient_engine
[1.369s] writing list of installed files to '/home/anas/ros2_ws/build/patient_engine/install.log'
[1.404s] Invoked command in '/home/anas/ros2_ws/src/patient_engine' returned '0': DEBUGINFOD_URLS=https://debuginfod.ubuntu.com PYTHONPATH=/home/anas/ros2_ws/build/patient_engine/prefix_override:/usr/lib/python3/dist-packages/colcon_core/task/python/colcon_distutils_commands:/home/anas/ros2_ws/install/patient_engine/lib/python3.12/site-packages:${PYTHONPATH} /usr/bin/python3 -W ignore:setup.py install is deprecated -W ignore:easy_install command is deprecated setup.py egg_info --egg-base ../../build/patient_engine build --build-base /home/anas/ros2_ws/build/patient_engine/build install --record /home/anas/ros2_ws/build/patient_engine/install.log --single-version-externally-managed install_data
